17/04/06 18:30:23 INFO test_all_ranking_pure: ********************************************************************************
17/04/06 18:30:23 INFO test_all_ranking_pure: Begin

17/04/06 18:30:23 INFO test_all_ranking_pure: 
rec.iterator.learnrate=0.01
rec.eval.classes=precision
rec.iterator.maximum=100
rec.learningrate.decay=1.0
rec.iterator.learnrate.maximum=0.01
rec.learnRate.decay=1.0
rec.item.regularization=0.00
rec.recommender.ranking.topn=10
rec.recommender.class=bpr
rec.random.seed=1
rec.recommender.isranking=true
rec.learningrate.bolddriver=false
rec.factor.number=10
rec.learnRate.bolddriver=false
rec.eval.enable=true
rec.user.regularization=0.00

17/04/06 18:30:23 INFO TextDataConvertor: Dataset: ...librec/data/movielens/ml-100k-split
17/04/06 18:30:23 INFO TextDataConvertor: All dataset files [E:\Users\v-fuz\tools\recommender_system\librec_sourcecode\librec\data\movielens\ml-100k-split\uniform_negsample.txt]
17/04/06 18:30:23 INFO TextDataConvertor: All dataset files size 30212
17/04/06 18:30:23 INFO TextDataConvertor: Now loading dataset file uniform_negsample
17/04/06 18:30:24 INFO TextDataModel: Transform data to Convertor successfully!
17/04/06 18:30:24 INFO TextDataModel: Split data to train Set and test Set successfully!
17/04/06 18:30:24 INFO TextDataModel: Data size of training is 764
17/04/06 18:30:24 INFO TextDataModel: Data size of testing is 96
17/04/06 18:30:24 INFO BPRRecommender: Job Setup completed.
17/04/06 18:30:24 INFO BPRRecommender: iter 1 Evaluator value:PRECISION top 10 is -1.0	0.02307692307692308	0.014285714285714287
17/04/06 18:30:24 INFO BPRRecommender: iter 2 Evaluator value:PRECISION top 10 is -1.0	0.02307692307692308	0.021428571428571432
17/04/06 18:30:24 INFO BPRRecommender: iter 3 Evaluator value:PRECISION top 10 is -1.0	0.015384615384615385	0.021428571428571432
17/04/06 18:30:24 INFO BPRRecommender: iter 4 Evaluator value:PRECISION top 10 is -1.0	0.015384615384615385	0.021428571428571432
17/04/06 18:30:24 INFO BPRRecommender: iter 5 Evaluator value:PRECISION top 10 is -1.0	0.015384615384615385	0.014285714285714287
17/04/06 18:30:24 INFO BPRRecommender: iter 6 Evaluator value:PRECISION top 10 is -1.0	0.015384615384615385	0.014285714285714287
17/04/06 18:30:24 INFO BPRRecommender: iter 7 Evaluator value:PRECISION top 10 is -1.0	0.02307692307692308	0.014285714285714287
17/04/06 18:30:24 INFO BPRRecommender: iter 8 Evaluator value:PRECISION top 10 is -1.0	0.02307692307692308	0.014285714285714287
17/04/06 18:30:24 INFO BPRRecommender: iter 9 Evaluator value:PRECISION top 10 is -1.0	0.007692307692307693	0.014285714285714287
17/04/06 18:30:24 INFO BPRRecommender: iter 10 Evaluator value:PRECISION top 10 is -1.0	0.007692307692307693	0.0071428571428571435
17/04/06 18:30:24 INFO BPRRecommender: iter 11 Evaluator value:PRECISION top 10 is -1.0	0.007692307692307693	0.0071428571428571435
17/04/06 18:30:24 INFO BPRRecommender: iter 12 Evaluator value:PRECISION top 10 is -1.0	0.007692307692307693	0.0071428571428571435
17/04/06 18:30:24 INFO BPRRecommender: iter 13 Evaluator value:PRECISION top 10 is -1.0	0.007692307692307693	0.0071428571428571435
17/04/06 18:30:24 INFO BPRRecommender: iter 14 Evaluator value:PRECISION top 10 is -1.0	0.007692307692307693	0.0071428571428571435
17/04/06 18:30:24 INFO BPRRecommender: iter 15 Evaluator value:PRECISION top 10 is -1.0	0.0	0.0071428571428571435
17/04/06 18:30:24 INFO BPRRecommender: iter 16 Evaluator value:PRECISION top 10 is -1.0	0.0	0.0071428571428571435
17/04/06 18:30:24 INFO BPRRecommender: iter 17 Evaluator value:PRECISION top 10 is -1.0	0.0	0.0071428571428571435
17/04/06 18:30:24 INFO BPRRecommender: iter 18 Evaluator value:PRECISION top 10 is -1.0	0.0	0.014285714285714287
17/04/06 18:30:24 INFO BPRRecommender: iter 19 Evaluator value:PRECISION top 10 is -1.0	0.0	0.014285714285714287
17/04/06 18:30:24 INFO BPRRecommender: iter 20 Evaluator value:PRECISION top 10 is -1.0	0.0	0.014285714285714287
17/04/06 18:30:24 INFO BPRRecommender: iter 21 Evaluator value:PRECISION top 10 is -1.0	0.0	0.014285714285714287
17/04/06 18:30:24 INFO BPRRecommender: iter 22 Evaluator value:PRECISION top 10 is -1.0	0.0	0.014285714285714287
17/04/06 18:30:24 INFO BPRRecommender: iter 23 Evaluator value:PRECISION top 10 is -1.0	0.0	0.014285714285714287
17/04/06 18:30:24 INFO BPRRecommender: iter 24 Evaluator value:PRECISION top 10 is -1.0	0.0	0.014285714285714287
17/04/06 18:30:24 INFO BPRRecommender: iter 25 Evaluator value:PRECISION top 10 is -1.0	0.0	0.014285714285714287
17/04/06 18:30:24 INFO BPRRecommender: iter 26 Evaluator value:PRECISION top 10 is -1.0	0.0	0.014285714285714287
17/04/06 18:30:24 INFO BPRRecommender: iter 27 Evaluator value:PRECISION top 10 is -1.0	0.0	0.021428571428571432
17/04/06 18:30:24 INFO BPRRecommender: iter 28 Evaluator value:PRECISION top 10 is -1.0	0.007692307692307693	0.021428571428571432
17/04/06 18:30:24 INFO BPRRecommender: iter 29 Evaluator value:PRECISION top 10 is -1.0	0.007692307692307693	0.021428571428571432
17/04/06 18:30:24 INFO BPRRecommender: iter 30 Evaluator value:PRECISION top 10 is -1.0	0.0	0.021428571428571432
17/04/06 18:30:24 INFO BPRRecommender: iter 31 Evaluator value:PRECISION top 10 is -1.0	0.0	0.021428571428571432
17/04/06 18:30:24 INFO BPRRecommender: iter 32 Evaluator value:PRECISION top 10 is -1.0	0.0	0.021428571428571432
17/04/06 18:30:24 INFO BPRRecommender: iter 33 Evaluator value:PRECISION top 10 is -1.0	0.015384615384615385	0.021428571428571432
17/04/06 18:30:24 INFO BPRRecommender: iter 34 Evaluator value:PRECISION top 10 is -1.0	0.007692307692307693	0.021428571428571432
17/04/06 18:30:24 INFO BPRRecommender: iter 35 Evaluator value:PRECISION top 10 is -1.0	0.015384615384615385	0.021428571428571432
17/04/06 18:30:24 INFO BPRRecommender: iter 36 Evaluator value:PRECISION top 10 is -1.0	0.015384615384615385	0.021428571428571432
17/04/06 18:30:24 INFO BPRRecommender: iter 37 Evaluator value:PRECISION top 10 is -1.0	0.015384615384615385	0.021428571428571432
17/04/06 18:30:24 INFO BPRRecommender: iter 38 Evaluator value:PRECISION top 10 is -1.0	0.015384615384615385	0.021428571428571432
17/04/06 18:30:24 INFO BPRRecommender: iter 39 Evaluator value:PRECISION top 10 is -1.0	0.015384615384615385	0.021428571428571432
17/04/06 18:30:24 INFO BPRRecommender: iter 40 Evaluator value:PRECISION top 10 is -1.0	0.015384615384615385	0.021428571428571432
17/04/06 18:30:24 INFO BPRRecommender: iter 41 Evaluator value:PRECISION top 10 is -1.0	0.015384615384615385	0.021428571428571432
17/04/06 18:30:24 INFO BPRRecommender: iter 42 Evaluator value:PRECISION top 10 is -1.0	0.015384615384615385	0.021428571428571432
17/04/06 18:30:24 INFO BPRRecommender: iter 43 Evaluator value:PRECISION top 10 is -1.0	0.015384615384615385	0.021428571428571432
17/04/06 18:30:24 INFO BPRRecommender: iter 44 Evaluator value:PRECISION top 10 is -1.0	0.02307692307692308	0.021428571428571432
17/04/06 18:30:24 INFO BPRRecommender: iter 45 Evaluator value:PRECISION top 10 is -1.0	0.015384615384615385	0.021428571428571432
17/04/06 18:30:24 INFO BPRRecommender: iter 46 Evaluator value:PRECISION top 10 is -1.0	0.02307692307692308	0.021428571428571432
17/04/06 18:30:24 INFO BPRRecommender: iter 47 Evaluator value:PRECISION top 10 is -1.0	0.015384615384615385	0.021428571428571432
17/04/06 18:30:24 INFO BPRRecommender: iter 48 Evaluator value:PRECISION top 10 is -1.0	0.02307692307692308	0.021428571428571432
17/04/06 18:30:24 INFO BPRRecommender: iter 49 Evaluator value:PRECISION top 10 is -1.0	0.02307692307692308	0.021428571428571432
17/04/06 18:30:25 INFO BPRRecommender: iter 50 Evaluator value:PRECISION top 10 is -1.0	0.02307692307692308	0.021428571428571432
17/04/06 18:30:25 INFO BPRRecommender: iter 51 Evaluator value:PRECISION top 10 is -1.0	0.02307692307692308	0.021428571428571432
17/04/06 18:30:25 INFO BPRRecommender: iter 52 Evaluator value:PRECISION top 10 is -1.0	0.02307692307692308	0.021428571428571432
17/04/06 18:30:25 INFO BPRRecommender: iter 53 Evaluator value:PRECISION top 10 is -1.0	0.02307692307692308	0.021428571428571432
17/04/06 18:30:25 INFO BPRRecommender: iter 54 Evaluator value:PRECISION top 10 is -1.0	0.02307692307692308	0.028571428571428574
17/04/06 18:30:25 INFO BPRRecommender: iter 55 Evaluator value:PRECISION top 10 is -1.0	0.02307692307692308	0.028571428571428574
17/04/06 18:30:25 INFO BPRRecommender: iter 56 Evaluator value:PRECISION top 10 is -1.0	0.02307692307692308	0.028571428571428574
17/04/06 18:30:25 INFO BPRRecommender: iter 57 Evaluator value:PRECISION top 10 is -1.0	0.02307692307692308	0.028571428571428574
17/04/06 18:30:25 INFO BPRRecommender: iter 58 Evaluator value:PRECISION top 10 is -1.0	0.02307692307692308	0.028571428571428574
17/04/06 18:30:25 INFO BPRRecommender: iter 59 Evaluator value:PRECISION top 10 is -1.0	0.02307692307692308	0.028571428571428574
17/04/06 18:30:25 INFO BPRRecommender: iter 60 Evaluator value:PRECISION top 10 is -1.0	0.02307692307692308	0.028571428571428574
17/04/06 18:30:25 INFO BPRRecommender: iter 61 Evaluator value:PRECISION top 10 is -1.0	0.02307692307692308	0.028571428571428574
17/04/06 18:30:25 INFO BPRRecommender: iter 62 Evaluator value:PRECISION top 10 is -1.0	0.02307692307692308	0.028571428571428574
17/04/06 18:30:25 INFO BPRRecommender: iter 63 Evaluator value:PRECISION top 10 is -1.0	0.02307692307692308	0.028571428571428574
17/04/06 18:30:25 INFO BPRRecommender: iter 64 Evaluator value:PRECISION top 10 is -1.0	0.03076923076923077	0.028571428571428574
17/04/06 18:30:25 INFO BPRRecommender: iter 65 Evaluator value:PRECISION top 10 is -1.0	0.02307692307692308	0.028571428571428574
17/04/06 18:30:25 INFO BPRRecommender: iter 66 Evaluator value:PRECISION top 10 is -1.0	0.02307692307692308	0.028571428571428574
17/04/06 18:30:25 INFO BPRRecommender: iter 67 Evaluator value:PRECISION top 10 is -1.0	0.038461538461538464	0.028571428571428574
17/04/06 18:30:25 INFO BPRRecommender: iter 68 Evaluator value:PRECISION top 10 is -1.0	0.038461538461538464	0.028571428571428574
17/04/06 18:30:25 INFO BPRRecommender: iter 69 Evaluator value:PRECISION top 10 is -1.0	0.038461538461538464	0.028571428571428574
17/04/06 18:30:25 INFO BPRRecommender: iter 70 Evaluator value:PRECISION top 10 is -1.0	0.03076923076923077	0.028571428571428574
17/04/06 18:30:25 INFO BPRRecommender: iter 71 Evaluator value:PRECISION top 10 is -1.0	0.02307692307692308	0.028571428571428574
17/04/06 18:30:25 INFO BPRRecommender: iter 72 Evaluator value:PRECISION top 10 is -1.0	0.03076923076923077	0.028571428571428574
17/04/06 18:30:25 INFO BPRRecommender: iter 73 Evaluator value:PRECISION top 10 is -1.0	0.02307692307692308	0.028571428571428574
17/04/06 18:30:25 INFO BPRRecommender: iter 74 Evaluator value:PRECISION top 10 is -1.0	0.03076923076923077	0.028571428571428574
17/04/06 18:30:25 INFO BPRRecommender: iter 75 Evaluator value:PRECISION top 10 is -1.0	0.03076923076923077	0.028571428571428574
17/04/06 18:30:25 INFO BPRRecommender: iter 76 Evaluator value:PRECISION top 10 is -1.0	0.03076923076923077	0.028571428571428574
17/04/06 18:30:25 INFO BPRRecommender: iter 77 Evaluator value:PRECISION top 10 is -1.0	0.03076923076923077	0.028571428571428574
17/04/06 18:30:25 INFO BPRRecommender: iter 78 Evaluator value:PRECISION top 10 is -1.0	0.03076923076923077	0.028571428571428574
17/04/06 18:30:25 INFO BPRRecommender: iter 79 Evaluator value:PRECISION top 10 is -1.0	0.03076923076923077	0.028571428571428574
17/04/06 18:30:25 INFO BPRRecommender: iter 80 Evaluator value:PRECISION top 10 is -1.0	0.03076923076923077	0.028571428571428574
17/04/06 18:30:25 INFO BPRRecommender: iter 81 Evaluator value:PRECISION top 10 is -1.0	0.03076923076923077	0.028571428571428574
17/04/06 18:30:25 INFO BPRRecommender: iter 82 Evaluator value:PRECISION top 10 is -1.0	0.02307692307692308	0.028571428571428574
17/04/06 18:30:25 INFO BPRRecommender: iter 83 Evaluator value:PRECISION top 10 is -1.0	0.03076923076923077	0.028571428571428574
17/04/06 18:30:25 INFO BPRRecommender: iter 84 Evaluator value:PRECISION top 10 is -1.0	0.03076923076923077	0.028571428571428574
17/04/06 18:30:25 INFO BPRRecommender: iter 85 Evaluator value:PRECISION top 10 is -1.0	0.03076923076923077	0.028571428571428574
17/04/06 18:30:25 INFO BPRRecommender: iter 86 Evaluator value:PRECISION top 10 is -1.0	0.03076923076923077	0.028571428571428574
17/04/06 18:30:25 INFO BPRRecommender: iter 87 Evaluator value:PRECISION top 10 is -1.0	0.03076923076923077	0.028571428571428574
17/04/06 18:30:25 INFO BPRRecommender: iter 88 Evaluator value:PRECISION top 10 is -1.0	0.03076923076923077	0.028571428571428574
17/04/06 18:30:25 INFO BPRRecommender: iter 89 Evaluator value:PRECISION top 10 is -1.0	0.03076923076923077	0.028571428571428574
17/04/06 18:30:25 INFO BPRRecommender: iter 90 Evaluator value:PRECISION top 10 is -1.0	0.03076923076923077	0.028571428571428574
17/04/06 18:30:25 INFO BPRRecommender: iter 91 Evaluator value:PRECISION top 10 is -1.0	0.03076923076923077	0.028571428571428574
17/04/06 18:30:25 INFO BPRRecommender: iter 92 Evaluator value:PRECISION top 10 is -1.0	0.03076923076923077	0.028571428571428574
17/04/06 18:30:25 INFO BPRRecommender: iter 93 Evaluator value:PRECISION top 10 is -1.0	0.03076923076923077	0.028571428571428574
17/04/06 18:30:25 INFO BPRRecommender: iter 94 Evaluator value:PRECISION top 10 is -1.0	0.03076923076923077	0.028571428571428574
17/04/06 18:30:25 INFO BPRRecommender: iter 95 Evaluator value:PRECISION top 10 is -1.0	0.03076923076923077	0.028571428571428574
17/04/06 18:30:25 INFO BPRRecommender: iter 96 Evaluator value:PRECISION top 10 is -1.0	0.02307692307692308	0.028571428571428574
17/04/06 18:30:25 INFO BPRRecommender: iter 97 Evaluator value:PRECISION top 10 is -1.0	0.02307692307692308	0.028571428571428574
17/04/06 18:30:25 INFO BPRRecommender: iter 98 Evaluator value:PRECISION top 10 is -1.0	0.02307692307692308	0.028571428571428574
17/04/06 18:30:25 INFO BPRRecommender: iter 99 Evaluator value:PRECISION top 10 is -1.0	0.02307692307692308	0.028571428571428574
17/04/06 18:30:25 INFO BPRRecommender: iter 100 Evaluator value:PRECISION top 10 is -1.0	0.02307692307692308	0.028571428571428574
17/04/06 18:30:25 INFO BPRRecommender: Job Train completed.
17/04/06 18:30:25 INFO BPRRecommender: Job End.
