17/04/05 20:15:33 INFO test_all_ranking_pure: ********************************************************************************
17/04/05 20:15:33 INFO test_all_ranking_pure: Begin

17/04/05 20:15:33 INFO test_all_ranking_pure: 
rec.iterator.learnrate=0.01
rec.eval.classes=precision
rec.iterator.maximum=100
rec.learningrate.decay=1.0
rec.iterator.learnrate.maximum=0.01
rec.learnRate.decay=1.0
rec.item.regularization=0.01
rec.recommender.ranking.topn=10
rec.recommender.class=bpr
rec.random.seed=1
rec.recommender.isranking=true
rec.learningrate.bolddriver=false
rec.factor.number=10
rec.learnRate.bolddriver=false
rec.eval.enable=true
rec.user.regularization=0.01

17/04/05 20:15:33 INFO TextDataConvertor: Dataset: ...librec/data/movielens/ml-100k-split
17/04/05 20:15:33 INFO TextDataConvertor: All dataset files [E:\Users\v-fuz\tools\recommender_system\librec_sourcecode\librec\data\movielens\ml-100k-split\uniform_negsample.txt]
17/04/05 20:15:33 INFO TextDataConvertor: All dataset files size 3405768
17/04/05 20:15:33 INFO TextDataConvertor: Now loading dataset file uniform_negsample
17/04/05 20:15:35 INFO TextDataModel: Transform data to Convertor successfully!
17/04/05 20:15:35 INFO TextDataModel: Split data to train Set and test Set successfully!
17/04/05 20:15:35 INFO TextDataModel: Data size of training is 80003
17/04/05 20:15:35 INFO TextDataModel: Data size of testing is 10001
17/04/05 20:15:35 INFO BPRRecommender: Job Setup completed.
17/04/05 20:15:37 INFO BPRRecommender: iter 1 Evaluator value:PRECISION top 10 is -1.0	0.0016616314199395768	0.00196969696969697
17/04/05 20:15:38 INFO BPRRecommender: iter 2 Evaluator value:PRECISION top 10 is -1.0	0.001510574018126888	0.0018181818181818182
17/04/05 20:15:39 INFO BPRRecommender: iter 3 Evaluator value:PRECISION top 10 is -1.0	0.0031722054380664668	0.0037878787878787884
17/04/05 20:15:39 INFO BPRRecommender: iter 4 Evaluator value:PRECISION top 10 is -1.0	0.008308157099697885	0.008636363636363635
17/04/05 20:15:40 INFO BPRRecommender: iter 5 Evaluator value:PRECISION top 10 is -1.0	0.02280966767371598	0.024242424242424208
17/04/05 20:15:41 INFO BPRRecommender: iter 6 Evaluator value:PRECISION top 10 is -1.0	0.04607250755287018	0.045909090909090976
17/04/05 20:15:43 INFO BPRRecommender: iter 7 Evaluator value:PRECISION top 10 is -1.0	0.06132930513595187	0.061969696969697174
17/04/05 20:15:44 INFO BPRRecommender: iter 8 Evaluator value:PRECISION top 10 is -1.0	0.06450151057401833	0.06787878787878815
17/04/05 20:15:44 INFO BPRRecommender: iter 9 Evaluator value:PRECISION top 10 is -1.0	0.0670694864048341	0.0715151515151518
17/04/05 20:15:45 INFO BPRRecommender: iter 10 Evaluator value:PRECISION top 10 is -1.0	0.07039274924471323	0.07454545454545482
17/04/05 20:15:46 INFO BPRRecommender: iter 11 Evaluator value:PRECISION top 10 is -1.0	0.07250755287009088	0.07696969696969727
17/04/05 20:15:46 INFO BPRRecommender: iter 12 Evaluator value:PRECISION top 10 is -1.0	0.07326283987915433	0.07939393939393974
17/04/05 20:15:47 INFO BPRRecommender: iter 13 Evaluator value:PRECISION top 10 is -1.0	0.07673716012084619	0.08075757575757615
17/04/05 20:15:48 INFO BPRRecommender: iter 14 Evaluator value:PRECISION top 10 is -1.0	0.07658610271903353	0.08318181818181858
17/04/05 20:15:49 INFO BPRRecommender: iter 15 Evaluator value:PRECISION top 10 is -1.0	0.07900302114803658	0.08484848484848524
17/04/05 20:15:50 INFO BPRRecommender: iter 16 Evaluator value:PRECISION top 10 is -1.0	0.08006042296072541	0.08515151515151556
17/04/05 20:15:50 INFO BPRRecommender: iter 17 Evaluator value:PRECISION top 10 is -1.0	0.08157099697885231	0.08424242424242466
17/04/05 20:15:51 INFO BPRRecommender: iter 18 Evaluator value:PRECISION top 10 is -1.0	0.08308157099697923	0.08454545454545495
17/04/05 20:15:51 INFO BPRRecommender: iter 19 Evaluator value:PRECISION top 10 is -1.0	0.08247734138972847	0.08484848484848524
17/04/05 20:15:52 INFO BPRRecommender: iter 20 Evaluator value:PRECISION top 10 is -1.0	0.08232628398791576	0.08515151515151553
17/04/05 20:15:52 INFO BPRRecommender: iter 21 Evaluator value:PRECISION top 10 is -1.0	0.08172205438066503	0.0846969696969701
17/04/05 20:15:52 INFO BPRRecommender: iter 22 Evaluator value:PRECISION top 10 is -1.0	0.08459214501510615	0.08545454545454587
17/04/05 20:15:53 INFO BPRRecommender: iter 23 Evaluator value:PRECISION top 10 is -1.0	0.08534743202416958	0.08803030303030347
17/04/05 20:15:53 INFO BPRRecommender: iter 24 Evaluator value:PRECISION top 10 is -1.0	0.08882175226586139	0.09166666666666709
17/04/05 20:15:54 INFO BPRRecommender: iter 25 Evaluator value:PRECISION top 10 is -1.0	0.08882175226586139	0.09257575757575799
17/04/05 20:15:54 INFO BPRRecommender: iter 26 Evaluator value:PRECISION top 10 is -1.0	0.08957703927492486	0.0943939393939398
17/04/05 20:15:54 INFO BPRRecommender: iter 27 Evaluator value:PRECISION top 10 is -1.0	0.08972809667673755	0.09424242424242465
17/04/05 20:15:55 INFO BPRRecommender: iter 28 Evaluator value:PRECISION top 10 is -1.0	0.08867069486404872	0.09257575757575799
17/04/05 20:15:56 INFO BPRRecommender: iter 29 Evaluator value:PRECISION top 10 is -1.0	0.09048338368580101	0.09363636363636405
17/04/05 20:15:57 INFO BPRRecommender: iter 30 Evaluator value:PRECISION top 10 is -1.0	0.09154078549848983	0.09303030303030346
17/04/05 20:15:58 INFO BPRRecommender: iter 31 Evaluator value:PRECISION top 10 is -1.0	0.09138972809667717	0.09242424242424285
17/04/05 20:15:59 INFO BPRRecommender: iter 32 Evaluator value:PRECISION top 10 is -1.0	0.09048338368580101	0.09515151515151563
17/04/05 20:16:00 INFO BPRRecommender: iter 33 Evaluator value:PRECISION top 10 is -1.0	0.0892749244712995	0.09242424242424288
17/04/05 20:16:01 INFO BPRRecommender: iter 34 Evaluator value:PRECISION top 10 is -1.0	0.09350453172205479	0.09500000000000045
17/04/05 20:16:02 INFO BPRRecommender: iter 35 Evaluator value:PRECISION top 10 is -1.0	0.08897280966767412	0.09484848484848528
17/04/05 20:16:02 INFO BPRRecommender: iter 36 Evaluator value:PRECISION top 10 is -1.0	0.09138972809667716	0.09454545454545502
17/04/05 20:16:03 INFO BPRRecommender: iter 37 Evaluator value:PRECISION top 10 is -1.0	0.09486404833836895	0.09636363636363682
17/04/05 20:16:03 INFO BPRRecommender: iter 38 Evaluator value:PRECISION top 10 is -1.0	0.09516616314199434	0.09772727272727313
17/04/05 20:16:04 INFO BPRRecommender: iter 39 Evaluator value:PRECISION top 10 is -1.0	0.09682779456193395	0.09681818181818223
17/04/05 20:16:04 INFO BPRRecommender: iter 40 Evaluator value:PRECISION top 10 is -1.0	0.09667673716012123	0.09727272727272766
17/04/05 20:16:04 INFO BPRRecommender: iter 41 Evaluator value:PRECISION top 10 is -1.0	0.0965256797583086	0.09606060606060647
17/04/05 20:16:05 INFO BPRRecommender: iter 42 Evaluator value:PRECISION top 10 is -1.0	0.09909365558912422	0.09878787878787913
17/04/05 20:16:05 INFO BPRRecommender: iter 43 Evaluator value:PRECISION top 10 is -1.0	0.09864048338368618	0.0992424242424246
17/04/05 20:16:06 INFO BPRRecommender: iter 44 Evaluator value:PRECISION top 10 is -1.0	0.09879154078549886	0.0990909090909094
17/04/05 20:16:06 INFO BPRRecommender: iter 45 Evaluator value:PRECISION top 10 is -1.0	0.09924471299093694	0.09909090909090942
17/04/05 20:16:07 INFO BPRRecommender: iter 46 Evaluator value:PRECISION top 10 is -1.0	0.09939577039274956	0.09772727272727307
17/04/05 20:16:07 INFO BPRRecommender: iter 47 Evaluator value:PRECISION top 10 is -1.0	0.09984894259818765	0.0981818181818185
17/04/05 20:16:07 INFO BPRRecommender: iter 48 Evaluator value:PRECISION top 10 is -1.0	0.10256797583081602	0.10090909090909118
17/04/05 20:16:08 INFO BPRRecommender: iter 49 Evaluator value:PRECISION top 10 is -1.0	0.100151057401813	0.10151515151515178
17/04/05 20:16:08 INFO BPRRecommender: iter 50 Evaluator value:PRECISION top 10 is -1.0	0.10030211480362569	0.10060606060606093
17/04/05 20:16:09 INFO BPRRecommender: iter 51 Evaluator value:PRECISION top 10 is -1.0	0.09954682779456227	0.10181818181818206
17/04/05 20:16:09 INFO BPRRecommender: iter 52 Evaluator value:PRECISION top 10 is -1.0	0.10226586102719061	0.10227272727272756
17/04/05 20:16:09 INFO BPRRecommender: iter 53 Evaluator value:PRECISION top 10 is -1.0	0.10181268882175253	0.10318181818181835
17/04/05 20:16:10 INFO BPRRecommender: iter 54 Evaluator value:PRECISION top 10 is -1.0	0.10196374622356523	0.102727272727273
17/04/05 20:16:10 INFO BPRRecommender: iter 55 Evaluator value:PRECISION top 10 is -1.0	0.1031722054380667	0.1034848484848487
17/04/05 20:16:11 INFO BPRRecommender: iter 56 Evaluator value:PRECISION top 10 is -1.0	0.10407854984894278	0.10636363636363645
17/04/05 20:16:11 INFO BPRRecommender: iter 57 Evaluator value:PRECISION top 10 is -1.0	0.10105740181268912	0.10454545454545469
17/04/05 20:16:12 INFO BPRRecommender: iter 58 Evaluator value:PRECISION top 10 is -1.0	0.10302114803625403	0.10500000000000015
17/04/05 20:16:13 INFO BPRRecommender: iter 59 Evaluator value:PRECISION top 10 is -1.0	0.10347432024169208	0.10500000000000015
17/04/05 20:16:15 INFO BPRRecommender: iter 60 Evaluator value:PRECISION top 10 is -1.0	0.10649546827794583	0.10560606060606074
17/04/05 20:16:16 INFO BPRRecommender: iter 61 Evaluator value:PRECISION top 10 is -1.0	0.10558912386706973	0.10636363636363645
17/04/05 20:16:17 INFO BPRRecommender: iter 62 Evaluator value:PRECISION top 10 is -1.0	0.1057401812688824	0.10560606060606074
17/04/05 20:16:18 INFO BPRRecommender: iter 63 Evaluator value:PRECISION top 10 is -1.0	0.10302114803625402	0.10575757575757588
17/04/05 20:16:18 INFO BPRRecommender: iter 64 Evaluator value:PRECISION top 10 is -1.0	0.10438066465256816	0.10606060606060615
17/04/05 20:16:18 INFO BPRRecommender: iter 65 Evaluator value:PRECISION top 10 is -1.0	0.10574018126888236	0.1063636363636365
17/04/05 20:16:19 INFO BPRRecommender: iter 66 Evaluator value:PRECISION top 10 is -1.0	0.10468277945619356	0.1063636363636365
17/04/05 20:16:19 INFO BPRRecommender: iter 67 Evaluator value:PRECISION top 10 is -1.0	0.10679758308157111	0.10590909090909105
17/04/05 20:16:20 INFO BPRRecommender: iter 68 Evaluator value:PRECISION top 10 is -1.0	0.10468277945619356	0.10500000000000015
17/04/05 20:16:20 INFO BPRRecommender: iter 69 Evaluator value:PRECISION top 10 is -1.0	0.10634441087613304	0.10469696969696986
17/04/05 20:16:20 INFO BPRRecommender: iter 70 Evaluator value:PRECISION top 10 is -1.0	0.10604229607250769	0.10363636363636382
17/04/05 20:16:21 INFO BPRRecommender: iter 71 Evaluator value:PRECISION top 10 is -1.0	0.10513595166163167	0.10530303030303041
17/04/05 20:16:21 INFO BPRRecommender: iter 72 Evaluator value:PRECISION top 10 is -1.0	0.10755287009063463	0.10590909090909105
17/04/05 20:16:22 INFO BPRRecommender: iter 73 Evaluator value:PRECISION top 10 is -1.0	0.10694864048338383	0.10606060606060619
17/04/05 20:16:22 INFO BPRRecommender: iter 74 Evaluator value:PRECISION top 10 is -1.0	0.1051359516616316	0.10393939393939408
17/04/05 20:16:22 INFO BPRRecommender: iter 75 Evaluator value:PRECISION top 10 is -1.0	0.10407854984894283	0.10424242424242437
17/04/05 20:16:23 INFO BPRRecommender: iter 76 Evaluator value:PRECISION top 10 is -1.0	0.10679758308157115	0.1028787878787881
17/04/05 20:16:23 INFO BPRRecommender: iter 77 Evaluator value:PRECISION top 10 is -1.0	0.10513595166163163	0.10333333333333351
17/04/05 20:16:24 INFO BPRRecommender: iter 78 Evaluator value:PRECISION top 10 is -1.0	0.10317220543806674	0.10560606060606074
17/04/05 20:16:24 INFO BPRRecommender: iter 79 Evaluator value:PRECISION top 10 is -1.0	0.10392749244713013	0.10681818181818188
17/04/05 20:16:25 INFO BPRRecommender: iter 80 Evaluator value:PRECISION top 10 is -1.0	0.10498489425981905	0.10530303030303043
17/04/05 20:16:25 INFO BPRRecommender: iter 81 Evaluator value:PRECISION top 10 is -1.0	0.10468277945619366	0.10681818181818184
17/04/05 20:16:25 INFO BPRRecommender: iter 82 Evaluator value:PRECISION top 10 is -1.0	0.10845921450151069	0.1075757575757576
17/04/05 20:16:26 INFO BPRRecommender: iter 83 Evaluator value:PRECISION top 10 is -1.0	0.10589123867069505	0.1092424242424243
17/04/05 20:16:26 INFO BPRRecommender: iter 84 Evaluator value:PRECISION top 10 is -1.0	0.10634441087613308	0.11015151515151515
17/04/05 20:16:27 INFO BPRRecommender: iter 85 Evaluator value:PRECISION top 10 is -1.0	0.10664652567975852	0.11030303030303032
17/04/05 20:16:27 INFO BPRRecommender: iter 86 Evaluator value:PRECISION top 10 is -1.0	0.1049848942598189	0.10954545454545461
17/04/05 20:16:27 INFO BPRRecommender: iter 87 Evaluator value:PRECISION top 10 is -1.0	0.10634441087613307	0.10954545454545458
17/04/05 20:16:28 INFO BPRRecommender: iter 88 Evaluator value:PRECISION top 10 is -1.0	0.10574018126888236	0.10924242424242428
17/04/05 20:16:29 INFO BPRRecommender: iter 89 Evaluator value:PRECISION top 10 is -1.0	0.10740181268882192	0.10848484848484856
17/04/05 20:16:31 INFO BPRRecommender: iter 90 Evaluator value:PRECISION top 10 is -1.0	0.10709969788519655	0.10757575757575762
17/04/05 20:16:32 INFO BPRRecommender: iter 91 Evaluator value:PRECISION top 10 is -1.0	0.10619335347432039	0.10787878787878802
17/04/05 20:16:32 INFO BPRRecommender: iter 92 Evaluator value:PRECISION top 10 is -1.0	0.10634441087613307	0.10878787878787892
17/04/05 20:16:33 INFO BPRRecommender: iter 93 Evaluator value:PRECISION top 10 is -1.0	0.10634441087613308	0.10848484848484859
17/04/05 20:16:34 INFO BPRRecommender: iter 94 Evaluator value:PRECISION top 10 is -1.0	0.10800604229607264	0.10954545454545465
17/04/05 20:16:35 INFO BPRRecommender: iter 95 Evaluator value:PRECISION top 10 is -1.0	0.10861027190332338	0.10757575757575769
17/04/05 20:16:36 INFO BPRRecommender: iter 96 Evaluator value:PRECISION top 10 is -1.0	0.1064954682779457	0.10742424242424256
17/04/05 20:16:37 INFO BPRRecommender: iter 97 Evaluator value:PRECISION top 10 is -1.0	0.10709969788519645	0.10848484848484852
17/04/05 20:16:38 INFO BPRRecommender: iter 98 Evaluator value:PRECISION top 10 is -1.0	0.1083081570996979	0.10742424242424256
17/04/05 20:16:39 INFO BPRRecommender: iter 99 Evaluator value:PRECISION top 10 is -1.0	0.10649546827794573	0.10560606060606079
17/04/05 20:16:40 INFO BPRRecommender: iter 100 Evaluator value:PRECISION top 10 is -1.0	0.10725075528700924	0.10712121212121227
17/04/05 20:16:40 INFO BPRRecommender: Job Train completed.
17/04/05 20:16:40 INFO BPRRecommender: Job End.
17/04/05 20:16:40 INFO RecommenderJob: Evaluator info:PrecisionEvaluator is 0.10712121212121227
17/04/05 20:16:41 INFO RecommenderJob: Result path is E:/Users/v-fuz/tools/recommender_system/librec_sourcecode/librec/core/src/main/java/net/librec/run/result/movielens/ml-100k-split-bpr-output/bpr
17/04/05 20:16:41 INFO test_all_ranking_pure: End


