17/04/05 20:21:41 INFO test_all_ranking_pure: ********************************************************************************
17/04/05 20:21:41 INFO test_all_ranking_pure: Begin

17/04/05 20:21:41 INFO test_all_ranking_pure: 
rec.iterator.learnrate=0.01
rec.eval.classes=recall
rec.iterator.maximum=100
rec.learningrate.decay=1.0
rec.iterator.learnrate.maximum=0.01
rec.learnRate.decay=1.0
rec.item.regularization=0.01
rec.recommender.ranking.topn=10
rec.recommender.class=bpr
rec.random.seed=1
rec.recommender.isranking=true
rec.learningrate.bolddriver=false
rec.factor.number=10
rec.learnRate.bolddriver=false
rec.eval.enable=true
rec.user.regularization=0.01

17/04/05 20:21:41 INFO TextDataConvertor: Dataset: ...librec/data/movielens/ml-100k-split
17/04/05 20:21:41 INFO TextDataConvertor: All dataset files [E:\Users\v-fuz\tools\recommender_system\librec_sourcecode\librec\data\movielens\ml-100k-split\uniform_negsample.txt]
17/04/05 20:21:41 INFO TextDataConvertor: All dataset files size 3405768
17/04/05 20:21:41 INFO TextDataConvertor: Now loading dataset file uniform_negsample
17/04/05 20:21:43 INFO TextDataModel: Transform data to Convertor successfully!
17/04/05 20:21:43 INFO TextDataModel: Split data to train Set and test Set successfully!
17/04/05 20:21:43 INFO TextDataModel: Data size of training is 80003
17/04/05 20:21:43 INFO TextDataModel: Data size of testing is 10001
17/04/05 20:21:43 INFO BPRRecommender: Job Setup completed.
17/04/05 20:21:44 INFO BPRRecommender: iter 1 Evaluator value:RECALL top 10 is -1.0	0.0018051662281320738	3.689506939773065E-4
17/04/05 20:21:46 INFO BPRRecommender: iter 2 Evaluator value:RECALL top 10 is -1.0	0.001727556445084224	5.432401726146111E-4
17/04/05 20:21:47 INFO BPRRecommender: iter 3 Evaluator value:RECALL top 10 is -1.0	0.0037675207272454335	0.004143300248792574
17/04/05 20:21:47 INFO BPRRecommender: iter 4 Evaluator value:RECALL top 10 is -1.0	0.010829466051446685	0.011959066785947508
17/04/05 20:21:48 INFO BPRRecommender: iter 5 Evaluator value:RECALL top 10 is -1.0	0.03593682827141568	0.0336864181620978
17/04/05 20:21:49 INFO BPRRecommender: iter 6 Evaluator value:RECALL top 10 is -1.0	0.062172911234329	0.05834567353983952
17/04/05 20:21:50 INFO BPRRecommender: iter 7 Evaluator value:RECALL top 10 is -1.0	0.0732112221848245	0.07277905344878043
17/04/05 20:21:51 INFO BPRRecommender: iter 8 Evaluator value:RECALL top 10 is -1.0	0.07563300808914387	0.07755696672690013
17/04/05 20:21:52 INFO BPRRecommender: iter 9 Evaluator value:RECALL top 10 is -1.0	0.07681683475770351	0.07682626411944445
17/04/05 20:21:52 INFO BPRRecommender: iter 10 Evaluator value:RECALL top 10 is -1.0	0.08130602174997191	0.07835118726502278
17/04/05 20:21:53 INFO BPRRecommender: iter 11 Evaluator value:RECALL top 10 is -1.0	0.08311721682060182	0.0798619454320516
17/04/05 20:21:54 INFO BPRRecommender: iter 12 Evaluator value:RECALL top 10 is -1.0	0.08513398069849863	0.08095216225525027
17/04/05 20:21:54 INFO BPRRecommender: iter 13 Evaluator value:RECALL top 10 is -1.0	0.08868786117450567	0.0834652913579244
17/04/05 20:21:56 INFO BPRRecommender: iter 14 Evaluator value:RECALL top 10 is -1.0	0.08748800795944585	0.08528656459110083
17/04/05 20:21:58 INFO BPRRecommender: iter 15 Evaluator value:RECALL top 10 is -1.0	0.09024259281759824	0.08402592322801167
17/04/05 20:22:00 INFO BPRRecommender: iter 16 Evaluator value:RECALL top 10 is -1.0	0.08940506910916608	0.08619642272086464
17/04/05 20:22:01 INFO BPRRecommender: iter 17 Evaluator value:RECALL top 10 is -1.0	0.09265785057724878	0.08472413815226074
17/04/05 20:22:02 INFO BPRRecommender: iter 18 Evaluator value:RECALL top 10 is -1.0	0.09570045073611189	0.08270143830701521
17/04/05 20:22:02 INFO BPRRecommender: iter 19 Evaluator value:RECALL top 10 is -1.0	0.09225197624190391	0.08429224980379504
17/04/05 20:22:03 INFO BPRRecommender: iter 20 Evaluator value:RECALL top 10 is -1.0	0.09318403204308699	0.08531926931741253
17/04/05 20:22:03 INFO BPRRecommender: iter 21 Evaluator value:RECALL top 10 is -1.0	0.09141701757636259	0.08325546982666276
17/04/05 20:22:04 INFO BPRRecommender: iter 22 Evaluator value:RECALL top 10 is -1.0	0.09585005130949803	0.08307310098362596
17/04/05 20:22:05 INFO BPRRecommender: iter 23 Evaluator value:RECALL top 10 is -1.0	0.09700394932478248	0.0872875300109232
17/04/05 20:22:06 INFO BPRRecommender: iter 24 Evaluator value:RECALL top 10 is -1.0	0.10239480580008285	0.09412236228245185
17/04/05 20:22:07 INFO BPRRecommender: iter 25 Evaluator value:RECALL top 10 is -1.0	0.10407788139287816	0.0947138474940325
17/04/05 20:22:08 INFO BPRRecommender: iter 26 Evaluator value:RECALL top 10 is -1.0	0.10562009556426064	0.09612911270195378
17/04/05 20:22:08 INFO BPRRecommender: iter 27 Evaluator value:RECALL top 10 is -1.0	0.09993541095951065	0.09879219805225779
17/04/05 20:22:09 INFO BPRRecommender: iter 28 Evaluator value:RECALL top 10 is -1.0	0.10034440385196639	0.09769860899228436
17/04/05 20:22:10 INFO BPRRecommender: iter 29 Evaluator value:RECALL top 10 is -1.0	0.10311313871921488	0.09658442372021703
17/04/05 20:22:11 INFO BPRRecommender: iter 30 Evaluator value:RECALL top 10 is -1.0	0.10503210121192685	0.09371493760899802
17/04/05 20:22:13 INFO BPRRecommender: iter 31 Evaluator value:RECALL top 10 is -1.0	0.10517713572760097	0.09830644018055204
17/04/05 20:22:14 INFO BPRRecommender: iter 32 Evaluator value:RECALL top 10 is -1.0	0.10533510802761575	0.09814347281092133
17/04/05 20:22:15 INFO BPRRecommender: iter 33 Evaluator value:RECALL top 10 is -1.0	0.10221198994080334	0.09548895586669152
17/04/05 20:22:16 INFO BPRRecommender: iter 34 Evaluator value:RECALL top 10 is -1.0	0.10744512019672144	0.09731361959640868
17/04/05 20:22:17 INFO BPRRecommender: iter 35 Evaluator value:RECALL top 10 is -1.0	0.10295855882923856	0.09902819113832866
17/04/05 20:22:18 INFO BPRRecommender: iter 36 Evaluator value:RECALL top 10 is -1.0	0.10458706838934581	0.10200899588666774
17/04/05 20:22:19 INFO BPRRecommender: iter 37 Evaluator value:RECALL top 10 is -1.0	0.11074775020959021	0.10013628901786008
17/04/05 20:22:20 INFO BPRRecommender: iter 38 Evaluator value:RECALL top 10 is -1.0	0.11260208607280486	0.10574595218208878
17/04/05 20:22:21 INFO BPRRecommender: iter 39 Evaluator value:RECALL top 10 is -1.0	0.11323524934649447	0.1043963329309092
17/04/05 20:22:21 INFO BPRRecommender: iter 40 Evaluator value:RECALL top 10 is -1.0	0.11431162806821583	0.10607141096900713
17/04/05 20:22:22 INFO BPRRecommender: iter 41 Evaluator value:RECALL top 10 is -1.0	0.11118858440230134	0.10480469295193963
17/04/05 20:22:22 INFO BPRRecommender: iter 42 Evaluator value:RECALL top 10 is -1.0	0.11629526553512441	0.10623758710980291
17/04/05 20:22:23 INFO BPRRecommender: iter 43 Evaluator value:RECALL top 10 is -1.0	0.1160910390050177	0.10981056599357002
17/04/05 20:22:24 INFO BPRRecommender: iter 44 Evaluator value:RECALL top 10 is -1.0	0.11623802810614293	0.10741347360187944
17/04/05 20:22:24 INFO BPRRecommender: iter 45 Evaluator value:RECALL top 10 is -1.0	0.1178674921124741	0.11222903874826623
17/04/05 20:22:25 INFO BPRRecommender: iter 46 Evaluator value:RECALL top 10 is -1.0	0.11542490008486189	0.11006089179176794
17/04/05 20:22:26 INFO BPRRecommender: iter 47 Evaluator value:RECALL top 10 is -1.0	0.11916708752770566	0.11222196349406875
17/04/05 20:22:27 INFO BPRRecommender: iter 48 Evaluator value:RECALL top 10 is -1.0	0.12054207916770765	0.11460954633199648
17/04/05 20:22:27 INFO BPRRecommender: iter 49 Evaluator value:RECALL top 10 is -1.0	0.1185427330866093	0.11210571084244335
17/04/05 20:22:28 INFO BPRRecommender: iter 50 Evaluator value:RECALL top 10 is -1.0	0.1189801083979324	0.11283313138743711
17/04/05 20:22:28 INFO BPRRecommender: iter 51 Evaluator value:RECALL top 10 is -1.0	0.11436186967011697	0.11480587937528734
17/04/05 20:22:29 INFO BPRRecommender: iter 52 Evaluator value:RECALL top 10 is -1.0	0.11769502049620235	0.11574929956509222
17/04/05 20:22:30 INFO BPRRecommender: iter 53 Evaluator value:RECALL top 10 is -1.0	0.12103453741030329	0.11411140675717561
17/04/05 20:22:31 INFO BPRRecommender: iter 54 Evaluator value:RECALL top 10 is -1.0	0.11962009950872984	0.11564294102878543
17/04/05 20:22:31 INFO BPRRecommender: iter 55 Evaluator value:RECALL top 10 is -1.0	0.1192425611828723	0.1116112071414079
17/04/05 20:22:32 INFO BPRRecommender: iter 56 Evaluator value:RECALL top 10 is -1.0	0.11976146877618019	0.1221182783776359
17/04/05 20:22:33 INFO BPRRecommender: iter 57 Evaluator value:RECALL top 10 is -1.0	0.11564099252409872	0.1186375540654976
17/04/05 20:22:34 INFO BPRRecommender: iter 58 Evaluator value:RECALL top 10 is -1.0	0.11752742662479213	0.11994489986316927
17/04/05 20:22:36 INFO BPRRecommender: iter 59 Evaluator value:RECALL top 10 is -1.0	0.11822898879623558	0.11873916160391701
17/04/05 20:22:37 INFO BPRRecommender: iter 60 Evaluator value:RECALL top 10 is -1.0	0.12254762780671989	0.11935555669643425
17/04/05 20:22:38 INFO BPRRecommender: iter 61 Evaluator value:RECALL top 10 is -1.0	0.12138387765791016	0.1221203325869356
17/04/05 20:22:39 INFO BPRRecommender: iter 62 Evaluator value:RECALL top 10 is -1.0	0.12013046296366556	0.1197305253726856
17/04/05 20:22:39 INFO BPRRecommender: iter 63 Evaluator value:RECALL top 10 is -1.0	0.11932072247668163	0.1192682881622902
17/04/05 20:22:40 INFO BPRRecommender: iter 64 Evaluator value:RECALL top 10 is -1.0	0.11951917742335744	0.11979863734049598
17/04/05 20:22:41 INFO BPRRecommender: iter 65 Evaluator value:RECALL top 10 is -1.0	0.12134934142201029	0.11942114392793717
17/04/05 20:22:41 INFO BPRRecommender: iter 66 Evaluator value:RECALL top 10 is -1.0	0.11990847468859019	0.11596150580852649
17/04/05 20:22:42 INFO BPRRecommender: iter 67 Evaluator value:RECALL top 10 is -1.0	0.12412811834838279	0.11551932730336785
17/04/05 20:22:43 INFO BPRRecommender: iter 68 Evaluator value:RECALL top 10 is -1.0	0.121599230188405	0.11261359593189539
17/04/05 20:22:43 INFO BPRRecommender: iter 69 Evaluator value:RECALL top 10 is -1.0	0.12491164720920192	0.11549459542938235
17/04/05 20:22:44 INFO BPRRecommender: iter 70 Evaluator value:RECALL top 10 is -1.0	0.12328683574866835	0.11192541948766653
17/04/05 20:22:44 INFO BPRRecommender: iter 71 Evaluator value:RECALL top 10 is -1.0	0.12001338692634246	0.11210028281087342
17/04/05 20:22:45 INFO BPRRecommender: iter 72 Evaluator value:RECALL top 10 is -1.0	0.1187561062377542	0.11843510712937748
17/04/05 20:22:45 INFO BPRRecommender: iter 73 Evaluator value:RECALL top 10 is -1.0	0.12223081733235684	0.11460929043879729
17/04/05 20:22:46 INFO BPRRecommender: iter 74 Evaluator value:RECALL top 10 is -1.0	0.118612340443665	0.11142473740530226
17/04/05 20:22:47 INFO BPRRecommender: iter 75 Evaluator value:RECALL top 10 is -1.0	0.11600363326664596	0.10964555437267944
17/04/05 20:22:47 INFO BPRRecommender: iter 76 Evaluator value:RECALL top 10 is -1.0	0.12185994221499716	0.11032520189966932
17/04/05 20:22:48 INFO BPRRecommender: iter 77 Evaluator value:RECALL top 10 is -1.0	0.12016432472803877	0.11040297927000647
17/04/05 20:22:49 INFO BPRRecommender: iter 78 Evaluator value:RECALL top 10 is -1.0	0.11737658621939066	0.11327969385541439
17/04/05 20:22:50 INFO BPRRecommender: iter 79 Evaluator value:RECALL top 10 is -1.0	0.11735058932914387	0.11599574696607982
17/04/05 20:22:51 INFO BPRRecommender: iter 80 Evaluator value:RECALL top 10 is -1.0	0.12030377967061949	0.1146207079525653
17/04/05 20:22:51 INFO BPRRecommender: iter 81 Evaluator value:RECALL top 10 is -1.0	0.11831219316360504	0.12074105044772884
17/04/05 20:22:51 INFO BPRRecommender: iter 82 Evaluator value:RECALL top 10 is -1.0	0.12290468389752132	0.12439387242001546
17/04/05 20:22:52 INFO BPRRecommender: iter 83 Evaluator value:RECALL top 10 is -1.0	0.11686286225160598	0.12311870676971333
17/04/05 20:22:53 INFO BPRRecommender: iter 84 Evaluator value:RECALL top 10 is -1.0	0.1187498565336157	0.12453722323064051
17/04/05 20:22:53 INFO BPRRecommender: iter 85 Evaluator value:RECALL top 10 is -1.0	0.11871447141182792	0.12405259425080452
17/04/05 20:22:54 INFO BPRRecommender: iter 86 Evaluator value:RECALL top 10 is -1.0	0.11691708565120651	0.12398481017376514
17/04/05 20:22:54 INFO BPRRecommender: iter 87 Evaluator value:RECALL top 10 is -1.0	0.12042128777291355	0.12040085907950075
17/04/05 20:22:55 INFO BPRRecommender: iter 88 Evaluator value:RECALL top 10 is -1.0	0.1207696092460014	0.12113124104605605
17/04/05 20:22:56 INFO BPRRecommender: iter 89 Evaluator value:RECALL top 10 is -1.0	0.12273453829829896	0.12091065603567293
17/04/05 20:22:57 INFO BPRRecommender: iter 90 Evaluator value:RECALL top 10 is -1.0	0.12055402124617003	0.11737275385838496
17/04/05 20:22:58 INFO BPRRecommender: iter 91 Evaluator value:RECALL top 10 is -1.0	0.11639861388493598	0.11832973923144448
17/04/05 20:22:58 INFO BPRRecommender: iter 92 Evaluator value:RECALL top 10 is -1.0	0.11730311332805861	0.11894576219291708
17/04/05 20:22:58 INFO BPRRecommender: iter 93 Evaluator value:RECALL top 10 is -1.0	0.11963581996862915	0.12142762774325885
17/04/05 20:22:59 INFO BPRRecommender: iter 94 Evaluator value:RECALL top 10 is -1.0	0.12691303838916387	0.12326003323676338
17/04/05 20:23:00 INFO BPRRecommender: iter 95 Evaluator value:RECALL top 10 is -1.0	0.12052317954032223	0.1178358079199714
17/04/05 20:23:00 INFO BPRRecommender: iter 96 Evaluator value:RECALL top 10 is -1.0	0.11625879418756051	0.11989157008676112
17/04/05 20:23:01 INFO BPRRecommender: iter 97 Evaluator value:RECALL top 10 is -1.0	0.12295519429967151	0.12126906616333837
17/04/05 20:23:01 INFO BPRRecommender: iter 98 Evaluator value:RECALL top 10 is -1.0	0.12267445111316447	0.11881066364863828
17/04/05 20:23:02 INFO BPRRecommender: iter 99 Evaluator value:RECALL top 10 is -1.0	0.12101366659914256	0.11490709530053925
17/04/05 20:23:02 INFO BPRRecommender: iter 100 Evaluator value:RECALL top 10 is -1.0	0.11856695015417705	0.1179312747069092
17/04/05 20:23:02 INFO BPRRecommender: Job Train completed.
17/04/05 20:23:03 INFO BPRRecommender: Job End.
17/04/05 20:23:03 INFO RecommenderJob: Evaluator info:RecallEvaluator is 0.1179312747069092
17/04/05 20:23:03 INFO RecommenderJob: Result path is E:/Users/v-fuz/tools/recommender_system/librec_sourcecode/librec/core/src/main/java/net/librec/run/result/movielens/ml-100k-split-bpr-output/bpr
17/04/05 20:23:03 INFO test_all_ranking_pure: End


