17/04/05 17:32:36 INFO test_all_ranking_pure: ********************************************************************************
17/04/05 17:32:36 INFO test_all_ranking_pure: Begin

17/04/05 17:32:36 INFO test_all_ranking_pure: 
rec.iterator.learnrate=0.01
rec.eval.classes=auc
rec.iterator.maximum=200
rec.learningrate.decay=0.8
rec.iterator.learnrate.maximum=0.01
rec.learnRate.decay=1.0
rec.item.regularization=0.001
rec.recommender.ranking.topn=10
rec.recommender.class=bpr
rec.random.seed=1
rec.recommender.isranking=true
rec.learningrate.bolddriver=false
rec.factor.number=100
rec.learnRate.bolddriver=false
rec.eval.enable=true
rec.user.regularization=0.001

17/04/05 17:33:16 INFO TextDataConvertor: Dataset: ...librec/data/movielens/ml-100k-split
17/04/05 17:33:16 INFO TextDataConvertor: All dataset files [E:\Users\v-fuz\tools\recommender_system\librec_sourcecode\librec\data\movielens\ml-100k-split\uniform_negsample.txt]
17/04/05 17:33:16 INFO TextDataConvertor: All dataset files size 29756
17/04/05 17:33:16 INFO TextDataConvertor: Now loading dataset file uniform_negsample
17/04/05 17:33:16 INFO TextDataModel: Transform data to Convertor successfully!
17/04/05 17:33:17 INFO TextDataModel: Split data to train Set and test Set successfully!
17/04/05 17:33:17 INFO TextDataModel: Data size of training is 753
17/04/05 17:33:17 INFO TextDataModel: Data size of testing is 95
17/04/05 17:33:17 INFO BPRRecommender: Job Setup completed.
