17/03/24 23:46:30 INFO test_all_ranking_pure: ********************************************************************************
17/03/24 23:46:30 INFO test_all_ranking_pure: Begin

17/03/24 23:46:30 INFO test_all_ranking_pure: 
rec.iterator.learnrate=0.1
rec.eval.classes=auc
rec.learnrate.decay=1.0
rec.bias.regularization=0.1
rec.iterator.maximum=100
rec.iterator.learnrate.maximum=0.01
rec.item.regularization=0.1
rec.recommender.ranking.topn=10
rec.recommender.class=wbpr
rec.random.seed=1
rec.recommender.isranking=true
rec.learnrate.bolddriver=false
rec.factor.number=10
rec.learnRate.bolddriver=true
rec.eval.enable=true
rec.user.regularization=0.1

17/03/24 23:46:30 INFO TextDataConvertor: Dataset: ...librec/data/movielens/ml-100k-split
17/03/24 23:46:30 INFO TextDataConvertor: All dataset files [E:\Users\v-fuz\tools\recommender_system\librec_sourcecode\librec\data\movielens\ml-100k-split\backup\movielens100k_librec.txt, E:\Users\v-fuz\tools\recommender_system\librec_sourcecode\librec\data\movielens\ml-100k-split\uniform_negsample.txt]
17/03/24 23:46:30 INFO TextDataConvertor: All dataset files size 9182055
17/03/24 23:46:30 INFO TextDataConvertor: Now loading dataset file movielens100k_librec
17/03/24 23:46:32 INFO TextDataConvertor: Now loading dataset file uniform_negsample
17/03/24 23:46:33 INFO TextDataModel: Transform data to Convertor successfully!
17/03/24 23:46:34 INFO TextDataModel: Split data to train Set and test Set successfully!
17/03/24 23:46:34 INFO TextDataModel: Data size of training is 79130
17/03/24 23:46:34 INFO TextDataModel: Data size of testing is 9888
17/03/24 23:46:34 INFO WBPRRecommender: Job Setup completed.
17/03/24 23:46:53 INFO WBPRRecommender: iter 1 Evaluator value:AUC top 10 is -1.0	0.6748926695103367	0.6725874824114693
17/03/24 23:47:12 INFO WBPRRecommender: iter 2 Evaluator value:AUC top 10 is -1.0	0.6687834234007559	0.6672671387913647
17/03/24 23:47:32 INFO WBPRRecommender: iter 3 Evaluator value:AUC top 10 is -1.0	0.6321958891676952	0.6421150340785964
17/03/24 23:47:50 INFO WBPRRecommender: iter 4 Evaluator value:AUC top 10 is -1.0	0.6169770472439294	0.6269432473472927
17/03/24 23:48:08 INFO WBPRRecommender: iter 5 Evaluator value:AUC top 10 is -1.0	0.6123349631360188	0.6161959954173674
17/03/24 23:48:26 INFO WBPRRecommender: iter 6 Evaluator value:AUC top 10 is -1.0	0.6123893789142216	0.6063082055024541
17/03/24 23:48:45 INFO WBPRRecommender: iter 7 Evaluator value:AUC top 10 is -1.0	0.6153988808158871	0.6101087477805212
17/03/24 23:49:04 INFO WBPRRecommender: iter 8 Evaluator value:AUC top 10 is -1.0	0.6168970221557378	0.6108528604366251
17/03/24 23:49:27 INFO WBPRRecommender: iter 9 Evaluator value:AUC top 10 is -1.0	0.6010045109400578	0.5949062826090064
