17/04/06 17:21:10 INFO test_all_ranking_pure: ********************************************************************************
17/04/06 17:21:10 INFO test_all_ranking_pure: Begin

17/04/06 17:21:10 INFO test_all_ranking_pure: 
rec.iterator.learnrate=0.01
rec.eval.classes=precision
rec.iterator.maximum=100
rec.learningrate.decay=1.0
rec.iterator.learnrate.maximum=0.01
rec.learnRate.decay=1.0
rec.item.regularization=0.00
rec.recommender.ranking.topn=10
rec.recommender.class=bpr
rec.random.seed=1
rec.recommender.isranking=true
rec.learningrate.bolddriver=false
rec.factor.number=10
rec.learnRate.bolddriver=false
rec.eval.enable=true
rec.user.regularization=0.00

17/04/06 17:21:10 INFO TextDataConvertor: Dataset: ...librec/data/movielens/ml-100k-split
17/04/06 17:21:10 INFO TextDataConvertor: All dataset files [E:\Users\v-fuz\tools\recommender_system\librec_sourcecode\librec\data\movielens\ml-100k-split\uniform_negsample.txt]
17/04/06 17:21:10 INFO TextDataConvertor: All dataset files size 3405768
17/04/06 17:21:10 INFO TextDataConvertor: Now loading dataset file uniform_negsample
17/04/06 17:21:12 INFO TextDataModel: Transform data to Convertor successfully!
17/04/06 17:21:13 INFO TextDataModel: Split data to train Set and test Set successfully!
17/04/06 17:21:13 INFO TextDataModel: Data size of training is 80003
17/04/06 17:21:13 INFO TextDataModel: Data size of testing is 10001
17/04/06 17:21:13 INFO BPRRecommender: Job Setup completed.
17/04/06 17:21:14 INFO BPRRecommender: iter 1 Evaluator value:PRECISION top 10 is -1.0	0.0016616314199395768	0.00196969696969697
17/04/06 17:21:15 INFO BPRRecommender: iter 2 Evaluator value:PRECISION top 10 is -1.0	0.001963746223564955	0.0021212121212121214
17/04/06 17:21:16 INFO BPRRecommender: iter 3 Evaluator value:PRECISION top 10 is -1.0	0.003927492447129911	0.0046969696969696995
17/04/06 17:21:17 INFO BPRRecommender: iter 4 Evaluator value:PRECISION top 10 is -1.0	0.009818731117824771	0.012272727272727262
17/04/06 17:21:17 INFO BPRRecommender: iter 5 Evaluator value:PRECISION top 10 is -1.0	0.027341389728096657	0.029696969696969694
17/04/06 17:21:18 INFO BPRRecommender: iter 6 Evaluator value:PRECISION top 10 is -1.0	0.049093655589123944	0.04909090909090918
17/04/06 17:21:19 INFO BPRRecommender: iter 7 Evaluator value:PRECISION top 10 is -1.0	0.06193353474320262	0.06378787878787902
17/04/06 17:21:20 INFO BPRRecommender: iter 8 Evaluator value:PRECISION top 10 is -1.0	0.06465256797583102	0.06863636363636393
17/04/06 17:21:21 INFO BPRRecommender: iter 9 Evaluator value:PRECISION top 10 is -1.0	0.0684290030211483	0.07136363636363666
17/04/06 17:21:22 INFO BPRRecommender: iter 10 Evaluator value:PRECISION top 10 is -1.0	0.07009063444108786	0.07515151515151543
17/04/06 17:21:23 INFO BPRRecommender: iter 11 Evaluator value:PRECISION top 10 is -1.0	0.07265861027190357	0.07757575757575791
17/04/06 17:21:24 INFO BPRRecommender: iter 12 Evaluator value:PRECISION top 10 is -1.0	0.0738670694864051	0.0789393939393943
17/04/06 17:21:25 INFO BPRRecommender: iter 13 Evaluator value:PRECISION top 10 is -1.0	0.07537764350453201	0.08030303030303067
17/04/06 17:21:25 INFO BPRRecommender: iter 14 Evaluator value:PRECISION top 10 is -1.0	0.07522658610271932	0.08166666666666705
17/04/06 17:21:26 INFO BPRRecommender: iter 15 Evaluator value:PRECISION top 10 is -1.0	0.07779456193353507	0.08333333333333373
17/04/06 17:21:27 INFO BPRRecommender: iter 16 Evaluator value:PRECISION top 10 is -1.0	0.0774924471299097	0.08393939393939434
17/04/06 17:21:29 INFO BPRRecommender: iter 17 Evaluator value:PRECISION top 10 is -1.0	0.0788519637462239	0.0846969696969701
17/04/06 17:21:30 INFO BPRRecommender: iter 18 Evaluator value:PRECISION top 10 is -1.0	0.08036253776435079	0.08363636363636408
17/04/06 17:21:30 INFO BPRRecommender: iter 19 Evaluator value:PRECISION top 10 is -1.0	0.08051359516616349	0.0828787878787883
17/04/06 17:21:31 INFO BPRRecommender: iter 20 Evaluator value:PRECISION top 10 is -1.0	0.08126888217522692	0.08393939393939434
17/04/06 17:21:32 INFO BPRRecommender: iter 21 Evaluator value:PRECISION top 10 is -1.0	0.0799093655589127	0.08424242424242466
17/04/06 17:21:33 INFO BPRRecommender: iter 22 Evaluator value:PRECISION top 10 is -1.0	0.07990936555891273	0.08454545454545494
17/04/06 17:21:34 INFO BPRRecommender: iter 23 Evaluator value:PRECISION top 10 is -1.0	0.08141993957703962	0.08545454545454587
17/04/06 17:21:35 INFO BPRRecommender: iter 24 Evaluator value:PRECISION top 10 is -1.0	0.08262839879154114	0.08818181818181861
17/04/06 17:21:35 INFO BPRRecommender: iter 25 Evaluator value:PRECISION top 10 is -1.0	0.08247734138972844	0.08818181818181862
17/04/06 17:21:37 INFO BPRRecommender: iter 26 Evaluator value:PRECISION top 10 is -1.0	0.0850453172205442	0.08863636363636405
17/04/06 17:21:38 INFO BPRRecommender: iter 27 Evaluator value:PRECISION top 10 is -1.0	0.08534743202416957	0.09030303030303075
17/04/06 17:21:38 INFO BPRRecommender: iter 28 Evaluator value:PRECISION top 10 is -1.0	0.08459214501510613	0.08878787878787925
17/04/06 17:21:39 INFO BPRRecommender: iter 29 Evaluator value:PRECISION top 10 is -1.0	0.0864048338368584	0.09030303030303075
