17/03/25 11:22:19 INFO test_all_ranking_pure: ********************************************************************************
17/03/25 11:22:19 INFO test_all_ranking_pure: Begin

17/03/25 11:22:19 INFO test_all_ranking_pure: 
rec.iterator.learnrate=0.01
rec.eval.classes=auc
rec.learnrate.decay=1.0
rec.iterator.maximum=200
rec.iterator.learnrate.maximum=0.01
rec.item.regularization=0.1
rec.recommender.ranking.topn=10
rec.random.seed=1
rec.recommender.isranking=true
rec.recommender.class=ranksgd
rec.learnrate.bolddriver=false
rec.factor.number=10
rec.learnRate.bolddriver=true
rec.eval.enable=true
rec.user.regularization=0.1

17/03/25 11:22:19 INFO TextDataConvertor: Dataset: ...librec/data/movielens/ml-100k-split
17/03/25 11:22:19 INFO TextDataConvertor: All dataset files [E:\Users\v-fuz\tools\recommender_system\librec_sourcecode\librec\data\movielens\ml-100k-split\uniform_negsample.txt]
17/03/25 11:22:19 INFO TextDataConvertor: All dataset files size 6153533
17/03/25 11:22:19 INFO TextDataConvertor: Now loading dataset file uniform_negsample
17/03/25 11:22:21 INFO TextDataModel: Transform data to Convertor successfully!
17/03/25 11:22:22 INFO TextDataModel: Split data to train Set and test Set successfully!
17/03/25 11:22:22 INFO TextDataModel: Data size of training is 80003
17/03/25 11:22:22 INFO TextDataModel: Data size of testing is 10001
17/03/25 11:22:22 INFO RankSGDRecommender: Job Setup completed.
17/03/25 11:22:29 INFO RankSGDRecommender: iter 1 Evaluator value:AUC top 10 is -1.0	0.5081593482042918	0.5044639451599011
17/03/25 11:22:33 INFO RankSGDRecommender: iter 2 Evaluator value:AUC top 10 is -1.0	0.509693829971621	0.5029961292678644
17/03/25 11:22:37 INFO RankSGDRecommender: iter 3 Evaluator value:AUC top 10 is -1.0	0.5126937821310634	0.5082038670863823
17/03/25 11:22:42 INFO RankSGDRecommender: iter 4 Evaluator value:AUC top 10 is -1.0	0.5284119556090457	0.5247191166322
17/03/25 11:22:47 INFO RankSGDRecommender: iter 5 Evaluator value:AUC top 10 is -1.0	0.5658298066841538	0.5689690905252197
17/03/25 11:22:50 INFO RankSGDRecommender: iter 6 Evaluator value:AUC top 10 is -1.0	0.6265181513021656	0.6230955602583458
17/03/25 11:22:56 INFO RankSGDRecommender: iter 7 Evaluator value:AUC top 10 is -1.0	0.6729360245974672	0.6651558465637102
17/03/25 11:23:01 INFO RankSGDRecommender: iter 8 Evaluator value:AUC top 10 is -1.0	0.7028561571954983	0.6832226990279967
17/03/25 11:23:05 INFO RankSGDRecommender: iter 9 Evaluator value:AUC top 10 is -1.0	0.7156281233209639	0.7058211892638476
17/03/25 11:23:11 INFO RankSGDRecommender: iter 10 Evaluator value:AUC top 10 is -1.0	0.7126396158476996	0.7118043496731357
17/03/25 11:23:17 INFO RankSGDRecommender: iter 11 Evaluator value:AUC top 10 is -1.0	0.7200504587521896	0.7133244645789326
17/03/25 11:23:22 INFO RankSGDRecommender: iter 12 Evaluator value:AUC top 10 is -1.0	0.7216449113535222	0.7193600334824004
17/03/25 11:23:26 INFO RankSGDRecommender: iter 13 Evaluator value:AUC top 10 is -1.0	0.7231214147957941	0.7141053913954118
17/03/25 11:23:31 INFO RankSGDRecommender: iter 14 Evaluator value:AUC top 10 is -1.0	0.7216820022129844	0.7177946231462469
17/03/25 11:23:35 INFO RankSGDRecommender: iter 15 Evaluator value:AUC top 10 is -1.0	0.7253748209075678	0.7208060276083383
17/03/25 11:23:41 INFO RankSGDRecommender: iter 16 Evaluator value:AUC top 10 is -1.0	0.7358712085982324	0.72004340055641
17/03/25 11:23:46 INFO RankSGDRecommender: iter 17 Evaluator value:AUC top 10 is -1.0	0.7283888621286226	0.7230522004022336
17/03/25 11:23:51 INFO RankSGDRecommender: iter 18 Evaluator value:AUC top 10 is -1.0	0.7313978659603994	0.7268161271473873
17/03/25 11:23:56 INFO RankSGDRecommender: iter 19 Evaluator value:AUC top 10 is -1.0	0.7322364217399276	0.7238187661490092
17/03/25 11:24:01 INFO RankSGDRecommender: iter 20 Evaluator value:AUC top 10 is -1.0	0.7254201955451249	0.7260508419292255
17/03/25 11:24:05 INFO RankSGDRecommender: iter 21 Evaluator value:AUC top 10 is -1.0	0.7269354760524294	0.7200139703984827
17/03/25 11:24:10 INFO RankSGDRecommender: iter 22 Evaluator value:AUC top 10 is -1.0	0.7216511158467258	0.721579393698988
17/03/25 11:24:15 INFO RankSGDRecommender: iter 23 Evaluator value:AUC top 10 is -1.0	0.7314752196135123	0.723101044036228
17/03/25 11:24:19 INFO RankSGDRecommender: iter 24 Evaluator value:AUC top 10 is -1.0	0.7262066358323698	0.7193050911535801
17/03/25 11:24:24 INFO RankSGDRecommender: iter 25 Evaluator value:AUC top 10 is -1.0	0.7277110388873469	0.7260705533248634
17/03/25 11:24:28 INFO RankSGDRecommender: iter 26 Evaluator value:AUC top 10 is -1.0	0.726143313319299	0.7268651988814596
17/03/25 11:24:32 INFO RankSGDRecommender: iter 27 Evaluator value:AUC top 10 is -1.0	0.7246938361956582	0.7238186140152144
17/03/25 11:24:36 INFO RankSGDRecommender: iter 28 Evaluator value:AUC top 10 is -1.0	0.7172214332386879	0.7162952102454069
17/03/25 11:24:40 INFO RankSGDRecommender: iter 29 Evaluator value:AUC top 10 is -1.0	0.7261862409778446	0.7230384237375512
17/03/25 11:24:44 INFO RankSGDRecommender: iter 30 Evaluator value:AUC top 10 is -1.0	0.726185104161601	0.7170315101731324
17/03/25 11:24:49 INFO RankSGDRecommender: iter 31 Evaluator value:AUC top 10 is -1.0	0.7284002484086186	0.7260915287281847
17/03/25 11:24:53 INFO RankSGDRecommender: iter 32 Evaluator value:AUC top 10 is -1.0	0.7163774992254257	0.7223339931156292
17/03/25 11:24:57 INFO RankSGDRecommender: iter 33 Evaluator value:AUC top 10 is -1.0	0.7246632183980158	0.7125917563196088
17/03/25 11:25:01 INFO RankSGDRecommender: iter 34 Evaluator value:AUC top 10 is -1.0	0.7186165123432922	0.7208711046253067
17/03/25 11:25:05 INFO RankSGDRecommender: iter 35 Evaluator value:AUC top 10 is -1.0	0.7231126596948124	0.717819561771138
17/03/25 11:25:09 INFO RankSGDRecommender: iter 36 Evaluator value:AUC top 10 is -1.0	0.7163652249983514	0.7117986200564848
17/03/25 11:25:14 INFO RankSGDRecommender: iter 37 Evaluator value:AUC top 10 is -1.0	0.725369194804494	0.7230722351938844
17/03/25 11:25:18 INFO RankSGDRecommender: iter 38 Evaluator value:AUC top 10 is -1.0	0.7186408847380528	0.7118010180089679
17/03/25 11:25:23 INFO RankSGDRecommender: iter 39 Evaluator value:AUC top 10 is -1.0	0.7216496966943174	0.7087605267527977
17/03/25 11:25:28 INFO RankSGDRecommender: iter 40 Evaluator value:AUC top 10 is -1.0	0.7178785440621257	0.7057651009414933
17/03/25 11:25:32 INFO RankSGDRecommender: iter 41 Evaluator value:AUC top 10 is -1.0	0.7194122691060314	0.7200626904193981
17/03/25 11:25:38 INFO RankSGDRecommender: iter 42 Evaluator value:AUC top 10 is -1.0	0.7163721607418339	0.7103254365277497
17/03/25 11:25:42 INFO RankSGDRecommender: iter 43 Evaluator value:AUC top 10 is -1.0	0.725314040513359	0.7155712163824833
17/03/25 11:25:46 INFO RankSGDRecommender: iter 44 Evaluator value:AUC top 10 is -1.0	0.7238742466979584	0.7072649221002452
17/03/25 11:25:52 INFO RankSGDRecommender: iter 45 Evaluator value:AUC top 10 is -1.0	0.7238689147345616	0.7140412590790737
17/03/25 11:25:56 INFO RankSGDRecommender: iter 46 Evaluator value:AUC top 10 is -1.0	0.7208809546169136	0.7147701316195061
17/03/25 11:26:01 INFO RankSGDRecommender: iter 47 Evaluator value:AUC top 10 is -1.0	0.720156281833176	0.71175052364869
17/03/25 11:26:06 INFO RankSGDRecommender: iter 48 Evaluator value:AUC top 10 is -1.0	0.7216442274057996	0.7049819231987514
17/03/25 11:26:12 INFO RankSGDRecommender: iter 49 Evaluator value:AUC top 10 is -1.0	0.7096571001980063	0.7102799650780747
17/03/25 11:26:16 INFO RankSGDRecommender: iter 50 Evaluator value:AUC top 10 is -1.0	0.71414099459726	0.7147723773884488
17/03/25 11:26:22 INFO RankSGDRecommender: iter 51 Evaluator value:AUC top 10 is -1.0	0.7141404188809762	0.7260598157387583
17/03/25 11:26:27 INFO RankSGDRecommender: iter 52 Evaluator value:AUC top 10 is -1.0	0.7186053465307201	0.7155403029491239
17/03/25 11:26:33 INFO RankSGDRecommender: iter 53 Evaluator value:AUC top 10 is -1.0	0.724645079459416	0.7147870148479334
17/03/25 11:26:38 INFO RankSGDRecommender: iter 54 Evaluator value:AUC top 10 is -1.0	0.7171729870902637	0.7140389366346881
17/03/25 11:26:43 INFO RankSGDRecommender: iter 55 Evaluator value:AUC top 10 is -1.0	0.7246582158227702	0.7192870653353036
