17/04/05 20:02:12 INFO test_all_ranking_pure: ********************************************************************************
17/04/05 20:02:12 INFO test_all_ranking_pure: Begin

17/04/05 20:02:12 INFO test_all_ranking_pure: 
rec.iterator.learnrate=0.01
rec.eval.classes=precision
rec.iterator.maximum=200
rec.learningrate.decay=1.0
rec.iterator.learnrate.maximum=0.01
rec.learnRate.decay=1.0
rec.item.regularization=0.01
rec.recommender.ranking.topn=10
rec.recommender.class=bpr
rec.random.seed=1
rec.recommender.isranking=true
rec.learningrate.bolddriver=false
rec.factor.number=10
rec.learnRate.bolddriver=false
rec.eval.enable=true
rec.user.regularization=0.01

17/04/05 20:02:12 INFO TextDataConvertor: Dataset: ...librec/data/movielens/ml-100k-split
17/04/05 20:02:12 INFO TextDataConvertor: All dataset files [E:\Users\v-fuz\tools\recommender_system\librec_sourcecode\librec\data\movielens\ml-100k-split\uniform_negsample.txt]
17/04/05 20:02:12 INFO TextDataConvertor: All dataset files size 30212
17/04/05 20:02:12 INFO TextDataConvertor: Now loading dataset file uniform_negsample
17/04/05 20:02:13 INFO TextDataModel: Transform data to Convertor successfully!
17/04/05 20:02:13 INFO TextDataModel: Split data to train Set and test Set successfully!
17/04/05 20:02:13 INFO TextDataModel: Data size of training is 764
17/04/05 20:02:13 INFO TextDataModel: Data size of testing is 96
17/04/05 20:02:13 INFO BPRRecommender: Job Setup completed.
17/04/05 20:02:13 INFO BPRRecommender: iter 1 Evaluator value:PRECISION top 10 is -1.0	0.007692307692307693	0.028571428571428574
17/04/05 20:02:13 INFO BPRRecommender: iter 2 Evaluator value:PRECISION top 10 is -1.0	0.007692307692307693	0.028571428571428574
17/04/05 20:02:13 INFO BPRRecommender: iter 3 Evaluator value:PRECISION top 10 is -1.0	0.007692307692307693	0.028571428571428574
17/04/05 20:02:13 INFO BPRRecommender: iter 4 Evaluator value:PRECISION top 10 is -1.0	0.007692307692307693	0.014285714285714287
17/04/05 20:02:13 INFO BPRRecommender: iter 5 Evaluator value:PRECISION top 10 is -1.0	0.015384615384615385	0.014285714285714287
17/04/05 20:02:13 INFO BPRRecommender: iter 6 Evaluator value:PRECISION top 10 is -1.0	0.015384615384615385	0.021428571428571432
17/04/05 20:02:13 INFO BPRRecommender: iter 7 Evaluator value:PRECISION top 10 is -1.0	0.015384615384615385	0.021428571428571432
17/04/05 20:02:13 INFO BPRRecommender: iter 8 Evaluator value:PRECISION top 10 is -1.0	0.015384615384615385	0.021428571428571432
17/04/05 20:02:13 INFO BPRRecommender: iter 9 Evaluator value:PRECISION top 10 is -1.0	0.015384615384615385	0.014285714285714287
17/04/05 20:02:13 INFO BPRRecommender: iter 10 Evaluator value:PRECISION top 10 is -1.0	0.015384615384615385	0.0071428571428571435
17/04/05 20:02:13 INFO BPRRecommender: iter 11 Evaluator value:PRECISION top 10 is -1.0	0.015384615384615385	0.0071428571428571435
17/04/05 20:02:13 INFO BPRRecommender: iter 12 Evaluator value:PRECISION top 10 is -1.0	0.015384615384615385	0.0071428571428571435
17/04/05 20:02:13 INFO BPRRecommender: iter 13 Evaluator value:PRECISION top 10 is -1.0	0.015384615384615385	0.0071428571428571435
17/04/05 20:02:13 INFO BPRRecommender: iter 14 Evaluator value:PRECISION top 10 is -1.0	0.015384615384615385	0.014285714285714287
17/04/05 20:02:13 INFO BPRRecommender: iter 15 Evaluator value:PRECISION top 10 is -1.0	0.015384615384615385	0.014285714285714287
17/04/05 20:02:13 INFO BPRRecommender: iter 16 Evaluator value:PRECISION top 10 is -1.0	0.015384615384615385	0.021428571428571432
17/04/05 20:02:13 INFO BPRRecommender: iter 17 Evaluator value:PRECISION top 10 is -1.0	0.015384615384615385	0.021428571428571432
17/04/05 20:02:13 INFO BPRRecommender: iter 18 Evaluator value:PRECISION top 10 is -1.0	0.015384615384615385	0.028571428571428574
17/04/05 20:02:13 INFO BPRRecommender: iter 19 Evaluator value:PRECISION top 10 is -1.0	0.007692307692307693	0.028571428571428574
17/04/05 20:02:13 INFO BPRRecommender: iter 20 Evaluator value:PRECISION top 10 is -1.0	0.007692307692307693	0.028571428571428574
17/04/05 20:02:13 INFO BPRRecommender: iter 21 Evaluator value:PRECISION top 10 is -1.0	0.007692307692307693	0.028571428571428574
17/04/05 20:02:13 INFO BPRRecommender: iter 22 Evaluator value:PRECISION top 10 is -1.0	0.007692307692307693	0.028571428571428574
17/04/05 20:02:13 INFO BPRRecommender: iter 23 Evaluator value:PRECISION top 10 is -1.0	0.007692307692307693	0.028571428571428574
17/04/05 20:02:13 INFO BPRRecommender: iter 24 Evaluator value:PRECISION top 10 is -1.0	0.007692307692307693	0.028571428571428574
17/04/05 20:02:13 INFO BPRRecommender: iter 25 Evaluator value:PRECISION top 10 is -1.0	0.007692307692307693	0.028571428571428574
17/04/05 20:02:13 INFO BPRRecommender: iter 26 Evaluator value:PRECISION top 10 is -1.0	0.007692307692307693	0.028571428571428574
17/04/05 20:02:13 INFO BPRRecommender: iter 27 Evaluator value:PRECISION top 10 is -1.0	0.007692307692307693	0.028571428571428574
17/04/05 20:02:13 INFO BPRRecommender: iter 28 Evaluator value:PRECISION top 10 is -1.0	0.007692307692307693	0.03571428571428571
17/04/05 20:02:13 INFO BPRRecommender: iter 29 Evaluator value:PRECISION top 10 is -1.0	0.007692307692307693	0.03571428571428571
17/04/05 20:02:13 INFO BPRRecommender: iter 30 Evaluator value:PRECISION top 10 is -1.0	0.007692307692307693	0.028571428571428574
17/04/05 20:02:13 INFO BPRRecommender: iter 31 Evaluator value:PRECISION top 10 is -1.0	0.007692307692307693	0.03571428571428571
17/04/05 20:02:13 INFO BPRRecommender: iter 32 Evaluator value:PRECISION top 10 is -1.0	0.007692307692307693	0.028571428571428574
17/04/05 20:02:13 INFO BPRRecommender: iter 33 Evaluator value:PRECISION top 10 is -1.0	0.007692307692307693	0.03571428571428571
17/04/05 20:02:13 INFO BPRRecommender: iter 34 Evaluator value:PRECISION top 10 is -1.0	0.007692307692307693	0.03571428571428571
17/04/05 20:02:13 INFO BPRRecommender: iter 35 Evaluator value:PRECISION top 10 is -1.0	0.007692307692307693	0.03571428571428571
17/04/05 20:02:13 INFO BPRRecommender: iter 36 Evaluator value:PRECISION top 10 is -1.0	0.007692307692307693	0.03571428571428571
17/04/05 20:02:13 INFO BPRRecommender: iter 37 Evaluator value:PRECISION top 10 is -1.0	0.007692307692307693	0.028571428571428574
17/04/05 20:02:13 INFO BPRRecommender: iter 38 Evaluator value:PRECISION top 10 is -1.0	0.007692307692307693	0.03571428571428571
17/04/05 20:02:13 INFO BPRRecommender: iter 39 Evaluator value:PRECISION top 10 is -1.0	0.007692307692307693	0.03571428571428571
17/04/05 20:02:13 INFO BPRRecommender: iter 40 Evaluator value:PRECISION top 10 is -1.0	0.007692307692307693	0.03571428571428571
17/04/05 20:02:13 INFO BPRRecommender: iter 41 Evaluator value:PRECISION top 10 is -1.0	0.007692307692307693	0.03571428571428571
17/04/05 20:02:13 INFO BPRRecommender: iter 42 Evaluator value:PRECISION top 10 is -1.0	0.007692307692307693	0.03571428571428571
17/04/05 20:02:13 INFO BPRRecommender: iter 43 Evaluator value:PRECISION top 10 is -1.0	0.007692307692307693	0.021428571428571432
17/04/05 20:02:13 INFO BPRRecommender: iter 44 Evaluator value:PRECISION top 10 is -1.0	0.007692307692307693	0.028571428571428574
17/04/05 20:02:13 INFO BPRRecommender: iter 45 Evaluator value:PRECISION top 10 is -1.0	0.007692307692307693	0.028571428571428574
17/04/05 20:02:13 INFO BPRRecommender: iter 46 Evaluator value:PRECISION top 10 is -1.0	0.007692307692307693	0.028571428571428574
17/04/05 20:02:13 INFO BPRRecommender: iter 47 Evaluator value:PRECISION top 10 is -1.0	0.007692307692307693	0.028571428571428574
17/04/05 20:02:13 INFO BPRRecommender: iter 48 Evaluator value:PRECISION top 10 is -1.0	0.007692307692307693	0.021428571428571432
17/04/05 20:02:13 INFO BPRRecommender: iter 49 Evaluator value:PRECISION top 10 is -1.0	0.007692307692307693	0.021428571428571432
17/04/05 20:02:13 INFO BPRRecommender: iter 50 Evaluator value:PRECISION top 10 is -1.0	0.007692307692307693	0.021428571428571432
17/04/05 20:02:13 INFO BPRRecommender: iter 51 Evaluator value:PRECISION top 10 is -1.0	0.007692307692307693	0.028571428571428574
17/04/05 20:02:13 INFO BPRRecommender: iter 52 Evaluator value:PRECISION top 10 is -1.0	0.007692307692307693	0.028571428571428574
17/04/05 20:02:13 INFO BPRRecommender: iter 53 Evaluator value:PRECISION top 10 is -1.0	0.007692307692307693	0.028571428571428574
17/04/05 20:02:13 INFO BPRRecommender: iter 54 Evaluator value:PRECISION top 10 is -1.0	0.007692307692307693	0.028571428571428574
17/04/05 20:02:13 INFO BPRRecommender: iter 55 Evaluator value:PRECISION top 10 is -1.0	0.007692307692307693	0.028571428571428574
17/04/05 20:02:13 INFO BPRRecommender: iter 56 Evaluator value:PRECISION top 10 is -1.0	0.007692307692307693	0.028571428571428574
17/04/05 20:02:13 INFO BPRRecommender: iter 57 Evaluator value:PRECISION top 10 is -1.0	0.007692307692307693	0.028571428571428574
17/04/05 20:02:13 INFO BPRRecommender: iter 58 Evaluator value:PRECISION top 10 is -1.0	0.007692307692307693	0.028571428571428574
17/04/05 20:02:13 INFO BPRRecommender: iter 59 Evaluator value:PRECISION top 10 is -1.0	0.007692307692307693	0.028571428571428574
17/04/05 20:02:13 INFO BPRRecommender: iter 60 Evaluator value:PRECISION top 10 is -1.0	0.007692307692307693	0.028571428571428574
17/04/05 20:02:13 INFO BPRRecommender: iter 61 Evaluator value:PRECISION top 10 is -1.0	0.007692307692307693	0.03571428571428571
17/04/05 20:02:13 INFO BPRRecommender: iter 62 Evaluator value:PRECISION top 10 is -1.0	0.015384615384615385	0.03571428571428571
17/04/05 20:02:13 INFO BPRRecommender: iter 63 Evaluator value:PRECISION top 10 is -1.0	0.015384615384615385	0.03571428571428571
17/04/05 20:02:13 INFO BPRRecommender: iter 64 Evaluator value:PRECISION top 10 is -1.0	0.015384615384615385	0.03571428571428571
17/04/05 20:02:13 INFO BPRRecommender: iter 65 Evaluator value:PRECISION top 10 is -1.0	0.015384615384615385	0.03571428571428571
17/04/05 20:02:13 INFO BPRRecommender: iter 66 Evaluator value:PRECISION top 10 is -1.0	0.015384615384615385	0.03571428571428571
17/04/05 20:02:13 INFO BPRRecommender: iter 67 Evaluator value:PRECISION top 10 is -1.0	0.015384615384615385	0.03571428571428571
17/04/05 20:02:13 INFO BPRRecommender: iter 68 Evaluator value:PRECISION top 10 is -1.0	0.015384615384615385	0.03571428571428571
17/04/05 20:02:13 INFO BPRRecommender: iter 69 Evaluator value:PRECISION top 10 is -1.0	0.015384615384615385	0.03571428571428571
17/04/05 20:02:13 INFO BPRRecommender: iter 70 Evaluator value:PRECISION top 10 is -1.0	0.007692307692307693	0.03571428571428571
17/04/05 20:02:13 INFO BPRRecommender: iter 71 Evaluator value:PRECISION top 10 is -1.0	0.007692307692307693	0.03571428571428571
17/04/05 20:02:13 INFO BPRRecommender: iter 72 Evaluator value:PRECISION top 10 is -1.0	0.007692307692307693	0.03571428571428571
17/04/05 20:02:13 INFO BPRRecommender: iter 73 Evaluator value:PRECISION top 10 is -1.0	0.015384615384615385	0.03571428571428571
17/04/05 20:02:13 INFO BPRRecommender: iter 74 Evaluator value:PRECISION top 10 is -1.0	0.015384615384615385	0.03571428571428571
17/04/05 20:02:13 INFO BPRRecommender: iter 75 Evaluator value:PRECISION top 10 is -1.0	0.015384615384615385	0.03571428571428571
17/04/05 20:02:13 INFO BPRRecommender: iter 76 Evaluator value:PRECISION top 10 is -1.0	0.015384615384615385	0.03571428571428571
17/04/05 20:02:13 INFO BPRRecommender: iter 77 Evaluator value:PRECISION top 10 is -1.0	0.007692307692307693	0.03571428571428571
17/04/05 20:02:13 INFO BPRRecommender: iter 78 Evaluator value:PRECISION top 10 is -1.0	0.015384615384615385	0.03571428571428571
17/04/05 20:02:13 INFO BPRRecommender: iter 79 Evaluator value:PRECISION top 10 is -1.0	0.015384615384615385	0.028571428571428574
17/04/05 20:02:13 INFO BPRRecommender: iter 80 Evaluator value:PRECISION top 10 is -1.0	0.015384615384615385	0.028571428571428574
17/04/05 20:02:13 INFO BPRRecommender: iter 81 Evaluator value:PRECISION top 10 is -1.0	0.015384615384615385	0.028571428571428574
17/04/05 20:02:13 INFO BPRRecommender: iter 82 Evaluator value:PRECISION top 10 is -1.0	0.015384615384615385	0.028571428571428574
17/04/05 20:02:13 INFO BPRRecommender: iter 83 Evaluator value:PRECISION top 10 is -1.0	0.015384615384615385	0.03571428571428571
17/04/05 20:02:13 INFO BPRRecommender: iter 84 Evaluator value:PRECISION top 10 is -1.0	0.015384615384615385	0.03571428571428571
17/04/05 20:02:13 INFO BPRRecommender: iter 85 Evaluator value:PRECISION top 10 is -1.0	0.015384615384615385	0.03571428571428571
17/04/05 20:02:13 INFO BPRRecommender: iter 86 Evaluator value:PRECISION top 10 is -1.0	0.015384615384615385	0.03571428571428571
17/04/05 20:02:13 INFO BPRRecommender: iter 87 Evaluator value:PRECISION top 10 is -1.0	0.015384615384615385	0.028571428571428574
17/04/05 20:02:13 INFO BPRRecommender: iter 88 Evaluator value:PRECISION top 10 is -1.0	0.015384615384615385	0.028571428571428574
17/04/05 20:02:13 INFO BPRRecommender: iter 89 Evaluator value:PRECISION top 10 is -1.0	0.015384615384615385	0.028571428571428574
17/04/05 20:02:13 INFO BPRRecommender: iter 90 Evaluator value:PRECISION top 10 is -1.0	0.015384615384615385	0.04285714285714286
17/04/05 20:02:13 INFO BPRRecommender: iter 91 Evaluator value:PRECISION top 10 is -1.0	0.015384615384615385	0.03571428571428571
17/04/05 20:02:13 INFO BPRRecommender: iter 92 Evaluator value:PRECISION top 10 is -1.0	0.015384615384615385	0.028571428571428574
17/04/05 20:02:13 INFO BPRRecommender: iter 93 Evaluator value:PRECISION top 10 is -1.0	0.015384615384615385	0.028571428571428574
17/04/05 20:02:13 INFO BPRRecommender: iter 94 Evaluator value:PRECISION top 10 is -1.0	0.02307692307692308	0.03571428571428571
17/04/05 20:02:13 INFO BPRRecommender: iter 95 Evaluator value:PRECISION top 10 is -1.0	0.02307692307692308	0.03571428571428571
17/04/05 20:02:14 INFO BPRRecommender: iter 96 Evaluator value:PRECISION top 10 is -1.0	0.02307692307692308	0.03571428571428571
17/04/05 20:02:14 INFO BPRRecommender: iter 97 Evaluator value:PRECISION top 10 is -1.0	0.02307692307692308	0.03571428571428571
17/04/05 20:02:14 INFO BPRRecommender: iter 98 Evaluator value:PRECISION top 10 is -1.0	0.02307692307692308	0.03571428571428571
17/04/05 20:02:14 INFO BPRRecommender: iter 99 Evaluator value:PRECISION top 10 is -1.0	0.02307692307692308	0.03571428571428571
17/04/05 20:02:14 INFO BPRRecommender: iter 100 Evaluator value:PRECISION top 10 is -1.0	0.02307692307692308	0.03571428571428571
17/04/05 20:02:14 INFO BPRRecommender: iter 101 Evaluator value:PRECISION top 10 is -1.0	0.02307692307692308	0.03571428571428571
17/04/05 20:02:14 INFO BPRRecommender: iter 102 Evaluator value:PRECISION top 10 is -1.0	0.02307692307692308	0.03571428571428571
17/04/05 20:02:14 INFO BPRRecommender: iter 103 Evaluator value:PRECISION top 10 is -1.0	0.02307692307692308	0.03571428571428571
17/04/05 20:02:14 INFO BPRRecommender: iter 104 Evaluator value:PRECISION top 10 is -1.0	0.02307692307692308	0.03571428571428571
17/04/05 20:02:14 INFO BPRRecommender: iter 105 Evaluator value:PRECISION top 10 is -1.0	0.02307692307692308	0.03571428571428571
17/04/05 20:02:14 INFO BPRRecommender: iter 106 Evaluator value:PRECISION top 10 is -1.0	0.02307692307692308	0.03571428571428571
17/04/05 20:02:14 INFO BPRRecommender: iter 107 Evaluator value:PRECISION top 10 is -1.0	0.02307692307692308	0.03571428571428571
17/04/05 20:02:14 INFO BPRRecommender: iter 108 Evaluator value:PRECISION top 10 is -1.0	0.02307692307692308	0.03571428571428571
17/04/05 20:02:14 INFO BPRRecommender: iter 109 Evaluator value:PRECISION top 10 is -1.0	0.02307692307692308	0.03571428571428571
17/04/05 20:02:14 INFO BPRRecommender: iter 110 Evaluator value:PRECISION top 10 is -1.0	0.02307692307692308	0.03571428571428571
17/04/05 20:02:14 INFO BPRRecommender: iter 111 Evaluator value:PRECISION top 10 is -1.0	0.02307692307692308	0.03571428571428571
17/04/05 20:02:14 INFO BPRRecommender: iter 112 Evaluator value:PRECISION top 10 is -1.0	0.02307692307692308	0.03571428571428571
17/04/05 20:02:14 INFO BPRRecommender: iter 113 Evaluator value:PRECISION top 10 is -1.0	0.02307692307692308	0.03571428571428571
17/04/05 20:02:14 INFO BPRRecommender: iter 114 Evaluator value:PRECISION top 10 is -1.0	0.02307692307692308	0.03571428571428571
17/04/05 20:02:14 INFO BPRRecommender: iter 115 Evaluator value:PRECISION top 10 is -1.0	0.02307692307692308	0.03571428571428571
17/04/05 20:02:14 INFO BPRRecommender: iter 116 Evaluator value:PRECISION top 10 is -1.0	0.02307692307692308	0.03571428571428571
17/04/05 20:02:14 INFO BPRRecommender: iter 117 Evaluator value:PRECISION top 10 is -1.0	0.02307692307692308	0.03571428571428571
17/04/05 20:02:14 INFO BPRRecommender: iter 118 Evaluator value:PRECISION top 10 is -1.0	0.02307692307692308	0.03571428571428571
17/04/05 20:02:14 INFO BPRRecommender: iter 119 Evaluator value:PRECISION top 10 is -1.0	0.02307692307692308	0.03571428571428571
17/04/05 20:02:14 INFO BPRRecommender: iter 120 Evaluator value:PRECISION top 10 is -1.0	0.02307692307692308	0.03571428571428571
17/04/05 20:02:14 INFO BPRRecommender: iter 121 Evaluator value:PRECISION top 10 is -1.0	0.02307692307692308	0.03571428571428571
17/04/05 20:02:14 INFO BPRRecommender: iter 122 Evaluator value:PRECISION top 10 is -1.0	0.02307692307692308	0.03571428571428571
17/04/05 20:02:14 INFO BPRRecommender: iter 123 Evaluator value:PRECISION top 10 is -1.0	0.02307692307692308	0.03571428571428571
17/04/05 20:02:14 INFO BPRRecommender: iter 124 Evaluator value:PRECISION top 10 is -1.0	0.02307692307692308	0.03571428571428571
17/04/05 20:02:14 INFO BPRRecommender: iter 125 Evaluator value:PRECISION top 10 is -1.0	0.02307692307692308	0.03571428571428571
17/04/05 20:02:14 INFO BPRRecommender: iter 126 Evaluator value:PRECISION top 10 is -1.0	0.02307692307692308	0.03571428571428571
17/04/05 20:02:14 INFO BPRRecommender: iter 127 Evaluator value:PRECISION top 10 is -1.0	0.02307692307692308	0.03571428571428571
17/04/05 20:02:14 INFO BPRRecommender: iter 128 Evaluator value:PRECISION top 10 is -1.0	0.02307692307692308	0.03571428571428571
17/04/05 20:02:14 INFO BPRRecommender: iter 129 Evaluator value:PRECISION top 10 is -1.0	0.02307692307692308	0.028571428571428574
17/04/05 20:02:14 INFO BPRRecommender: iter 130 Evaluator value:PRECISION top 10 is -1.0	0.02307692307692308	0.03571428571428571
17/04/05 20:02:14 INFO BPRRecommender: iter 131 Evaluator value:PRECISION top 10 is -1.0	0.02307692307692308	0.03571428571428571
17/04/05 20:02:14 INFO BPRRecommender: iter 132 Evaluator value:PRECISION top 10 is -1.0	0.02307692307692308	0.03571428571428571
17/04/05 20:02:14 INFO BPRRecommender: iter 133 Evaluator value:PRECISION top 10 is -1.0	0.02307692307692308	0.03571428571428571
17/04/05 20:02:14 INFO BPRRecommender: iter 134 Evaluator value:PRECISION top 10 is -1.0	0.02307692307692308	0.03571428571428571
17/04/05 20:02:14 INFO BPRRecommender: iter 135 Evaluator value:PRECISION top 10 is -1.0	0.02307692307692308	0.03571428571428571
17/04/05 20:02:14 INFO BPRRecommender: iter 136 Evaluator value:PRECISION top 10 is -1.0	0.02307692307692308	0.03571428571428571
17/04/05 20:02:14 INFO BPRRecommender: iter 137 Evaluator value:PRECISION top 10 is -1.0	0.02307692307692308	0.03571428571428571
17/04/05 20:02:14 INFO BPRRecommender: iter 138 Evaluator value:PRECISION top 10 is -1.0	0.02307692307692308	0.03571428571428571
17/04/05 20:02:14 INFO BPRRecommender: iter 139 Evaluator value:PRECISION top 10 is -1.0	0.02307692307692308	0.03571428571428571
17/04/05 20:02:14 INFO BPRRecommender: iter 140 Evaluator value:PRECISION top 10 is -1.0	0.02307692307692308	0.03571428571428571
17/04/05 20:02:14 INFO BPRRecommender: iter 141 Evaluator value:PRECISION top 10 is -1.0	0.02307692307692308	0.03571428571428571
17/04/05 20:02:14 INFO BPRRecommender: iter 142 Evaluator value:PRECISION top 10 is -1.0	0.02307692307692308	0.03571428571428571
17/04/05 20:02:14 INFO BPRRecommender: iter 143 Evaluator value:PRECISION top 10 is -1.0	0.02307692307692308	0.03571428571428571
17/04/05 20:02:14 INFO BPRRecommender: iter 144 Evaluator value:PRECISION top 10 is -1.0	0.02307692307692308	0.03571428571428571
17/04/05 20:02:14 INFO BPRRecommender: iter 145 Evaluator value:PRECISION top 10 is -1.0	0.02307692307692308	0.03571428571428571
17/04/05 20:02:14 INFO BPRRecommender: iter 146 Evaluator value:PRECISION top 10 is -1.0	0.02307692307692308	0.028571428571428574
17/04/05 20:02:14 INFO BPRRecommender: iter 147 Evaluator value:PRECISION top 10 is -1.0	0.02307692307692308	0.028571428571428574
17/04/05 20:02:14 INFO BPRRecommender: iter 148 Evaluator value:PRECISION top 10 is -1.0	0.02307692307692308	0.028571428571428574
17/04/05 20:02:14 INFO BPRRecommender: iter 149 Evaluator value:PRECISION top 10 is -1.0	0.02307692307692308	0.028571428571428574
17/04/05 20:02:14 INFO BPRRecommender: iter 150 Evaluator value:PRECISION top 10 is -1.0	0.02307692307692308	0.028571428571428574
17/04/05 20:02:14 INFO BPRRecommender: iter 151 Evaluator value:PRECISION top 10 is -1.0	0.02307692307692308	0.028571428571428574
17/04/05 20:02:14 INFO BPRRecommender: iter 152 Evaluator value:PRECISION top 10 is -1.0	0.02307692307692308	0.028571428571428574
17/04/05 20:02:14 INFO BPRRecommender: iter 153 Evaluator value:PRECISION top 10 is -1.0	0.02307692307692308	0.028571428571428574
17/04/05 20:02:14 INFO BPRRecommender: iter 154 Evaluator value:PRECISION top 10 is -1.0	0.02307692307692308	0.028571428571428574
17/04/05 20:02:14 INFO BPRRecommender: iter 155 Evaluator value:PRECISION top 10 is -1.0	0.02307692307692308	0.028571428571428574
17/04/05 20:02:14 INFO BPRRecommender: iter 156 Evaluator value:PRECISION top 10 is -1.0	0.02307692307692308	0.028571428571428574
17/04/05 20:02:14 INFO BPRRecommender: iter 157 Evaluator value:PRECISION top 10 is -1.0	0.02307692307692308	0.028571428571428574
17/04/05 20:02:14 INFO BPRRecommender: iter 158 Evaluator value:PRECISION top 10 is -1.0	0.02307692307692308	0.028571428571428574
17/04/05 20:02:14 INFO BPRRecommender: iter 159 Evaluator value:PRECISION top 10 is -1.0	0.02307692307692308	0.028571428571428574
17/04/05 20:02:14 INFO BPRRecommender: iter 160 Evaluator value:PRECISION top 10 is -1.0	0.02307692307692308	0.028571428571428574
17/04/05 20:02:14 INFO BPRRecommender: iter 161 Evaluator value:PRECISION top 10 is -1.0	0.02307692307692308	0.028571428571428574
17/04/05 20:02:14 INFO BPRRecommender: iter 162 Evaluator value:PRECISION top 10 is -1.0	0.02307692307692308	0.028571428571428574
17/04/05 20:02:14 INFO BPRRecommender: iter 163 Evaluator value:PRECISION top 10 is -1.0	0.02307692307692308	0.028571428571428574
17/04/05 20:02:14 INFO BPRRecommender: iter 164 Evaluator value:PRECISION top 10 is -1.0	0.02307692307692308	0.028571428571428574
17/04/05 20:02:14 INFO BPRRecommender: iter 165 Evaluator value:PRECISION top 10 is -1.0	0.02307692307692308	0.028571428571428574
17/04/05 20:02:14 INFO BPRRecommender: iter 166 Evaluator value:PRECISION top 10 is -1.0	0.02307692307692308	0.028571428571428574
17/04/05 20:02:14 INFO BPRRecommender: iter 167 Evaluator value:PRECISION top 10 is -1.0	0.02307692307692308	0.028571428571428574
17/04/05 20:02:14 INFO BPRRecommender: iter 168 Evaluator value:PRECISION top 10 is -1.0	0.02307692307692308	0.028571428571428574
17/04/05 20:02:14 INFO BPRRecommender: iter 169 Evaluator value:PRECISION top 10 is -1.0	0.02307692307692308	0.028571428571428574
17/04/05 20:02:14 INFO BPRRecommender: iter 170 Evaluator value:PRECISION top 10 is -1.0	0.02307692307692308	0.028571428571428574
17/04/05 20:02:14 INFO BPRRecommender: iter 171 Evaluator value:PRECISION top 10 is -1.0	0.02307692307692308	0.028571428571428574
17/04/05 20:02:14 INFO BPRRecommender: iter 172 Evaluator value:PRECISION top 10 is -1.0	0.02307692307692308	0.028571428571428574
17/04/05 20:02:14 INFO BPRRecommender: iter 173 Evaluator value:PRECISION top 10 is -1.0	0.02307692307692308	0.028571428571428574
17/04/05 20:02:14 INFO BPRRecommender: iter 174 Evaluator value:PRECISION top 10 is -1.0	0.02307692307692308	0.028571428571428574
17/04/05 20:02:14 INFO BPRRecommender: iter 175 Evaluator value:PRECISION top 10 is -1.0	0.02307692307692308	0.028571428571428574
17/04/05 20:02:14 INFO BPRRecommender: iter 176 Evaluator value:PRECISION top 10 is -1.0	0.02307692307692308	0.028571428571428574
17/04/05 20:02:14 INFO BPRRecommender: iter 177 Evaluator value:PRECISION top 10 is -1.0	0.02307692307692308	0.028571428571428574
17/04/05 20:02:14 INFO BPRRecommender: iter 178 Evaluator value:PRECISION top 10 is -1.0	0.02307692307692308	0.028571428571428574
17/04/05 20:02:14 INFO BPRRecommender: iter 179 Evaluator value:PRECISION top 10 is -1.0	0.02307692307692308	0.028571428571428574
17/04/05 20:02:14 INFO BPRRecommender: iter 180 Evaluator value:PRECISION top 10 is -1.0	0.02307692307692308	0.03571428571428571
17/04/05 20:02:14 INFO BPRRecommender: iter 181 Evaluator value:PRECISION top 10 is -1.0	0.02307692307692308	0.03571428571428571
17/04/05 20:02:14 INFO BPRRecommender: iter 182 Evaluator value:PRECISION top 10 is -1.0	0.02307692307692308	0.028571428571428574
17/04/05 20:02:14 INFO BPRRecommender: iter 183 Evaluator value:PRECISION top 10 is -1.0	0.02307692307692308	0.03571428571428571
17/04/05 20:02:14 INFO BPRRecommender: iter 184 Evaluator value:PRECISION top 10 is -1.0	0.02307692307692308	0.028571428571428574
17/04/05 20:02:14 INFO BPRRecommender: iter 185 Evaluator value:PRECISION top 10 is -1.0	0.02307692307692308	0.028571428571428574
17/04/05 20:02:14 INFO BPRRecommender: iter 186 Evaluator value:PRECISION top 10 is -1.0	0.02307692307692308	0.028571428571428574
17/04/05 20:02:14 INFO BPRRecommender: iter 187 Evaluator value:PRECISION top 10 is -1.0	0.02307692307692308	0.028571428571428574
17/04/05 20:02:14 INFO BPRRecommender: iter 188 Evaluator value:PRECISION top 10 is -1.0	0.02307692307692308	0.028571428571428574
17/04/05 20:02:14 INFO BPRRecommender: iter 189 Evaluator value:PRECISION top 10 is -1.0	0.02307692307692308	0.028571428571428574
17/04/05 20:02:14 INFO BPRRecommender: iter 190 Evaluator value:PRECISION top 10 is -1.0	0.02307692307692308	0.028571428571428574
17/04/05 20:02:14 INFO BPRRecommender: iter 191 Evaluator value:PRECISION top 10 is -1.0	0.015384615384615385	0.028571428571428574
17/04/05 20:02:14 INFO BPRRecommender: iter 192 Evaluator value:PRECISION top 10 is -1.0	0.015384615384615385	0.028571428571428574
17/04/05 20:02:14 INFO BPRRecommender: iter 193 Evaluator value:PRECISION top 10 is -1.0	0.015384615384615385	0.028571428571428574
17/04/05 20:02:14 INFO BPRRecommender: iter 194 Evaluator value:PRECISION top 10 is -1.0	0.015384615384615385	0.028571428571428574
17/04/05 20:02:14 INFO BPRRecommender: iter 195 Evaluator value:PRECISION top 10 is -1.0	0.015384615384615385	0.028571428571428574
17/04/05 20:02:14 INFO BPRRecommender: iter 196 Evaluator value:PRECISION top 10 is -1.0	0.015384615384615385	0.028571428571428574
17/04/05 20:02:14 INFO BPRRecommender: iter 197 Evaluator value:PRECISION top 10 is -1.0	0.015384615384615385	0.028571428571428574
17/04/05 20:02:14 INFO BPRRecommender: iter 198 Evaluator value:PRECISION top 10 is -1.0	0.015384615384615385	0.028571428571428574
17/04/05 20:02:14 INFO BPRRecommender: iter 199 Evaluator value:PRECISION top 10 is -1.0	0.015384615384615385	0.028571428571428574
17/04/05 20:02:14 INFO BPRRecommender: iter 200 Evaluator value:PRECISION top 10 is -1.0	0.015384615384615385	0.028571428571428574
17/04/05 20:02:14 INFO BPRRecommender: Job Train completed.
17/04/05 20:02:14 INFO BPRRecommender: Job End.
17/04/05 20:02:14 INFO RecommenderJob: Evaluator info:PrecisionEvaluator is 0.028571428571428574
17/04/05 20:02:14 INFO RecommenderJob: Result path is E:/Users/v-fuz/tools/recommender_system/librec_sourcecode/librec/core/src/main/java/net/librec/run/result/movielens/ml-100k-split-bpr-output/bpr
17/04/05 20:02:14 INFO test_all_ranking_pure: End


17/04/05 20:02:29 INFO test_all_ranking_pure: ********************************************************************************
17/04/05 20:02:29 INFO test_all_ranking_pure: Begin

17/04/05 20:02:29 INFO test_all_ranking_pure: 
rec.iterator.learnrate=0.01
rec.eval.classes=recall
rec.iterator.maximum=200
rec.learningrate.decay=1.0
rec.iterator.learnrate.maximum=0.01
rec.learnRate.decay=1.0
rec.item.regularization=0.01
rec.recommender.ranking.topn=10
rec.recommender.class=bpr
rec.random.seed=1
rec.recommender.isranking=true
rec.learningrate.bolddriver=false
rec.factor.number=10
rec.learnRate.bolddriver=false
rec.eval.enable=true
rec.user.regularization=0.01

17/04/05 20:02:29 INFO TextDataConvertor: Dataset: ...librec/data/movielens/ml-100k-split
17/04/05 20:02:29 INFO TextDataConvertor: All dataset files [E:\Users\v-fuz\tools\recommender_system\librec_sourcecode\librec\data\movielens\ml-100k-split\uniform_negsample.txt]
17/04/05 20:02:29 INFO TextDataConvertor: All dataset files size 30212
17/04/05 20:02:29 INFO TextDataConvertor: Now loading dataset file uniform_negsample
17/04/05 20:02:29 INFO TextDataModel: Transform data to Convertor successfully!
17/04/05 20:02:29 INFO TextDataModel: Split data to train Set and test Set successfully!
17/04/05 20:02:29 INFO TextDataModel: Data size of training is 764
17/04/05 20:02:29 INFO TextDataModel: Data size of testing is 96
17/04/05 20:02:29 INFO BPRRecommender: Job Setup completed.
17/04/05 20:02:29 INFO BPRRecommender: iter 1 Evaluator value:RECALL top 10 is -1.0	0.015384615384615385	0.04062049062049062
17/04/05 20:02:30 INFO BPRRecommender: iter 2 Evaluator value:RECALL top 10 is -1.0	0.015384615384615385	0.04062049062049062
17/04/05 20:02:30 INFO BPRRecommender: iter 3 Evaluator value:RECALL top 10 is -1.0	0.015384615384615385	0.04062049062049062
17/04/05 20:02:30 INFO BPRRecommender: iter 4 Evaluator value:RECALL top 10 is -1.0	0.015384615384615385	0.02077922077922078
17/04/05 20:02:30 INFO BPRRecommender: iter 5 Evaluator value:RECALL top 10 is -1.0	0.02307692307692308	0.02077922077922078
17/04/05 20:02:30 INFO BPRRecommender: iter 6 Evaluator value:RECALL top 10 is -1.0	0.02307692307692308	0.03268398268398268
17/04/05 20:02:30 INFO BPRRecommender: iter 7 Evaluator value:RECALL top 10 is -1.0	0.02307692307692308	0.03268398268398268
17/04/05 20:02:30 INFO BPRRecommender: iter 8 Evaluator value:RECALL top 10 is -1.0	0.02307692307692308	0.03268398268398268
17/04/05 20:02:30 INFO BPRRecommender: iter 9 Evaluator value:RECALL top 10 is -1.0	0.02307692307692308	0.02077922077922078
17/04/05 20:02:30 INFO BPRRecommender: iter 10 Evaluator value:RECALL top 10 is -1.0	0.02307692307692308	0.006493506493506494
17/04/05 20:02:30 INFO BPRRecommender: iter 11 Evaluator value:RECALL top 10 is -1.0	0.02307692307692308	0.006493506493506494
17/04/05 20:02:30 INFO BPRRecommender: iter 12 Evaluator value:RECALL top 10 is -1.0	0.02307692307692308	0.006493506493506494
17/04/05 20:02:30 INFO BPRRecommender: iter 13 Evaluator value:RECALL top 10 is -1.0	0.02307692307692308	0.006493506493506494
17/04/05 20:02:30 INFO BPRRecommender: iter 14 Evaluator value:RECALL top 10 is -1.0	0.02307692307692308	0.01443001443001443
17/04/05 20:02:30 INFO BPRRecommender: iter 15 Evaluator value:RECALL top 10 is -1.0	0.02307692307692308	0.01443001443001443
17/04/05 20:02:30 INFO BPRRecommender: iter 16 Evaluator value:RECALL top 10 is -1.0	0.02307692307692308	0.022366522366522368
17/04/05 20:02:30 INFO BPRRecommender: iter 17 Evaluator value:RECALL top 10 is -1.0	0.02307692307692308	0.022366522366522368
17/04/05 20:02:30 INFO BPRRecommender: iter 18 Evaluator value:RECALL top 10 is -1.0	0.02307692307692308	0.02831890331890332
17/04/05 20:02:30 INFO BPRRecommender: iter 19 Evaluator value:RECALL top 10 is -1.0	0.007692307692307693	0.02831890331890332
17/04/05 20:02:30 INFO BPRRecommender: iter 20 Evaluator value:RECALL top 10 is -1.0	0.007692307692307693	0.02831890331890332
17/04/05 20:02:30 INFO BPRRecommender: iter 21 Evaluator value:RECALL top 10 is -1.0	0.007692307692307693	0.02831890331890332
17/04/05 20:02:30 INFO BPRRecommender: iter 22 Evaluator value:RECALL top 10 is -1.0	0.007692307692307693	0.02831890331890332
17/04/05 20:02:30 INFO BPRRecommender: iter 23 Evaluator value:RECALL top 10 is -1.0	0.007692307692307693	0.02831890331890332
17/04/05 20:02:30 INFO BPRRecommender: iter 24 Evaluator value:RECALL top 10 is -1.0	0.007692307692307693	0.02831890331890332
17/04/05 20:02:30 INFO BPRRecommender: iter 25 Evaluator value:RECALL top 10 is -1.0	0.007692307692307693	0.02831890331890332
17/04/05 20:02:30 INFO BPRRecommender: iter 26 Evaluator value:RECALL top 10 is -1.0	0.007692307692307693	0.02831890331890332
17/04/05 20:02:30 INFO BPRRecommender: iter 27 Evaluator value:RECALL top 10 is -1.0	0.007692307692307693	0.02831890331890332
17/04/05 20:02:30 INFO BPRRecommender: iter 28 Evaluator value:RECALL top 10 is -1.0	0.007692307692307693	0.031066156066156064
17/04/05 20:02:30 INFO BPRRecommender: iter 29 Evaluator value:RECALL top 10 is -1.0	0.007692307692307693	0.031066156066156064
17/04/05 20:02:30 INFO BPRRecommender: iter 30 Evaluator value:RECALL top 10 is -1.0	0.007692307692307693	0.02831890331890332
17/04/05 20:02:30 INFO BPRRecommender: iter 31 Evaluator value:RECALL top 10 is -1.0	0.007692307692307693	0.031066156066156064
17/04/05 20:02:30 INFO BPRRecommender: iter 32 Evaluator value:RECALL top 10 is -1.0	0.007692307692307693	0.02831890331890332
17/04/05 20:02:30 INFO BPRRecommender: iter 33 Evaluator value:RECALL top 10 is -1.0	0.007692307692307693	0.031066156066156064
17/04/05 20:02:30 INFO BPRRecommender: iter 34 Evaluator value:RECALL top 10 is -1.0	0.007692307692307693	0.031066156066156064
17/04/05 20:02:30 INFO BPRRecommender: iter 35 Evaluator value:RECALL top 10 is -1.0	0.007692307692307693	0.031066156066156064
17/04/05 20:02:30 INFO BPRRecommender: iter 36 Evaluator value:RECALL top 10 is -1.0	0.007692307692307693	0.031066156066156064
17/04/05 20:02:30 INFO BPRRecommender: iter 37 Evaluator value:RECALL top 10 is -1.0	0.007692307692307693	0.02831890331890332
17/04/05 20:02:30 INFO BPRRecommender: iter 38 Evaluator value:RECALL top 10 is -1.0	0.007692307692307693	0.031066156066156064
17/04/05 20:02:30 INFO BPRRecommender: iter 39 Evaluator value:RECALL top 10 is -1.0	0.007692307692307693	0.031066156066156064
17/04/05 20:02:30 INFO BPRRecommender: iter 40 Evaluator value:RECALL top 10 is -1.0	0.007692307692307693	0.031066156066156064
17/04/05 20:02:30 INFO BPRRecommender: iter 41 Evaluator value:RECALL top 10 is -1.0	0.007692307692307693	0.031066156066156064
17/04/05 20:02:30 INFO BPRRecommender: iter 42 Evaluator value:RECALL top 10 is -1.0	0.007692307692307693	0.031066156066156064
17/04/05 20:02:30 INFO BPRRecommender: iter 43 Evaluator value:RECALL top 10 is -1.0	0.007692307692307693	0.022366522366522368
17/04/05 20:02:30 INFO BPRRecommender: iter 44 Evaluator value:RECALL top 10 is -1.0	0.007692307692307693	0.025113775113775112
17/04/05 20:02:30 INFO BPRRecommender: iter 45 Evaluator value:RECALL top 10 is -1.0	0.007692307692307693	0.025113775113775112
17/04/05 20:02:30 INFO BPRRecommender: iter 46 Evaluator value:RECALL top 10 is -1.0	0.007692307692307693	0.025113775113775112
17/04/05 20:02:30 INFO BPRRecommender: iter 47 Evaluator value:RECALL top 10 is -1.0	0.007692307692307693	0.025113775113775112
17/04/05 20:02:30 INFO BPRRecommender: iter 48 Evaluator value:RECALL top 10 is -1.0	0.007692307692307693	0.022366522366522368
17/04/05 20:02:30 INFO BPRRecommender: iter 49 Evaluator value:RECALL top 10 is -1.0	0.007692307692307693	0.022366522366522368
17/04/05 20:02:30 INFO BPRRecommender: iter 50 Evaluator value:RECALL top 10 is -1.0	0.007692307692307693	0.022366522366522368
17/04/05 20:02:30 INFO BPRRecommender: iter 51 Evaluator value:RECALL top 10 is -1.0	0.007692307692307693	0.025113775113775112
17/04/05 20:02:30 INFO BPRRecommender: iter 52 Evaluator value:RECALL top 10 is -1.0	0.007692307692307693	0.025113775113775112
17/04/05 20:02:30 INFO BPRRecommender: iter 53 Evaluator value:RECALL top 10 is -1.0	0.007692307692307693	0.025113775113775112
17/04/05 20:02:30 INFO BPRRecommender: iter 54 Evaluator value:RECALL top 10 is -1.0	0.007692307692307693	0.025113775113775112
17/04/05 20:02:30 INFO BPRRecommender: iter 55 Evaluator value:RECALL top 10 is -1.0	0.007692307692307693	0.025113775113775112
17/04/05 20:02:30 INFO BPRRecommender: iter 56 Evaluator value:RECALL top 10 is -1.0	0.007692307692307693	0.025113775113775112
17/04/05 20:02:30 INFO BPRRecommender: iter 57 Evaluator value:RECALL top 10 is -1.0	0.007692307692307693	0.025113775113775112
17/04/05 20:02:30 INFO BPRRecommender: iter 58 Evaluator value:RECALL top 10 is -1.0	0.007692307692307693	0.025113775113775112
17/04/05 20:02:30 INFO BPRRecommender: iter 59 Evaluator value:RECALL top 10 is -1.0	0.007692307692307693	0.025113775113775112
17/04/05 20:02:30 INFO BPRRecommender: iter 60 Evaluator value:RECALL top 10 is -1.0	0.007692307692307693	0.025113775113775112
17/04/05 20:02:30 INFO BPRRecommender: iter 61 Evaluator value:RECALL top 10 is -1.0	0.007692307692307693	0.031066156066156064
17/04/05 20:02:30 INFO BPRRecommender: iter 62 Evaluator value:RECALL top 10 is -1.0	0.02692307692307692	0.031066156066156064
17/04/05 20:02:30 INFO BPRRecommender: iter 63 Evaluator value:RECALL top 10 is -1.0	0.01868131868131868	0.031066156066156064
17/04/05 20:02:30 INFO BPRRecommender: iter 64 Evaluator value:RECALL top 10 is -1.0	0.01868131868131868	0.031066156066156064
17/04/05 20:02:30 INFO BPRRecommender: iter 65 Evaluator value:RECALL top 10 is -1.0	0.01868131868131868	0.031066156066156064
17/04/05 20:02:30 INFO BPRRecommender: iter 66 Evaluator value:RECALL top 10 is -1.0	0.01868131868131868	0.031066156066156064
17/04/05 20:02:30 INFO BPRRecommender: iter 67 Evaluator value:RECALL top 10 is -1.0	0.01868131868131868	0.031066156066156064
17/04/05 20:02:30 INFO BPRRecommender: iter 68 Evaluator value:RECALL top 10 is -1.0	0.01868131868131868	0.031066156066156064
17/04/05 20:02:30 INFO BPRRecommender: iter 69 Evaluator value:RECALL top 10 is -1.0	0.01868131868131868	0.031066156066156064
17/04/05 20:02:30 INFO BPRRecommender: iter 70 Evaluator value:RECALL top 10 is -1.0	0.007692307692307693	0.031066156066156064
17/04/05 20:02:30 INFO BPRRecommender: iter 71 Evaluator value:RECALL top 10 is -1.0	0.007692307692307693	0.031066156066156064
17/04/05 20:02:30 INFO BPRRecommender: iter 72 Evaluator value:RECALL top 10 is -1.0	0.007692307692307693	0.031066156066156064
17/04/05 20:02:30 INFO BPRRecommender: iter 73 Evaluator value:RECALL top 10 is -1.0	0.01868131868131868	0.031066156066156064
17/04/05 20:02:30 INFO BPRRecommender: iter 74 Evaluator value:RECALL top 10 is -1.0	0.01868131868131868	0.031066156066156064
17/04/05 20:02:30 INFO BPRRecommender: iter 75 Evaluator value:RECALL top 10 is -1.0	0.01868131868131868	0.031066156066156064
17/04/05 20:02:30 INFO BPRRecommender: iter 76 Evaluator value:RECALL top 10 is -1.0	0.01868131868131868	0.031066156066156064
17/04/05 20:02:30 INFO BPRRecommender: iter 77 Evaluator value:RECALL top 10 is -1.0	0.007692307692307693	0.031066156066156064
17/04/05 20:02:30 INFO BPRRecommender: iter 78 Evaluator value:RECALL top 10 is -1.0	0.01868131868131868	0.031066156066156064
17/04/05 20:02:30 INFO BPRRecommender: iter 79 Evaluator value:RECALL top 10 is -1.0	0.01868131868131868	0.025113775113775112
17/04/05 20:02:30 INFO BPRRecommender: iter 80 Evaluator value:RECALL top 10 is -1.0	0.01868131868131868	0.025113775113775112
17/04/05 20:02:30 INFO BPRRecommender: iter 81 Evaluator value:RECALL top 10 is -1.0	0.01868131868131868	0.025113775113775112
17/04/05 20:02:30 INFO BPRRecommender: iter 82 Evaluator value:RECALL top 10 is -1.0	0.01868131868131868	0.025113775113775112
17/04/05 20:02:30 INFO BPRRecommender: iter 83 Evaluator value:RECALL top 10 is -1.0	0.01868131868131868	0.03160728160728161
17/04/05 20:02:30 INFO BPRRecommender: iter 84 Evaluator value:RECALL top 10 is -1.0	0.01868131868131868	0.03160728160728161
17/04/05 20:02:30 INFO BPRRecommender: iter 85 Evaluator value:RECALL top 10 is -1.0	0.01868131868131868	0.03160728160728161
17/04/05 20:02:30 INFO BPRRecommender: iter 86 Evaluator value:RECALL top 10 is -1.0	0.01868131868131868	0.03160728160728161
17/04/05 20:02:30 INFO BPRRecommender: iter 87 Evaluator value:RECALL top 10 is -1.0	0.01868131868131868	0.025113775113775112
17/04/05 20:02:30 INFO BPRRecommender: iter 88 Evaluator value:RECALL top 10 is -1.0	0.01868131868131868	0.025113775113775112
17/04/05 20:02:30 INFO BPRRecommender: iter 89 Evaluator value:RECALL top 10 is -1.0	0.01868131868131868	0.025113775113775112
17/04/05 20:02:30 INFO BPRRecommender: iter 90 Evaluator value:RECALL top 10 is -1.0	0.01868131868131868	0.03755966255966255
17/04/05 20:02:30 INFO BPRRecommender: iter 91 Evaluator value:RECALL top 10 is -1.0	0.01868131868131868	0.03160728160728161
17/04/05 20:02:30 INFO BPRRecommender: iter 92 Evaluator value:RECALL top 10 is -1.0	0.01868131868131868	0.025113775113775112
17/04/05 20:02:30 INFO BPRRecommender: iter 93 Evaluator value:RECALL top 10 is -1.0	0.01868131868131868	0.025113775113775112
17/04/05 20:02:30 INFO BPRRecommender: iter 94 Evaluator value:RECALL top 10 is -1.0	0.026373626373626374	0.03160728160728161
17/04/05 20:02:30 INFO BPRRecommender: iter 95 Evaluator value:RECALL top 10 is -1.0	0.026373626373626374	0.03160728160728161
17/04/05 20:02:30 INFO BPRRecommender: iter 96 Evaluator value:RECALL top 10 is -1.0	0.026373626373626374	0.03160728160728161
17/04/05 20:02:30 INFO BPRRecommender: iter 97 Evaluator value:RECALL top 10 is -1.0	0.026373626373626374	0.03160728160728161
17/04/05 20:02:30 INFO BPRRecommender: iter 98 Evaluator value:RECALL top 10 is -1.0	0.026373626373626374	0.03160728160728161
17/04/05 20:02:30 INFO BPRRecommender: iter 99 Evaluator value:RECALL top 10 is -1.0	0.026373626373626374	0.03160728160728161
17/04/05 20:02:30 INFO BPRRecommender: iter 100 Evaluator value:RECALL top 10 is -1.0	0.026373626373626374	0.03160728160728161
17/04/05 20:02:30 INFO BPRRecommender: iter 101 Evaluator value:RECALL top 10 is -1.0	0.026373626373626374	0.03160728160728161
17/04/05 20:02:30 INFO BPRRecommender: iter 102 Evaluator value:RECALL top 10 is -1.0	0.026373626373626374	0.03160728160728161
17/04/05 20:02:30 INFO BPRRecommender: iter 103 Evaluator value:RECALL top 10 is -1.0	0.026373626373626374	0.03160728160728161
17/04/05 20:02:30 INFO BPRRecommender: iter 104 Evaluator value:RECALL top 10 is -1.0	0.026373626373626374	0.03160728160728161
17/04/05 20:02:30 INFO BPRRecommender: iter 105 Evaluator value:RECALL top 10 is -1.0	0.026373626373626374	0.03160728160728161
17/04/05 20:02:30 INFO BPRRecommender: iter 106 Evaluator value:RECALL top 10 is -1.0	0.026373626373626374	0.03160728160728161
17/04/05 20:02:30 INFO BPRRecommender: iter 107 Evaluator value:RECALL top 10 is -1.0	0.026373626373626374	0.03160728160728161
17/04/05 20:02:30 INFO BPRRecommender: iter 108 Evaluator value:RECALL top 10 is -1.0	0.026373626373626374	0.03160728160728161
17/04/05 20:02:30 INFO BPRRecommender: iter 109 Evaluator value:RECALL top 10 is -1.0	0.026373626373626374	0.03160728160728161
17/04/05 20:02:30 INFO BPRRecommender: iter 110 Evaluator value:RECALL top 10 is -1.0	0.026373626373626374	0.03160728160728161
17/04/05 20:02:30 INFO BPRRecommender: iter 111 Evaluator value:RECALL top 10 is -1.0	0.026373626373626374	0.03160728160728161
17/04/05 20:02:30 INFO BPRRecommender: iter 112 Evaluator value:RECALL top 10 is -1.0	0.026373626373626374	0.03160728160728161
17/04/05 20:02:30 INFO BPRRecommender: iter 113 Evaluator value:RECALL top 10 is -1.0	0.026373626373626374	0.03160728160728161
17/04/05 20:02:30 INFO BPRRecommender: iter 114 Evaluator value:RECALL top 10 is -1.0	0.026373626373626374	0.03160728160728161
17/04/05 20:02:30 INFO BPRRecommender: iter 115 Evaluator value:RECALL top 10 is -1.0	0.026373626373626374	0.03160728160728161
17/04/05 20:02:30 INFO BPRRecommender: iter 116 Evaluator value:RECALL top 10 is -1.0	0.026373626373626374	0.03160728160728161
17/04/05 20:02:30 INFO BPRRecommender: iter 117 Evaluator value:RECALL top 10 is -1.0	0.026373626373626374	0.03160728160728161
17/04/05 20:02:30 INFO BPRRecommender: iter 118 Evaluator value:RECALL top 10 is -1.0	0.026373626373626374	0.03160728160728161
17/04/05 20:02:30 INFO BPRRecommender: iter 119 Evaluator value:RECALL top 10 is -1.0	0.026373626373626374	0.03160728160728161
17/04/05 20:02:30 INFO BPRRecommender: iter 120 Evaluator value:RECALL top 10 is -1.0	0.026373626373626374	0.03160728160728161
17/04/05 20:02:30 INFO BPRRecommender: iter 121 Evaluator value:RECALL top 10 is -1.0	0.026373626373626374	0.03160728160728161
17/04/05 20:02:30 INFO BPRRecommender: iter 122 Evaluator value:RECALL top 10 is -1.0	0.026373626373626374	0.03160728160728161
17/04/05 20:02:30 INFO BPRRecommender: iter 123 Evaluator value:RECALL top 10 is -1.0	0.026373626373626374	0.03160728160728161
17/04/05 20:02:30 INFO BPRRecommender: iter 124 Evaluator value:RECALL top 10 is -1.0	0.026373626373626374	0.03160728160728161
17/04/05 20:02:30 INFO BPRRecommender: iter 125 Evaluator value:RECALL top 10 is -1.0	0.026373626373626374	0.03160728160728161
17/04/05 20:02:30 INFO BPRRecommender: iter 126 Evaluator value:RECALL top 10 is -1.0	0.026373626373626374	0.03160728160728161
17/04/05 20:02:30 INFO BPRRecommender: iter 127 Evaluator value:RECALL top 10 is -1.0	0.026373626373626374	0.03160728160728161
17/04/05 20:02:30 INFO BPRRecommender: iter 128 Evaluator value:RECALL top 10 is -1.0	0.026373626373626374	0.03160728160728161
17/04/05 20:02:30 INFO BPRRecommender: iter 129 Evaluator value:RECALL top 10 is -1.0	0.026373626373626374	0.02886002886002886
17/04/05 20:02:30 INFO BPRRecommender: iter 130 Evaluator value:RECALL top 10 is -1.0	0.026373626373626374	0.03160728160728161
17/04/05 20:02:30 INFO BPRRecommender: iter 131 Evaluator value:RECALL top 10 is -1.0	0.026373626373626374	0.03160728160728161
17/04/05 20:02:30 INFO BPRRecommender: iter 132 Evaluator value:RECALL top 10 is -1.0	0.026373626373626374	0.03160728160728161
17/04/05 20:02:30 INFO BPRRecommender: iter 133 Evaluator value:RECALL top 10 is -1.0	0.026373626373626374	0.03160728160728161
17/04/05 20:02:30 INFO BPRRecommender: iter 134 Evaluator value:RECALL top 10 is -1.0	0.026373626373626374	0.03160728160728161
17/04/05 20:02:30 INFO BPRRecommender: iter 135 Evaluator value:RECALL top 10 is -1.0	0.026373626373626374	0.03160728160728161
17/04/05 20:02:30 INFO BPRRecommender: iter 136 Evaluator value:RECALL top 10 is -1.0	0.026373626373626374	0.03160728160728161
17/04/05 20:02:30 INFO BPRRecommender: iter 137 Evaluator value:RECALL top 10 is -1.0	0.026373626373626374	0.03160728160728161
17/04/05 20:02:30 INFO BPRRecommender: iter 138 Evaluator value:RECALL top 10 is -1.0	0.026373626373626374	0.03160728160728161
17/04/05 20:02:31 INFO BPRRecommender: iter 139 Evaluator value:RECALL top 10 is -1.0	0.026373626373626374	0.03160728160728161
17/04/05 20:02:31 INFO BPRRecommender: iter 140 Evaluator value:RECALL top 10 is -1.0	0.026373626373626374	0.03160728160728161
17/04/05 20:02:31 INFO BPRRecommender: iter 141 Evaluator value:RECALL top 10 is -1.0	0.026373626373626374	0.03160728160728161
17/04/05 20:02:31 INFO BPRRecommender: iter 142 Evaluator value:RECALL top 10 is -1.0	0.026373626373626374	0.03160728160728161
17/04/05 20:02:31 INFO BPRRecommender: iter 143 Evaluator value:RECALL top 10 is -1.0	0.026373626373626374	0.03160728160728161
17/04/05 20:02:31 INFO BPRRecommender: iter 144 Evaluator value:RECALL top 10 is -1.0	0.026373626373626374	0.03160728160728161
17/04/05 20:02:31 INFO BPRRecommender: iter 145 Evaluator value:RECALL top 10 is -1.0	0.026373626373626374	0.03160728160728161
17/04/05 20:02:31 INFO BPRRecommender: iter 146 Evaluator value:RECALL top 10 is -1.0	0.026373626373626374	0.02886002886002886
17/04/05 20:02:31 INFO BPRRecommender: iter 147 Evaluator value:RECALL top 10 is -1.0	0.026373626373626374	0.02886002886002886
17/04/05 20:02:31 INFO BPRRecommender: iter 148 Evaluator value:RECALL top 10 is -1.0	0.026373626373626374	0.02886002886002886
17/04/05 20:02:31 INFO BPRRecommender: iter 149 Evaluator value:RECALL top 10 is -1.0	0.026373626373626374	0.02886002886002886
17/04/05 20:02:31 INFO BPRRecommender: iter 150 Evaluator value:RECALL top 10 is -1.0	0.026373626373626374	0.02886002886002886
17/04/05 20:02:31 INFO BPRRecommender: iter 151 Evaluator value:RECALL top 10 is -1.0	0.026373626373626374	0.02886002886002886
17/04/05 20:02:31 INFO BPRRecommender: iter 152 Evaluator value:RECALL top 10 is -1.0	0.026373626373626374	0.02886002886002886
17/04/05 20:02:31 INFO BPRRecommender: iter 153 Evaluator value:RECALL top 10 is -1.0	0.026373626373626374	0.02886002886002886
17/04/05 20:02:31 INFO BPRRecommender: iter 154 Evaluator value:RECALL top 10 is -1.0	0.026373626373626374	0.02886002886002886
17/04/05 20:02:31 INFO BPRRecommender: iter 155 Evaluator value:RECALL top 10 is -1.0	0.026373626373626374	0.02886002886002886
17/04/05 20:02:31 INFO BPRRecommender: iter 156 Evaluator value:RECALL top 10 is -1.0	0.026373626373626374	0.02886002886002886
17/04/05 20:02:31 INFO BPRRecommender: iter 157 Evaluator value:RECALL top 10 is -1.0	0.026373626373626374	0.02886002886002886
17/04/05 20:02:31 INFO BPRRecommender: iter 158 Evaluator value:RECALL top 10 is -1.0	0.026373626373626374	0.02886002886002886
17/04/05 20:02:31 INFO BPRRecommender: iter 159 Evaluator value:RECALL top 10 is -1.0	0.026373626373626374	0.02886002886002886
17/04/05 20:02:31 INFO BPRRecommender: iter 160 Evaluator value:RECALL top 10 is -1.0	0.026373626373626374	0.02886002886002886
17/04/05 20:02:31 INFO BPRRecommender: iter 161 Evaluator value:RECALL top 10 is -1.0	0.026373626373626374	0.02886002886002886
17/04/05 20:02:31 INFO BPRRecommender: iter 162 Evaluator value:RECALL top 10 is -1.0	0.026373626373626374	0.02886002886002886
17/04/05 20:02:31 INFO BPRRecommender: iter 163 Evaluator value:RECALL top 10 is -1.0	0.026373626373626374	0.02886002886002886
17/04/05 20:02:31 INFO BPRRecommender: iter 164 Evaluator value:RECALL top 10 is -1.0	0.026373626373626374	0.02886002886002886
17/04/05 20:02:31 INFO BPRRecommender: iter 165 Evaluator value:RECALL top 10 is -1.0	0.026373626373626374	0.02886002886002886
17/04/05 20:02:31 INFO BPRRecommender: iter 166 Evaluator value:RECALL top 10 is -1.0	0.026373626373626374	0.02886002886002886
17/04/05 20:02:31 INFO BPRRecommender: iter 167 Evaluator value:RECALL top 10 is -1.0	0.026373626373626374	0.02886002886002886
17/04/05 20:02:31 INFO BPRRecommender: iter 168 Evaluator value:RECALL top 10 is -1.0	0.026373626373626374	0.02886002886002886
17/04/05 20:02:31 INFO BPRRecommender: iter 169 Evaluator value:RECALL top 10 is -1.0	0.026373626373626374	0.02886002886002886
17/04/05 20:02:31 INFO BPRRecommender: iter 170 Evaluator value:RECALL top 10 is -1.0	0.026373626373626374	0.02886002886002886
17/04/05 20:02:31 INFO BPRRecommender: iter 171 Evaluator value:RECALL top 10 is -1.0	0.026373626373626374	0.02886002886002886
17/04/05 20:02:31 INFO BPRRecommender: iter 172 Evaluator value:RECALL top 10 is -1.0	0.026373626373626374	0.02886002886002886
17/04/05 20:02:31 INFO BPRRecommender: iter 173 Evaluator value:RECALL top 10 is -1.0	0.026373626373626374	0.02886002886002886
17/04/05 20:02:31 INFO BPRRecommender: iter 174 Evaluator value:RECALL top 10 is -1.0	0.026373626373626374	0.02886002886002886
17/04/05 20:02:31 INFO BPRRecommender: iter 175 Evaluator value:RECALL top 10 is -1.0	0.026373626373626374	0.02886002886002886
17/04/05 20:02:31 INFO BPRRecommender: iter 176 Evaluator value:RECALL top 10 is -1.0	0.026373626373626374	0.02886002886002886
17/04/05 20:02:31 INFO BPRRecommender: iter 177 Evaluator value:RECALL top 10 is -1.0	0.026373626373626374	0.02886002886002886
17/04/05 20:02:31 INFO BPRRecommender: iter 178 Evaluator value:RECALL top 10 is -1.0	0.026373626373626374	0.02886002886002886
17/04/05 20:02:31 INFO BPRRecommender: iter 179 Evaluator value:RECALL top 10 is -1.0	0.026373626373626374	0.02886002886002886
17/04/05 20:02:31 INFO BPRRecommender: iter 180 Evaluator value:RECALL top 10 is -1.0	0.026373626373626374	0.03481240981240981
17/04/05 20:02:31 INFO BPRRecommender: iter 181 Evaluator value:RECALL top 10 is -1.0	0.026373626373626374	0.03481240981240981
17/04/05 20:02:31 INFO BPRRecommender: iter 182 Evaluator value:RECALL top 10 is -1.0	0.026373626373626374	0.02886002886002886
17/04/05 20:02:31 INFO BPRRecommender: iter 183 Evaluator value:RECALL top 10 is -1.0	0.026373626373626374	0.03481240981240981
17/04/05 20:02:31 INFO BPRRecommender: iter 184 Evaluator value:RECALL top 10 is -1.0	0.026373626373626374	0.02886002886002886
17/04/05 20:02:31 INFO BPRRecommender: iter 185 Evaluator value:RECALL top 10 is -1.0	0.026373626373626374	0.02886002886002886
17/04/05 20:02:31 INFO BPRRecommender: iter 186 Evaluator value:RECALL top 10 is -1.0	0.026373626373626374	0.02886002886002886
17/04/05 20:02:31 INFO BPRRecommender: iter 187 Evaluator value:RECALL top 10 is -1.0	0.026373626373626374	0.02886002886002886
17/04/05 20:02:31 INFO BPRRecommender: iter 188 Evaluator value:RECALL top 10 is -1.0	0.026373626373626374	0.02886002886002886
17/04/05 20:02:31 INFO BPRRecommender: iter 189 Evaluator value:RECALL top 10 is -1.0	0.026373626373626374	0.02886002886002886
17/04/05 20:02:31 INFO BPRRecommender: iter 190 Evaluator value:RECALL top 10 is -1.0	0.026373626373626374	0.02886002886002886
17/04/05 20:02:31 INFO BPRRecommender: iter 191 Evaluator value:RECALL top 10 is -1.0	0.01868131868131868	0.02886002886002886
17/04/05 20:02:31 INFO BPRRecommender: iter 192 Evaluator value:RECALL top 10 is -1.0	0.01868131868131868	0.02886002886002886
17/04/05 20:02:31 INFO BPRRecommender: iter 193 Evaluator value:RECALL top 10 is -1.0	0.01868131868131868	0.02886002886002886
17/04/05 20:02:31 INFO BPRRecommender: iter 194 Evaluator value:RECALL top 10 is -1.0	0.01868131868131868	0.02886002886002886
17/04/05 20:02:31 INFO BPRRecommender: iter 195 Evaluator value:RECALL top 10 is -1.0	0.01868131868131868	0.02886002886002886
17/04/05 20:02:31 INFO BPRRecommender: iter 196 Evaluator value:RECALL top 10 is -1.0	0.01868131868131868	0.02886002886002886
17/04/05 20:02:31 INFO BPRRecommender: iter 197 Evaluator value:RECALL top 10 is -1.0	0.01868131868131868	0.02886002886002886
17/04/05 20:02:31 INFO BPRRecommender: iter 198 Evaluator value:RECALL top 10 is -1.0	0.01868131868131868	0.02886002886002886
17/04/05 20:02:31 INFO BPRRecommender: iter 199 Evaluator value:RECALL top 10 is -1.0	0.01868131868131868	0.02886002886002886
17/04/05 20:02:31 INFO BPRRecommender: iter 200 Evaluator value:RECALL top 10 is -1.0	0.01868131868131868	0.02886002886002886
17/04/05 20:02:31 INFO BPRRecommender: Job Train completed.
17/04/05 20:02:31 INFO BPRRecommender: Job End.
17/04/05 20:02:31 INFO RecommenderJob: Evaluator info:RecallEvaluator is 0.02886002886002886
17/04/05 20:02:31 INFO RecommenderJob: Result path is E:/Users/v-fuz/tools/recommender_system/librec_sourcecode/librec/core/src/main/java/net/librec/run/result/movielens/ml-100k-split-bpr-output/bpr
17/04/05 20:02:31 INFO test_all_ranking_pure: End


