17/03/24 23:35:30 INFO test_all_ranking_pure: ********************************************************************************
17/03/24 23:35:30 INFO test_all_ranking_pure: Begin

17/03/24 23:35:30 INFO test_all_ranking_pure: rec.iterator.learnrate=0.01
rec.eval.classes=auc
rec.learnrate.decay=1.0
rec.bias.regularization=0.1
rec.iterator.maximum=100
rec.iterator.learnrate.maximum=0.01
rec.item.regularization=0.1
rec.recommender.ranking.topn=10
rec.recommender.class=wbpr
rec.random.seed=1
rec.recommender.isranking=true
rec.learnrate.bolddriver=false
rec.factor.number=10
rec.learnRate.bolddriver=false
rec.eval.enable=true
rec.user.regularization=0.1

17/03/24 23:35:31 INFO TextDataConvertor: Dataset: ...librec/data/movielens/ml-100k-split
17/03/24 23:35:31 INFO TextDataConvertor: All dataset files [E:\Users\v-fuz\tools\recommender_system\librec_sourcecode\librec\data\movielens\ml-100k-split\backup\movielens100k_librec.txt, E:\Users\v-fuz\tools\recommender_system\librec_sourcecode\librec\data\movielens\ml-100k-split\uniform_negsample.txt]
17/03/24 23:35:31 INFO TextDataConvertor: All dataset files size 9182055
17/03/24 23:35:31 INFO TextDataConvertor: Now loading dataset file movielens100k_librec
17/03/24 23:35:32 INFO TextDataConvertor: Now loading dataset file uniform_negsample
17/03/24 23:35:34 INFO TextDataModel: Transform data to Convertor successfully!
17/03/24 23:35:34 INFO TextDataModel: Split data to train Set and test Set successfully!
17/03/24 23:35:34 INFO TextDataModel: Data size of training is 79130
17/03/24 23:35:34 INFO TextDataModel: Data size of testing is 9888
17/03/24 23:35:35 INFO WBPRRecommender: Job Setup completed.
17/03/24 23:36:00 INFO WBPRRecommender: iter 1 Evaluator value:AUC top 10 is -1.0	0.7221944436499153	0.7130722119773863
17/03/24 23:36:19 INFO WBPRRecommender: iter 2 Evaluator value:AUC top 10 is -1.0	0.7252357803718877	0.714603221314895
17/03/24 23:36:38 INFO WBPRRecommender: iter 3 Evaluator value:AUC top 10 is -1.0	0.7275308723284473	0.7161261708125799
17/03/24 23:36:55 INFO WBPRRecommender: iter 4 Evaluator value:AUC top 10 is -1.0	0.7275372665801361	0.7153658642602719
17/03/24 23:37:13 INFO WBPRRecommender: iter 5 Evaluator value:AUC top 10 is -1.0	0.7252381238175745	0.713841095836983
17/03/24 23:37:31 INFO WBPRRecommender: iter 6 Evaluator value:AUC top 10 is -1.0	0.7191308632241922	0.7130681082212998
17/03/24 23:37:51 INFO WBPRRecommender: iter 7 Evaluator value:AUC top 10 is -1.0	0.6977842744698978	0.7046685944126224
17/03/24 23:38:11 INFO WBPRRecommender: iter 8 Evaluator value:AUC top 10 is -1.0	0.6741217438206435	0.684044953028392
17/03/24 23:38:32 INFO WBPRRecommender: iter 9 Evaluator value:AUC top 10 is -1.0	0.6596552920655797	0.6680355045798806
17/03/24 23:38:52 INFO WBPRRecommender: iter 10 Evaluator value:AUC top 10 is -1.0	0.6633954482974321	0.6642088732088508
17/03/24 23:39:13 INFO WBPRRecommender: iter 11 Evaluator value:AUC top 10 is -1.0	0.6596335741459184	0.6657970570058562
17/03/24 23:39:32 INFO WBPRRecommender: iter 12 Evaluator value:AUC top 10 is -1.0	0.6321509044671184	0.6269110579697502
17/03/24 23:39:52 INFO WBPRRecommender: iter 13 Evaluator value:AUC top 10 is -1.0	0.6337131654765957	0.6078555970766608
17/03/24 23:40:11 INFO WBPRRecommender: iter 14 Evaluator value:AUC top 10 is -1.0	0.6246032550721837	0.6139717378363617
17/03/24 23:40:30 INFO WBPRRecommender: iter 15 Evaluator value:AUC top 10 is -1.0	0.629893217614728	0.6132185902926555
17/03/24 23:40:49 INFO WBPRRecommender: iter 16 Evaluator value:AUC top 10 is -1.0	0.621518032888937	0.6140213333164041
17/03/24 23:41:09 INFO WBPRRecommender: iter 17 Evaluator value:AUC top 10 is -1.0	0.6124216055287426	0.6040803539102858
17/03/24 23:41:27 INFO WBPRRecommender: iter 18 Evaluator value:AUC top 10 is -1.0	0.6109015714115943	0.6086370486857816
17/03/24 23:41:48 INFO WBPRRecommender: iter 19 Evaluator value:AUC top 10 is -1.0	0.5949431942239797	0.6078749416197268
17/03/24 23:42:06 INFO WBPRRecommender: iter 20 Evaluator value:AUC top 10 is -1.0	0.5987234695376196	0.5972308351158753
17/03/24 23:42:25 INFO WBPRRecommender: iter 21 Evaluator value:AUC top 10 is -1.0	0.5949302066565072	0.6033484369272473
17/03/24 23:42:49 INFO WBPRRecommender: iter 22 Evaluator value:AUC top 10 is -1.0	0.5926048761422326	0.6048267433500476
17/03/24 23:43:11 INFO WBPRRecommender: iter 23 Evaluator value:AUC top 10 is -1.0	0.5880393834274378	0.5919165970337072
17/03/24 23:43:33 INFO WBPRRecommender: iter 24 Evaluator value:AUC top 10 is -1.0	0.6001193400165921	0.5918206253653753
17/03/24 23:43:54 INFO WBPRRecommender: iter 25 Evaluator value:AUC top 10 is -1.0	0.595604403709569	0.5864398868790928
17/03/24 23:44:16 INFO WBPRRecommender: iter 26 Evaluator value:AUC top 10 is -1.0	0.5857277976379824	0.58416707064739
