17/03/26 23:13:58 INFO test_all_ranking_pure: ********************************************************************************
17/03/26 23:13:58 INFO test_all_ranking_pure: Begin

17/03/26 23:13:58 INFO test_all_ranking_pure: 
rec.iterator.learnrate=0.001
rec.eval.classes=auc
rec.iterator.maximum=200
rec.iterator.learnrate.maximum=0.01
rec.learnRate.decay=1.0
rec.item.regularization=0.1
rec.recommender.ranking.topn=10
rec.random.seed=1
rec.recommender.isranking=true
rec.recommender.class=bpr
rec.factor.number=10
rec.learnRate.bolddriver=true
rec.eval.enable=true
rec.user.regularization=0.1

17/03/26 23:13:59 INFO TextDataConvertor: Dataset: ...librec/data/movielens/ml-100k-split
17/03/26 23:13:59 INFO TextDataConvertor: All dataset files [E:\Users\v-fuz\tools\recommender_system\librec_sourcecode\librec\data\movielens\ml-100k-split\uniform_negsample.txt]
17/03/26 23:13:59 INFO TextDataConvertor: All dataset files size 6153533
17/03/26 23:13:59 INFO TextDataConvertor: Now loading dataset file uniform_negsample
17/03/26 23:14:01 INFO TextDataModel: Transform data to Convertor successfully!
17/03/26 23:14:01 INFO TextDataModel: Split data to train Set and test Set successfully!
17/03/26 23:14:01 INFO TextDataModel: Data size of training is 80003
17/03/26 23:14:01 INFO TextDataModel: Data size of testing is 10001
17/03/26 23:14:01 INFO BPRRecommender: Job Setup completed.
17/03/26 23:14:02 INFO BPRRecommender: iter 1 Evaluator value:AUC top 10 is -1.0	0.5066590319253088	0.504464922134626
17/03/26 23:14:03 INFO BPRRecommender: iter 2 Evaluator value:AUC top 10 is -1.0	0.5066590319253088	0.504464922134626
17/03/26 23:14:04 INFO BPRRecommender: iter 3 Evaluator value:AUC top 10 is -1.0	0.5066590319253088	0.504464922134626
17/03/26 23:14:05 INFO BPRRecommender: iter 4 Evaluator value:AUC top 10 is -1.0	0.5066590319253088	0.504464922134626
17/03/26 23:14:06 INFO BPRRecommender: iter 5 Evaluator value:AUC top 10 is -1.0	0.5059309403384696	0.5044647498323542
17/03/26 23:14:07 INFO BPRRecommender: iter 6 Evaluator value:AUC top 10 is -1.0	0.5059309403384696	0.5044645775300821
17/03/26 23:14:08 INFO BPRRecommender: iter 7 Evaluator value:AUC top 10 is -1.0	0.5059307684767674	0.5037165272164404
17/03/26 23:14:09 INFO BPRRecommender: iter 8 Evaluator value:AUC top 10 is -1.0	0.5066586719986027	0.5037165272164404
17/03/26 23:14:10 INFO BPRRecommender: iter 9 Evaluator value:AUC top 10 is -1.0	0.5066586719986027	0.5029735370071523
17/03/26 23:14:11 INFO BPRRecommender: iter 10 Evaluator value:AUC top 10 is -1.0	0.5066586719986027	0.5029735370071523
17/03/26 23:14:11 INFO BPRRecommender: iter 11 Evaluator value:AUC top 10 is -1.0	0.5059506009675395	0.5029735370071523
17/03/26 23:14:12 INFO BPRRecommender: iter 12 Evaluator value:AUC top 10 is -1.0	0.505950246457702	0.5029735370071523
17/03/26 23:14:13 INFO BPRRecommender: iter 13 Evaluator value:AUC top 10 is -1.0	0.5059500791030963	0.5022419497025198
17/03/26 23:14:14 INFO BPRRecommender: iter 14 Evaluator value:AUC top 10 is -1.0	0.5059500791030963	0.5022419497025198
17/03/26 23:14:15 INFO BPRRecommender: iter 15 Evaluator value:AUC top 10 is -1.0	0.5059500791030963	0.5022419497025198
17/03/26 23:14:16 INFO BPRRecommender: iter 16 Evaluator value:AUC top 10 is -1.0	0.5059500791030963	0.5022419497025198
17/03/26 23:14:17 INFO BPRRecommender: iter 17 Evaluator value:AUC top 10 is -1.0	0.5059500791030963	0.5022419497025198
17/03/26 23:14:18 INFO BPRRecommender: iter 18 Evaluator value:AUC top 10 is -1.0	0.5059500791030963	0.5022419497025198
17/03/26 23:14:19 INFO BPRRecommender: iter 19 Evaluator value:AUC top 10 is -1.0	0.5059502671210859	0.5022419497025198
17/03/26 23:14:19 INFO BPRRecommender: iter 20 Evaluator value:AUC top 10 is -1.0	0.5059502671210859	0.5022419497025198
17/03/26 23:14:20 INFO BPRRecommender: iter 21 Evaluator value:AUC top 10 is -1.0	0.5059500997664802	0.5022419497025198
17/03/26 23:14:21 INFO BPRRecommender: iter 22 Evaluator value:AUC top 10 is -1.0	0.5059504546474334	0.5022419497025198
17/03/26 23:14:22 INFO BPRRecommender: iter 23 Evaluator value:AUC top 10 is -1.0	0.5059502872928276	0.5022419497025198
17/03/26 23:14:22 INFO BPRRecommender: iter 24 Evaluator value:AUC top 10 is -1.0	0.5059521731676863	0.5022419497025198
17/03/26 23:14:23 INFO BPRRecommender: iter 25 Evaluator value:AUC top 10 is -1.0	0.506701128074163	0.5022419497025198
17/03/26 23:14:24 INFO BPRRecommender: iter 26 Evaluator value:AUC top 10 is -1.0	0.506701128074163	0.5014928269039135
17/03/26 23:14:24 INFO BPRRecommender: iter 27 Evaluator value:AUC top 10 is -1.0	0.505952172833608	0.5022419497025198
17/03/26 23:14:25 INFO BPRRecommender: iter 28 Evaluator value:AUC top 10 is -1.0	0.5052025078775286	0.5022419497025198
