17/03/26 23:20:24 INFO test_all_ranking_pure: ********************************************************************************
17/03/26 23:20:24 INFO test_all_ranking_pure: Begin

17/03/26 23:20:24 INFO test_all_ranking_pure: 
rec.iterator.learnrate=0.01
rec.eval.classes=auc
rec.iterator.maximum=200
rec.iterator.learnrate.maximum=0.01
rec.learnRate.decay=1.0
rec.item.regularization=0.01
rec.recommender.ranking.topn=10
rec.random.seed=1
rec.recommender.isranking=true
rec.recommender.class=bpr
rec.factor.number=10
rec.learnRate.bolddriver=false
rec.eval.enable=true
rec.user.regularization=0.01

17/03/26 23:20:24 INFO TextDataConvertor: Dataset: ...librec/data/movielens/ml-100k-split
17/03/26 23:20:24 INFO TextDataConvertor: All dataset files [E:\Users\v-fuz\tools\recommender_system\librec_sourcecode\librec\data\movielens\ml-100k-split\uniform_negsample.txt]
17/03/26 23:20:24 INFO TextDataConvertor: All dataset files size 6153533
17/03/26 23:20:24 INFO TextDataConvertor: Now loading dataset file uniform_negsample
17/03/26 23:20:26 INFO TextDataModel: Transform data to Convertor successfully!
17/03/26 23:20:27 INFO TextDataModel: Split data to train Set and test Set successfully!
17/03/26 23:20:27 INFO TextDataModel: Data size of training is 80003
17/03/26 23:20:27 INFO TextDataModel: Data size of testing is 10001
17/03/26 23:20:27 INFO BPRRecommender: Job Setup completed.
17/03/26 23:20:28 INFO BPRRecommender: iter 1 Evaluator value:AUC top 10 is -1.0	0.5059485161244669	0.5037214160927259
17/03/26 23:20:29 INFO BPRRecommender: iter 2 Evaluator value:AUC top 10 is -1.0	0.5074403157301559	0.5037230538663542
17/03/26 23:20:29 INFO BPRRecommender: iter 3 Evaluator value:AUC top 10 is -1.0	0.5104622611888242	0.510434853088517
17/03/26 23:20:30 INFO BPRRecommender: iter 4 Evaluator value:AUC top 10 is -1.0	0.5178703284713209	0.5157319995881751
17/03/26 23:20:31 INFO BPRRecommender: iter 5 Evaluator value:AUC top 10 is -1.0	0.5456280531621222	0.5495920433976444
17/03/26 23:20:31 INFO BPRRecommender: iter 6 Evaluator value:AUC top 10 is -1.0	0.608633352959451	0.6105036492878357
17/03/26 23:20:32 INFO BPRRecommender: iter 7 Evaluator value:AUC top 10 is -1.0	0.6573568084865524	0.66601736564376
17/03/26 23:20:33 INFO BPRRecommender: iter 8 Evaluator value:AUC top 10 is -1.0	0.697680887869911	0.6990194297208548
17/03/26 23:20:34 INFO BPRRecommender: iter 9 Evaluator value:AUC top 10 is -1.0	0.7178470679040355	0.7184682068918878
17/03/26 23:20:35 INFO BPRRecommender: iter 10 Evaluator value:AUC top 10 is -1.0	0.7230839640606124	0.7222323662149084
17/03/26 23:20:35 INFO BPRRecommender: iter 11 Evaluator value:AUC top 10 is -1.0	0.7275767606643989	0.7297473467662362
17/03/26 23:20:35 INFO BPRRecommender: iter 12 Evaluator value:AUC top 10 is -1.0	0.7343484987266378	0.7365285416369732
17/03/26 23:20:36 INFO BPRRecommender: iter 13 Evaluator value:AUC top 10 is -1.0	0.7433516341950558	0.7463102163229434
17/03/26 23:20:37 INFO BPRRecommender: iter 14 Evaluator value:AUC top 10 is -1.0	0.7456007994139395	0.7500628085941897
17/03/26 23:20:38 INFO BPRRecommender: iter 15 Evaluator value:AUC top 10 is -1.0	0.7500819804417836	0.7553332277798526
17/03/26 23:20:39 INFO BPRRecommender: iter 16 Evaluator value:AUC top 10 is -1.0	0.755323912184659	0.7606044370532233
17/03/26 23:20:41 INFO BPRRecommender: iter 17 Evaluator value:AUC top 10 is -1.0	0.7560719661545762	0.7568364800830556
17/03/26 23:20:41 INFO BPRRecommender: iter 18 Evaluator value:AUC top 10 is -1.0	0.7598524190038443	0.7560978496239525
17/03/26 23:20:42 INFO BPRRecommender: iter 19 Evaluator value:AUC top 10 is -1.0	0.7613201003830167	0.7621264349376533
17/03/26 23:20:43 INFO BPRRecommender: iter 20 Evaluator value:AUC top 10 is -1.0	0.763571677246851	0.7636371064502672
17/03/26 23:20:44 INFO BPRRecommender: iter 21 Evaluator value:AUC top 10 is -1.0	0.7673278848817566	0.7643932291579748
17/03/26 23:20:44 INFO BPRRecommender: iter 22 Evaluator value:AUC top 10 is -1.0	0.7673408394939065	0.7651505271272276
17/03/26 23:20:45 INFO BPRRecommender: iter 23 Evaluator value:AUC top 10 is -1.0	0.7688331080253392	0.7666486769103401
17/03/26 23:20:46 INFO BPRRecommender: iter 24 Evaluator value:AUC top 10 is -1.0	0.7718460085533924	0.7666545264035739
17/03/26 23:20:47 INFO BPRRecommender: iter 25 Evaluator value:AUC top 10 is -1.0	0.7710985006486191	0.7681644218453756
17/03/26 23:20:47 INFO BPRRecommender: iter 26 Evaluator value:AUC top 10 is -1.0	0.7748853516265863	0.7666487991827571
17/03/26 23:20:48 INFO BPRRecommender: iter 27 Evaluator value:AUC top 10 is -1.0	0.7644157084155688	0.764407969753274
17/03/26 23:20:49 INFO BPRRecommender: iter 28 Evaluator value:AUC top 10 is -1.0	0.7710890030535625	0.7643971393680254
17/03/26 23:20:49 INFO BPRRecommender: iter 29 Evaluator value:AUC top 10 is -1.0	0.7718442013888023	0.7673904766290356
17/03/26 23:20:51 INFO BPRRecommender: iter 30 Evaluator value:AUC top 10 is -1.0	0.7718744561203412	0.7674032663641763
17/03/26 23:20:52 INFO BPRRecommender: iter 31 Evaluator value:AUC top 10 is -1.0	0.7703607979875289	0.76741503999179
17/03/26 23:20:53 INFO BPRRecommender: iter 32 Evaluator value:AUC top 10 is -1.0	0.7688998979412937	0.7644016935787715
17/03/26 23:20:55 INFO BPRRecommender: iter 33 Evaluator value:AUC top 10 is -1.0	0.7771113968695119	0.7651619132524214
17/03/26 23:20:55 INFO BPRRecommender: iter 34 Evaluator value:AUC top 10 is -1.0	0.7681374170609523	0.765144185816342
17/03/26 23:20:56 INFO BPRRecommender: iter 35 Evaluator value:AUC top 10 is -1.0	0.7666330006445465	0.769663155695868
17/03/26 23:20:57 INFO BPRRecommender: iter 36 Evaluator value:AUC top 10 is -1.0	0.7688693815806771	0.7666627589650191
17/03/26 23:20:57 INFO BPRRecommender: iter 37 Evaluator value:AUC top 10 is -1.0	0.7696021679098173	0.7689300815468734
17/03/26 23:20:58 INFO BPRRecommender: iter 38 Evaluator value:AUC top 10 is -1.0	0.7681449418049252	0.7666539838097659
17/03/26 23:20:59 INFO BPRRecommender: iter 39 Evaluator value:AUC top 10 is -1.0	0.7673878607119541	0.7666458463955831
17/03/26 23:20:59 INFO BPRRecommender: iter 40 Evaluator value:AUC top 10 is -1.0	0.7681074850518327	0.7628994337494384
17/03/26 23:21:00 INFO BPRRecommender: iter 41 Evaluator value:AUC top 10 is -1.0	0.7651161990234615	0.7666504607154927
17/03/26 23:21:00 INFO BPRRecommender: iter 42 Evaluator value:AUC top 10 is -1.0	0.7606090892069058	0.7666678194555833
17/03/26 23:21:01 INFO BPRRecommender: iter 43 Evaluator value:AUC top 10 is -1.0	0.7711300851348556	0.7659081618694877
17/03/26 23:21:01 INFO BPRRecommender: iter 44 Evaluator value:AUC top 10 is -1.0	0.773375225955882	0.7651635082787556
17/03/26 23:21:02 INFO BPRRecommender: iter 45 Evaluator value:AUC top 10 is -1.0	0.7710893026193559	0.7636537803683849
17/03/26 23:21:02 INFO BPRRecommender: iter 46 Evaluator value:AUC top 10 is -1.0	0.7755996545128268	0.7666619505435894
17/03/26 23:21:03 INFO BPRRecommender: iter 47 Evaluator value:AUC top 10 is -1.0	0.7733700456733247	0.7674053417630111
17/03/26 23:21:04 INFO BPRRecommender: iter 48 Evaluator value:AUC top 10 is -1.0	0.7703730453133734	0.7674010413293472
17/03/26 23:21:04 INFO BPRRecommender: iter 49 Evaluator value:AUC top 10 is -1.0	0.7643813220078606	0.7704221501894868
17/03/26 23:21:05 INFO BPRRecommender: iter 50 Evaluator value:AUC top 10 is -1.0	0.7651482227812171	0.7674108333406838
17/03/26 23:21:05 INFO BPRRecommender: iter 51 Evaluator value:AUC top 10 is -1.0	0.764395095561156	0.7666609074455629
17/03/26 23:21:06 INFO BPRRecommender: iter 52 Evaluator value:AUC top 10 is -1.0	0.7711164335422764	0.7651472088865323
17/03/26 23:21:07 INFO BPRRecommender: iter 53 Evaluator value:AUC top 10 is -1.0	0.7718642622186233	0.7696568583575594
17/03/26 23:21:08 INFO BPRRecommender: iter 54 Evaluator value:AUC top 10 is -1.0	0.774112933319022	0.7734131506857324
17/03/26 23:21:08 INFO BPRRecommender: iter 55 Evaluator value:AUC top 10 is -1.0	0.7726097828547674	0.7688975733200669
17/03/26 23:21:09 INFO BPRRecommender: iter 56 Evaluator value:AUC top 10 is -1.0	0.7642992296877001	0.7651480504869593
17/03/26 23:21:10 INFO BPRRecommender: iter 57 Evaluator value:AUC top 10 is -1.0	0.7650532794248568	0.7644154324425826
17/03/26 23:21:10 INFO BPRRecommender: iter 58 Evaluator value:AUC top 10 is -1.0	0.7680515427871788	0.7659247629174692
17/03/26 23:21:11 INFO BPRRecommender: iter 59 Evaluator value:AUC top 10 is -1.0	0.7688169799773794	0.7658980434976831
17/03/26 23:21:11 INFO BPRRecommender: iter 60 Evaluator value:AUC top 10 is -1.0	0.7725612447310187	0.7681724371102874
17/03/26 23:21:12 INFO BPRRecommender: iter 61 Evaluator value:AUC top 10 is -1.0	0.7763054554949007	0.7666554910126204
17/03/26 23:21:12 INFO BPRRecommender: iter 62 Evaluator value:AUC top 10 is -1.0	0.7710981339145062	0.7704215603401927
17/03/26 23:21:13 INFO BPRRecommender: iter 63 Evaluator value:AUC top 10 is -1.0	0.7710948773149703	0.7681595159899501
17/03/26 23:21:13 INFO BPRRecommender: iter 64 Evaluator value:AUC top 10 is -1.0	0.7665890609417503	0.7681682337101708
17/03/26 23:21:14 INFO BPRRecommender: iter 65 Evaluator value:AUC top 10 is -1.0	0.7771020045381075	0.7636433522719738
17/03/26 23:21:15 INFO BPRRecommender: iter 66 Evaluator value:AUC top 10 is -1.0	0.7741252710419948	0.7651472194429867
17/03/26 23:21:15 INFO BPRRecommender: iter 67 Evaluator value:AUC top 10 is -1.0	0.7703662628376186	0.7628807053510764
17/03/26 23:21:15 INFO BPRRecommender: iter 68 Evaluator value:AUC top 10 is -1.0	0.7718679588826584	0.7576105397438339
17/03/26 23:21:16 INFO BPRRecommender: iter 69 Evaluator value:AUC top 10 is -1.0	0.7718557014625581	0.7658930938298918
17/03/26 23:21:16 INFO BPRRecommender: iter 70 Evaluator value:AUC top 10 is -1.0	0.7778378616001349	0.7621344316107538
17/03/26 23:21:17 INFO BPRRecommender: iter 71 Evaluator value:AUC top 10 is -1.0	0.7733467957261427	0.7704029250935254
17/03/26 23:21:17 INFO BPRRecommender: iter 72 Evaluator value:AUC top 10 is -1.0	0.7733652850021284	0.764387722579698
17/03/26 23:21:18 INFO BPRRecommender: iter 73 Evaluator value:AUC top 10 is -1.0	0.774847142095771	0.7666422195449359
17/03/26 23:21:18 INFO BPRRecommender: iter 74 Evaluator value:AUC top 10 is -1.0	0.7733313216692254	0.7636597766104358
17/03/26 23:21:19 INFO BPRRecommender: iter 75 Evaluator value:AUC top 10 is -1.0	0.7763462220232261	0.7614160068236008
17/03/26 23:21:19 INFO BPRRecommender: iter 76 Evaluator value:AUC top 10 is -1.0	0.7703398178735137	0.766652354681552
17/03/26 23:21:20 INFO BPRRecommender: iter 77 Evaluator value:AUC top 10 is -1.0	0.7740873181472977	0.7644230850046501
17/03/26 23:21:20 INFO BPRRecommender: iter 78 Evaluator value:AUC top 10 is -1.0	0.7718363596051606	0.7659376697868878
17/03/26 23:21:21 INFO BPRRecommender: iter 79 Evaluator value:AUC top 10 is -1.0	0.7800930508468351	0.7636698869623989
17/03/26 23:21:22 INFO BPRRecommender: iter 80 Evaluator value:AUC top 10 is -1.0	0.7845555166873668	0.7659115278220425
17/03/26 23:21:23 INFO BPRRecommender: iter 81 Evaluator value:AUC top 10 is -1.0	0.7815952612387431	0.7674060806706958
17/03/26 23:21:24 INFO BPRRecommender: iter 82 Evaluator value:AUC top 10 is -1.0	0.782328598041435	0.7666323433636412
17/03/26 23:21:25 INFO BPRRecommender: iter 83 Evaluator value:AUC top 10 is -1.0	0.7770750620941502	0.7703825789223533
17/03/26 23:21:25 INFO BPRRecommender: iter 84 Evaluator value:AUC top 10 is -1.0	0.7778609976439365	0.7643934564791667
17/03/26 23:21:26 INFO BPRRecommender: iter 85 Evaluator value:AUC top 10 is -1.0	0.7726166158320199	0.7704008590642833
17/03/26 23:21:26 INFO BPRRecommender: iter 86 Evaluator value:AUC top 10 is -1.0	0.7763523695759043	0.7658836173177919
17/03/26 23:21:27 INFO BPRRecommender: iter 87 Evaluator value:AUC top 10 is -1.0	0.7755665389726456	0.7666412457272761
17/03/26 23:21:27 INFO BPRRecommender: iter 88 Evaluator value:AUC top 10 is -1.0	0.7703527071171499	0.7711606811144541
17/03/26 23:21:28 INFO BPRRecommender: iter 89 Evaluator value:AUC top 10 is -1.0	0.7650747840271251	0.7666540243778394
17/03/26 23:21:29 INFO BPRRecommender: iter 90 Evaluator value:AUC top 10 is -1.0	0.7695858324622082	0.7621314351760797
17/03/26 23:21:30 INFO BPRRecommender: iter 91 Evaluator value:AUC top 10 is -1.0	0.7688251507473931	0.7658964253673157
17/03/26 23:21:31 INFO BPRRecommender: iter 92 Evaluator value:AUC top 10 is -1.0	0.7665537024329315	0.7644086828481146
17/03/26 23:21:31 INFO BPRRecommender: iter 93 Evaluator value:AUC top 10 is -1.0	0.7695523726766971	0.7681582696464787
17/03/26 23:21:32 INFO BPRRecommender: iter 94 Evaluator value:AUC top 10 is -1.0	0.774839326416619	0.7681641844498077
17/03/26 23:21:33 INFO BPRRecommender: iter 95 Evaluator value:AUC top 10 is -1.0	0.773351669069157	0.7696719290395342
17/03/26 23:21:34 INFO BPRRecommender: iter 96 Evaluator value:AUC top 10 is -1.0	0.7725631756828214	0.7711692653129256
17/03/26 23:21:34 INFO BPRRecommender: iter 97 Evaluator value:AUC top 10 is -1.0	0.7695689829314317	0.7696575821438841
17/03/26 23:21:35 INFO BPRRecommender: iter 98 Evaluator value:AUC top 10 is -1.0	0.7695553264158286	0.7734161384021165
17/03/26 23:21:36 INFO BPRRecommender: iter 99 Evaluator value:AUC top 10 is -1.0	0.7725561369466807	0.7673967353495048
17/03/26 23:21:37 INFO BPRRecommender: iter 100 Evaluator value:AUC top 10 is -1.0	0.7703187035561534	0.7651244105113908
17/03/26 23:21:37 INFO BPRRecommender: iter 101 Evaluator value:AUC top 10 is -1.0	0.7680757877806723	0.7643773339857305
17/03/26 23:21:38 INFO BPRRecommender: iter 102 Evaluator value:AUC top 10 is -1.0	0.7702920979728408	0.7704093867500579
17/03/26 23:21:38 INFO BPRRecommender: iter 103 Evaluator value:AUC top 10 is -1.0	0.7673114949576938	0.7651403200505462
17/03/26 23:21:39 INFO BPRRecommender: iter 104 Evaluator value:AUC top 10 is -1.0	0.764299176143535	0.768141685995709
17/03/26 23:21:40 INFO BPRRecommender: iter 105 Evaluator value:AUC top 10 is -1.0	0.765054872696139	0.7703910438593203
17/03/26 23:21:40 INFO BPRRecommender: iter 106 Evaluator value:AUC top 10 is -1.0	0.7695960747720924	0.7719101553823376
17/03/26 23:21:41 INFO BPRRecommender: iter 107 Evaluator value:AUC top 10 is -1.0	0.7703097787154197	0.772665658992824
17/03/26 23:21:42 INFO BPRRecommender: iter 108 Evaluator value:AUC top 10 is -1.0	0.771057881636906	0.7734178182489407
17/03/26 23:21:43 INFO BPRRecommender: iter 109 Evaluator value:AUC top 10 is -1.0	0.7718074194527365	0.7726707407403264
17/03/26 23:21:43 INFO BPRRecommender: iter 110 Evaluator value:AUC top 10 is -1.0	0.7665458910942549	0.7734285189818719
17/03/26 23:21:44 INFO BPRRecommender: iter 111 Evaluator value:AUC top 10 is -1.0	0.7643186375430515	0.7734208717136715
17/03/26 23:21:45 INFO BPRRecommender: iter 112 Evaluator value:AUC top 10 is -1.0	0.765067806493695	0.7696877013905206
17/03/26 23:21:46 INFO BPRRecommender: iter 113 Evaluator value:AUC top 10 is -1.0	0.7665804483541345	0.7734613846893555
17/03/26 23:21:47 INFO BPRRecommender: iter 114 Evaluator value:AUC top 10 is -1.0	0.7725635591259208	0.7681794961813304
17/03/26 23:21:48 INFO BPRRecommender: iter 115 Evaluator value:AUC top 10 is -1.0	0.7688162448734818	0.7674435878311991
17/03/26 23:21:48 INFO BPRRecommender: iter 116 Evaluator value:AUC top 10 is -1.0	0.7688235406170966	0.7689185923695919
17/03/26 23:21:49 INFO BPRRecommender: iter 117 Evaluator value:AUC top 10 is -1.0	0.7665816532094011	0.7613988825736113
17/03/26 23:21:50 INFO BPRRecommender: iter 118 Evaluator value:AUC top 10 is -1.0	0.7733195420862252	0.7689120576783287
17/03/26 23:21:51 INFO BPRRecommender: iter 119 Evaluator value:AUC top 10 is -1.0	0.769572343246899	0.7696762976510201
17/03/26 23:21:52 INFO BPRRecommender: iter 120 Evaluator value:AUC top 10 is -1.0	0.769563536138529	0.7749499383276346
17/03/26 23:21:52 INFO BPRRecommender: iter 121 Evaluator value:AUC top 10 is -1.0	0.7703150483866937	0.7704320322005694
17/03/26 23:21:53 INFO BPRRecommender: iter 122 Evaluator value:AUC top 10 is -1.0	0.7703123889952451	0.7689083095423804
17/03/26 23:21:54 INFO BPRRecommender: iter 123 Evaluator value:AUC top 10 is -1.0	0.7710544628596914	0.7719091596326532
17/03/26 23:21:55 INFO BPRRecommender: iter 124 Evaluator value:AUC top 10 is -1.0	0.7695471136206181	0.7659234681385877
17/03/26 23:21:56 INFO BPRRecommender: iter 125 Evaluator value:AUC top 10 is -1.0	0.7673198154277661	0.762896793394657
17/03/26 23:21:57 INFO BPRRecommender: iter 126 Evaluator value:AUC top 10 is -1.0	0.7710612036549781	0.7696520465224874
17/03/26 23:21:58 INFO BPRRecommender: iter 127 Evaluator value:AUC top 10 is -1.0	0.771819256276234	0.7704094185440049
17/03/26 23:21:58 INFO BPRRecommender: iter 128 Evaluator value:AUC top 10 is -1.0	0.7755623698223427	0.7696691278090452
17/03/26 23:21:59 INFO BPRRecommender: iter 129 Evaluator value:AUC top 10 is -1.0	0.7755795108533763	0.7689178713613747
17/03/26 23:22:00 INFO BPRRecommender: iter 130 Evaluator value:AUC top 10 is -1.0	0.7718264626149758	0.7674260824205603
17/03/26 23:22:01 INFO BPRRecommender: iter 131 Evaluator value:AUC top 10 is -1.0	0.7778425720845225	0.76967803261878
17/03/26 23:22:02 INFO BPRRecommender: iter 132 Evaluator value:AUC top 10 is -1.0	0.7770905098993669	0.7666774238872215
