17/04/06 18:34:26 INFO test_all_ranking_pure: ********************************************************************************
17/04/06 18:34:26 INFO test_all_ranking_pure: Begin

17/04/06 18:34:26 INFO test_all_ranking_pure: 
rec.iterator.learnrate=0.01
rec.eval.classes=precision
rec.iterator.maximum=100
rec.learningrate.decay=1.0
rec.iterator.learnrate.maximum=0.01
rec.learnRate.decay=1.0
rec.item.regularization=0.00
rec.recommender.ranking.topn=10
rec.recommender.class=bpr
rec.random.seed=1
rec.recommender.isranking=true
rec.learningrate.bolddriver=false
rec.factor.number=10
rec.learnRate.bolddriver=false
rec.eval.enable=true
rec.user.regularization=0.00

17/04/06 18:34:42 INFO TextDataConvertor: Dataset: ...librec/data/movielens/ml-100k-split
17/04/06 18:34:42 INFO TextDataConvertor: All dataset files [E:\Users\v-fuz\tools\recommender_system\librec_sourcecode\librec\data\movielens\ml-100k-split\uniform_negsample.txt]
17/04/06 18:34:42 INFO TextDataConvertor: All dataset files size 30212
17/04/06 18:34:42 INFO TextDataConvertor: Now loading dataset file uniform_negsample
17/04/06 18:34:42 INFO TextDataModel: Transform data to Convertor successfully!
17/04/06 18:34:42 INFO TextDataModel: Split data to train Set and test Set successfully!
17/04/06 18:34:42 INFO TextDataModel: Data size of training is 764
17/04/06 18:34:42 INFO TextDataModel: Data size of testing is 96
17/04/06 18:34:50 INFO BPRRecommender: Job Setup completed.
17/04/06 18:34:51 INFO BPRRecommender: iter 1 Evaluator value:PRECISION top 10 is -1.0	0.02307692307692308	0.014285714285714287
17/04/06 18:34:52 INFO BPRRecommender: iter 2 Evaluator value:PRECISION top 10 is -1.0	0.02307692307692308	0.021428571428571432
17/04/06 18:34:52 INFO BPRRecommender: iter 3 Evaluator value:PRECISION top 10 is -1.0	0.015384615384615385	0.021428571428571432
17/04/06 18:34:53 INFO BPRRecommender: iter 4 Evaluator value:PRECISION top 10 is -1.0	0.015384615384615385	0.021428571428571432
17/04/06 18:34:53 INFO BPRRecommender: iter 5 Evaluator value:PRECISION top 10 is -1.0	0.015384615384615385	0.014285714285714287
17/04/06 18:34:54 INFO BPRRecommender: iter 6 Evaluator value:PRECISION top 10 is -1.0	0.015384615384615385	0.014285714285714287
17/04/06 18:34:54 INFO BPRRecommender: iter 7 Evaluator value:PRECISION top 10 is -1.0	0.02307692307692308	0.014285714285714287
17/04/06 18:34:55 INFO BPRRecommender: iter 8 Evaluator value:PRECISION top 10 is -1.0	0.02307692307692308	0.014285714285714287
17/04/06 18:34:55 INFO BPRRecommender: iter 9 Evaluator value:PRECISION top 10 is -1.0	0.007692307692307693	0.014285714285714287
17/04/06 18:34:56 INFO BPRRecommender: iter 10 Evaluator value:PRECISION top 10 is -1.0	0.007692307692307693	0.0071428571428571435
17/04/06 18:34:57 INFO BPRRecommender: iter 11 Evaluator value:PRECISION top 10 is -1.0	0.007692307692307693	0.0071428571428571435
17/04/06 18:34:57 INFO BPRRecommender: iter 12 Evaluator value:PRECISION top 10 is -1.0	0.007692307692307693	0.0071428571428571435
17/04/06 18:34:58 INFO BPRRecommender: iter 13 Evaluator value:PRECISION top 10 is -1.0	0.007692307692307693	0.0071428571428571435
