17/03/26 23:16:06 INFO test_all_ranking_pure: ********************************************************************************
17/03/26 23:16:06 INFO test_all_ranking_pure: Begin

17/03/26 23:16:06 INFO test_all_ranking_pure: 
rec.iterator.learnrate=0.01
rec.eval.classes=auc
rec.iterator.maximum=200
rec.iterator.learnrate.maximum=0.01
rec.learnRate.decay=1.0
rec.item.regularization=0.5
rec.recommender.ranking.topn=10
rec.random.seed=1
rec.recommender.isranking=true
rec.recommender.class=bpr
rec.factor.number=10
rec.learnRate.bolddriver=true
rec.eval.enable=true
rec.user.regularization=0.5

17/03/26 23:16:06 INFO TextDataConvertor: Dataset: ...librec/data/movielens/ml-100k-split
17/03/26 23:16:06 INFO TextDataConvertor: All dataset files [E:\Users\v-fuz\tools\recommender_system\librec_sourcecode\librec\data\movielens\ml-100k-split\uniform_negsample.txt]
17/03/26 23:16:06 INFO TextDataConvertor: All dataset files size 6153533
17/03/26 23:16:06 INFO TextDataConvertor: Now loading dataset file uniform_negsample
17/03/26 23:16:09 INFO TextDataModel: Transform data to Convertor successfully!
17/03/26 23:16:09 INFO TextDataModel: Split data to train Set and test Set successfully!
17/03/26 23:16:09 INFO TextDataModel: Data size of training is 80003
17/03/26 23:16:09 INFO TextDataModel: Data size of testing is 10001
17/03/26 23:16:09 INFO BPRRecommender: Job Setup completed.
17/03/26 23:16:11 INFO BPRRecommender: iter 1 Evaluator value:AUC top 10 is -1.0	0.5044492801234555	0.5014928269039135
17/03/26 23:16:13 INFO BPRRecommender: iter 2 Evaluator value:AUC top 10 is -1.0	0.5022035056485546	0.5007419631173359
17/03/26 23:16:14 INFO BPRRecommender: iter 3 Evaluator value:AUC top 10 is -1.0	0.5007510017824356	0.5007419631173359
17/03/26 23:16:15 INFO BPRRecommender: iter 4 Evaluator value:AUC top 10 is -1.0	0.5	0.5014926570810896
17/03/26 23:16:16 INFO BPRRecommender: iter 5 Evaluator value:AUC top 10 is -1.0	0.5014608842295335	0.5007419631173359
17/03/26 23:16:17 INFO BPRRecommender: iter 6 Evaluator value:AUC top 10 is -1.0	0.5	0.500753106280331
17/03/26 23:16:18 INFO BPRRecommender: iter 7 Evaluator value:AUC top 10 is -1.0	0.5014896796415119	0.500720620034596
17/03/26 23:16:19 INFO BPRRecommender: iter 8 Evaluator value:AUC top 10 is -1.0	0.5036499082403473	0.5022051662109779
17/03/26 23:16:19 INFO BPRRecommender: iter 9 Evaluator value:AUC top 10 is -1.0	0.5007400825222564	0.5021792282137622
17/03/26 23:16:20 INFO BPRRecommender: iter 10 Evaluator value:AUC top 10 is -1.0	0.5007513323425309	0.5029610291638172
17/03/26 23:16:21 INFO BPRRecommender: iter 11 Evaluator value:AUC top 10 is -1.0	0.5007493212238505	0.501504149747334
17/03/26 23:16:22 INFO BPRRecommender: iter 12 Evaluator value:AUC top 10 is -1.0	0.5021881801087422	0.5022385469797107
17/03/26 23:16:23 INFO BPRRecommender: iter 13 Evaluator value:AUC top 10 is -1.0	0.5036794806133703	0.5029923785204756
17/03/26 23:16:24 INFO BPRRecommender: iter 14 Evaluator value:AUC top 10 is -1.0	0.5029862865636778	0.5037103577839863
17/03/26 23:16:25 INFO BPRRecommender: iter 15 Evaluator value:AUC top 10 is -1.0	0.5036998193189153	0.5029852480742615
17/03/26 23:16:26 INFO BPRRecommender: iter 16 Evaluator value:AUC top 10 is -1.0	0.5022028348005826	0.5022367409119806
17/03/26 23:16:27 INFO BPRRecommender: iter 17 Evaluator value:AUC top 10 is -1.0	0.5014715149498562	0.5014919827598004
17/03/26 23:16:27 INFO BPRRecommender: iter 18 Evaluator value:AUC top 10 is -1.0	0.5014608947896665	0.5007417520379036
17/03/26 23:16:28 INFO BPRRecommender: iter 19 Evaluator value:AUC top 10 is -1.0	0.5007511780766374	0.5014769757972288
17/03/26 23:16:28 INFO BPRRecommender: iter 20 Evaluator value:AUC top 10 is -1.0	0.5014709904188407	0.5014466582370999
17/03/26 23:16:29 INFO BPRRecommender: iter 21 Evaluator value:AUC top 10 is -1.0	0.5037034251432416	0.5022506683984664
17/03/26 23:16:30 INFO BPRRecommender: iter 22 Evaluator value:AUC top 10 is -1.0	0.5022417618685542	0.5007415739461778
17/03/26 23:16:31 INFO BPRRecommender: iter 23 Evaluator value:AUC top 10 is -1.0	0.5021989608882037	0.50223782476691
17/03/26 23:16:32 INFO BPRRecommender: iter 24 Evaluator value:AUC top 10 is -1.0	0.5014686883678932	0.5029699977558082
17/03/26 23:16:32 INFO BPRRecommender: iter 25 Evaluator value:AUC top 10 is -1.0	0.5	0.502170197070224
17/03/26 23:16:33 INFO BPRRecommender: iter 26 Evaluator value:AUC top 10 is -1.0	0.5007513403597741	0.5007494086164096
17/03/26 23:16:34 INFO BPRRecommender: iter 27 Evaluator value:AUC top 10 is -1.0	0.5036908064061042	0.5007204230631502
17/03/26 23:16:35 INFO BPRRecommender: iter 28 Evaluator value:AUC top 10 is -1.0	0.5014765257455118	0.5021715844570585
17/03/26 23:16:35 INFO BPRRecommender: iter 29 Evaluator value:AUC top 10 is -1.0	0.5021657388777425	0.5007188779941913
17/03/26 23:16:36 INFO BPRRecommender: iter 30 Evaluator value:AUC top 10 is -1.0	0.5021701875106084	0.5014499067687717
17/03/26 23:16:38 INFO BPRRecommender: iter 31 Evaluator value:AUC top 10 is -1.0	0.5014666647904196	0.5007370828912552
17/03/26 23:16:38 INFO BPRRecommender: iter 32 Evaluator value:AUC top 10 is -1.0	0.5014485379505148	0.500749663890891
17/03/26 23:16:39 INFO BPRRecommender: iter 33 Evaluator value:AUC top 10 is -1.0	0.500702108644515	0.5
17/03/26 23:16:40 INFO BPRRecommender: iter 34 Evaluator value:AUC top 10 is -1.0	0.5014673369799277	0.5
17/03/26 23:16:41 INFO BPRRecommender: iter 35 Evaluator value:AUC top 10 is -1.0	0.5007212774093251	0.5
17/03/26 23:16:42 INFO BPRRecommender: iter 36 Evaluator value:AUC top 10 is -1.0	0.5014585209764223	0.5029147075661662
17/03/26 23:16:43 INFO BPRRecommender: iter 37 Evaluator value:AUC top 10 is -1.0	0.5007179251178999	0.502208710199386
17/03/26 23:16:44 INFO BPRRecommender: iter 38 Evaluator value:AUC top 10 is -1.0	0.5029136416751205	0.5007218846179238
17/03/26 23:16:44 INFO BPRRecommender: iter 39 Evaluator value:AUC top 10 is -1.0	0.5028869471930996	0.5007218846179238
17/03/26 23:16:45 INFO BPRRecommender: iter 40 Evaluator value:AUC top 10 is -1.0	0.5021617506825928	0.5014717189063352
17/03/26 23:16:45 INFO BPRRecommender: iter 41 Evaluator value:AUC top 10 is -1.0	0.5021866923764636	0.5014654399788963
17/03/26 23:16:46 INFO BPRRecommender: iter 42 Evaluator value:AUC top 10 is -1.0	0.5007202168957484	0.5007216881332701
17/03/26 23:16:46 INFO BPRRecommender: iter 43 Evaluator value:AUC top 10 is -1.0	0.5029347866507813	0.5021919454848317
17/03/26 23:16:47 INFO BPRRecommender: iter 44 Evaluator value:AUC top 10 is -1.0	0.5029030630107287	0.5014715745959482
17/03/26 23:16:48 INFO BPRRecommender: iter 45 Evaluator value:AUC top 10 is -1.0	0.5021835681355299	0.5014489882465276
17/03/26 23:16:48 INFO BPRRecommender: iter 46 Evaluator value:AUC top 10 is -1.0	0.5029028122776797	0.5036976484752587
17/03/26 23:16:49 INFO BPRRecommender: iter 47 Evaluator value:AUC top 10 is -1.0	0.5022075864916915	0.5036560751738434
17/03/26 23:16:49 INFO BPRRecommender: iter 48 Evaluator value:AUC top 10 is -1.0	0.5007494889885934	0.5
17/03/26 23:16:50 INFO BPRRecommender: iter 49 Evaluator value:AUC top 10 is -1.0	0.5021930016139108	0.5014687419346147
17/03/26 23:16:50 INFO BPRRecommender: iter 50 Evaluator value:AUC top 10 is -1.0	0.5	0.5014846095538412
17/03/26 23:16:51 INFO BPRRecommender: iter 51 Evaluator value:AUC top 10 is -1.0	0.5014662187365069	0.501476519609128
17/03/26 23:16:52 INFO BPRRecommender: iter 52 Evaluator value:AUC top 10 is -1.0	0.5007488010424429	0.5007415047218469
17/03/26 23:16:52 INFO BPRRecommender: iter 53 Evaluator value:AUC top 10 is -1.0	0.5014743624641597	0.5
17/03/26 23:16:53 INFO BPRRecommender: iter 54 Evaluator value:AUC top 10 is -1.0	0.5007488010424429	0.5
17/03/26 23:16:54 INFO BPRRecommender: iter 55 Evaluator value:AUC top 10 is -1.0	0.5014499684324057	0.5
17/03/26 23:16:54 INFO BPRRecommender: iter 56 Evaluator value:AUC top 10 is -1.0	0.5007488010424429	0.5007053995939671
17/03/26 23:16:55 INFO BPRRecommender: iter 57 Evaluator value:AUC top 10 is -1.0	0.5014690179381912	0.5
17/03/26 23:16:55 INFO BPRRecommender: iter 58 Evaluator value:AUC top 10 is -1.0	0.5021945793599081	0.5
17/03/26 23:16:56 INFO BPRRecommender: iter 59 Evaluator value:AUC top 10 is -1.0	0.5007488010424429	0.5007306468401711
17/03/26 23:16:57 INFO BPRRecommender: iter 60 Evaluator value:AUC top 10 is -1.0	0.5007488010424429	0.5007349456629502
17/03/26 23:16:58 INFO BPRRecommender: iter 61 Evaluator value:AUC top 10 is -1.0	0.5007488010424429	0.5007349456629502
17/03/26 23:16:58 INFO BPRRecommender: iter 62 Evaluator value:AUC top 10 is -1.0	0.5007488010424429	0.5007349456629502
17/03/26 23:16:59 INFO BPRRecommender: iter 63 Evaluator value:AUC top 10 is -1.0	0.5014691863784213	0.5007349456629502
17/03/26 23:16:59 INFO BPRRecommender: iter 64 Evaluator value:AUC top 10 is -1.0	0.5014690179381912	0.5014654044102289
17/03/26 23:17:00 INFO BPRRecommender: iter 65 Evaluator value:AUC top 10 is -1.0	0.5037024022338238	0.5059205336848039
17/03/26 23:17:01 INFO BPRRecommender: iter 66 Evaluator value:AUC top 10 is -1.0	0.5388632202097214	0.5418888419453912
17/03/26 23:17:02 INFO BPRRecommender: iter 67 Evaluator value:AUC top 10 is -1.0	0.5755287479535963	0.5794104406418067
17/03/26 23:17:03 INFO BPRRecommender: iter 68 Evaluator value:AUC top 10 is -1.0	0.6024128317016331	0.6087364491056092
