17/03/24 21:31:31 INFO test_all_ranking_pure: ********************************************************************************
17/03/24 21:31:31 INFO test_all_ranking_pure: Begin

17/03/24 21:31:31 INFO test_all_ranking_pure: rec.iterator.learnrate=0.01
rec.eval.classes=auc
rec.iterator.maximum=200
rec.item.regularization=0.05
rec.recommender.ranking.topn=10
rec.random.seed=1
rec.recommender.isranking=true
rec.recommender.class=wrmf
rec.wrmf.weight.coefficient=4
rec.factor.number=10
rec.eval.enable=true
rec.user.regularization=0.05

17/03/24 21:31:31 INFO TextDataConvertor: Dataset: ...librec/data/movielens/ml-100k-split
17/03/24 21:31:31 INFO TextDataConvertor: All dataset files [E:\Users\v-fuz\tools\recommender_system\librec_sourcecode\librec\data\movielens\ml-100k-split\backup\movielens100k_librec.txt, E:\Users\v-fuz\tools\recommender_system\librec_sourcecode\librec\data\movielens\ml-100k-split\uniform_negsample.txt]
17/03/24 21:31:31 INFO TextDataConvertor: All dataset files size 9182055
17/03/24 21:31:31 INFO TextDataConvertor: Now loading dataset file movielens100k_librec
17/03/24 21:31:33 INFO TextDataConvertor: Now loading dataset file uniform_negsample
17/03/24 21:31:35 INFO TextDataModel: Transform data to Convertor successfully!
17/03/24 21:31:35 INFO TextDataModel: Split data to train Set and test Set successfully!
17/03/24 21:31:35 INFO TextDataModel: Data size of training is 79130
17/03/24 21:31:35 INFO TextDataModel: Data size of testing is 9888
17/03/24 21:31:35 INFO WRMFRecommender: Job Setup completed.
17/03/24 21:31:36 INFO WRMFRecommender: class net.librec.recommender.cf.ranking.WRMFRecommender runs at iteration = 1 Fri Mar 24 21:31:36 CST 2017
17/03/24 21:31:38 INFO WRMFRecommender: iter 1 Evaluator value:AUC top 10 is -1.0	0.6459500520577519	0.6422497929396029
17/03/24 21:31:40 INFO WRMFRecommender: class net.librec.recommender.cf.ranking.WRMFRecommender runs at iteration = 2 Fri Mar 24 21:31:40 CST 2017
17/03/24 21:31:40 INFO WRMFRecommender: iter 2 Evaluator value:AUC top 10 is -1.0	0.7810655576077943	0.7697285361783784
17/03/24 21:31:42 INFO WRMFRecommender: class net.librec.recommender.cf.ranking.WRMFRecommender runs at iteration = 3 Fri Mar 24 21:31:42 CST 2017
17/03/24 21:31:42 INFO WRMFRecommender: iter 3 Evaluator value:AUC top 10 is -1.0	0.7902058330255168	0.7788937014258664
17/03/24 21:31:43 INFO WRMFRecommender: class net.librec.recommender.cf.ranking.WRMFRecommender runs at iteration = 4 Fri Mar 24 21:31:43 CST 2017
17/03/24 21:31:44 INFO WRMFRecommender: iter 4 Evaluator value:AUC top 10 is -1.0	0.7902318622583548	0.795645431807625
17/03/24 21:31:45 INFO WRMFRecommender: class net.librec.recommender.cf.ranking.WRMFRecommender runs at iteration = 5 Fri Mar 24 21:31:45 CST 2017
17/03/24 21:31:45 INFO WRMFRecommender: iter 5 Evaluator value:AUC top 10 is -1.0	0.7932729994496063	0.800218317163568
17/03/24 21:31:46 INFO WRMFRecommender: class net.librec.recommender.cf.ranking.WRMFRecommender runs at iteration = 6 Fri Mar 24 21:31:46 CST 2017
17/03/24 21:31:47 INFO WRMFRecommender: iter 6 Evaluator value:AUC top 10 is -1.0	0.8001242147510932	0.8040082110278448
17/03/24 21:31:48 INFO WRMFRecommender: class net.librec.recommender.cf.ranking.WRMFRecommender runs at iteration = 7 Fri Mar 24 21:31:48 CST 2017
17/03/24 21:31:49 INFO WRMFRecommender: iter 7 Evaluator value:AUC top 10 is -1.0	0.8016421060898744	0.8017433551088049
17/03/24 21:31:50 INFO WRMFRecommender: class net.librec.recommender.cf.ranking.WRMFRecommender runs at iteration = 8 Fri Mar 24 21:31:50 CST 2017
17/03/24 21:31:50 INFO WRMFRecommender: iter 8 Evaluator value:AUC top 10 is -1.0	0.8008640864484551	0.8055306242673846
