17/03/25 11:08:28 INFO test_all_ranking_pure: ********************************************************************************
17/03/25 11:08:28 INFO test_all_ranking_pure: Begin

17/03/25 11:08:28 INFO test_all_ranking_pure: 
rec.iterator.learnrate=0.001
rec.eval.classes=auc
rec.learnrate.decay=1.0
rec.iterator.maximum=200
rec.iterator.learnrate.maximum=0.01
rec.item.regularization=0.1
rec.recommender.ranking.topn=10
rec.random.seed=1
rec.recommender.isranking=true
rec.recommender.class=ranksgd
rec.learnrate.bolddriver=false
rec.factor.number=10
rec.learnRate.bolddriver=false
rec.eval.enable=true
rec.user.regularization=0.1

17/03/25 11:08:28 INFO TextDataConvertor: Dataset: ...librec/data/movielens/ml-100k-split
17/03/25 11:08:28 INFO TextDataConvertor: All dataset files [E:\Users\v-fuz\tools\recommender_system\librec_sourcecode\librec\data\movielens\ml-100k-split\uniform_negsample.txt]
17/03/25 11:08:28 INFO TextDataConvertor: All dataset files size 6153533
17/03/25 11:08:28 INFO TextDataConvertor: Now loading dataset file uniform_negsample
17/03/25 11:08:30 INFO TextDataModel: Transform data to Convertor successfully!
17/03/25 11:08:30 INFO TextDataModel: Split data to train Set and test Set successfully!
17/03/25 11:08:30 INFO TextDataModel: Data size of training is 80003
17/03/25 11:08:30 INFO TextDataModel: Data size of testing is 10001
17/03/25 11:08:30 INFO RankSGDRecommender: Job Setup completed.
17/03/25 11:08:37 INFO RankSGDRecommender: iter 1 Evaluator value:AUC top 10 is -1.0	0.5074060814676715	0.504464922134626
17/03/25 11:08:42 INFO RankSGDRecommender: iter 2 Evaluator value:AUC top 10 is -1.0	0.5074059096059693	0.504464922134626
17/03/25 11:08:47 INFO RankSGDRecommender: iter 3 Evaluator value:AUC top 10 is -1.0	0.5074062891352267	0.504464922134626
17/03/25 11:08:50 INFO RankSGDRecommender: iter 4 Evaluator value:AUC top 10 is -1.0	0.5074172580149078	0.5037217596230661
17/03/25 11:08:54 INFO RankSGDRecommender: iter 5 Evaluator value:AUC top 10 is -1.0	0.5074168991490344	0.5037217596230661
17/03/25 11:08:58 INFO RankSGDRecommender: iter 6 Evaluator value:AUC top 10 is -1.0	0.5066709285524197	0.503721418572174
17/03/25 11:09:02 INFO RankSGDRecommender: iter 7 Evaluator value:AUC top 10 is -1.0	0.5066712874182931	0.5037215883949979
17/03/25 11:09:06 INFO RankSGDRecommender: iter 8 Evaluator value:AUC top 10 is -1.0	0.506671070490961	0.5044636014671708
17/03/25 11:09:10 INFO RankSGDRecommender: iter 9 Evaluator value:AUC top 10 is -1.0	0.5066712585089506	0.5044639575101303
17/03/25 11:09:14 INFO RankSGDRecommender: iter 10 Evaluator value:AUC top 10 is -1.0	0.5066710786637039	0.5052157681145867
17/03/25 11:09:18 INFO RankSGDRecommender: iter 11 Evaluator value:AUC top 10 is -1.0	0.5066712666816934	0.5044674627738867
17/03/25 11:09:22 INFO RankSGDRecommender: iter 12 Evaluator value:AUC top 10 is -1.0	0.508173448366783	0.5044674627738867
17/03/25 11:09:26 INFO RankSGDRecommender: iter 13 Evaluator value:AUC top 10 is -1.0	0.507422280908843	0.5044671074701074
17/03/25 11:09:30 INFO RankSGDRecommender: iter 14 Evaluator value:AUC top 10 is -1.0	0.507422280908843	0.5044671074701074
17/03/25 11:09:34 INFO RankSGDRecommender: iter 15 Evaluator value:AUC top 10 is -1.0	0.5074224768016755	0.5052169573797045
17/03/25 11:09:38 INFO RankSGDRecommender: iter 16 Evaluator value:AUC top 10 is -1.0	0.5081403747535604	0.5052171286077728
17/03/25 11:09:42 INFO RankSGDRecommender: iter 17 Evaluator value:AUC top 10 is -1.0	0.508173999967628	0.504497389063291
17/03/25 11:09:46 INFO RankSGDRecommender: iter 18 Evaluator value:AUC top 10 is -1.0	0.509667018966234	0.5044975588861148
17/03/25 11:09:51 INFO RankSGDRecommender: iter 19 Evaluator value:AUC top 10 is -1.0	0.509667018966234	0.5044975588861148
17/03/25 11:09:54 INFO RankSGDRecommender: iter 20 Evaluator value:AUC top 10 is -1.0	0.5103845619166393	0.5044975588861148
17/03/25 11:09:58 INFO RankSGDRecommender: iter 21 Evaluator value:AUC top 10 is -1.0	0.5111584979041252	0.5052495540922485
17/03/25 11:10:02 INFO RankSGDRecommender: iter 22 Evaluator value:AUC top 10 is -1.0	0.5126270404466131	0.5060008483049583
17/03/25 11:10:06 INFO RankSGDRecommender: iter 23 Evaluator value:AUC top 10 is -1.0	0.5118862011326498	0.5052522377853123
17/03/25 11:10:10 INFO RankSGDRecommender: iter 24 Evaluator value:AUC top 10 is -1.0	0.5119343252089261	0.5052520693072823
17/03/25 11:10:15 INFO RankSGDRecommender: iter 25 Evaluator value:AUC top 10 is -1.0	0.5119339494708468	0.506003653268691
17/03/25 11:10:19 INFO RankSGDRecommender: iter 26 Evaluator value:AUC top 10 is -1.0	0.5126734876321274	0.5075044881229466
17/03/25 11:10:23 INFO RankSGDRecommender: iter 27 Evaluator value:AUC top 10 is -1.0	0.5126738543728437	0.5090059002217816
17/03/25 11:10:27 INFO RankSGDRecommender: iter 28 Evaluator value:AUC top 10 is -1.0	0.5134246686590975	0.5105079411134994
17/03/25 11:10:30 INFO RankSGDRecommender: iter 29 Evaluator value:AUC top 10 is -1.0	0.514927026309022	0.5112613894867447
17/03/25 11:10:34 INFO RankSGDRecommender: iter 30 Evaluator value:AUC top 10 is -1.0	0.5156689497887641	0.5112618117134018
17/03/25 11:10:38 INFO RankSGDRecommender: iter 31 Evaluator value:AUC top 10 is -1.0	0.5164180680539145	0.5105109432476728
17/03/25 11:10:42 INFO RankSGDRecommender: iter 32 Evaluator value:AUC top 10 is -1.0	0.5171695766018767	0.5120142514168685
17/03/25 11:10:46 INFO RankSGDRecommender: iter 33 Evaluator value:AUC top 10 is -1.0	0.517920935405002	0.5127677173838426
17/03/25 11:10:50 INFO RankSGDRecommender: iter 34 Evaluator value:AUC top 10 is -1.0	0.519417820891359	0.5142716704307699
17/03/25 11:10:54 INFO RankSGDRecommender: iter 35 Evaluator value:AUC top 10 is -1.0	0.5209061696176663	0.5150275017195104
17/03/25 11:10:58 INFO RankSGDRecommender: iter 36 Evaluator value:AUC top 10 is -1.0	0.5239140441282708	0.516526126968702
17/03/25 11:11:02 INFO RankSGDRecommender: iter 37 Evaluator value:AUC top 10 is -1.0	0.5246707751020038	0.5172800011955699
17/03/25 11:11:06 INFO RankSGDRecommender: iter 38 Evaluator value:AUC top 10 is -1.0	0.5246792176867707	0.5172798257181683
17/03/25 11:11:10 INFO RankSGDRecommender: iter 39 Evaluator value:AUC top 10 is -1.0	0.5261824034677547	0.5202789095875848
17/03/25 11:11:13 INFO RankSGDRecommender: iter 40 Evaluator value:AUC top 10 is -1.0	0.529932357772134	0.5225160983688627
17/03/25 11:11:17 INFO RankSGDRecommender: iter 41 Evaluator value:AUC top 10 is -1.0	0.53516812070477	0.5255208178962346
17/03/25 11:11:21 INFO RankSGDRecommender: iter 42 Evaluator value:AUC top 10 is -1.0	0.5374010266153441	0.5292795187692052
17/03/25 11:11:26 INFO RankSGDRecommender: iter 43 Evaluator value:AUC top 10 is -1.0	0.5411553361648407	0.5352622165068514
17/03/25 11:11:30 INFO RankSGDRecommender: iter 44 Evaluator value:AUC top 10 is -1.0	0.5418927708672397	0.5375100159679337
17/03/25 11:11:35 INFO RankSGDRecommender: iter 45 Evaluator value:AUC top 10 is -1.0	0.5441444599619607	0.5405223313074436
17/03/25 11:11:39 INFO RankSGDRecommender: iter 46 Evaluator value:AUC top 10 is -1.0	0.5471497879825749	0.5435308412357381
17/03/25 11:11:44 INFO RankSGDRecommender: iter 47 Evaluator value:AUC top 10 is -1.0	0.5493956624303069	0.5442826193725538
17/03/25 11:11:50 INFO RankSGDRecommender: iter 48 Evaluator value:AUC top 10 is -1.0	0.5538812366537549	0.5495400787308974
17/03/25 11:11:57 INFO RankSGDRecommender: iter 49 Evaluator value:AUC top 10 is -1.0	0.5583728026149918	0.5540396203870207
17/03/25 11:12:01 INFO RankSGDRecommender: iter 50 Evaluator value:AUC top 10 is -1.0	0.5673349698232288	0.5585523119224599
17/03/25 11:12:05 INFO RankSGDRecommender: iter 51 Evaluator value:AUC top 10 is -1.0	0.5718249027286534	0.5645608760082372
17/03/25 11:12:09 INFO RankSGDRecommender: iter 52 Evaluator value:AUC top 10 is -1.0	0.5740730531048162	0.5728043975498597
17/03/25 11:12:13 INFO RankSGDRecommender: iter 53 Evaluator value:AUC top 10 is -1.0	0.5770742181562819	0.5780640435381373
17/03/25 11:12:18 INFO RankSGDRecommender: iter 54 Evaluator value:AUC top 10 is -1.0	0.5853074210031547	0.5810589408903682
17/03/25 11:12:22 INFO RankSGDRecommender: iter 55 Evaluator value:AUC top 10 is -1.0	0.591307083161004	0.5885596863694805
17/03/25 11:12:26 INFO RankSGDRecommender: iter 56 Evaluator value:AUC top 10 is -1.0	0.5995405590723295	0.5938308957595355
17/03/25 11:12:30 INFO RankSGDRecommender: iter 57 Evaluator value:AUC top 10 is -1.0	0.6062519975305043	0.5983362434160355
17/03/25 11:12:34 INFO RankSGDRecommender: iter 58 Evaluator value:AUC top 10 is -1.0	0.6085080835263317	0.6066151733449269
17/03/25 11:12:38 INFO RankSGDRecommender: iter 59 Evaluator value:AUC top 10 is -1.0	0.6152457813839771	0.6118736939033608
17/03/25 11:12:42 INFO RankSGDRecommender: iter 60 Evaluator value:AUC top 10 is -1.0	0.6257431750389804	0.6133792340917509
17/03/25 11:12:46 INFO RankSGDRecommender: iter 61 Evaluator value:AUC top 10 is -1.0	0.6302597193874666	0.6223892940386913
17/03/25 11:12:50 INFO RankSGDRecommender: iter 62 Evaluator value:AUC top 10 is -1.0	0.6347578320726793	0.6299047922448178
17/03/25 11:12:54 INFO RankSGDRecommender: iter 63 Evaluator value:AUC top 10 is -1.0	0.640747463241359	0.6344277259533398
17/03/25 11:12:58 INFO RankSGDRecommender: iter 64 Evaluator value:AUC top 10 is -1.0	0.643756028329828	0.6373964064097889
17/03/25 11:13:02 INFO RankSGDRecommender: iter 65 Evaluator value:AUC top 10 is -1.0	0.6467414234114734	0.6396453950854173
17/03/25 11:13:06 INFO RankSGDRecommender: iter 66 Evaluator value:AUC top 10 is -1.0	0.6527414904492885	0.64491544236792
17/03/25 11:13:10 INFO RankSGDRecommender: iter 67 Evaluator value:AUC top 10 is -1.0	0.6527487150990297	0.6509033754486527
17/03/25 11:13:14 INFO RankSGDRecommender: iter 68 Evaluator value:AUC top 10 is -1.0	0.6587391942270643	0.6584365686380342
17/03/25 11:13:18 INFO RankSGDRecommender: iter 69 Evaluator value:AUC top 10 is -1.0	0.6647386786715063	0.6614513629651946
17/03/25 11:13:22 INFO RankSGDRecommender: iter 70 Evaluator value:AUC top 10 is -1.0	0.6692250499841752	0.6674702797789047
17/03/25 11:13:28 INFO RankSGDRecommender: iter 71 Evaluator value:AUC top 10 is -1.0	0.6707189798655323	0.6704773157619136
17/03/25 11:13:33 INFO RankSGDRecommender: iter 72 Evaluator value:AUC top 10 is -1.0	0.6722194128468746	0.6704828905884219
17/03/25 11:13:37 INFO RankSGDRecommender: iter 73 Evaluator value:AUC top 10 is -1.0	0.6767162002929441	0.6719891030008595
17/03/25 11:13:42 INFO RankSGDRecommender: iter 74 Evaluator value:AUC top 10 is -1.0	0.67748086449035	0.6697309925608129
17/03/25 11:13:47 INFO RankSGDRecommender: iter 75 Evaluator value:AUC top 10 is -1.0	0.6789809464776365	0.6742260175675595
17/03/25 11:13:51 INFO RankSGDRecommender: iter 76 Evaluator value:AUC top 10 is -1.0	0.6827026800955988	0.675726933887558
17/03/25 11:13:55 INFO RankSGDRecommender: iter 77 Evaluator value:AUC top 10 is -1.0	0.6871972317222347	0.6779906870840127
17/03/25 11:13:59 INFO RankSGDRecommender: iter 78 Evaluator value:AUC top 10 is -1.0	0.6901867134632953	0.6825085291009659
17/03/25 11:14:03 INFO RankSGDRecommender: iter 79 Evaluator value:AUC top 10 is -1.0	0.6924095280539513	0.6855011011586398
17/03/25 11:14:07 INFO RankSGDRecommender: iter 80 Evaluator value:AUC top 10 is -1.0	0.6924191092178018	0.6877896918907489
17/03/25 11:14:11 INFO RankSGDRecommender: iter 81 Evaluator value:AUC top 10 is -1.0	0.6924185771754766	0.692282753287472
17/03/25 11:14:15 INFO RankSGDRecommender: iter 82 Evaluator value:AUC top 10 is -1.0	0.6939449382965732	0.6907578104237431
17/03/25 11:14:19 INFO RankSGDRecommender: iter 83 Evaluator value:AUC top 10 is -1.0	0.6954634097821545	0.692246998357844
17/03/25 11:14:22 INFO RankSGDRecommender: iter 84 Evaluator value:AUC top 10 is -1.0	0.6999543482715401	0.6967718660354217
17/03/25 11:14:27 INFO RankSGDRecommender: iter 85 Evaluator value:AUC top 10 is -1.0	0.7014514075709483	0.6938112609285202
17/03/25 11:14:31 INFO RankSGDRecommender: iter 86 Evaluator value:AUC top 10 is -1.0	0.7021980653435891	0.6975877111813312
17/03/25 11:14:34 INFO RankSGDRecommender: iter 87 Evaluator value:AUC top 10 is -1.0	0.7007006879245143	0.6998468411448514
17/03/25 11:14:38 INFO RankSGDRecommender: iter 88 Evaluator value:AUC top 10 is -1.0	0.7037066847285177	0.7013614500589629
17/03/25 11:14:42 INFO RankSGDRecommender: iter 89 Evaluator value:AUC top 10 is -1.0	0.7037055804135284	0.7006057542126076
17/03/25 11:14:46 INFO RankSGDRecommender: iter 90 Evaluator value:AUC top 10 is -1.0	0.7029266137642837	0.7005756989468657
17/03/25 11:14:50 INFO RankSGDRecommender: iter 91 Evaluator value:AUC top 10 is -1.0	0.7059145056039293	0.7013269258932758
17/03/25 11:14:54 INFO RankSGDRecommender: iter 92 Evaluator value:AUC top 10 is -1.0	0.7096428605895415	0.7005745215728951
17/03/25 11:14:58 INFO RankSGDRecommender: iter 93 Evaluator value:AUC top 10 is -1.0	0.7103911926801397	0.7020832550558668
17/03/25 11:15:02 INFO RankSGDRecommender: iter 94 Evaluator value:AUC top 10 is -1.0	0.7096183101999741	0.7020699846337776
17/03/25 11:15:06 INFO RankSGDRecommender: iter 95 Evaluator value:AUC top 10 is -1.0	0.7089008532259312	0.7043345188795288
17/03/25 11:15:10 INFO RankSGDRecommender: iter 96 Evaluator value:AUC top 10 is -1.0	0.7096454843868696	0.7043273724335125
17/03/25 11:15:13 INFO RankSGDRecommender: iter 97 Evaluator value:AUC top 10 is -1.0	0.7111530774472461	0.7028252739789557
17/03/25 11:15:17 INFO RankSGDRecommender: iter 98 Evaluator value:AUC top 10 is -1.0	0.7118975110449874	0.7013195409712968
17/03/25 11:15:21 INFO RankSGDRecommender: iter 99 Evaluator value:AUC top 10 is -1.0	0.7103964752726749	0.7013201225711563
17/03/25 11:15:25 INFO RankSGDRecommender: iter 100 Evaluator value:AUC top 10 is -1.0	0.7103984159683183	0.7028086188092505
17/03/25 11:15:29 INFO RankSGDRecommender: iter 101 Evaluator value:AUC top 10 is -1.0	0.7104006231362042	0.7050666608944863
17/03/25 11:15:33 INFO RankSGDRecommender: iter 102 Evaluator value:AUC top 10 is -1.0	0.7141491659348091	0.7103195014984006
17/03/25 11:15:37 INFO RankSGDRecommender: iter 103 Evaluator value:AUC top 10 is -1.0	0.7118958047006574	0.7125744080551293
17/03/25 11:15:41 INFO RankSGDRecommender: iter 104 Evaluator value:AUC top 10 is -1.0	0.7148958223001597	0.714082144542426
17/03/25 11:15:45 INFO RankSGDRecommender: iter 105 Evaluator value:AUC top 10 is -1.0	0.7186179634660639	0.7140774262370708
17/03/25 11:15:49 INFO RankSGDRecommender: iter 106 Evaluator value:AUC top 10 is -1.0	0.7178580202390725	0.7110751715865211
17/03/25 11:15:53 INFO RankSGDRecommender: iter 107 Evaluator value:AUC top 10 is -1.0	0.7186107243889015	0.7185771129004455
17/03/25 11:15:56 INFO RankSGDRecommender: iter 108 Evaluator value:AUC top 10 is -1.0	0.717108632653226	0.7163503135302091
17/03/25 11:16:03 INFO RankSGDRecommender: iter 109 Evaluator value:AUC top 10 is -1.0	0.7156165548469413	0.7178565488792862
17/03/25 11:16:10 INFO RankSGDRecommender: iter 110 Evaluator value:AUC top 10 is -1.0	0.7171185489003641	0.7200906123590894
17/03/25 11:16:16 INFO RankSGDRecommender: iter 111 Evaluator value:AUC top 10 is -1.0	0.7163815656252231	0.7178496426236414
17/03/25 11:16:20 INFO RankSGDRecommender: iter 112 Evaluator value:AUC top 10 is -1.0	0.7171345852173511	0.7178518429207549
17/03/25 11:16:24 INFO RankSGDRecommender: iter 113 Evaluator value:AUC top 10 is -1.0	0.7178794934533173	0.7185975456760699
17/03/25 11:16:28 INFO RankSGDRecommender: iter 114 Evaluator value:AUC top 10 is -1.0	0.7163744879436743	0.7178422530793354
17/03/25 11:16:32 INFO RankSGDRecommender: iter 115 Evaluator value:AUC top 10 is -1.0	0.7163809258552388	0.7215950372478848
17/03/25 11:16:36 INFO RankSGDRecommender: iter 116 Evaluator value:AUC top 10 is -1.0	0.7171347213652285	0.7208626420355904
17/03/25 11:16:40 INFO RankSGDRecommender: iter 117 Evaluator value:AUC top 10 is -1.0	0.7201050251611234	0.7231235298201254
17/03/25 11:16:44 INFO RankSGDRecommender: iter 118 Evaluator value:AUC top 10 is -1.0	0.7193501645720206	0.7231421481165858
17/03/25 11:16:48 INFO RankSGDRecommender: iter 119 Evaluator value:AUC top 10 is -1.0	0.7200942171467761	0.7193864077030144
17/03/25 11:16:52 INFO RankSGDRecommender: iter 120 Evaluator value:AUC top 10 is -1.0	0.7223384542854406	0.7208749901842549
17/03/25 11:16:56 INFO RankSGDRecommender: iter 121 Evaluator value:AUC top 10 is -1.0	0.7201311797851715	0.722398033712101
17/03/25 11:17:00 INFO RankSGDRecommender: iter 122 Evaluator value:AUC top 10 is -1.0	0.7201329641296309	0.7231488618782335
17/03/25 11:17:04 INFO RankSGDRecommender: iter 123 Evaluator value:AUC top 10 is -1.0	0.7193922534996927	0.7216581402239333
17/03/25 11:17:08 INFO RankSGDRecommender: iter 124 Evaluator value:AUC top 10 is -1.0	0.7186435315417709	0.7208879488238148
17/03/25 11:17:12 INFO RankSGDRecommender: iter 125 Evaluator value:AUC top 10 is -1.0	0.7171297304976586	0.7208917445834161
17/03/25 11:17:16 INFO RankSGDRecommender: iter 126 Evaluator value:AUC top 10 is -1.0	0.7186460048953076	0.7209113186298935
17/03/25 11:17:20 INFO RankSGDRecommender: iter 127 Evaluator value:AUC top 10 is -1.0	0.7171469152033326	0.7178984014252867
17/03/25 11:17:24 INFO RankSGDRecommender: iter 128 Evaluator value:AUC top 10 is -1.0	0.7224006509348898	0.7216528280052892
17/03/25 11:17:28 INFO RankSGDRecommender: iter 129 Evaluator value:AUC top 10 is -1.0	0.7186537490384403	0.7193823079582767
17/03/25 11:17:32 INFO RankSGDRecommender: iter 130 Evaluator value:AUC top 10 is -1.0	0.7223840059757184	0.71937999901873
17/03/25 11:17:36 INFO RankSGDRecommender: iter 131 Evaluator value:AUC top 10 is -1.0	0.7223989732405273	0.7231604702824528
17/03/25 11:17:40 INFO RankSGDRecommender: iter 132 Evaluator value:AUC top 10 is -1.0	0.7208846833597186	0.723908996025614
17/03/25 11:17:44 INFO RankSGDRecommender: iter 133 Evaluator value:AUC top 10 is -1.0	0.7246526270923018	0.7216518927428477
17/03/25 11:17:48 INFO RankSGDRecommender: iter 134 Evaluator value:AUC top 10 is -1.0	0.7238994043450664	0.7223938775484636
17/03/25 11:17:52 INFO RankSGDRecommender: iter 135 Evaluator value:AUC top 10 is -1.0	0.7254065881544275	0.7216349369681951
17/03/25 11:17:56 INFO RankSGDRecommender: iter 136 Evaluator value:AUC top 10 is -1.0	0.7261727875972195	0.7186358136979302
17/03/25 11:18:00 INFO RankSGDRecommender: iter 137 Evaluator value:AUC top 10 is -1.0	0.7269211018469369	0.7193946040406
17/03/25 11:18:04 INFO RankSGDRecommender: iter 138 Evaluator value:AUC top 10 is -1.0	0.7284115217341498	0.7216447616519931
17/03/25 11:18:08 INFO RankSGDRecommender: iter 139 Evaluator value:AUC top 10 is -1.0	0.7269048557851061	0.7208970612321863
17/03/25 11:18:12 INFO RankSGDRecommender: iter 140 Evaluator value:AUC top 10 is -1.0	0.7299062045268075	0.7216464033827893
17/03/25 11:18:16 INFO RankSGDRecommender: iter 141 Evaluator value:AUC top 10 is -1.0	0.7306635976803753	0.7216608304376124
17/03/25 11:18:20 INFO RankSGDRecommender: iter 142 Evaluator value:AUC top 10 is -1.0	0.7321630073641678	0.7224013580190651
17/03/25 11:18:24 INFO RankSGDRecommender: iter 143 Evaluator value:AUC top 10 is -1.0	0.7313990654914415	0.7194020406280911
17/03/25 11:18:28 INFO RankSGDRecommender: iter 144 Evaluator value:AUC top 10 is -1.0	0.7336663788317055	0.7239061784573345
17/03/25 11:18:32 INFO RankSGDRecommender: iter 145 Evaluator value:AUC top 10 is -1.0	0.7374123008067728	0.7208883964150132
17/03/25 11:18:37 INFO RankSGDRecommender: iter 146 Evaluator value:AUC top 10 is -1.0	0.733648998064446	0.7193775698413911
17/03/25 11:18:41 INFO RankSGDRecommender: iter 147 Evaluator value:AUC top 10 is -1.0	0.7359116097135696	0.7223806883450101
17/03/25 11:18:45 INFO RankSGDRecommender: iter 148 Evaluator value:AUC top 10 is -1.0	0.7388899483583036	0.7216316804407327
17/03/25 11:18:49 INFO RankSGDRecommender: iter 149 Evaluator value:AUC top 10 is -1.0	0.7321494109608732	0.720877651979192
17/03/25 11:18:53 INFO RankSGDRecommender: iter 150 Evaluator value:AUC top 10 is -1.0	0.7344132733977579	0.7246439588081502
17/03/25 11:18:58 INFO RankSGDRecommender: iter 151 Evaluator value:AUC top 10 is -1.0	0.7328948722156586	0.7231310316581543
17/03/25 11:19:04 INFO RankSGDRecommender: iter 152 Evaluator value:AUC top 10 is -1.0	0.7336519145729394	0.7253919282029874
17/03/25 11:19:09 INFO RankSGDRecommender: iter 153 Evaluator value:AUC top 10 is -1.0	0.7358608483926231	0.7268788590149512
17/03/25 11:19:13 INFO RankSGDRecommender: iter 154 Evaluator value:AUC top 10 is -1.0	0.7388714832232317	0.7216275450914831
17/03/25 11:19:18 INFO RankSGDRecommender: iter 155 Evaluator value:AUC top 10 is -1.0	0.7366318235398315	0.7276422890212152
17/03/25 11:19:22 INFO RankSGDRecommender: iter 156 Evaluator value:AUC top 10 is -1.0	0.738130145454836	0.7261351135093121
17/03/25 11:19:27 INFO RankSGDRecommender: iter 157 Evaluator value:AUC top 10 is -1.0	0.7373519493425619	0.7208769216958331
17/03/25 11:19:32 INFO RankSGDRecommender: iter 158 Evaluator value:AUC top 10 is -1.0	0.7351006365481771	0.7224079971393155
17/03/25 11:19:37 INFO RankSGDRecommender: iter 159 Evaluator value:AUC top 10 is -1.0	0.7336184538555338	0.7216562992892017
17/03/25 11:19:41 INFO RankSGDRecommender: iter 160 Evaluator value:AUC top 10 is -1.0	0.7358624901661548	0.7216423791893093
17/03/25 11:19:46 INFO RankSGDRecommender: iter 161 Evaluator value:AUC top 10 is -1.0	0.7351146278842665	0.7216454289408992
17/03/25 11:19:51 INFO RankSGDRecommender: iter 162 Evaluator value:AUC top 10 is -1.0	0.7388650739039171	0.7216449831127931
17/03/25 11:19:55 INFO RankSGDRecommender: iter 163 Evaluator value:AUC top 10 is -1.0	0.7343617806811714	0.7224044287567924
17/03/25 11:20:00 INFO RankSGDRecommender: iter 164 Evaluator value:AUC top 10 is -1.0	0.733626854723334	0.7224021611999072
17/03/25 11:20:04 INFO RankSGDRecommender: iter 165 Evaluator value:AUC top 10 is -1.0	0.7343899645140503	0.7216566827204669
17/03/25 11:20:09 INFO RankSGDRecommender: iter 166 Evaluator value:AUC top 10 is -1.0	0.7366434443366696	0.7163893305617297
17/03/25 11:20:14 INFO RankSGDRecommender: iter 167 Evaluator value:AUC top 10 is -1.0	0.7373908292956243	0.7208873465704556
17/03/25 11:20:19 INFO RankSGDRecommender: iter 168 Evaluator value:AUC top 10 is -1.0	0.7343864006312274	0.7246044887074008
17/03/25 11:20:23 INFO RankSGDRecommender: iter 169 Evaluator value:AUC top 10 is -1.0	0.7351206485907202	0.7216039662678985
17/03/25 11:20:27 INFO RankSGDRecommender: iter 170 Evaluator value:AUC top 10 is -1.0	0.7336260013289403	0.7238393502096975
17/03/25 11:20:31 INFO RankSGDRecommender: iter 171 Evaluator value:AUC top 10 is -1.0	0.7329075492997987	0.7230896960496005
17/03/25 11:20:35 INFO RankSGDRecommender: iter 172 Evaluator value:AUC top 10 is -1.0	0.73216083133836	0.7253456231238725
17/03/25 11:20:41 INFO RankSGDRecommender: iter 173 Evaluator value:AUC top 10 is -1.0	0.7344092121922509	0.7268542959986714
17/03/25 11:20:45 INFO RankSGDRecommender: iter 174 Evaluator value:AUC top 10 is -1.0	0.7359167533232797	0.7246081153059886
17/03/25 11:20:53 INFO RankSGDRecommender: iter 175 Evaluator value:AUC top 10 is -1.0	0.7366573998811178	0.7238568679161511
17/03/25 11:21:00 INFO RankSGDRecommender: iter 176 Evaluator value:AUC top 10 is -1.0	0.7366650496040618	0.7261175524383771
17/03/25 11:21:05 INFO RankSGDRecommender: iter 177 Evaluator value:AUC top 10 is -1.0	0.7359151645284137	0.7253596884972355
17/03/25 11:21:09 INFO RankSGDRecommender: iter 178 Evaluator value:AUC top 10 is -1.0	0.7359205354328472	0.7246075380927253
17/03/25 11:21:14 INFO RankSGDRecommender: iter 179 Evaluator value:AUC top 10 is -1.0	0.7374255087545876	0.7261347818651995
17/03/25 11:21:18 INFO RankSGDRecommender: iter 180 Evaluator value:AUC top 10 is -1.0	0.7359263573787516	0.7268832070865738
17/03/25 11:21:23 INFO RankSGDRecommender: iter 181 Evaluator value:AUC top 10 is -1.0	0.7314176474771912	0.72689024524261
17/03/25 11:21:28 INFO RankSGDRecommender: iter 182 Evaluator value:AUC top 10 is -1.0	0.7336575499652924	0.7246353534601471
17/03/25 11:21:33 INFO RankSGDRecommender: iter 183 Evaluator value:AUC top 10 is -1.0	0.7321613236895615	0.7231174381811986
17/03/25 11:21:38 INFO RankSGDRecommender: iter 184 Evaluator value:AUC top 10 is -1.0	0.7306609551001163	0.7223708834813498
17/03/25 11:21:42 INFO RankSGDRecommender: iter 185 Evaluator value:AUC top 10 is -1.0	0.7336704534041754	0.719360098861009
17/03/25 11:21:47 INFO RankSGDRecommender: iter 186 Evaluator value:AUC top 10 is -1.0	0.7314169163127445	0.7246349488604545
