17/03/26 16:00:05 INFO test_all_ranking_pure: ********************************************************************************
17/03/26 16:00:05 INFO test_all_ranking_pure: Begin

17/03/26 16:00:05 INFO test_all_ranking_pure: 
rec.iterator.learnrate=0.1
rec.eval.classes=auc
rec.learnrate.decay=1.0
rec.iterator.maximum=400
rec.iterator.learnrate.maximum=0.01
rec.item.regularization=1
rec.recommender.ranking.topn=10
rec.random.seed=1
rec.recommender.isranking=true
rec.recommender.class=listwisemf
rec.learnrate.bolddriver=false
rec.factor.number=10
rec.eval.enable=true
rec.user.regularization=1

17/03/26 16:00:05 INFO TextDataConvertor: Dataset: ...librec/data/movielens/ml-100k-split
17/03/26 16:00:05 INFO TextDataConvertor: All dataset files [E:\Users\v-fuz\tools\recommender_system\librec_sourcecode\librec\data\movielens\ml-100k-split\uniform_negsample.txt]
17/03/26 16:00:05 INFO TextDataConvertor: All dataset files size 6153533
17/03/26 16:00:05 INFO TextDataConvertor: Now loading dataset file uniform_negsample
17/03/26 16:00:08 INFO TextDataModel: Transform data to Convertor successfully!
17/03/26 16:00:09 INFO TextDataModel: Split data to train Set and test Set successfully!
17/03/26 16:00:09 INFO TextDataModel: Data size of training is 80003
17/03/26 16:00:09 INFO TextDataModel: Data size of testing is 10001
17/03/26 16:00:09 INFO ListRankMFRecommender: Job Setup completed.
17/03/26 16:00:10 INFO ListRankMFRecommender: iter 1 Evaluator value:AUC top 10 is -1.0	0.5074148596531851	0.5096677749787719
17/03/26 16:00:11 INFO ListRankMFRecommender: iter 2 Evaluator value:AUC top 10 is -1.0	0.5074148596531851	0.5089309788163733
17/03/26 16:00:12 INFO ListRankMFRecommender: iter 3 Evaluator value:AUC top 10 is -1.0	0.504433542742987	0.5066888641135955
17/03/26 16:00:12 INFO ListRankMFRecommender: iter 4 Evaluator value:AUC top 10 is -1.0	0.504433542742987	0.5066888641135955
17/03/26 16:00:13 INFO ListRankMFRecommender: iter 5 Evaluator value:AUC top 10 is -1.0	0.504433542742987	0.5066888641135955
17/03/26 16:00:13 INFO ListRankMFRecommender: iter 6 Evaluator value:AUC top 10 is -1.0	0.504433542742987	0.5066888641135955
17/03/26 16:00:14 INFO ListRankMFRecommender: iter 7 Evaluator value:AUC top 10 is -1.0	0.504433542742987	0.5066888641135955
17/03/26 16:00:16 INFO ListRankMFRecommender: iter 8 Evaluator value:AUC top 10 is -1.0	0.504433542742987	0.5066888641135955
17/03/26 16:00:16 INFO ListRankMFRecommender: iter 9 Evaluator value:AUC top 10 is -1.0	0.504433542742987	0.5066888641135955
17/03/26 16:00:17 INFO ListRankMFRecommender: iter 10 Evaluator value:AUC top 10 is -1.0	0.504433542742987	0.5066888641135955
17/03/26 16:00:18 INFO ListRankMFRecommender: iter 11 Evaluator value:AUC top 10 is -1.0	0.504433542742987	0.5066888641135955
17/03/26 16:00:19 INFO ListRankMFRecommender: iter 12 Evaluator value:AUC top 10 is -1.0	0.504433542742987	0.5066888641135955
17/03/26 16:00:20 INFO ListRankMFRecommender: iter 13 Evaluator value:AUC top 10 is -1.0	0.504433542742987	0.5066888641135955
17/03/26 16:00:21 INFO ListRankMFRecommender: iter 14 Evaluator value:AUC top 10 is -1.0	0.504433542742987	0.5066888641135955
17/03/26 16:00:21 INFO ListRankMFRecommender: iter 15 Evaluator value:AUC top 10 is -1.0	0.504433542742987	0.5066888641135955
17/03/26 16:00:22 INFO ListRankMFRecommender: iter 16 Evaluator value:AUC top 10 is -1.0	0.504433542742987	0.5066888641135955
17/03/26 16:00:24 INFO ListRankMFRecommender: iter 17 Evaluator value:AUC top 10 is -1.0	0.504433542742987	0.5066888641135955
17/03/26 16:00:25 INFO ListRankMFRecommender: iter 18 Evaluator value:AUC top 10 is -1.0	0.504433542742987	0.5066888641135955
17/03/26 16:00:26 INFO ListRankMFRecommender: iter 19 Evaluator value:AUC top 10 is -1.0	0.504433542742987	0.5066888641135955
17/03/26 16:00:27 INFO ListRankMFRecommender: iter 20 Evaluator value:AUC top 10 is -1.0	0.504433542742987	0.5066888641135955
17/03/26 16:00:28 INFO ListRankMFRecommender: iter 21 Evaluator value:AUC top 10 is -1.0	0.504433542742987	0.5066888641135955
17/03/26 16:00:28 INFO ListRankMFRecommender: iter 22 Evaluator value:AUC top 10 is -1.0	0.504433542742987	0.5066888641135955
17/03/26 16:00:29 INFO ListRankMFRecommender: iter 23 Evaluator value:AUC top 10 is -1.0	0.504433542742987	0.5066888641135955
17/03/26 16:00:30 INFO ListRankMFRecommender: iter 24 Evaluator value:AUC top 10 is -1.0	0.504433542742987	0.5066888641135955
17/03/26 16:00:31 INFO ListRankMFRecommender: iter 25 Evaluator value:AUC top 10 is -1.0	0.504433542742987	0.5066888641135955
17/03/26 16:00:32 INFO ListRankMFRecommender: iter 26 Evaluator value:AUC top 10 is -1.0	0.504433542742987	0.5066888641135955
17/03/26 16:00:32 INFO ListRankMFRecommender: iter 27 Evaluator value:AUC top 10 is -1.0	0.504433542742987	0.5066888641135955
17/03/26 16:00:33 INFO ListRankMFRecommender: iter 28 Evaluator value:AUC top 10 is -1.0	0.504433542742987	0.5066888641135955
17/03/26 16:00:34 INFO ListRankMFRecommender: iter 29 Evaluator value:AUC top 10 is -1.0	0.504433542742987	0.5066888641135955
17/03/26 16:00:35 INFO ListRankMFRecommender: iter 30 Evaluator value:AUC top 10 is -1.0	0.504433542742987	0.5066888641135955
17/03/26 16:00:36 INFO ListRankMFRecommender: iter 31 Evaluator value:AUC top 10 is -1.0	0.504433542742987	0.5066888641135955
17/03/26 16:00:37 INFO ListRankMFRecommender: iter 32 Evaluator value:AUC top 10 is -1.0	0.504433542742987	0.5066888641135955
17/03/26 16:00:37 INFO ListRankMFRecommender: iter 33 Evaluator value:AUC top 10 is -1.0	0.504433542742987	0.5066888641135955
17/03/26 16:00:38 INFO ListRankMFRecommender: iter 34 Evaluator value:AUC top 10 is -1.0	0.504433542742987	0.5066888641135955
17/03/26 16:00:39 INFO ListRankMFRecommender: iter 35 Evaluator value:AUC top 10 is -1.0	0.504433542742987	0.5066888641135955
17/03/26 16:00:40 INFO ListRankMFRecommender: iter 36 Evaluator value:AUC top 10 is -1.0	0.504433542742987	0.5066888641135955
17/03/26 16:00:41 INFO ListRankMFRecommender: iter 37 Evaluator value:AUC top 10 is -1.0	0.504433542742987	0.5066888641135955
17/03/26 16:00:42 INFO ListRankMFRecommender: iter 38 Evaluator value:AUC top 10 is -1.0	0.504433542742987	0.5066888641135955
17/03/26 16:00:43 INFO ListRankMFRecommender: iter 39 Evaluator value:AUC top 10 is -1.0	0.504433542742987	0.5066888641135955
17/03/26 16:00:44 INFO ListRankMFRecommender: iter 40 Evaluator value:AUC top 10 is -1.0	0.504433542742987	0.5066888641135955
17/03/26 16:00:45 INFO ListRankMFRecommender: iter 41 Evaluator value:AUC top 10 is -1.0	0.504433542742987	0.5066888641135955
17/03/26 16:00:46 INFO ListRankMFRecommender: iter 42 Evaluator value:AUC top 10 is -1.0	0.504433542742987	0.5066888641135955
17/03/26 16:00:46 INFO ListRankMFRecommender: iter 43 Evaluator value:AUC top 10 is -1.0	0.504433542742987	0.5066888641135955
17/03/26 16:00:47 INFO ListRankMFRecommender: iter 44 Evaluator value:AUC top 10 is -1.0	0.504433542742987	0.5066888641135955
17/03/26 16:00:47 INFO ListRankMFRecommender: iter 45 Evaluator value:AUC top 10 is -1.0	0.504433542742987	0.5066888641135955
17/03/26 16:00:48 INFO ListRankMFRecommender: iter 46 Evaluator value:AUC top 10 is -1.0	0.504433542742987	0.5066888641135955
17/03/26 16:00:49 INFO ListRankMFRecommender: iter 47 Evaluator value:AUC top 10 is -1.0	0.504433542742987	0.5066888641135955
17/03/26 16:00:50 INFO ListRankMFRecommender: iter 48 Evaluator value:AUC top 10 is -1.0	0.504433542742987	0.5066888641135955
17/03/26 16:00:50 INFO ListRankMFRecommender: iter 49 Evaluator value:AUC top 10 is -1.0	0.504433542742987	0.5066888641135955
17/03/26 16:00:51 INFO ListRankMFRecommender: iter 50 Evaluator value:AUC top 10 is -1.0	0.504433542742987	0.5066888641135955
17/03/26 16:00:51 INFO ListRankMFRecommender: iter 51 Evaluator value:AUC top 10 is -1.0	0.504433542742987	0.5066888641135955
17/03/26 16:00:52 INFO ListRankMFRecommender: iter 52 Evaluator value:AUC top 10 is -1.0	0.504433542742987	0.5066888641135955
17/03/26 16:00:53 INFO ListRankMFRecommender: iter 53 Evaluator value:AUC top 10 is -1.0	0.504433542742987	0.5066888641135955
17/03/26 16:00:54 INFO ListRankMFRecommender: iter 54 Evaluator value:AUC top 10 is -1.0	0.504433542742987	0.5066888641135955
17/03/26 16:00:55 INFO ListRankMFRecommender: iter 55 Evaluator value:AUC top 10 is -1.0	0.504433542742987	0.5066888641135955
17/03/26 16:00:55 INFO ListRankMFRecommender: iter 56 Evaluator value:AUC top 10 is -1.0	0.504433542742987	0.5066888641135955
17/03/26 16:00:56 INFO ListRankMFRecommender: iter 57 Evaluator value:AUC top 10 is -1.0	0.504433542742987	0.5066888641135955
17/03/26 16:00:57 INFO ListRankMFRecommender: iter 58 Evaluator value:AUC top 10 is -1.0	0.504433542742987	0.5066888641135955
17/03/26 16:00:58 INFO ListRankMFRecommender: iter 59 Evaluator value:AUC top 10 is -1.0	0.504433542742987	0.5066888641135955
17/03/26 16:00:58 INFO ListRankMFRecommender: iter 60 Evaluator value:AUC top 10 is -1.0	0.504433542742987	0.5066888641135955
17/03/26 16:00:59 INFO ListRankMFRecommender: iter 61 Evaluator value:AUC top 10 is -1.0	0.504433542742987	0.5066888641135955
17/03/26 16:01:00 INFO ListRankMFRecommender: iter 62 Evaluator value:AUC top 10 is -1.0	0.504433542742987	0.5066888641135955
17/03/26 16:01:00 INFO ListRankMFRecommender: iter 63 Evaluator value:AUC top 10 is -1.0	0.504433542742987	0.5066888641135955
17/03/26 16:01:00 INFO ListRankMFRecommender: iter 64 Evaluator value:AUC top 10 is -1.0	0.504433542742987	0.5066888641135955
17/03/26 16:01:01 INFO ListRankMFRecommender: iter 65 Evaluator value:AUC top 10 is -1.0	0.504433542742987	0.5066888641135955
17/03/26 16:01:01 INFO ListRankMFRecommender: iter 66 Evaluator value:AUC top 10 is -1.0	0.504433542742987	0.5066888641135955
17/03/26 16:01:02 INFO ListRankMFRecommender: iter 67 Evaluator value:AUC top 10 is -1.0	0.504433542742987	0.5066888641135955
17/03/26 16:01:03 INFO ListRankMFRecommender: iter 68 Evaluator value:AUC top 10 is -1.0	0.504433542742987	0.5066888641135955
17/03/26 16:01:04 INFO ListRankMFRecommender: iter 69 Evaluator value:AUC top 10 is -1.0	0.504433542742987	0.5066888641135955
17/03/26 16:01:04 INFO ListRankMFRecommender: iter 70 Evaluator value:AUC top 10 is -1.0	0.504433542742987	0.5066888641135955
17/03/26 16:01:04 INFO ListRankMFRecommender: iter 71 Evaluator value:AUC top 10 is -1.0	0.504433542742987	0.5066888641135955
17/03/26 16:01:05 INFO ListRankMFRecommender: iter 72 Evaluator value:AUC top 10 is -1.0	0.504433542742987	0.5066888641135955
17/03/26 16:01:05 INFO ListRankMFRecommender: iter 73 Evaluator value:AUC top 10 is -1.0	0.504433542742987	0.5066888641135955
17/03/26 16:01:06 INFO ListRankMFRecommender: iter 74 Evaluator value:AUC top 10 is -1.0	0.504433542742987	0.5066888641135955
17/03/26 16:01:06 INFO ListRankMFRecommender: iter 75 Evaluator value:AUC top 10 is -1.0	0.504433542742987	0.5066888641135955
17/03/26 16:01:07 INFO ListRankMFRecommender: iter 76 Evaluator value:AUC top 10 is -1.0	0.504433542742987	0.5066888641135955
17/03/26 16:01:08 INFO ListRankMFRecommender: iter 77 Evaluator value:AUC top 10 is -1.0	0.504433542742987	0.5066888641135955
17/03/26 16:01:09 INFO ListRankMFRecommender: iter 78 Evaluator value:AUC top 10 is -1.0	0.504433542742987	0.5066888641135955
17/03/26 16:01:09 INFO ListRankMFRecommender: iter 79 Evaluator value:AUC top 10 is -1.0	0.504433542742987	0.5066888641135955
17/03/26 16:01:10 INFO ListRankMFRecommender: iter 80 Evaluator value:AUC top 10 is -1.0	0.504433542742987	0.5066888641135955
17/03/26 16:01:10 INFO ListRankMFRecommender: iter 81 Evaluator value:AUC top 10 is -1.0	0.504433542742987	0.5066888641135955
17/03/26 16:01:11 INFO ListRankMFRecommender: iter 82 Evaluator value:AUC top 10 is -1.0	0.504433542742987	0.5066888641135955
17/03/26 16:01:11 INFO ListRankMFRecommender: iter 83 Evaluator value:AUC top 10 is -1.0	0.504433542742987	0.5066888641135955
17/03/26 16:01:12 INFO ListRankMFRecommender: iter 84 Evaluator value:AUC top 10 is -1.0	0.504433542742987	0.5066888641135955
17/03/26 16:01:12 INFO ListRankMFRecommender: iter 85 Evaluator value:AUC top 10 is -1.0	0.504433542742987	0.5066888641135955
17/03/26 16:01:13 INFO ListRankMFRecommender: iter 86 Evaluator value:AUC top 10 is -1.0	0.504433542742987	0.5066888641135955
17/03/26 16:01:14 INFO ListRankMFRecommender: iter 87 Evaluator value:AUC top 10 is -1.0	0.504433542742987	0.5066888641135955
17/03/26 16:01:15 INFO ListRankMFRecommender: iter 88 Evaluator value:AUC top 10 is -1.0	0.504433542742987	0.5066888641135955
17/03/26 16:01:15 INFO ListRankMFRecommender: iter 89 Evaluator value:AUC top 10 is -1.0	0.504433542742987	0.5066888641135955
17/03/26 16:01:16 INFO ListRankMFRecommender: iter 90 Evaluator value:AUC top 10 is -1.0	0.504433542742987	0.5066888641135955
17/03/26 16:01:17 INFO ListRankMFRecommender: iter 91 Evaluator value:AUC top 10 is -1.0	0.504433542742987	0.5066888641135955
17/03/26 16:01:17 INFO ListRankMFRecommender: iter 92 Evaluator value:AUC top 10 is -1.0	0.504433542742987	0.5066888641135955
17/03/26 16:01:18 INFO ListRankMFRecommender: iter 93 Evaluator value:AUC top 10 is -1.0	0.504433542742987	0.5066888641135955
17/03/26 16:01:19 INFO ListRankMFRecommender: iter 94 Evaluator value:AUC top 10 is -1.0	0.504433542742987	0.5066888641135955
17/03/26 16:01:20 INFO ListRankMFRecommender: iter 95 Evaluator value:AUC top 10 is -1.0	0.504433542742987	0.5066888641135955
17/03/26 16:01:21 INFO ListRankMFRecommender: iter 96 Evaluator value:AUC top 10 is -1.0	0.504433542742987	0.5066888641135955
17/03/26 16:01:21 INFO ListRankMFRecommender: iter 97 Evaluator value:AUC top 10 is -1.0	0.504433542742987	0.5066888641135955
17/03/26 16:01:22 INFO ListRankMFRecommender: iter 98 Evaluator value:AUC top 10 is -1.0	0.504433542742987	0.5066888641135955
17/03/26 16:01:22 INFO ListRankMFRecommender: iter 99 Evaluator value:AUC top 10 is -1.0	0.504433542742987	0.5066888641135955
17/03/26 16:01:23 INFO ListRankMFRecommender: iter 100 Evaluator value:AUC top 10 is -1.0	0.504433542742987	0.5066888641135955
17/03/26 16:01:25 INFO ListRankMFRecommender: iter 101 Evaluator value:AUC top 10 is -1.0	0.504433542742987	0.5066888641135955
17/03/26 16:01:25 INFO ListRankMFRecommender: iter 102 Evaluator value:AUC top 10 is -1.0	0.504433542742987	0.5066888641135955
17/03/26 16:01:26 INFO ListRankMFRecommender: iter 103 Evaluator value:AUC top 10 is -1.0	0.504433542742987	0.5066888641135955
17/03/26 16:01:26 INFO ListRankMFRecommender: iter 104 Evaluator value:AUC top 10 is -1.0	0.504433542742987	0.5066888641135955
17/03/26 16:01:27 INFO ListRankMFRecommender: iter 105 Evaluator value:AUC top 10 is -1.0	0.504433542742987	0.5066888641135955
17/03/26 16:01:27 INFO ListRankMFRecommender: iter 106 Evaluator value:AUC top 10 is -1.0	0.504433542742987	0.5066888641135955
17/03/26 16:01:28 INFO ListRankMFRecommender: iter 107 Evaluator value:AUC top 10 is -1.0	0.504433542742987	0.5066888641135955
17/03/26 16:01:29 INFO ListRankMFRecommender: iter 108 Evaluator value:AUC top 10 is -1.0	0.504433542742987	0.5066888641135955
17/03/26 16:01:30 INFO ListRankMFRecommender: iter 109 Evaluator value:AUC top 10 is -1.0	0.504433542742987	0.5066888641135955
17/03/26 16:01:30 INFO ListRankMFRecommender: iter 110 Evaluator value:AUC top 10 is -1.0	0.504433542742987	0.5066888641135955
17/03/26 16:01:31 INFO ListRankMFRecommender: iter 111 Evaluator value:AUC top 10 is -1.0	0.504433542742987	0.5066888641135955
17/03/26 16:01:32 INFO ListRankMFRecommender: iter 112 Evaluator value:AUC top 10 is -1.0	0.504433542742987	0.5066888641135955
17/03/26 16:01:33 INFO ListRankMFRecommender: iter 113 Evaluator value:AUC top 10 is -1.0	0.504433542742987	0.5066888641135955
17/03/26 16:01:33 INFO ListRankMFRecommender: iter 114 Evaluator value:AUC top 10 is -1.0	0.504433542742987	0.5066888641135955
17/03/26 16:01:34 INFO ListRankMFRecommender: iter 115 Evaluator value:AUC top 10 is -1.0	0.504433542742987	0.5066888641135955
17/03/26 16:01:35 INFO ListRankMFRecommender: iter 116 Evaluator value:AUC top 10 is -1.0	0.504433542742987	0.5066888641135955
17/03/26 16:01:36 INFO ListRankMFRecommender: iter 117 Evaluator value:AUC top 10 is -1.0	0.504433542742987	0.5066888641135955
17/03/26 16:01:37 INFO ListRankMFRecommender: iter 118 Evaluator value:AUC top 10 is -1.0	0.504433542742987	0.5066888641135955
17/03/26 16:01:38 INFO ListRankMFRecommender: iter 119 Evaluator value:AUC top 10 is -1.0	0.504433542742987	0.5066888641135955
17/03/26 16:01:39 INFO ListRankMFRecommender: iter 120 Evaluator value:AUC top 10 is -1.0	0.504433542742987	0.5066888641135955
17/03/26 16:01:40 INFO ListRankMFRecommender: iter 121 Evaluator value:AUC top 10 is -1.0	0.504433542742987	0.5066888641135955
17/03/26 16:01:40 INFO ListRankMFRecommender: iter 122 Evaluator value:AUC top 10 is -1.0	0.504433542742987	0.5066888641135955
17/03/26 16:01:41 INFO ListRankMFRecommender: iter 123 Evaluator value:AUC top 10 is -1.0	0.504433542742987	0.5066888641135955
17/03/26 16:01:42 INFO ListRankMFRecommender: iter 124 Evaluator value:AUC top 10 is -1.0	0.504433542742987	0.5066888641135955
17/03/26 16:01:42 INFO ListRankMFRecommender: iter 125 Evaluator value:AUC top 10 is -1.0	0.504433542742987	0.5066888641135955
17/03/26 16:01:43 INFO ListRankMFRecommender: iter 126 Evaluator value:AUC top 10 is -1.0	0.504433542742987	0.5066888641135955
17/03/26 16:01:44 INFO ListRankMFRecommender: iter 127 Evaluator value:AUC top 10 is -1.0	0.504433542742987	0.5066888641135955
17/03/26 16:01:45 INFO ListRankMFRecommender: iter 128 Evaluator value:AUC top 10 is -1.0	0.504433542742987	0.5066888641135955
17/03/26 16:01:45 INFO ListRankMFRecommender: iter 129 Evaluator value:AUC top 10 is -1.0	0.504433542742987	0.5066888641135955
17/03/26 16:01:46 INFO ListRankMFRecommender: iter 130 Evaluator value:AUC top 10 is -1.0	0.504433542742987	0.5066888641135955
17/03/26 16:01:46 INFO ListRankMFRecommender: iter 131 Evaluator value:AUC top 10 is -1.0	0.504433542742987	0.5066888641135955
17/03/26 16:01:47 INFO ListRankMFRecommender: iter 132 Evaluator value:AUC top 10 is -1.0	0.504433542742987	0.5066888641135955
17/03/26 16:01:48 INFO ListRankMFRecommender: iter 133 Evaluator value:AUC top 10 is -1.0	0.504433542742987	0.5066888641135955
17/03/26 16:01:49 INFO ListRankMFRecommender: iter 134 Evaluator value:AUC top 10 is -1.0	0.504433542742987	0.5066888641135955
17/03/26 16:01:49 INFO ListRankMFRecommender: iter 135 Evaluator value:AUC top 10 is -1.0	0.504433542742987	0.5066888641135955
17/03/26 16:01:49 INFO ListRankMFRecommender: iter 136 Evaluator value:AUC top 10 is -1.0	0.504433542742987	0.5066888641135955
17/03/26 16:01:50 INFO ListRankMFRecommender: iter 137 Evaluator value:AUC top 10 is -1.0	0.504433542742987	0.5066888641135955
17/03/26 16:01:51 INFO ListRankMFRecommender: iter 138 Evaluator value:AUC top 10 is -1.0	0.504433542742987	0.5066888641135955
17/03/26 16:01:52 INFO ListRankMFRecommender: iter 139 Evaluator value:AUC top 10 is -1.0	0.504433542742987	0.5066888641135955
17/03/26 16:01:52 INFO ListRankMFRecommender: iter 140 Evaluator value:AUC top 10 is -1.0	0.504433542742987	0.5066888641135955
17/03/26 16:01:53 INFO ListRankMFRecommender: iter 141 Evaluator value:AUC top 10 is -1.0	0.504433542742987	0.5066888641135955
17/03/26 16:01:54 INFO ListRankMFRecommender: iter 142 Evaluator value:AUC top 10 is -1.0	0.504433542742987	0.5066888641135955
17/03/26 16:01:55 INFO ListRankMFRecommender: iter 143 Evaluator value:AUC top 10 is -1.0	0.504433542742987	0.5066888641135955
17/03/26 16:01:56 INFO ListRankMFRecommender: iter 144 Evaluator value:AUC top 10 is -1.0	0.504433542742987	0.5066888641135955
17/03/26 16:01:57 INFO ListRankMFRecommender: iter 145 Evaluator value:AUC top 10 is -1.0	0.504433542742987	0.5066888641135955
17/03/26 16:01:57 INFO ListRankMFRecommender: iter 146 Evaluator value:AUC top 10 is -1.0	0.504433542742987	0.5066888641135955
17/03/26 16:01:58 INFO ListRankMFRecommender: iter 147 Evaluator value:AUC top 10 is -1.0	0.504433542742987	0.5066888641135955
17/03/26 16:01:59 INFO ListRankMFRecommender: iter 148 Evaluator value:AUC top 10 is -1.0	0.504433542742987	0.5066888641135955
17/03/26 16:01:59 INFO ListRankMFRecommender: iter 149 Evaluator value:AUC top 10 is -1.0	0.504433542742987	0.5066888641135955
17/03/26 16:02:00 INFO ListRankMFRecommender: iter 150 Evaluator value:AUC top 10 is -1.0	0.504433542742987	0.5066888641135955
17/03/26 16:02:01 INFO ListRankMFRecommender: iter 151 Evaluator value:AUC top 10 is -1.0	0.504433542742987	0.5066888641135955
17/03/26 16:02:02 INFO ListRankMFRecommender: iter 152 Evaluator value:AUC top 10 is -1.0	0.504433542742987	0.5066888641135955
17/03/26 16:02:02 INFO ListRankMFRecommender: iter 153 Evaluator value:AUC top 10 is -1.0	0.504433542742987	0.5066888641135955
17/03/26 16:02:03 INFO ListRankMFRecommender: iter 154 Evaluator value:AUC top 10 is -1.0	0.504433542742987	0.5066888641135955
17/03/26 16:02:04 INFO ListRankMFRecommender: iter 155 Evaluator value:AUC top 10 is -1.0	0.504433542742987	0.5066888641135955
17/03/26 16:02:05 INFO ListRankMFRecommender: iter 156 Evaluator value:AUC top 10 is -1.0	0.504433542742987	0.5066888641135955
17/03/26 16:02:06 INFO ListRankMFRecommender: iter 157 Evaluator value:AUC top 10 is -1.0	0.504433542742987	0.5066888641135955
17/03/26 16:02:07 INFO ListRankMFRecommender: iter 158 Evaluator value:AUC top 10 is -1.0	0.504433542742987	0.5066888641135955
17/03/26 16:02:07 INFO ListRankMFRecommender: iter 159 Evaluator value:AUC top 10 is -1.0	0.504433542742987	0.5066888641135955
17/03/26 16:02:08 INFO ListRankMFRecommender: iter 160 Evaluator value:AUC top 10 is -1.0	0.504433542742987	0.5066888641135955
17/03/26 16:02:08 INFO ListRankMFRecommender: iter 161 Evaluator value:AUC top 10 is -1.0	0.504433542742987	0.5066888641135955
17/03/26 16:02:09 INFO ListRankMFRecommender: iter 162 Evaluator value:AUC top 10 is -1.0	0.504433542742987	0.5066888641135955
17/03/26 16:02:09 INFO ListRankMFRecommender: iter 163 Evaluator value:AUC top 10 is -1.0	0.504433542742987	0.5066888641135955
17/03/26 16:02:10 INFO ListRankMFRecommender: iter 164 Evaluator value:AUC top 10 is -1.0	0.504433542742987	0.5066888641135955
17/03/26 16:02:10 INFO ListRankMFRecommender: iter 165 Evaluator value:AUC top 10 is -1.0	0.504433542742987	0.5066888641135955
17/03/26 16:02:11 INFO ListRankMFRecommender: iter 166 Evaluator value:AUC top 10 is -1.0	0.504433542742987	0.5066888641135955
17/03/26 16:02:12 INFO ListRankMFRecommender: iter 167 Evaluator value:AUC top 10 is -1.0	0.504433542742987	0.5066888641135955
17/03/26 16:02:13 INFO ListRankMFRecommender: iter 168 Evaluator value:AUC top 10 is -1.0	0.504433542742987	0.5066888641135955
17/03/26 16:02:13 INFO ListRankMFRecommender: iter 169 Evaluator value:AUC top 10 is -1.0	0.504433542742987	0.5066888641135955
17/03/26 16:02:14 INFO ListRankMFRecommender: iter 170 Evaluator value:AUC top 10 is -1.0	0.504433542742987	0.5066888641135955
17/03/26 16:02:15 INFO ListRankMFRecommender: iter 171 Evaluator value:AUC top 10 is -1.0	0.504433542742987	0.5066888641135955
17/03/26 16:02:15 INFO ListRankMFRecommender: iter 172 Evaluator value:AUC top 10 is -1.0	0.504433542742987	0.5066888641135955
17/03/26 16:02:16 INFO ListRankMFRecommender: iter 173 Evaluator value:AUC top 10 is -1.0	0.504433542742987	0.5066888641135955
17/03/26 16:02:17 INFO ListRankMFRecommender: iter 174 Evaluator value:AUC top 10 is -1.0	0.504433542742987	0.5066888641135955
17/03/26 16:02:18 INFO ListRankMFRecommender: iter 175 Evaluator value:AUC top 10 is -1.0	0.504433542742987	0.5066888641135955
17/03/26 16:02:18 INFO ListRankMFRecommender: iter 176 Evaluator value:AUC top 10 is -1.0	0.504433542742987	0.5066888641135955
17/03/26 16:02:19 INFO ListRankMFRecommender: iter 177 Evaluator value:AUC top 10 is -1.0	0.504433542742987	0.5066888641135955
17/03/26 16:02:19 INFO ListRankMFRecommender: iter 178 Evaluator value:AUC top 10 is -1.0	0.504433542742987	0.5066888641135955
17/03/26 16:02:20 INFO ListRankMFRecommender: iter 179 Evaluator value:AUC top 10 is -1.0	0.504433542742987	0.5066888641135955
17/03/26 16:02:20 INFO ListRankMFRecommender: iter 180 Evaluator value:AUC top 10 is -1.0	0.504433542742987	0.5066888641135955
17/03/26 16:02:21 INFO ListRankMFRecommender: iter 181 Evaluator value:AUC top 10 is -1.0	0.504433542742987	0.5066888641135955
17/03/26 16:02:22 INFO ListRankMFRecommender: iter 182 Evaluator value:AUC top 10 is -1.0	0.504433542742987	0.5066888641135955
17/03/26 16:02:23 INFO ListRankMFRecommender: iter 183 Evaluator value:AUC top 10 is -1.0	0.504433542742987	0.5066888641135955
17/03/26 16:02:24 INFO ListRankMFRecommender: iter 184 Evaluator value:AUC top 10 is -1.0	0.504433542742987	0.5066888641135955
17/03/26 16:02:25 INFO ListRankMFRecommender: iter 185 Evaluator value:AUC top 10 is -1.0	0.504433542742987	0.5066888641135955
17/03/26 16:02:26 INFO ListRankMFRecommender: iter 186 Evaluator value:AUC top 10 is -1.0	0.504433542742987	0.5066888641135955
17/03/26 16:02:27 INFO ListRankMFRecommender: iter 187 Evaluator value:AUC top 10 is -1.0	0.504433542742987	0.5066888641135955
17/03/26 16:02:28 INFO ListRankMFRecommender: iter 188 Evaluator value:AUC top 10 is -1.0	0.504433542742987	0.5066888641135955
17/03/26 16:02:28 INFO ListRankMFRecommender: iter 189 Evaluator value:AUC top 10 is -1.0	0.504433542742987	0.5066888641135955
17/03/26 16:02:29 INFO ListRankMFRecommender: iter 190 Evaluator value:AUC top 10 is -1.0	0.504433542742987	0.5066888641135955
17/03/26 16:02:30 INFO ListRankMFRecommender: iter 191 Evaluator value:AUC top 10 is -1.0	0.504433542742987	0.5066888641135955
17/03/26 16:02:31 INFO ListRankMFRecommender: iter 192 Evaluator value:AUC top 10 is -1.0	0.504433542742987	0.5066888641135955
17/03/26 16:02:32 INFO ListRankMFRecommender: iter 193 Evaluator value:AUC top 10 is -1.0	0.504433542742987	0.5066888641135955
17/03/26 16:02:32 INFO ListRankMFRecommender: iter 194 Evaluator value:AUC top 10 is -1.0	0.504433542742987	0.5066888641135955
17/03/26 16:02:33 INFO ListRankMFRecommender: iter 195 Evaluator value:AUC top 10 is -1.0	0.504433542742987	0.5066888641135955
17/03/26 16:02:33 INFO ListRankMFRecommender: iter 196 Evaluator value:AUC top 10 is -1.0	0.504433542742987	0.5066888641135955
17/03/26 16:02:35 INFO ListRankMFRecommender: iter 197 Evaluator value:AUC top 10 is -1.0	0.504433542742987	0.5066888641135955
17/03/26 16:02:35 INFO ListRankMFRecommender: iter 198 Evaluator value:AUC top 10 is -1.0	0.504433542742987	0.5066888641135955
17/03/26 16:02:36 INFO ListRankMFRecommender: iter 199 Evaluator value:AUC top 10 is -1.0	0.504433542742987	0.5066888641135955
17/03/26 16:02:37 INFO ListRankMFRecommender: iter 200 Evaluator value:AUC top 10 is -1.0	0.504433542742987	0.5066888641135955
17/03/26 16:02:37 INFO ListRankMFRecommender: iter 201 Evaluator value:AUC top 10 is -1.0	0.504433542742987	0.5066888641135955
17/03/26 16:02:38 INFO ListRankMFRecommender: iter 202 Evaluator value:AUC top 10 is -1.0	0.504433542742987	0.5066888641135955
17/03/26 16:02:38 INFO ListRankMFRecommender: iter 203 Evaluator value:AUC top 10 is -1.0	0.504433542742987	0.5066888641135955
17/03/26 16:02:39 INFO ListRankMFRecommender: iter 204 Evaluator value:AUC top 10 is -1.0	0.504433542742987	0.5066888641135955
17/03/26 16:02:40 INFO ListRankMFRecommender: iter 205 Evaluator value:AUC top 10 is -1.0	0.504433542742987	0.5066888641135955
17/03/26 16:02:40 INFO ListRankMFRecommender: iter 206 Evaluator value:AUC top 10 is -1.0	0.504433542742987	0.5066888641135955
17/03/26 16:02:41 INFO ListRankMFRecommender: iter 207 Evaluator value:AUC top 10 is -1.0	0.504433542742987	0.5066888641135955
17/03/26 16:02:41 INFO ListRankMFRecommender: iter 208 Evaluator value:AUC top 10 is -1.0	0.504433542742987	0.5066888641135955
17/03/26 16:02:42 INFO ListRankMFRecommender: iter 209 Evaluator value:AUC top 10 is -1.0	0.504433542742987	0.5066888641135955
17/03/26 16:02:43 INFO ListRankMFRecommender: iter 210 Evaluator value:AUC top 10 is -1.0	0.504433542742987	0.5066888641135955
17/03/26 16:02:43 INFO ListRankMFRecommender: iter 211 Evaluator value:AUC top 10 is -1.0	0.504433542742987	0.5066888641135955
17/03/26 16:02:44 INFO ListRankMFRecommender: iter 212 Evaluator value:AUC top 10 is -1.0	0.504433542742987	0.5066888641135955
17/03/26 16:02:45 INFO ListRankMFRecommender: iter 213 Evaluator value:AUC top 10 is -1.0	0.504433542742987	0.5066888641135955
17/03/26 16:02:45 INFO ListRankMFRecommender: iter 214 Evaluator value:AUC top 10 is -1.0	0.504433542742987	0.5066888641135955
17/03/26 16:02:46 INFO ListRankMFRecommender: iter 215 Evaluator value:AUC top 10 is -1.0	0.504433542742987	0.5066888641135955
17/03/26 16:02:47 INFO ListRankMFRecommender: iter 216 Evaluator value:AUC top 10 is -1.0	0.504433542742987	0.5066888641135955
17/03/26 16:02:48 INFO ListRankMFRecommender: iter 217 Evaluator value:AUC top 10 is -1.0	0.504433542742987	0.5066888641135955
17/03/26 16:02:48 INFO ListRankMFRecommender: iter 218 Evaluator value:AUC top 10 is -1.0	0.504433542742987	0.5066888641135955
17/03/26 16:02:49 INFO ListRankMFRecommender: iter 219 Evaluator value:AUC top 10 is -1.0	0.504433542742987	0.5066888641135955
17/03/26 16:02:50 INFO ListRankMFRecommender: iter 220 Evaluator value:AUC top 10 is -1.0	0.504433542742987	0.5066888641135955
17/03/26 16:02:51 INFO ListRankMFRecommender: iter 221 Evaluator value:AUC top 10 is -1.0	0.504433542742987	0.5066888641135955
17/03/26 16:02:52 INFO ListRankMFRecommender: iter 222 Evaluator value:AUC top 10 is -1.0	0.504433542742987	0.5066888641135955
17/03/26 16:02:53 INFO ListRankMFRecommender: iter 223 Evaluator value:AUC top 10 is -1.0	0.504433542742987	0.5066888641135955
17/03/26 16:02:53 INFO ListRankMFRecommender: iter 224 Evaluator value:AUC top 10 is -1.0	0.504433542742987	0.5066888641135955
17/03/26 16:02:54 INFO ListRankMFRecommender: iter 225 Evaluator value:AUC top 10 is -1.0	0.504433542742987	0.5066888641135955
17/03/26 16:02:54 INFO ListRankMFRecommender: iter 226 Evaluator value:AUC top 10 is -1.0	0.504433542742987	0.5066888641135955
17/03/26 16:02:55 INFO ListRankMFRecommender: iter 227 Evaluator value:AUC top 10 is -1.0	0.504433542742987	0.5066888641135955
17/03/26 16:02:55 INFO ListRankMFRecommender: iter 228 Evaluator value:AUC top 10 is -1.0	0.504433542742987	0.5066888641135955
17/03/26 16:02:56 INFO ListRankMFRecommender: iter 229 Evaluator value:AUC top 10 is -1.0	0.504433542742987	0.5066888641135955
17/03/26 16:02:56 INFO ListRankMFRecommender: iter 230 Evaluator value:AUC top 10 is -1.0	0.504433542742987	0.5066888641135955
17/03/26 16:02:57 INFO ListRankMFRecommender: iter 231 Evaluator value:AUC top 10 is -1.0	0.504433542742987	0.5066888641135955
17/03/26 16:02:57 INFO ListRankMFRecommender: iter 232 Evaluator value:AUC top 10 is -1.0	0.504433542742987	0.5066888641135955
17/03/26 16:02:58 INFO ListRankMFRecommender: iter 233 Evaluator value:AUC top 10 is -1.0	0.504433542742987	0.5066888641135955
17/03/26 16:02:59 INFO ListRankMFRecommender: iter 234 Evaluator value:AUC top 10 is -1.0	0.504433542742987	0.5066888641135955
17/03/26 16:03:00 INFO ListRankMFRecommender: iter 235 Evaluator value:AUC top 10 is -1.0	0.504433542742987	0.5066888641135955
17/03/26 16:03:00 INFO ListRankMFRecommender: iter 236 Evaluator value:AUC top 10 is -1.0	0.504433542742987	0.5066888641135955
17/03/26 16:03:01 INFO ListRankMFRecommender: iter 237 Evaluator value:AUC top 10 is -1.0	0.504433542742987	0.5066888641135955
17/03/26 16:03:02 INFO ListRankMFRecommender: iter 238 Evaluator value:AUC top 10 is -1.0	0.504433542742987	0.5066888641135955
17/03/26 16:03:03 INFO ListRankMFRecommender: iter 239 Evaluator value:AUC top 10 is -1.0	0.504433542742987	0.5066888641135955
17/03/26 16:03:04 INFO ListRankMFRecommender: iter 240 Evaluator value:AUC top 10 is -1.0	0.504433542742987	0.5066888641135955
17/03/26 16:03:05 INFO ListRankMFRecommender: iter 241 Evaluator value:AUC top 10 is -1.0	0.504433542742987	0.5066888641135955
17/03/26 16:03:05 INFO ListRankMFRecommender: iter 242 Evaluator value:AUC top 10 is -1.0	0.504433542742987	0.5066888641135955
17/03/26 16:03:06 INFO ListRankMFRecommender: iter 243 Evaluator value:AUC top 10 is -1.0	0.504433542742987	0.5066888641135955
17/03/26 16:03:06 INFO ListRankMFRecommender: iter 244 Evaluator value:AUC top 10 is -1.0	0.504433542742987	0.5066888641135955
17/03/26 16:03:07 INFO ListRankMFRecommender: iter 245 Evaluator value:AUC top 10 is -1.0	0.504433542742987	0.5066888641135955
17/03/26 16:03:08 INFO ListRankMFRecommender: iter 246 Evaluator value:AUC top 10 is -1.0	0.504433542742987	0.5066888641135955
17/03/26 16:03:09 INFO ListRankMFRecommender: iter 247 Evaluator value:AUC top 10 is -1.0	0.504433542742987	0.5066888641135955
17/03/26 16:03:10 INFO ListRankMFRecommender: iter 248 Evaluator value:AUC top 10 is -1.0	0.504433542742987	0.5066888641135955
17/03/26 16:03:10 INFO ListRankMFRecommender: iter 249 Evaluator value:AUC top 10 is -1.0	0.504433542742987	0.5066888641135955
17/03/26 16:03:11 INFO ListRankMFRecommender: iter 250 Evaluator value:AUC top 10 is -1.0	0.504433542742987	0.5066888641135955
17/03/26 16:03:12 INFO ListRankMFRecommender: iter 251 Evaluator value:AUC top 10 is -1.0	0.504433542742987	0.5066888641135955
17/03/26 16:03:12 INFO ListRankMFRecommender: iter 252 Evaluator value:AUC top 10 is -1.0	0.504433542742987	0.5066888641135955
17/03/26 16:03:13 INFO ListRankMFRecommender: iter 253 Evaluator value:AUC top 10 is -1.0	0.504433542742987	0.5066888641135955
17/03/26 16:03:14 INFO ListRankMFRecommender: iter 254 Evaluator value:AUC top 10 is -1.0	0.504433542742987	0.5066888641135955
17/03/26 16:03:15 INFO ListRankMFRecommender: iter 255 Evaluator value:AUC top 10 is -1.0	0.504433542742987	0.5066888641135955
17/03/26 16:03:15 INFO ListRankMFRecommender: iter 256 Evaluator value:AUC top 10 is -1.0	0.504433542742987	0.5066888641135955
17/03/26 16:03:16 INFO ListRankMFRecommender: iter 257 Evaluator value:AUC top 10 is -1.0	0.504433542742987	0.5066888641135955
17/03/26 16:03:17 INFO ListRankMFRecommender: iter 258 Evaluator value:AUC top 10 is -1.0	0.504433542742987	0.5066888641135955
17/03/26 16:03:17 INFO ListRankMFRecommender: iter 259 Evaluator value:AUC top 10 is -1.0	0.504433542742987	0.5066888641135955
17/03/26 16:03:18 INFO ListRankMFRecommender: iter 260 Evaluator value:AUC top 10 is -1.0	0.504433542742987	0.5066888641135955
17/03/26 16:03:19 INFO ListRankMFRecommender: iter 261 Evaluator value:AUC top 10 is -1.0	0.504433542742987	0.5066888641135955
17/03/26 16:03:19 INFO ListRankMFRecommender: iter 262 Evaluator value:AUC top 10 is -1.0	0.504433542742987	0.5066888641135955
17/03/26 16:03:20 INFO ListRankMFRecommender: iter 263 Evaluator value:AUC top 10 is -1.0	0.504433542742987	0.5066888641135955
17/03/26 16:03:21 INFO ListRankMFRecommender: iter 264 Evaluator value:AUC top 10 is -1.0	0.504433542742987	0.5066888641135955
17/03/26 16:03:21 INFO ListRankMFRecommender: iter 265 Evaluator value:AUC top 10 is -1.0	0.504433542742987	0.5066888641135955
17/03/26 16:03:21 INFO ListRankMFRecommender: iter 266 Evaluator value:AUC top 10 is -1.0	0.504433542742987	0.5066888641135955
17/03/26 16:03:22 INFO ListRankMFRecommender: iter 267 Evaluator value:AUC top 10 is -1.0	0.504433542742987	0.5066888641135955
17/03/26 16:03:22 INFO ListRankMFRecommender: iter 268 Evaluator value:AUC top 10 is -1.0	0.504433542742987	0.5066888641135955
17/03/26 16:03:23 INFO ListRankMFRecommender: iter 269 Evaluator value:AUC top 10 is -1.0	0.504433542742987	0.5066888641135955
17/03/26 16:03:23 INFO ListRankMFRecommender: iter 270 Evaluator value:AUC top 10 is -1.0	0.504433542742987	0.5066888641135955
17/03/26 16:03:24 INFO ListRankMFRecommender: iter 271 Evaluator value:AUC top 10 is -1.0	0.504433542742987	0.5066888641135955
17/03/26 16:03:25 INFO ListRankMFRecommender: iter 272 Evaluator value:AUC top 10 is -1.0	0.504433542742987	0.5066888641135955
17/03/26 16:03:25 INFO ListRankMFRecommender: iter 273 Evaluator value:AUC top 10 is -1.0	0.504433542742987	0.5066888641135955
17/03/26 16:03:26 INFO ListRankMFRecommender: iter 274 Evaluator value:AUC top 10 is -1.0	0.504433542742987	0.5066888641135955
17/03/26 16:03:26 INFO ListRankMFRecommender: iter 275 Evaluator value:AUC top 10 is -1.0	0.504433542742987	0.5066888641135955
17/03/26 16:03:27 INFO ListRankMFRecommender: iter 276 Evaluator value:AUC top 10 is -1.0	0.504433542742987	0.5066888641135955
17/03/26 16:03:28 INFO ListRankMFRecommender: iter 277 Evaluator value:AUC top 10 is -1.0	0.504433542742987	0.5066888641135955
17/03/26 16:03:28 INFO ListRankMFRecommender: iter 278 Evaluator value:AUC top 10 is -1.0	0.504433542742987	0.5066888641135955
17/03/26 16:03:29 INFO ListRankMFRecommender: iter 279 Evaluator value:AUC top 10 is -1.0	0.504433542742987	0.5066888641135955
17/03/26 16:03:30 INFO ListRankMFRecommender: iter 280 Evaluator value:AUC top 10 is -1.0	0.504433542742987	0.5066888641135955
17/03/26 16:03:31 INFO ListRankMFRecommender: iter 281 Evaluator value:AUC top 10 is -1.0	0.504433542742987	0.5066888641135955
17/03/26 16:03:32 INFO ListRankMFRecommender: iter 282 Evaluator value:AUC top 10 is -1.0	0.504433542742987	0.5066888641135955
17/03/26 16:03:32 INFO ListRankMFRecommender: iter 283 Evaluator value:AUC top 10 is -1.0	0.504433542742987	0.5066888641135955
17/03/26 16:03:32 INFO ListRankMFRecommender: iter 284 Evaluator value:AUC top 10 is -1.0	0.504433542742987	0.5066888641135955
17/03/26 16:03:33 INFO ListRankMFRecommender: iter 285 Evaluator value:AUC top 10 is -1.0	0.504433542742987	0.5066888641135955
17/03/26 16:03:34 INFO ListRankMFRecommender: iter 286 Evaluator value:AUC top 10 is -1.0	0.504433542742987	0.5066888641135955
17/03/26 16:03:34 INFO ListRankMFRecommender: iter 287 Evaluator value:AUC top 10 is -1.0	0.504433542742987	0.5066888641135955
17/03/26 16:03:35 INFO ListRankMFRecommender: iter 288 Evaluator value:AUC top 10 is -1.0	0.504433542742987	0.5066888641135955
17/03/26 16:03:35 INFO ListRankMFRecommender: iter 289 Evaluator value:AUC top 10 is -1.0	0.504433542742987	0.5066888641135955
17/03/26 16:03:36 INFO ListRankMFRecommender: iter 290 Evaluator value:AUC top 10 is -1.0	0.504433542742987	0.5066888641135955
17/03/26 16:03:37 INFO ListRankMFRecommender: iter 291 Evaluator value:AUC top 10 is -1.0	0.504433542742987	0.5066888641135955
17/03/26 16:03:38 INFO ListRankMFRecommender: iter 292 Evaluator value:AUC top 10 is -1.0	0.504433542742987	0.5066888641135955
17/03/26 16:03:38 INFO ListRankMFRecommender: iter 293 Evaluator value:AUC top 10 is -1.0	0.504433542742987	0.5066888641135955
17/03/26 16:03:39 INFO ListRankMFRecommender: iter 294 Evaluator value:AUC top 10 is -1.0	0.504433542742987	0.5066888641135955
17/03/26 16:03:40 INFO ListRankMFRecommender: iter 295 Evaluator value:AUC top 10 is -1.0	0.504433542742987	0.5066888641135955
17/03/26 16:03:41 INFO ListRankMFRecommender: iter 296 Evaluator value:AUC top 10 is -1.0	0.504433542742987	0.5066888641135955
17/03/26 16:03:42 INFO ListRankMFRecommender: iter 297 Evaluator value:AUC top 10 is -1.0	0.504433542742987	0.5066888641135955
17/03/26 16:03:42 INFO ListRankMFRecommender: iter 298 Evaluator value:AUC top 10 is -1.0	0.504433542742987	0.5066888641135955
17/03/26 16:03:43 INFO ListRankMFRecommender: iter 299 Evaluator value:AUC top 10 is -1.0	0.504433542742987	0.5066888641135955
17/03/26 16:03:44 INFO ListRankMFRecommender: iter 300 Evaluator value:AUC top 10 is -1.0	0.504433542742987	0.5066888641135955
17/03/26 16:03:44 INFO ListRankMFRecommender: iter 301 Evaluator value:AUC top 10 is -1.0	0.504433542742987	0.5066888641135955
17/03/26 16:03:44 INFO ListRankMFRecommender: iter 302 Evaluator value:AUC top 10 is -1.0	0.504433542742987	0.5066888641135955
17/03/26 16:03:45 INFO ListRankMFRecommender: iter 303 Evaluator value:AUC top 10 is -1.0	0.504433542742987	0.5066888641135955
17/03/26 16:03:46 INFO ListRankMFRecommender: iter 304 Evaluator value:AUC top 10 is -1.0	0.504433542742987	0.5066888641135955
17/03/26 16:03:46 INFO ListRankMFRecommender: iter 305 Evaluator value:AUC top 10 is -1.0	0.504433542742987	0.5066888641135955
17/03/26 16:03:47 INFO ListRankMFRecommender: iter 306 Evaluator value:AUC top 10 is -1.0	0.504433542742987	0.5066888641135955
17/03/26 16:03:48 INFO ListRankMFRecommender: iter 307 Evaluator value:AUC top 10 is -1.0	0.504433542742987	0.5066888641135955
17/03/26 16:03:48 INFO ListRankMFRecommender: iter 308 Evaluator value:AUC top 10 is -1.0	0.504433542742987	0.5066888641135955
17/03/26 16:03:49 INFO ListRankMFRecommender: iter 309 Evaluator value:AUC top 10 is -1.0	0.504433542742987	0.5066888641135955
17/03/26 16:03:49 INFO ListRankMFRecommender: iter 310 Evaluator value:AUC top 10 is -1.0	0.504433542742987	0.5066888641135955
17/03/26 16:03:50 INFO ListRankMFRecommender: iter 311 Evaluator value:AUC top 10 is -1.0	0.504433542742987	0.5066888641135955
17/03/26 16:03:51 INFO ListRankMFRecommender: iter 312 Evaluator value:AUC top 10 is -1.0	0.504433542742987	0.5066888641135955
17/03/26 16:03:51 INFO ListRankMFRecommender: iter 313 Evaluator value:AUC top 10 is -1.0	0.504433542742987	0.5066888641135955
17/03/26 16:03:52 INFO ListRankMFRecommender: iter 314 Evaluator value:AUC top 10 is -1.0	0.504433542742987	0.5066888641135955
17/03/26 16:03:53 INFO ListRankMFRecommender: iter 315 Evaluator value:AUC top 10 is -1.0	0.504433542742987	0.5066888641135955
17/03/26 16:03:53 INFO ListRankMFRecommender: iter 316 Evaluator value:AUC top 10 is -1.0	0.504433542742987	0.5066888641135955
17/03/26 16:03:54 INFO ListRankMFRecommender: iter 317 Evaluator value:AUC top 10 is -1.0	0.504433542742987	0.5066888641135955
17/03/26 16:03:55 INFO ListRankMFRecommender: iter 318 Evaluator value:AUC top 10 is -1.0	0.504433542742987	0.5066888641135955
17/03/26 16:03:56 INFO ListRankMFRecommender: iter 319 Evaluator value:AUC top 10 is -1.0	0.504433542742987	0.5066888641135955
17/03/26 16:03:57 INFO ListRankMFRecommender: iter 320 Evaluator value:AUC top 10 is -1.0	0.504433542742987	0.5066888641135955
17/03/26 16:03:58 INFO ListRankMFRecommender: iter 321 Evaluator value:AUC top 10 is -1.0	0.504433542742987	0.5066888641135955
17/03/26 16:03:59 INFO ListRankMFRecommender: iter 322 Evaluator value:AUC top 10 is -1.0	0.504433542742987	0.5066888641135955
17/03/26 16:04:00 INFO ListRankMFRecommender: iter 323 Evaluator value:AUC top 10 is -1.0	0.504433542742987	0.5066888641135955
17/03/26 16:04:00 INFO ListRankMFRecommender: iter 324 Evaluator value:AUC top 10 is -1.0	0.504433542742987	0.5066888641135955
17/03/26 16:04:01 INFO ListRankMFRecommender: iter 325 Evaluator value:AUC top 10 is -1.0	0.504433542742987	0.5066888641135955
17/03/26 16:04:02 INFO ListRankMFRecommender: iter 326 Evaluator value:AUC top 10 is -1.0	0.504433542742987	0.5066888641135955
17/03/26 16:04:03 INFO ListRankMFRecommender: iter 327 Evaluator value:AUC top 10 is -1.0	0.504433542742987	0.5066888641135955
17/03/26 16:04:03 INFO ListRankMFRecommender: iter 328 Evaluator value:AUC top 10 is -1.0	0.504433542742987	0.5066888641135955
17/03/26 16:04:04 INFO ListRankMFRecommender: iter 329 Evaluator value:AUC top 10 is -1.0	0.504433542742987	0.5066888641135955
17/03/26 16:04:05 INFO ListRankMFRecommender: iter 330 Evaluator value:AUC top 10 is -1.0	0.504433542742987	0.5066888641135955
17/03/26 16:04:06 INFO ListRankMFRecommender: iter 331 Evaluator value:AUC top 10 is -1.0	0.504433542742987	0.5066888641135955
17/03/26 16:04:07 INFO ListRankMFRecommender: iter 332 Evaluator value:AUC top 10 is -1.0	0.504433542742987	0.5066888641135955
17/03/26 16:04:07 INFO ListRankMFRecommender: iter 333 Evaluator value:AUC top 10 is -1.0	0.504433542742987	0.5066888641135955
17/03/26 16:04:08 INFO ListRankMFRecommender: iter 334 Evaluator value:AUC top 10 is -1.0	0.504433542742987	0.5066888641135955
17/03/26 16:04:09 INFO ListRankMFRecommender: iter 335 Evaluator value:AUC top 10 is -1.0	0.504433542742987	0.5066888641135955
17/03/26 16:04:09 INFO ListRankMFRecommender: iter 336 Evaluator value:AUC top 10 is -1.0	0.504433542742987	0.5066888641135955
17/03/26 16:04:10 INFO ListRankMFRecommender: iter 337 Evaluator value:AUC top 10 is -1.0	0.504433542742987	0.5066888641135955
17/03/26 16:04:11 INFO ListRankMFRecommender: iter 338 Evaluator value:AUC top 10 is -1.0	0.504433542742987	0.5066888641135955
17/03/26 16:04:12 INFO ListRankMFRecommender: iter 339 Evaluator value:AUC top 10 is -1.0	0.504433542742987	0.5066888641135955
17/03/26 16:04:12 INFO ListRankMFRecommender: iter 340 Evaluator value:AUC top 10 is -1.0	0.504433542742987	0.5066888641135955
17/03/26 16:04:13 INFO ListRankMFRecommender: iter 341 Evaluator value:AUC top 10 is -1.0	0.504433542742987	0.5066888641135955
17/03/26 16:04:14 INFO ListRankMFRecommender: iter 342 Evaluator value:AUC top 10 is -1.0	0.504433542742987	0.5066888641135955
17/03/26 16:04:14 INFO ListRankMFRecommender: iter 343 Evaluator value:AUC top 10 is -1.0	0.504433542742987	0.5066888641135955
17/03/26 16:04:15 INFO ListRankMFRecommender: iter 344 Evaluator value:AUC top 10 is -1.0	0.504433542742987	0.5066888641135955
17/03/26 16:04:15 INFO ListRankMFRecommender: iter 345 Evaluator value:AUC top 10 is -1.0	0.504433542742987	0.5066888641135955
17/03/26 16:04:16 INFO ListRankMFRecommender: iter 346 Evaluator value:AUC top 10 is -1.0	0.504433542742987	0.5066888641135955
17/03/26 16:04:17 INFO ListRankMFRecommender: iter 347 Evaluator value:AUC top 10 is -1.0	0.504433542742987	0.5066888641135955
17/03/26 16:04:18 INFO ListRankMFRecommender: iter 348 Evaluator value:AUC top 10 is -1.0	0.504433542742987	0.5066888641135955
17/03/26 16:04:19 INFO ListRankMFRecommender: iter 349 Evaluator value:AUC top 10 is -1.0	0.504433542742987	0.5066888641135955
17/03/26 16:04:20 INFO ListRankMFRecommender: iter 350 Evaluator value:AUC top 10 is -1.0	0.504433542742987	0.5066888641135955
17/03/26 16:04:21 INFO ListRankMFRecommender: iter 351 Evaluator value:AUC top 10 is -1.0	0.504433542742987	0.5066888641135955
17/03/26 16:04:22 INFO ListRankMFRecommender: iter 352 Evaluator value:AUC top 10 is -1.0	0.504433542742987	0.5066888641135955
