17/03/25 11:27:00 INFO test_all_ranking_pure: ********************************************************************************
17/03/25 11:27:00 INFO test_all_ranking_pure: Begin

17/03/25 11:27:00 INFO test_all_ranking_pure: 
rec.iterator.learnrate=0.01
rec.eval.classes=auc
rec.learnrate.decay=1.0
rec.iterator.maximum=100
rec.iterator.learnrate.maximum=0.01
rec.item.regularization=0.1
rec.rankals.support.weight=true
rec.recommender.ranking.topn=10
rec.recommender.class=rankals
rec.random.seed=1
rec.recommender.isranking=true
rec.learnrate.bolddriver=false
rec.factor.number=10
rec.learnRate.bolddriver=false
rec.eval.enable=true
rec.user.regularization=0.1

17/03/25 11:27:00 INFO TextDataConvertor: Dataset: ...librec/data/movielens/ml-100k-split
17/03/25 11:27:00 INFO TextDataConvertor: All dataset files [E:\Users\v-fuz\tools\recommender_system\librec_sourcecode\librec\data\movielens\ml-100k-split\uniform_negsample.txt]
17/03/25 11:27:00 INFO TextDataConvertor: All dataset files size 6153533
17/03/25 11:27:00 INFO TextDataConvertor: Now loading dataset file uniform_negsample
17/03/25 11:27:04 INFO TextDataModel: Transform data to Convertor successfully!
17/03/25 11:27:04 INFO TextDataModel: Split data to train Set and test Set successfully!
17/03/25 11:27:04 INFO TextDataModel: Data size of training is 80003
17/03/25 11:27:04 INFO TextDataModel: Data size of testing is 10001
17/03/25 11:27:04 INFO RankALSRecommender: Job Setup completed.
17/03/25 12:12:20 INFO RankALSRecommender: Job Train completed.
17/03/25 12:12:21 INFO RankALSRecommender: Job End.
17/03/25 12:12:21 INFO RecommenderJob: Evaluator info:AUCEvaluator is 0.7750082528113637
17/03/25 12:12:22 INFO RecommenderJob: Result path is E:/Users/v-fuz/tools/recommender_system/librec_sourcecode/librec/core/src/main/java/net/librec/run/result/movielens/ml-100k-split-rankals-output/rankals
17/03/25 12:12:22 INFO test_all_ranking_pure: End


