17/03/26 23:28:35 INFO test_all_ranking_pure: ********************************************************************************
17/03/26 23:28:35 INFO test_all_ranking_pure: Begin

17/03/26 23:28:35 INFO test_all_ranking_pure: 
rec.iterator.learnrate=0.01
rec.eval.classes=auc
rec.learnrate.decay=1.0
rec.iterator.maximum=200
rec.item.distribution.parameter=500
rec.iterator.learnrate.maximum=0.01
rec.item.regularization=0.01
rec.recommender.ranking.topn=10
rec.recommender.class=aobpr
rec.random.seed=1
rec.recommender.isranking=true
rec.learnrate.bolddriver=false
rec.factor.number=10
rec.learnRate.bolddriver=false
rec.eval.enable=true
rec.user.regularization=0.01

17/03/26 23:28:35 INFO TextDataConvertor: Dataset: ...librec/data/movielens/ml-100k-split
17/03/26 23:28:35 INFO TextDataConvertor: All dataset files [E:\Users\v-fuz\tools\recommender_system\librec_sourcecode\librec\data\movielens\ml-100k-split\uniform_negsample.txt]
17/03/26 23:28:35 INFO TextDataConvertor: All dataset files size 6153533
17/03/26 23:28:35 INFO TextDataConvertor: Now loading dataset file uniform_negsample
17/03/26 23:28:37 INFO TextDataModel: Transform data to Convertor successfully!
17/03/26 23:28:37 INFO TextDataModel: Split data to train Set and test Set successfully!
17/03/26 23:28:37 INFO TextDataModel: Data size of training is 80003
17/03/26 23:28:37 INFO TextDataModel: Data size of testing is 10001
17/03/26 23:28:37 INFO AoBPRRecommender: Job Setup completed.
17/03/26 23:28:40 INFO AoBPRRecommender: iter 1 Evaluator value:AUC top 10 is -1.0	0.5073458743771246	0.5037421677576309
17/03/26 23:28:42 INFO AoBPRRecommender: iter 2 Evaluator value:AUC top 10 is -1.0	0.5074285878967106	0.505922671926911
17/03/26 23:28:44 INFO AoBPRRecommender: iter 3 Evaluator value:AUC top 10 is -1.0	0.5089301803911999	0.5052229662149248
17/03/26 23:28:46 INFO AoBPRRecommender: iter 4 Evaluator value:AUC top 10 is -1.0	0.5118733500107048	0.5052400343377428
17/03/26 23:28:48 INFO AoBPRRecommender: iter 5 Evaluator value:AUC top 10 is -1.0	0.5163381449933974	0.5096870360456949
17/03/26 23:28:50 INFO AoBPRRecommender: iter 6 Evaluator value:AUC top 10 is -1.0	0.5333798327359071	0.5268590704273951
17/03/26 23:28:53 INFO AoBPRRecommender: iter 7 Evaluator value:AUC top 10 is -1.0	0.5692147799546804	0.5762056482661088
17/03/26 23:28:55 INFO AoBPRRecommender: iter 8 Evaluator value:AUC top 10 is -1.0	0.619400603540858	0.6189812206976344
17/03/26 23:28:56 INFO AoBPRRecommender: iter 9 Evaluator value:AUC top 10 is -1.0	0.6681207518160995	0.6656258824072016
17/03/26 23:28:58 INFO AoBPRRecommender: iter 10 Evaluator value:AUC top 10 is -1.0	0.6861487308779232	0.7017823301281495
17/03/26 23:29:01 INFO AoBPRRecommender: iter 11 Evaluator value:AUC top 10 is -1.0	0.7012063871182991	0.715341862472365
17/03/26 23:29:02 INFO AoBPRRecommender: iter 12 Evaluator value:AUC top 10 is -1.0	0.7154962216846795	0.7183653221620541
17/03/26 23:29:04 INFO AoBPRRecommender: iter 13 Evaluator value:AUC top 10 is -1.0	0.7169837709843657	0.7213912235824114
17/03/26 23:29:06 INFO AoBPRRecommender: iter 14 Evaluator value:AUC top 10 is -1.0	0.7162381792889825	0.7243881513233428
17/03/26 23:29:08 INFO AoBPRRecommender: iter 15 Evaluator value:AUC top 10 is -1.0	0.7162748658307742	0.7243868171374506
17/03/26 23:29:10 INFO AoBPRRecommender: iter 16 Evaluator value:AUC top 10 is -1.0	0.71477822701531	0.7243952764467775
17/03/26 23:29:11 INFO AoBPRRecommender: iter 17 Evaluator value:AUC top 10 is -1.0	0.7192787596222954	0.7221454086994926
17/03/26 23:29:13 INFO AoBPRRecommender: iter 18 Evaluator value:AUC top 10 is -1.0	0.7132711957992276	0.7221348603540929
17/03/26 23:29:15 INFO AoBPRRecommender: iter 19 Evaluator value:AUC top 10 is -1.0	0.714734208736077	0.7229089202842338
17/03/26 23:29:17 INFO AoBPRRecommender: iter 20 Evaluator value:AUC top 10 is -1.0	0.7177805435696392	0.7191479650075364
17/03/26 23:29:20 INFO AoBPRRecommender: iter 21 Evaluator value:AUC top 10 is -1.0	0.7139907397162077	0.7199079961216606
17/03/26 23:29:21 INFO AoBPRRecommender: iter 22 Evaluator value:AUC top 10 is -1.0	0.7222419982400765	0.7244253561373484
17/03/26 23:29:23 INFO AoBPRRecommender: iter 23 Evaluator value:AUC top 10 is -1.0	0.7260042426617934	0.7244280058298559
17/03/26 23:29:27 INFO AoBPRRecommender: iter 24 Evaluator value:AUC top 10 is -1.0	0.7215216409711737	0.727434669394609
17/03/26 23:29:29 INFO AoBPRRecommender: iter 25 Evaluator value:AUC top 10 is -1.0	0.7170122575520941	0.7259254296995351
17/03/26 23:29:31 INFO AoBPRRecommender: iter 26 Evaluator value:AUC top 10 is -1.0	0.7192694016015857	0.724419599915657
17/03/26 23:29:33 INFO AoBPRRecommender: iter 27 Evaluator value:AUC top 10 is -1.0	0.7192549667766664	0.7281984698936675
17/03/26 23:29:35 INFO AoBPRRecommender: iter 28 Evaluator value:AUC top 10 is -1.0	0.7237555582621633	0.7244244228502064
17/03/26 23:29:37 INFO AoBPRRecommender: iter 29 Evaluator value:AUC top 10 is -1.0	0.7252601613296122	0.7304645094349858
17/03/26 23:29:39 INFO AoBPRRecommender: iter 30 Evaluator value:AUC top 10 is -1.0	0.7290061224551744	0.7327173725305607
17/03/26 23:29:42 INFO AoBPRRecommender: iter 31 Evaluator value:AUC top 10 is -1.0	0.728258541536711	0.7267075034608844
17/03/26 23:29:43 INFO AoBPRRecommender: iter 32 Evaluator value:AUC top 10 is -1.0	0.7327940684043482	0.7229355449262643
17/03/26 23:29:45 INFO AoBPRRecommender: iter 33 Evaluator value:AUC top 10 is -1.0	0.7267709151092145	0.7236767248258311
17/03/26 23:29:47 INFO AoBPRRecommender: iter 34 Evaluator value:AUC top 10 is -1.0	0.7237731314182246	0.7259252052752456
17/03/26 23:29:48 INFO AoBPRRecommender: iter 35 Evaluator value:AUC top 10 is -1.0	0.7184788681090863	0.7198932935464383
17/03/26 23:29:50 INFO AoBPRRecommender: iter 36 Evaluator value:AUC top 10 is -1.0	0.7222288906511048	0.7266968015730588
17/03/26 23:29:52 INFO AoBPRRecommender: iter 37 Evaluator value:AUC top 10 is -1.0	0.7282229956348331	0.725168170395012
17/03/26 23:29:54 INFO AoBPRRecommender: iter 38 Evaluator value:AUC top 10 is -1.0	0.7274680116946667	0.7236615261465352
17/03/26 23:29:56 INFO AoBPRRecommender: iter 39 Evaluator value:AUC top 10 is -1.0	0.7259762895528462	0.7251829949322713
17/03/26 23:29:58 INFO AoBPRRecommender: iter 40 Evaluator value:AUC top 10 is -1.0	0.7282300116914482	0.732707607729134
17/03/26 23:29:59 INFO AoBPRRecommender: iter 41 Evaluator value:AUC top 10 is -1.0	0.7297161666311859	0.7296916186484415
17/03/26 23:30:02 INFO AoBPRRecommender: iter 42 Evaluator value:AUC top 10 is -1.0	0.7327360568018381	0.7266848007389772
17/03/26 23:30:03 INFO AoBPRRecommender: iter 43 Evaluator value:AUC top 10 is -1.0	0.7260033112925552	0.7198996992526823
17/03/26 23:30:05 INFO AoBPRRecommender: iter 44 Evaluator value:AUC top 10 is -1.0	0.7312721825108385	0.7236492069931438
17/03/26 23:30:07 INFO AoBPRRecommender: iter 45 Evaluator value:AUC top 10 is -1.0	0.7342652337584352	0.7206292707398454
17/03/26 23:30:09 INFO AoBPRRecommender: iter 46 Evaluator value:AUC top 10 is -1.0	0.7402805650082519	0.7251695861174151
17/03/26 23:30:11 INFO AoBPRRecommender: iter 47 Evaluator value:AUC top 10 is -1.0	0.7380243972425797	0.7289346195763766
17/03/26 23:30:13 INFO AoBPRRecommender: iter 48 Evaluator value:AUC top 10 is -1.0	0.7395217834590473	0.733464161321161
17/03/26 23:30:15 INFO AoBPRRecommender: iter 49 Evaluator value:AUC top 10 is -1.0	0.7319980344880448	0.7319702406068845
17/03/26 23:30:17 INFO AoBPRRecommender: iter 50 Evaluator value:AUC top 10 is -1.0	0.7274741339738114	0.7274508274888795
17/03/26 23:30:19 INFO AoBPRRecommender: iter 51 Evaluator value:AUC top 10 is -1.0	0.727465886074253	0.7297100981419796
17/03/26 23:30:22 INFO AoBPRRecommender: iter 52 Evaluator value:AUC top 10 is -1.0	0.7334666979182201	0.7311940928690723
17/03/26 23:30:23 INFO AoBPRRecommender: iter 53 Evaluator value:AUC top 10 is -1.0	0.7395209266775739	0.7327037224617801
17/03/26 23:30:25 INFO AoBPRRecommender: iter 54 Evaluator value:AUC top 10 is -1.0	0.7380153814671628	0.737208972235109
17/03/26 23:30:27 INFO AoBPRRecommender: iter 55 Evaluator value:AUC top 10 is -1.0	0.7357406928095367	0.7334465332272274
17/03/26 23:30:29 INFO AoBPRRecommender: iter 56 Evaluator value:AUC top 10 is -1.0	0.7327260802979952	0.7364599339046838
17/03/26 23:30:31 INFO AoBPRRecommender: iter 57 Evaluator value:AUC top 10 is -1.0	0.7379801153856709	0.7319430935461763
17/03/26 23:30:33 INFO AoBPRRecommender: iter 58 Evaluator value:AUC top 10 is -1.0	0.7372375879647891	0.7357134433125885
17/03/26 23:30:34 INFO AoBPRRecommender: iter 59 Evaluator value:AUC top 10 is -1.0	0.7349919568250666	0.7425028943970235
17/03/26 23:30:37 INFO AoBPRRecommender: iter 60 Evaluator value:AUC top 10 is -1.0	0.7372485241495469	0.7372367679762271
17/03/26 23:30:39 INFO AoBPRRecommender: iter 61 Evaluator value:AUC top 10 is -1.0	0.7372441211543763	0.7409960070108556
17/03/26 23:30:41 INFO AoBPRRecommender: iter 62 Evaluator value:AUC top 10 is -1.0	0.7379969423951018	0.7425012116126568
17/03/26 23:30:42 INFO AoBPRRecommender: iter 63 Evaluator value:AUC top 10 is -1.0	0.7409940705778697	0.7409843595191523
17/03/26 23:30:44 INFO AoBPRRecommender: iter 64 Evaluator value:AUC top 10 is -1.0	0.7424791495889436	0.7425154488548031
17/03/26 23:30:46 INFO AoBPRRecommender: iter 65 Evaluator value:AUC top 10 is -1.0	0.7357213203261276	0.7455154953683345
17/03/26 23:30:48 INFO AoBPRRecommender: iter 66 Evaluator value:AUC top 10 is -1.0	0.7424863013342016	0.7440219153695837
17/03/26 23:30:50 INFO AoBPRRecommender: iter 67 Evaluator value:AUC top 10 is -1.0	0.7424849996427996	0.7410098334793415
17/03/26 23:30:51 INFO AoBPRRecommender: iter 68 Evaluator value:AUC top 10 is -1.0	0.7409811726578845	0.7394785350307274
17/03/26 23:30:53 INFO AoBPRRecommender: iter 69 Evaluator value:AUC top 10 is -1.0	0.7409892366837123	0.737251492012649
17/03/26 23:30:55 INFO AoBPRRecommender: iter 70 Evaluator value:AUC top 10 is -1.0	0.7432574411562131	0.7425003500557734
17/03/26 23:30:58 INFO AoBPRRecommender: iter 71 Evaluator value:AUC top 10 is -1.0	0.7379743926182423	0.7462903210536044
17/03/26 23:30:59 INFO AoBPRRecommender: iter 72 Evaluator value:AUC top 10 is -1.0	0.7402289739544692	0.7455533782654464
17/03/26 23:31:01 INFO AoBPRRecommender: iter 73 Evaluator value:AUC top 10 is -1.0	0.7387350925670155	0.7447765265216332
17/03/26 23:31:03 INFO AoBPRRecommender: iter 74 Evaluator value:AUC top 10 is -1.0	0.7402378305550705	0.7440082106485727
17/03/26 23:31:05 INFO AoBPRRecommender: iter 75 Evaluator value:AUC top 10 is -1.0	0.7440044216494793	0.747014906968551
17/03/26 23:31:07 INFO AoBPRRecommender: iter 76 Evaluator value:AUC top 10 is -1.0	0.7432417980168561	0.7470467956285834
17/03/26 23:31:08 INFO AoBPRRecommender: iter 77 Evaluator value:AUC top 10 is -1.0	0.7455181330251915	0.7500436396575091
17/03/26 23:31:10 INFO AoBPRRecommender: iter 78 Evaluator value:AUC top 10 is -1.0	0.7477460608606286	0.7500175977337349
17/03/26 23:31:13 INFO AoBPRRecommender: iter 79 Evaluator value:AUC top 10 is -1.0	0.7500144662381758	0.7485260539569103
17/03/26 23:31:15 INFO AoBPRRecommender: iter 80 Evaluator value:AUC top 10 is -1.0	0.7537616647498087	0.7439872506395938
17/03/26 23:31:17 INFO AoBPRRecommender: iter 81 Evaluator value:AUC top 10 is -1.0	0.7515277074753303	0.7462485243506207
17/03/26 23:31:19 INFO AoBPRRecommender: iter 82 Evaluator value:AUC top 10 is -1.0	0.7530359750055929	0.750772360269297
17/03/26 23:31:21 INFO AoBPRRecommender: iter 83 Evaluator value:AUC top 10 is -1.0	0.7545072166626874	0.7515240450689825
17/03/26 23:31:24 INFO AoBPRRecommender: iter 84 Evaluator value:AUC top 10 is -1.0	0.7522580334597938	0.753037019417669
17/03/26 23:31:26 INFO AoBPRRecommender: iter 85 Evaluator value:AUC top 10 is -1.0	0.7552670750431142	0.7500243824468559
17/03/26 23:31:28 INFO AoBPRRecommender: iter 86 Evaluator value:AUC top 10 is -1.0	0.7590124899861207	0.7537902576105349
17/03/26 23:31:30 INFO AoBPRRecommender: iter 87 Evaluator value:AUC top 10 is -1.0	0.7552634761221557	0.7552970480936897
17/03/26 23:31:32 INFO AoBPRRecommender: iter 88 Evaluator value:AUC top 10 is -1.0	0.7492530102747759	0.7492781826892257
17/03/26 23:31:34 INFO AoBPRRecommender: iter 89 Evaluator value:AUC top 10 is -1.0	0.7514968816229243	0.747764742024098
17/03/26 23:31:35 INFO AoBPRRecommender: iter 90 Evaluator value:AUC top 10 is -1.0	0.7470008349614097	0.7477748873187373
17/03/26 23:31:37 INFO AoBPRRecommender: iter 91 Evaluator value:AUC top 10 is -1.0	0.749256886630889	0.7477584490846904
17/03/26 23:31:38 INFO AoBPRRecommender: iter 92 Evaluator value:AUC top 10 is -1.0	0.7522381394709572	0.750760037338034
17/03/26 23:31:41 INFO AoBPRRecommender: iter 93 Evaluator value:AUC top 10 is -1.0	0.7522578154030817	0.7492533293163424
17/03/26 23:31:43 INFO AoBPRRecommender: iter 94 Evaluator value:AUC top 10 is -1.0	0.7529908177523325	0.7485207846282828
17/03/26 23:31:46 INFO AoBPRRecommender: iter 95 Evaluator value:AUC top 10 is -1.0	0.7500022281823542	0.748540690911252
17/03/26 23:31:47 INFO AoBPRRecommender: iter 96 Evaluator value:AUC top 10 is -1.0	0.7469755211093361	0.7530351773665965
17/03/26 23:31:49 INFO AoBPRRecommender: iter 97 Evaluator value:AUC top 10 is -1.0	0.7485061517511118	0.7447472293056939
17/03/26 23:31:51 INFO AoBPRRecommender: iter 98 Evaluator value:AUC top 10 is -1.0	0.7575113882154572	0.7500104741177335
17/03/26 23:31:53 INFO AoBPRRecommender: iter 99 Evaluator value:AUC top 10 is -1.0	0.7485033411323591	0.7507521822246424
17/03/26 23:31:55 INFO AoBPRRecommender: iter 100 Evaluator value:AUC top 10 is -1.0	0.7447553406735361	0.7447432793672092
17/03/26 23:31:56 INFO AoBPRRecommender: iter 101 Evaluator value:AUC top 10 is -1.0	0.7439827360818873	0.7432421568758573
17/03/26 23:31:58 INFO AoBPRRecommender: iter 102 Evaluator value:AUC top 10 is -1.0	0.7439967882779726	0.7447376771593186
17/03/26 23:32:00 INFO AoBPRRecommender: iter 103 Evaluator value:AUC top 10 is -1.0	0.7470028862259368	0.7492459706937338
17/03/26 23:32:02 INFO AoBPRRecommender: iter 104 Evaluator value:AUC top 10 is -1.0	0.7500088429227472	0.7439803024131942
17/03/26 23:32:04 INFO AoBPRRecommender: iter 105 Evaluator value:AUC top 10 is -1.0	0.7507579279111515	0.7469839210215191
17/03/26 23:32:06 INFO AoBPRRecommender: iter 106 Evaluator value:AUC top 10 is -1.0	0.754513436975943	0.7477489364943833
17/03/26 23:32:09 INFO AoBPRRecommender: iter 107 Evaluator value:AUC top 10 is -1.0	0.7545099999717317	0.7417253802417985
17/03/26 23:32:11 INFO AoBPRRecommender: iter 108 Evaluator value:AUC top 10 is -1.0	0.7530012058796463	0.7545165920904539
17/03/26 23:32:13 INFO AoBPRRecommender: iter 109 Evaluator value:AUC top 10 is -1.0	0.7462368213619882	0.7545248362408971
17/03/26 23:32:15 INFO AoBPRRecommender: iter 110 Evaluator value:AUC top 10 is -1.0	0.7499859840237406	0.753781291581222
17/03/26 23:32:16 INFO AoBPRRecommender: iter 111 Evaluator value:AUC top 10 is -1.0	0.7529888321239867	0.7523012998512513
17/03/26 23:32:19 INFO AoBPRRecommender: iter 112 Evaluator value:AUC top 10 is -1.0	0.7544994888979734	0.75457046997577
17/03/26 23:32:21 INFO AoBPRRecommender: iter 113 Evaluator value:AUC top 10 is -1.0	0.7567548582080754	0.7545394197669272
17/03/26 23:32:23 INFO AoBPRRecommender: iter 114 Evaluator value:AUC top 10 is -1.0	0.7522558613657404	0.7515184587174792
17/03/26 23:32:25 INFO AoBPRRecommender: iter 115 Evaluator value:AUC top 10 is -1.0	0.759743734538364	0.7499941517083291
17/03/26 23:32:27 INFO AoBPRRecommender: iter 116 Evaluator value:AUC top 10 is -1.0	0.755995512211514	0.7484953719707831
17/03/26 23:32:29 INFO AoBPRRecommender: iter 117 Evaluator value:AUC top 10 is -1.0	0.7560137213532584	0.755266220970596
17/03/26 23:32:30 INFO AoBPRRecommender: iter 118 Evaluator value:AUC top 10 is -1.0	0.753009205314758	0.754521442346679
17/03/26 23:32:32 INFO AoBPRRecommender: iter 119 Evaluator value:AUC top 10 is -1.0	0.7575019815773645	0.7522920561705342
17/03/26 23:32:34 INFO AoBPRRecommender: iter 120 Evaluator value:AUC top 10 is -1.0	0.7530017483405947	0.7523014898578284
17/03/26 23:32:36 INFO AoBPRRecommender: iter 121 Evaluator value:AUC top 10 is -1.0	0.7514846329961496	0.7590763011013076
17/03/26 23:32:38 INFO AoBPRRecommender: iter 122 Evaluator value:AUC top 10 is -1.0	0.7507576038071878	0.756072026689977
17/03/26 23:32:41 INFO AoBPRRecommender: iter 123 Evaluator value:AUC top 10 is -1.0	0.7530344933096091	0.7507820459429959
17/03/26 23:32:43 INFO AoBPRRecommender: iter 124 Evaluator value:AUC top 10 is -1.0	0.7605159820992848	0.7500300170344844
17/03/26 23:32:45 INFO AoBPRRecommender: iter 125 Evaluator value:AUC top 10 is -1.0	0.7492425894959716	0.7485248590453089
17/03/26 23:32:47 INFO AoBPRRecommender: iter 126 Evaluator value:AUC top 10 is -1.0	0.753745051138261	0.7477604696874037
17/03/26 23:32:50 INFO AoBPRRecommender: iter 127 Evaluator value:AUC top 10 is -1.0	0.7567412437290937	0.748527251383167
17/03/26 23:32:52 INFO AoBPRRecommender: iter 128 Evaluator value:AUC top 10 is -1.0	0.7597308357554821	0.7500179641779516
17/03/26 23:32:54 INFO AoBPRRecommender: iter 129 Evaluator value:AUC top 10 is -1.0	0.7567410162767777	0.7560465550015205
17/03/26 23:32:57 INFO AoBPRRecommender: iter 130 Evaluator value:AUC top 10 is -1.0	0.7530054259104514	0.7530668115608743
17/03/26 23:32:58 INFO AoBPRRecommender: iter 131 Evaluator value:AUC top 10 is -1.0	0.7530010902795619	0.7492844505698572
17/03/26 23:33:00 INFO AoBPRRecommender: iter 132 Evaluator value:AUC top 10 is -1.0	0.7477486246387408	0.7522995221398522
17/03/26 23:33:03 INFO AoBPRRecommender: iter 133 Evaluator value:AUC top 10 is -1.0	0.7492598564612593	0.7560590945066883
17/03/26 23:33:05 INFO AoBPRRecommender: iter 134 Evaluator value:AUC top 10 is -1.0	0.7560149114665832	0.7560690388687289
17/03/26 23:33:07 INFO AoBPRRecommender: iter 135 Evaluator value:AUC top 10 is -1.0	0.7545142909786903	0.7492867485168231
17/03/26 23:33:09 INFO AoBPRRecommender: iter 136 Evaluator value:AUC top 10 is -1.0	0.7590164097917366	0.7522976609974551
17/03/26 23:33:11 INFO AoBPRRecommender: iter 137 Evaluator value:AUC top 10 is -1.0	0.7537674387524222	0.7538117780467121
17/03/26 23:33:13 INFO AoBPRRecommender: iter 138 Evaluator value:AUC top 10 is -1.0	0.7590273806955029	0.7552894398698596
17/03/26 23:33:15 INFO AoBPRRecommender: iter 139 Evaluator value:AUC top 10 is -1.0	0.7590203158549974	0.7545354248501236
17/03/26 23:33:17 INFO AoBPRRecommender: iter 140 Evaluator value:AUC top 10 is -1.0	0.7567657935769392	0.7568057902266841
17/03/26 23:33:19 INFO AoBPRRecommender: iter 141 Evaluator value:AUC top 10 is -1.0	0.7552632330057396	0.7545409632290833
17/03/26 23:33:21 INFO AoBPRRecommender: iter 142 Evaluator value:AUC top 10 is -1.0	0.7507551791360779	0.7568099486228033
17/03/26 23:33:23 INFO AoBPRRecommender: iter 143 Evaluator value:AUC top 10 is -1.0	0.7552707141192558	0.7530574818150942
17/03/26 23:33:24 INFO AoBPRRecommender: iter 144 Evaluator value:AUC top 10 is -1.0	0.7552700899543691	0.7538098839776189
17/03/26 23:33:26 INFO AoBPRRecommender: iter 145 Evaluator value:AUC top 10 is -1.0	0.7590199315546861	0.7508094368539978
17/03/26 23:33:28 INFO AoBPRRecommender: iter 146 Evaluator value:AUC top 10 is -1.0	0.7567742960218979	0.7493128717974118
17/03/26 23:33:30 INFO AoBPRRecommender: iter 147 Evaluator value:AUC top 10 is -1.0	0.7560272683567204	0.7500619418447779
17/03/26 23:33:32 INFO AoBPRRecommender: iter 148 Evaluator value:AUC top 10 is -1.0	0.7612734102393267	0.7553210654512041
17/03/26 23:33:33 INFO AoBPRRecommender: iter 149 Evaluator value:AUC top 10 is -1.0	0.7635211469413374	0.7530504495270908
17/03/26 23:33:35 INFO AoBPRRecommender: iter 150 Evaluator value:AUC top 10 is -1.0	0.757517090237329	0.7522912634364579
17/03/26 23:33:37 INFO AoBPRRecommender: iter 151 Evaluator value:AUC top 10 is -1.0	0.7530076189987416	0.7522870782905001
17/03/26 23:33:39 INFO AoBPRRecommender: iter 152 Evaluator value:AUC top 10 is -1.0	0.7575164125885016	0.755292347270442
17/03/26 23:33:41 INFO AoBPRRecommender: iter 153 Evaluator value:AUC top 10 is -1.0	0.7575092221951853	0.753062801314762
17/03/26 23:33:43 INFO AoBPRRecommender: iter 154 Evaluator value:AUC top 10 is -1.0	0.7567778899600309	0.7583193760428498
17/03/26 23:33:45 INFO AoBPRRecommender: iter 155 Evaluator value:AUC top 10 is -1.0	0.7582703370411258	0.7477895688330577
17/03/26 23:33:47 INFO AoBPRRecommender: iter 156 Evaluator value:AUC top 10 is -1.0	0.7575259396645458	0.753814383221936
17/03/26 23:33:48 INFO AoBPRRecommender: iter 157 Evaluator value:AUC top 10 is -1.0	0.762778318671919	0.753060838391773
17/03/26 23:33:50 INFO AoBPRRecommender: iter 158 Evaluator value:AUC top 10 is -1.0	0.764299274406398	0.7545724826132733
17/03/26 23:33:54 INFO AoBPRRecommender: iter 159 Evaluator value:AUC top 10 is -1.0	0.7597893190972502	0.7530709807660017
17/03/26 23:33:57 INFO AoBPRRecommender: iter 160 Evaluator value:AUC top 10 is -1.0	0.7650525473512813	0.7493004762818205
17/03/26 23:33:59 INFO AoBPRRecommender: iter 161 Evaluator value:AUC top 10 is -1.0	0.7612868813399865	0.756808585158933
17/03/26 23:34:01 INFO AoBPRRecommender: iter 162 Evaluator value:AUC top 10 is -1.0	0.761288882475905	0.756818382827737
17/03/26 23:34:03 INFO AoBPRRecommender: iter 163 Evaluator value:AUC top 10 is -1.0	0.7590805397114502	0.7553293801998092
17/03/26 23:34:05 INFO AoBPRRecommender: iter 164 Evaluator value:AUC top 10 is -1.0	0.7560167112417924	0.7590817807755509
17/03/26 23:34:08 INFO AoBPRRecommender: iter 165 Evaluator value:AUC top 10 is -1.0	0.763537231518809	0.7590746037959463
17/03/26 23:34:09 INFO AoBPRRecommender: iter 166 Evaluator value:AUC top 10 is -1.0	0.7597885969038958	0.7605609119064594
17/03/26 23:34:11 INFO AoBPRRecommender: iter 167 Evaluator value:AUC top 10 is -1.0	0.764287528811335	0.7545449371330067
17/03/26 23:34:14 INFO AoBPRRecommender: iter 168 Evaluator value:AUC top 10 is -1.0	0.7597881570648888	0.7560422392468682
17/03/26 23:34:16 INFO AoBPRRecommender: iter 169 Evaluator value:AUC top 10 is -1.0	0.7627902715545689	0.7613351332782304
17/03/26 23:34:19 INFO AoBPRRecommender: iter 170 Evaluator value:AUC top 10 is -1.0	0.7688000063421295	0.7575777815671292
17/03/26 23:34:21 INFO AoBPRRecommender: iter 171 Evaluator value:AUC top 10 is -1.0	0.762787561314873	0.7628226840568461
17/03/26 23:34:23 INFO AoBPRRecommender: iter 172 Evaluator value:AUC top 10 is -1.0	0.7672858249394646	0.7621003393270844
17/03/26 23:34:25 INFO AoBPRRecommender: iter 173 Evaluator value:AUC top 10 is -1.0	0.7687870688989684	0.7560739321575581
17/03/26 23:34:27 INFO AoBPRRecommender: iter 174 Evaluator value:AUC top 10 is -1.0	0.7627816709103544	0.756855678839199
17/03/26 23:34:29 INFO AoBPRRecommender: iter 175 Evaluator value:AUC top 10 is -1.0	0.7627784432069165	0.7583814891145707
17/03/26 23:34:32 INFO AoBPRRecommender: iter 176 Evaluator value:AUC top 10 is -1.0	0.7687677527545758	0.7546206274451531
17/03/26 23:34:35 INFO AoBPRRecommender: iter 177 Evaluator value:AUC top 10 is -1.0	0.7680092385240682	0.7568279896277691
17/03/26 23:34:37 INFO AoBPRRecommender: iter 178 Evaluator value:AUC top 10 is -1.0	0.7687637855225904	0.7560941923008423
17/03/26 23:34:39 INFO AoBPRRecommender: iter 179 Evaluator value:AUC top 10 is -1.0	0.7665204113920127	0.7553305188005636
17/03/26 23:34:41 INFO AoBPRRecommender: iter 180 Evaluator value:AUC top 10 is -1.0	0.7665206626335606	0.7553449216364135
17/03/26 23:34:44 INFO AoBPRRecommender: iter 181 Evaluator value:AUC top 10 is -1.0	0.763509987693539	0.752328911091316
17/03/26 23:34:46 INFO AoBPRRecommender: iter 182 Evaluator value:AUC top 10 is -1.0	0.7657556170460457	0.7493036233110664
17/03/26 23:34:48 INFO AoBPRRecommender: iter 183 Evaluator value:AUC top 10 is -1.0	0.7650281552268191	0.7568168371826105
17/03/26 23:34:51 INFO AoBPRRecommender: iter 184 Evaluator value:AUC top 10 is -1.0	0.7635206589593847	0.7635966932700976
17/03/26 23:34:53 INFO AoBPRRecommender: iter 185 Evaluator value:AUC top 10 is -1.0	0.7642702953047803	0.7605787327313287
17/03/26 23:34:54 INFO AoBPRRecommender: iter 186 Evaluator value:AUC top 10 is -1.0	0.7710309942294911	0.7545645155739209
17/03/26 23:34:56 INFO AoBPRRecommender: iter 187 Evaluator value:AUC top 10 is -1.0	0.7672858595840482	0.7553251953076708
17/03/26 23:34:59 INFO AoBPRRecommender: iter 188 Evaluator value:AUC top 10 is -1.0	0.7665305125382036	0.759841449457851
17/03/26 23:35:01 INFO AoBPRRecommender: iter 189 Evaluator value:AUC top 10 is -1.0	0.7687832256569846	0.7500434591799605
17/03/26 23:35:03 INFO AoBPRRecommender: iter 190 Evaluator value:AUC top 10 is -1.0	0.7635227767584927	0.7515451440345028
17/03/26 23:35:05 INFO AoBPRRecommender: iter 191 Evaluator value:AUC top 10 is -1.0	0.7695389263909083	0.7478013054248999
17/03/26 23:35:07 INFO AoBPRRecommender: iter 192 Evaluator value:AUC top 10 is -1.0	0.7687768943724256	0.7590956349919267
17/03/26 23:35:09 INFO AoBPRRecommender: iter 193 Evaluator value:AUC top 10 is -1.0	0.7597739369419062	0.7545727351294501
17/03/26 23:35:11 INFO AoBPRRecommender: iter 194 Evaluator value:AUC top 10 is -1.0	0.7657703936179332	0.7568490782334012
17/03/26 23:35:13 INFO AoBPRRecommender: iter 195 Evaluator value:AUC top 10 is -1.0	0.7582707603123744	0.7553129883000936
17/03/26 23:35:14 INFO AoBPRRecommender: iter 196 Evaluator value:AUC top 10 is -1.0	0.7620338463955327	0.7613579335355226
17/03/26 23:35:16 INFO AoBPRRecommender: iter 197 Evaluator value:AUC top 10 is -1.0	0.7612667308517084	0.7643519084253965
17/03/26 23:35:18 INFO AoBPRRecommender: iter 198 Evaluator value:AUC top 10 is -1.0	0.7605208767983813	0.7606003021941384
17/03/26 23:35:19 INFO AoBPRRecommender: iter 199 Evaluator value:AUC top 10 is -1.0	0.7657686884348116	0.7545714639056804
17/03/26 23:35:22 INFO AoBPRRecommender: iter 200 Evaluator value:AUC top 10 is -1.0	0.7650481781073475	0.7575968272938115
17/03/26 23:35:22 INFO AoBPRRecommender: Job Train completed.
17/03/26 23:35:22 INFO AoBPRRecommender: Job End.
17/03/26 23:35:22 INFO RecommenderJob: Evaluator info:AUCEvaluator is 0.7575968272938115
17/03/26 23:35:23 INFO RecommenderJob: Result path is E:/Users/v-fuz/tools/recommender_system/librec_sourcecode/librec/core/src/main/java/net/librec/run/result/movielens/ml-100k-split-aobpr-output/aobpr
17/03/26 23:35:23 INFO test_all_ranking_pure: End


