17/03/23 13:11:01 INFO test_all_rating_pure: ********************************************************************************
17/03/23 13:11:01 INFO test_all_rating_pure: Begin

17/03/23 13:11:01 INFO test_all_rating_pure: rec.eval.enable=true
rec.recommender.class=associationrule
rec.eval.classes=rmse
rec.random.seed=1

17/03/23 13:11:01 INFO TextDataConvertor: Dataset: ...librec/data/movielens/ml-100k-split
17/03/23 13:11:01 INFO TextDataConvertor: All dataset files [E:\Users\v-fuz\tools\recommender_system\librec_sourcecode\librec\data\movielens\ml-100k-split\movielens100k_librec.txt]
17/03/23 13:11:01 INFO TextDataConvertor: All dataset files size 3029027
17/03/23 13:11:01 INFO TextDataConvertor: Now loading dataset file movielens100k_librec
17/03/23 13:11:04 INFO TextDataModel: Transform data to Convertor successfully!
17/03/23 13:11:04 INFO TextDataModel: Split data to train Set and test Set successfully!
17/03/23 13:11:04 INFO TextDataModel: Data size of training is 80003
17/03/23 13:11:04 INFO TextDataModel: Data size of testing is 10001
17/03/23 13:11:04 INFO AssociationRuleRecommender: Job Setup completed.
17/03/23 13:11:39 INFO AssociationRuleRecommender: Job Train completed.
17/03/23 13:12:10 INFO AssociationRuleRecommender: Job End.
17/03/23 13:12:10 INFO RecommenderJob: Evaluator info:RMSEEvaluator is 1.8375425525150229
17/03/23 13:12:10 INFO RecommenderJob: Result path is E:/Users/v-fuz/tools/recommender_system/librec_sourcecode/librec/core/src/main/java/net/librec/run/result/movielens/ml-100k-split-associationrule-output/associationrule
17/03/23 13:12:10 INFO test_all_rating_pure: End


17/03/23 13:12:10 INFO test_all_rating_pure: ********************************************************************************
17/03/23 13:12:10 INFO test_all_rating_pure: Begin

17/03/23 13:12:10 INFO test_all_rating_pure: rec.eval.enable=true
rec.recommender.class=personalitydiagnosis
rec.eval.classes=rmse
rec.PersonalityDiagnosis.sigma=2.0
rec.random.seed=1

17/03/23 13:12:10 INFO TextDataConvertor: Dataset: ...librec/data/movielens/ml-100k-split
17/03/23 13:12:10 INFO TextDataConvertor: All dataset files [E:\Users\v-fuz\tools\recommender_system\librec_sourcecode\librec\data\movielens\ml-100k-split\movielens100k_librec.txt]
17/03/23 13:12:10 INFO TextDataConvertor: All dataset files size 3029027
17/03/23 13:12:10 INFO TextDataConvertor: Now loading dataset file movielens100k_librec
17/03/23 13:12:11 INFO TextDataModel: Transform data to Convertor successfully!
17/03/23 13:12:11 INFO TextDataModel: Split data to train Set and test Set successfully!
17/03/23 13:12:11 INFO TextDataModel: Data size of training is 80003
17/03/23 13:12:11 INFO TextDataModel: Data size of testing is 10001
17/03/23 13:12:11 INFO PersonalityDiagnosisRecommender: Job Setup completed.
17/03/23 13:12:11 INFO PersonalityDiagnosisRecommender: Job Train completed.
17/03/23 13:13:36 INFO PersonalityDiagnosisRecommender: Job End.
17/03/23 13:13:36 INFO RecommenderJob: Evaluator info:RMSEEvaluator is 1.2235604970621612
17/03/23 13:13:36 INFO RecommenderJob: Result path is E:/Users/v-fuz/tools/recommender_system/librec_sourcecode/librec/core/src/main/java/net/librec/run/result/movielens/ml-100k-split-personalitydiagnosis-output/personalitydiagnosis
17/03/23 13:13:36 INFO test_all_rating_pure: End


17/03/23 13:13:36 INFO test_all_rating_pure: ********************************************************************************
17/03/23 13:13:36 INFO test_all_rating_pure: Begin

17/03/23 13:13:36 INFO test_all_rating_pure: rec.eval.classes=rmse
rec.learnrate.decay=1.0
rec.sim.filter=4.0
rec.recommender.similarities=item
rec.similarity.class=cos
rec.random.seed=1
rec.recommender.class=prankd
rec.similarity.shrinkage=10
rec.learnrate.bolddriver=false
rec.eval.enable=true

17/03/23 13:13:36 INFO TextDataConvertor: Dataset: ...librec/data/movielens/ml-100k-split
17/03/23 13:13:36 INFO TextDataConvertor: All dataset files [E:\Users\v-fuz\tools\recommender_system\librec_sourcecode\librec\data\movielens\ml-100k-split\movielens100k_librec.txt]
17/03/23 13:13:36 INFO TextDataConvertor: All dataset files size 3029027
17/03/23 13:13:36 INFO TextDataConvertor: Now loading dataset file movielens100k_librec
17/03/23 13:13:37 INFO TextDataModel: Transform data to Convertor successfully!
17/03/23 13:13:37 INFO TextDataModel: Split data to train Set and test Set successfully!
17/03/23 13:13:37 INFO TextDataModel: Data size of training is 80003
17/03/23 13:13:37 INFO TextDataModel: Data size of testing is 10001
17/03/23 13:13:51 INFO PRankDRecommender: Job Setup completed.
17/03/23 13:13:56 INFO PRankDRecommender: iter 1 Evaluator value:RMSE is 3.2228382415763384	3.222281800215493	3.2228382415763384
17/03/23 13:14:02 INFO PRankDRecommender: iter 2 Evaluator value:RMSE is 3.2228382415763384	3.222281800215493	3.2228382415763384
17/03/23 13:14:07 INFO PRankDRecommender: iter 3 Evaluator value:RMSE is 3.2228382415763384	3.222281800215493	3.2228382415763384
17/03/23 13:14:13 INFO PRankDRecommender: iter 4 Evaluator value:RMSE is 3.2228382415763384	3.222281800215493	3.2228382415763384
17/03/23 13:14:19 INFO PRankDRecommender: iter 5 Evaluator value:RMSE is 3.222812712065907	3.222254329944784	3.222812712065907
17/03/23 13:14:24 INFO PRankDRecommender: iter 6 Evaluator value:RMSE is 3.222754000056961	3.222178674446948	3.222754000056961
17/03/23 13:14:30 INFO PRankDRecommender: iter 7 Evaluator value:RMSE is 3.222683435600237	3.222081551366773	3.222683435600237
17/03/23 13:14:35 INFO PRankDRecommender: iter 8 Evaluator value:RMSE is 3.222600118928079	3.2219605202327193	3.222600118928079
17/03/23 13:14:40 INFO PRankDRecommender: iter 9 Evaluator value:RMSE is 3.2225287559781117	3.221848245833715	3.2225287559781117
17/03/23 13:14:44 INFO PRankDRecommender: iter 10 Evaluator value:RMSE is 3.22244078751298	3.221705448010655	3.22244078751298
17/03/23 13:14:49 INFO PRankDRecommender: iter 11 Evaluator value:RMSE is 3.2222692131790867	3.2215186418558885	3.2222692131790867
17/03/23 13:14:54 INFO PRankDRecommender: iter 12 Evaluator value:RMSE is 3.2219886818954997	3.2212816467426935	3.2219886818954997
17/03/23 13:14:59 INFO PRankDRecommender: iter 13 Evaluator value:RMSE is 3.221728923835699	3.2210916540632653	3.221728923835699
17/03/23 13:15:04 INFO PRankDRecommender: iter 14 Evaluator value:RMSE is 3.22148250054824	3.2208891470783603	3.22148250054824
17/03/23 13:15:09 INFO PRankDRecommender: iter 15 Evaluator value:RMSE is 3.2210503531180974	3.220456208580449	3.2210503531180974
17/03/23 13:15:14 INFO PRankDRecommender: iter 16 Evaluator value:RMSE is 3.2207035873923235	3.2201349632921183	3.2207035873923235
17/03/23 13:15:19 INFO PRankDRecommender: iter 17 Evaluator value:RMSE is 3.22024035945289	3.2198017844629234	3.22024035945289
17/03/23 13:15:24 INFO PRankDRecommender: iter 18 Evaluator value:RMSE is 3.2198657485933677	3.2194732881178525	3.2198657485933677
17/03/23 13:15:29 INFO PRankDRecommender: iter 19 Evaluator value:RMSE is 3.2192573512917226	3.2189358520109224	3.2192573512917226
17/03/23 13:15:35 INFO PRankDRecommender: iter 20 Evaluator value:RMSE is 3.2187360149349797	3.218354337516931	3.2187360149349797
17/03/23 13:15:40 INFO PRankDRecommender: iter 21 Evaluator value:RMSE is 3.218226438557491	3.2179376546794125	3.218226438557491
