17/03/26 23:14:51 INFO test_all_ranking_pure: ********************************************************************************
17/03/26 23:14:51 INFO test_all_ranking_pure: Begin

17/03/26 23:14:51 INFO test_all_ranking_pure: 
rec.iterator.learnrate=0.01
rec.eval.classes=auc
rec.iterator.maximum=200
rec.iterator.learnrate.maximum=0.01
rec.learnRate.decay=1.0
rec.item.regularization=0.1
rec.recommender.ranking.topn=10
rec.random.seed=1
rec.recommender.isranking=true
rec.recommender.class=bpr
rec.factor.number=10
rec.learnRate.bolddriver=true
rec.eval.enable=true
rec.user.regularization=0.1

17/03/26 23:14:51 INFO TextDataConvertor: Dataset: ...librec/data/movielens/ml-100k-split
17/03/26 23:14:51 INFO TextDataConvertor: All dataset files [E:\Users\v-fuz\tools\recommender_system\librec_sourcecode\librec\data\movielens\ml-100k-split\uniform_negsample.txt]
17/03/26 23:14:51 INFO TextDataConvertor: All dataset files size 6153533
17/03/26 23:14:51 INFO TextDataConvertor: Now loading dataset file uniform_negsample
17/03/26 23:14:53 INFO TextDataModel: Transform data to Convertor successfully!
17/03/26 23:14:54 INFO TextDataModel: Split data to train Set and test Set successfully!
17/03/26 23:14:54 INFO TextDataModel: Data size of training is 80003
17/03/26 23:14:54 INFO TextDataModel: Data size of testing is 10001
17/03/26 23:14:54 INFO BPRRecommender: Job Setup completed.
17/03/26 23:14:55 INFO BPRRecommender: iter 1 Evaluator value:AUC top 10 is -1.0	0.5052013122616233	0.5029733657790841
17/03/26 23:14:56 INFO BPRRecommender: iter 2 Evaluator value:AUC top 10 is -1.0	0.5044511661086857	0.5022245918604358
17/03/26 23:14:56 INFO BPRRecommender: iter 3 Evaluator value:AUC top 10 is -1.0	0.5022257617119391	0.5014928347329792
17/03/26 23:14:58 INFO BPRRecommender: iter 4 Evaluator value:AUC top 10 is -1.0	0.5029540407781113	0.5014928269039135
17/03/26 23:14:59 INFO BPRRecommender: iter 5 Evaluator value:AUC top 10 is -1.0	0.5014754555920582	0.5014929967267373
17/03/26 23:15:00 INFO BPRRecommender: iter 6 Evaluator value:AUC top 10 is -1.0	0.5022519435269271	0.501493174378627
17/03/26 23:15:01 INFO BPRRecommender: iter 7 Evaluator value:AUC top 10 is -1.0	0.5300188461710528	0.5308493092666142
17/03/26 23:15:02 INFO BPRRecommender: iter 8 Evaluator value:AUC top 10 is -1.0	0.5937644229096137	0.5947623528490815
17/03/26 23:15:02 INFO BPRRecommender: iter 9 Evaluator value:AUC top 10 is -1.0	0.6596185468468171	0.6615250482831768
17/03/26 23:15:02 INFO BPRRecommender: iter 10 Evaluator value:AUC top 10 is -1.0	0.6925047162927211	0.6907701622152225
17/03/26 23:15:03 INFO BPRRecommender: iter 11 Evaluator value:AUC top 10 is -1.0	0.699144672185586	0.708679075926707
17/03/26 23:15:04 INFO BPRRecommender: iter 12 Evaluator value:AUC top 10 is -1.0	0.6998705598465922	0.7154385077782223
17/03/26 23:15:05 INFO BPRRecommender: iter 13 Evaluator value:AUC top 10 is -1.0	0.7095738358708896	0.7237183920082574
17/03/26 23:15:05 INFO BPRRecommender: iter 14 Evaluator value:AUC top 10 is -1.0	0.7193310000101465	0.725995750213722
17/03/26 23:15:06 INFO BPRRecommender: iter 15 Evaluator value:AUC top 10 is -1.0	0.7306019488863879	0.7335508380776801
17/03/26 23:15:07 INFO BPRRecommender: iter 16 Evaluator value:AUC top 10 is -1.0	0.7425942624356988	0.7425824902264151
17/03/26 23:15:08 INFO BPRRecommender: iter 17 Evaluator value:AUC top 10 is -1.0	0.7463748996179742	0.7515989217281492
17/03/26 23:15:09 INFO BPRRecommender: iter 18 Evaluator value:AUC top 10 is -1.0	0.7553780653193417	0.75612187105353
17/03/26 23:15:10 INFO BPRRecommender: iter 19 Evaluator value:AUC top 10 is -1.0	0.7643523773587365	0.7621578049861181
17/03/26 23:15:10 INFO BPRRecommender: iter 20 Evaluator value:AUC top 10 is -1.0	0.7598257696282108	0.7613943463391746
17/03/26 23:15:11 INFO BPRRecommender: iter 21 Evaluator value:AUC top 10 is -1.0	0.7680988726915414	0.7651641493827104
17/03/26 23:15:11 INFO BPRRecommender: iter 22 Evaluator value:AUC top 10 is -1.0	0.7688298189056456	0.7674004324992023
17/03/26 23:15:12 INFO BPRRecommender: iter 23 Evaluator value:AUC top 10 is -1.0	0.7755747716103916	0.7621257570405447
17/03/26 23:15:13 INFO BPRRecommender: iter 24 Evaluator value:AUC top 10 is -1.0	0.7688219323355735	0.7606243601709733
17/03/26 23:15:13 INFO BPRRecommender: iter 25 Evaluator value:AUC top 10 is -1.0	0.7763424941549939	0.7613738228828265
17/03/26 23:15:14 INFO BPRRecommender: iter 26 Evaluator value:AUC top 10 is -1.0	0.767341698240544	0.750829188987416
17/03/26 23:15:15 INFO BPRRecommender: iter 27 Evaluator value:AUC top 10 is -1.0	0.7688403731024716	0.75987037667905
17/03/26 23:15:15 INFO BPRRecommender: iter 28 Evaluator value:AUC top 10 is -1.0	0.7725978966172619	0.7628797034379888
17/03/26 23:15:15 INFO BPRRecommender: iter 29 Evaluator value:AUC top 10 is -1.0	0.768820812549568	0.7673917514869337
17/03/26 23:15:17 INFO BPRRecommender: iter 30 Evaluator value:AUC top 10 is -1.0	0.7748360268424033	0.771139672602651
17/03/26 23:15:18 INFO BPRRecommender: iter 31 Evaluator value:AUC top 10 is -1.0	0.7665944731336745	0.7613793887998085
17/03/26 23:15:19 INFO BPRRecommender: iter 32 Evaluator value:AUC top 10 is -1.0	0.7703449243463443	0.7606123878391137
17/03/26 23:15:20 INFO BPRRecommender: iter 33 Evaluator value:AUC top 10 is -1.0	0.7703509136520189	0.7538671618991064
17/03/26 23:15:21 INFO BPRRecommender: iter 34 Evaluator value:AUC top 10 is -1.0	0.7568221613570169	0.7553591751861435
17/03/26 23:15:21 INFO BPRRecommender: iter 35 Evaluator value:AUC top 10 is -1.0	0.7628593805140772	0.7523051690368742
17/03/26 23:15:21 INFO BPRRecommender: iter 36 Evaluator value:AUC top 10 is -1.0	0.7545884701861546	0.7493187622133888
17/03/26 23:15:22 INFO BPRRecommender: iter 37 Evaluator value:AUC top 10 is -1.0	0.765825404024155	0.7598420741351646
17/03/26 23:15:23 INFO BPRRecommender: iter 38 Evaluator value:AUC top 10 is -1.0	0.7703764608060725	0.7575929504547099
17/03/26 23:15:23 INFO BPRRecommender: iter 39 Evaluator value:AUC top 10 is -1.0	0.7658380613727469	0.7583619686933821
17/03/26 23:15:24 INFO BPRRecommender: iter 40 Evaluator value:AUC top 10 is -1.0	0.7606178059545555	0.7666496325824674
17/03/26 23:15:25 INFO BPRRecommender: iter 41 Evaluator value:AUC top 10 is -1.0	0.7665714695848219	0.7576291991116693
17/03/26 23:15:26 INFO BPRRecommender: iter 42 Evaluator value:AUC top 10 is -1.0	0.7673275862590232	0.7553588412791519
17/03/26 23:15:27 INFO BPRRecommender: iter 43 Evaluator value:AUC top 10 is -1.0	0.7695688363850991	0.7546002027260437
17/03/26 23:15:28 INFO BPRRecommender: iter 44 Evaluator value:AUC top 10 is -1.0	0.7680854066394478	0.7546170176319092
17/03/26 23:15:28 INFO BPRRecommender: iter 45 Evaluator value:AUC top 10 is -1.0	0.7650670969722781	0.757601093422264
17/03/26 23:15:28 INFO BPRRecommender: iter 46 Evaluator value:AUC top 10 is -1.0	0.7635807365483601	0.7523443935841022
17/03/26 23:15:29 INFO BPRRecommender: iter 47 Evaluator value:AUC top 10 is -1.0	0.7613577098123202	0.7508348023649463
17/03/26 23:15:30 INFO BPRRecommender: iter 48 Evaluator value:AUC top 10 is -1.0	0.7673510696391982	0.7515870302204767
17/03/26 23:15:31 INFO BPRRecommender: iter 49 Evaluator value:AUC top 10 is -1.0	0.7553355930511451	0.7583490158494313
17/03/26 23:15:31 INFO BPRRecommender: iter 50 Evaluator value:AUC top 10 is -1.0	0.7560881568807309	0.7485870838224117
17/03/26 23:15:32 INFO BPRRecommender: iter 51 Evaluator value:AUC top 10 is -1.0	0.7598248912679063	0.7606168954118389
17/03/26 23:15:32 INFO BPRRecommender: iter 52 Evaluator value:AUC top 10 is -1.0	0.7635542432991742	0.7553452574211277
17/03/26 23:15:33 INFO BPRRecommender: iter 53 Evaluator value:AUC top 10 is -1.0	0.7590776790664892	0.7493291598094164
17/03/26 23:15:33 INFO BPRRecommender: iter 54 Evaluator value:AUC top 10 is -1.0	0.7673696681996292	0.7613462123746502
17/03/26 23:15:34 INFO BPRRecommender: iter 55 Evaluator value:AUC top 10 is -1.0	0.7755992244275379	0.7568355301235133
17/03/26 23:15:35 INFO BPRRecommender: iter 56 Evaluator value:AUC top 10 is -1.0	0.7613547427492758	0.7553410446090237
17/03/26 23:15:35 INFO BPRRecommender: iter 57 Evaluator value:AUC top 10 is -1.0	0.7598470717257301	0.7553683640749719
17/03/26 23:15:36 INFO BPRRecommender: iter 58 Evaluator value:AUC top 10 is -1.0	0.7590820583120146	0.7508220961817342
17/03/26 23:15:37 INFO BPRRecommender: iter 59 Evaluator value:AUC top 10 is -1.0	0.7583086327125711	0.7576038318051951
17/03/26 23:15:37 INFO BPRRecommender: iter 60 Evaluator value:AUC top 10 is -1.0	0.7531200186690802	0.7508204305975265
17/03/26 23:15:38 INFO BPRRecommender: iter 61 Evaluator value:AUC top 10 is -1.0	0.7680740704285104	0.7598527222599131
17/03/26 23:15:39 INFO BPRRecommender: iter 62 Evaluator value:AUC top 10 is -1.0	0.7561036328987732	0.7658722332866384
17/03/26 23:15:39 INFO BPRRecommender: iter 63 Evaluator value:AUC top 10 is -1.0	0.7530450525591249	0.7463028532456495
17/03/26 23:15:40 INFO BPRRecommender: iter 64 Evaluator value:AUC top 10 is -1.0	0.7522875243040407	0.7492882948966048
17/03/26 23:15:41 INFO BPRRecommender: iter 65 Evaluator value:AUC top 10 is -1.0	0.7583061888369041	0.756089535028767
17/03/26 23:15:41 INFO BPRRecommender: iter 66 Evaluator value:AUC top 10 is -1.0	0.7703173449015918	0.7658809887488461
17/03/26 23:15:42 INFO BPRRecommender: iter 67 Evaluator value:AUC top 10 is -1.0	0.7537928619161842	0.7568474790285482
17/03/26 23:15:43 INFO BPRRecommender: iter 68 Evaluator value:AUC top 10 is -1.0	0.7568360975267504	0.756089128182877
17/03/26 23:15:44 INFO BPRRecommender: iter 69 Evaluator value:AUC top 10 is -1.0	0.7560555431552195	0.7553365899947226
17/03/26 23:15:44 INFO BPRRecommender: iter 70 Evaluator value:AUC top 10 is -1.0	0.7651133504208715	0.7621124427466464
