17/04/21 17:51:26 INFO test_all_ranking_pure: ********************************************************************************
17/04/21 17:51:26 INFO test_all_ranking_pure: Begin

17/04/21 17:51:26 INFO test_all_ranking_pure: 
rec.iterator.learnrate=0.01
rec.eval.classes=precision
rec.iterator.maximum=100
rec.learningrate.decay=1.0
rec.iterator.learnrate.maximum=0.01
rec.learnRate.decay=1.0
rec.item.regularization=0.00
rec.recommender.ranking.topn=10
rec.recommender.class=bpr
rec.random.seed=1
rec.recommender.isranking=true
rec.learningrate.bolddriver=false
rec.factor.number=10
rec.learnRate.bolddriver=false
rec.eval.enable=true
rec.user.regularization=0.00

17/04/21 17:51:27 INFO TextDataConvertor: Dataset: ...librec/data/movielens/ml-100k-split
17/04/21 17:51:27 INFO TextDataConvertor: All dataset files [E:\Users\v-fuz\tools\recommender_system\librec_sourcecode\librec\data\movielens\ml-100k-split\uniform_negsample.txt]
17/04/21 17:51:27 INFO TextDataConvertor: All dataset files size 3405768
17/04/21 17:51:27 INFO TextDataConvertor: Now loading dataset file uniform_negsample
17/04/21 17:51:29 INFO TextDataModel: Transform data to Convertor successfully!
17/04/21 17:51:29 INFO TextDataModel: Split data to train Set and test Set successfully!
17/04/21 17:51:29 INFO TextDataModel: Data size of training is 80003
17/04/21 17:51:29 INFO TextDataModel: Data size of testing is 10001
17/04/21 17:51:30 INFO BPRRecommender: Job Setup completed.
17/04/21 17:51:32 INFO BPRRecommender: iter 1 Evaluator value:PRECISION top 10 is -1.0	0.0015243902439024389	6.088280060882801E-4
17/04/21 17:51:33 INFO BPRRecommender: iter 2 Evaluator value:PRECISION top 10 is -1.0	0.0019817073170731708	9.132420091324201E-4
17/04/21 17:51:33 INFO BPRRecommender: iter 3 Evaluator value:PRECISION top 10 is -1.0	0.003963414634146343	0.004261796042617962
17/04/21 17:51:34 INFO BPRRecommender: iter 4 Evaluator value:PRECISION top 10 is -1.0	0.011128048780487796	0.014307458143074566
17/04/21 17:51:34 INFO BPRRecommender: iter 5 Evaluator value:PRECISION top 10 is -1.0	0.028963414634146326	0.03150684931506849
17/04/21 17:51:35 INFO BPRRecommender: iter 6 Evaluator value:PRECISION top 10 is -1.0	0.04878048780487811	0.052815829528158394
17/04/21 17:51:35 INFO BPRRecommender: iter 7 Evaluator value:PRECISION top 10 is -1.0	0.062042682926829455	0.06499238964992407
17/04/21 17:51:36 INFO BPRRecommender: iter 8 Evaluator value:PRECISION top 10 is -1.0	0.06783536585365878	0.0706240487062407
17/04/21 17:51:37 INFO BPRRecommender: iter 9 Evaluator value:PRECISION top 10 is -1.0	0.07210365853658565	0.07321156773211594
17/04/21 17:51:37 INFO BPRRecommender: iter 10 Evaluator value:PRECISION top 10 is -1.0	0.07408536585365885	0.07640791476407942
17/04/21 17:51:38 INFO BPRRecommender: iter 11 Evaluator value:PRECISION top 10 is -1.0	0.0753048780487808	0.07914764079147672
17/04/21 17:51:39 INFO BPRRecommender: iter 12 Evaluator value:PRECISION top 10 is -1.0	0.07713414634146375	0.0815829528158298
17/04/21 17:51:39 INFO BPRRecommender: iter 13 Evaluator value:PRECISION top 10 is -1.0	0.07987804878048817	0.08325722983257261
17/04/21 17:51:40 INFO BPRRecommender: iter 14 Evaluator value:PRECISION top 10 is -1.0	0.08140243902439062	0.08584474885844784
17/04/21 17:51:41 INFO BPRRecommender: iter 15 Evaluator value:PRECISION top 10 is -1.0	0.08216463414634183	0.08569254185692576
17/04/21 17:51:42 INFO BPRRecommender: iter 16 Evaluator value:PRECISION top 10 is -1.0	0.08323170731707352	0.0866057838660582
17/04/21 17:51:43 INFO BPRRecommender: iter 17 Evaluator value:PRECISION top 10 is -1.0	0.08307926829268326	0.08843226788432303
17/04/21 17:51:44 INFO BPRRecommender: iter 18 Evaluator value:PRECISION top 10 is -1.0	0.08445121951219547	0.08980213089802166
17/04/21 17:51:45 INFO BPRRecommender: iter 19 Evaluator value:PRECISION top 10 is -1.0	0.08414634146341497	0.09025875190258788
17/04/21 17:51:45 INFO BPRRecommender: iter 20 Evaluator value:PRECISION top 10 is -1.0	0.08399390243902474	0.08949771689497754
17/04/21 17:51:46 INFO BPRRecommender: iter 21 Evaluator value:PRECISION top 10 is -1.0	0.08521341463414671	0.09041095890410994
17/04/21 17:51:46 INFO BPRRecommender: iter 22 Evaluator value:PRECISION top 10 is -1.0	0.08597560975609794	0.0904109589041099
17/04/21 17:51:46 INFO BPRRecommender: iter 23 Evaluator value:PRECISION top 10 is -1.0	0.0861280487804882	0.09101978691019823
17/04/21 17:51:47 INFO BPRRecommender: iter 24 Evaluator value:PRECISION top 10 is -1.0	0.0864329268292687	0.09056316590563201
17/04/21 17:51:48 INFO BPRRecommender: iter 25 Evaluator value:PRECISION top 10 is -1.0	0.0861280487804882	0.09254185692541894
17/04/21 17:51:49 INFO BPRRecommender: iter 26 Evaluator value:PRECISION top 10 is -1.0	0.08643292682926869	0.09360730593607344
17/04/21 17:51:49 INFO BPRRecommender: iter 27 Evaluator value:PRECISION top 10 is -1.0	0.0864329268292687	0.09391171993911757
17/04/21 17:51:50 INFO BPRRecommender: iter 28 Evaluator value:PRECISION top 10 is -1.0	0.08643292682926869	0.09482496194825
17/04/21 17:51:51 INFO BPRRecommender: iter 29 Evaluator value:PRECISION top 10 is -1.0	0.08750000000000041	0.09604261796042657
17/04/21 17:51:52 INFO BPRRecommender: iter 30 Evaluator value:PRECISION top 10 is -1.0	0.08765243902439067	0.09680365296803696
17/04/21 17:51:54 INFO BPRRecommender: iter 31 Evaluator value:PRECISION top 10 is -1.0	0.08841463414634189	0.09939117199391208
17/04/21 17:51:55 INFO BPRRecommender: iter 32 Evaluator value:PRECISION top 10 is -1.0	0.08932926829268333	0.09832572298325766
17/04/21 17:51:56 INFO BPRRecommender: iter 33 Evaluator value:PRECISION top 10 is -1.0	0.09009146341463457	0.09832572298325763
17/04/21 17:51:57 INFO BPRRecommender: iter 34 Evaluator value:PRECISION top 10 is -1.0	0.09100609756097605	0.10000000000000032
17/04/21 17:51:57 INFO BPRRecommender: iter 35 Evaluator value:PRECISION top 10 is -1.0	0.09131097560975653	0.10030441400304445
17/04/21 17:51:58 INFO BPRRecommender: iter 36 Evaluator value:PRECISION top 10 is -1.0	0.09176829268292726	0.10076103500761067
17/04/21 17:51:58 INFO BPRRecommender: iter 37 Evaluator value:PRECISION top 10 is -1.0	0.09405487804878095	0.09893455098934584
17/04/21 17:51:58 INFO BPRRecommender: iter 38 Evaluator value:PRECISION top 10 is -1.0	0.09573170731707359	0.1006088280060886
17/04/21 17:51:59 INFO BPRRecommender: iter 39 Evaluator value:PRECISION top 10 is -1.0	0.0957317073170736	0.09984779299847826
17/04/21 17:51:59 INFO BPRRecommender: iter 40 Evaluator value:PRECISION top 10 is -1.0	0.09603658536585409	0.0996955859969562
17/04/21 17:52:00 INFO BPRRecommender: iter 41 Evaluator value:PRECISION top 10 is -1.0	0.0946646341463419	0.1007610350076107
17/04/21 17:52:01 INFO BPRRecommender: iter 42 Evaluator value:PRECISION top 10 is -1.0	0.09725609756097607	0.1025875190258755
17/04/21 17:52:01 INFO BPRRecommender: iter 43 Evaluator value:PRECISION top 10 is -1.0	0.0974085365853663	0.10410958904109616
17/04/21 17:52:02 INFO BPRRecommender: iter 44 Evaluator value:PRECISION top 10 is -1.0	0.09710365853658581	0.10532724505327269
17/04/21 17:52:02 INFO BPRRecommender: iter 45 Evaluator value:PRECISION top 10 is -1.0	0.09756097560975649	0.10730593607305955
17/04/21 17:52:03 INFO BPRRecommender: iter 46 Evaluator value:PRECISION top 10 is -1.0	0.10030487804878079	0.10365296803652993
17/04/21 17:52:04 INFO BPRRecommender: iter 47 Evaluator value:PRECISION top 10 is -1.0	0.10030487804878077	0.10426179604261822
17/04/21 17:52:05 INFO BPRRecommender: iter 48 Evaluator value:PRECISION top 10 is -1.0	0.10060975609756126	0.10563165905631682
17/04/21 17:52:05 INFO BPRRecommender: iter 49 Evaluator value:PRECISION top 10 is -1.0	0.10167682926829301	0.10624048706240508
17/04/21 17:52:06 INFO BPRRecommender: iter 50 Evaluator value:PRECISION top 10 is -1.0	0.10060975609756134	0.10669710806697129
17/04/21 17:52:07 INFO BPRRecommender: iter 51 Evaluator value:PRECISION top 10 is -1.0	0.10365853658536611	0.10761035007610374
17/04/21 17:52:08 INFO BPRRecommender: iter 52 Evaluator value:PRECISION top 10 is -1.0	0.10182926829268323	0.10821917808219199
17/04/21 17:52:08 INFO BPRRecommender: iter 53 Evaluator value:PRECISION top 10 is -1.0	0.10213414634146367	0.1095890410958906
17/04/21 17:52:08 INFO BPRRecommender: iter 54 Evaluator value:PRECISION top 10 is -1.0	0.10121951219512224	0.10943683409436845
17/04/21 17:52:09 INFO BPRRecommender: iter 55 Evaluator value:PRECISION top 10 is -1.0	0.10228658536585396	0.10867579908675813
17/04/21 17:52:09 INFO BPRRecommender: iter 56 Evaluator value:PRECISION top 10 is -1.0	0.10121951219512226	0.11065449010654503
17/04/21 17:52:10 INFO BPRRecommender: iter 57 Evaluator value:PRECISION top 10 is -1.0	0.09954268292682959	0.11202435312024367
17/04/21 17:52:10 INFO BPRRecommender: iter 58 Evaluator value:PRECISION top 10 is -1.0	0.10182926829268318	0.11126331811263336
17/04/21 17:52:11 INFO BPRRecommender: iter 59 Evaluator value:PRECISION top 10 is -1.0	0.1013719512195125	0.11278538812785402
17/04/21 17:52:11 INFO BPRRecommender: iter 60 Evaluator value:PRECISION top 10 is -1.0	0.10182926829268318	0.11308980213089814
17/04/21 17:52:11 INFO BPRRecommender: iter 61 Evaluator value:PRECISION top 10 is -1.0	0.1021341463414637	0.11156773211567748
17/04/21 17:52:12 INFO BPRRecommender: iter 62 Evaluator value:PRECISION top 10 is -1.0	0.10350609756097584	0.11126331811263339
17/04/21 17:52:12 INFO BPRRecommender: iter 63 Evaluator value:PRECISION top 10 is -1.0	0.10167682926829297	0.11156773211567744
17/04/21 17:52:13 INFO BPRRecommender: iter 64 Evaluator value:PRECISION top 10 is -1.0	0.10228658536585393	0.11171993911719949
17/04/21 17:52:13 INFO BPRRecommender: iter 65 Evaluator value:PRECISION top 10 is -1.0	0.10167682926829297	0.11019786910197883
17/04/21 17:52:14 INFO BPRRecommender: iter 66 Evaluator value:PRECISION top 10 is -1.0	0.1001524390243906	0.11217656012176572
17/04/21 17:52:14 INFO BPRRecommender: iter 67 Evaluator value:PRECISION top 10 is -1.0	0.10137195121951245	0.11202435312024359
17/04/21 17:52:15 INFO BPRRecommender: iter 68 Evaluator value:PRECISION top 10 is -1.0	0.10091463414634178	0.11324200913242019
17/04/21 17:52:15 INFO BPRRecommender: iter 69 Evaluator value:PRECISION top 10 is -1.0	0.10198170731707346	0.11308980213089809
17/04/21 17:52:15 INFO BPRRecommender: iter 70 Evaluator value:PRECISION top 10 is -1.0	0.10091463414634182	0.11111111111111122
17/04/21 17:52:16 INFO BPRRecommender: iter 71 Evaluator value:PRECISION top 10 is -1.0	0.09923780487804919	0.11050228310502296
17/04/21 17:52:16 INFO BPRRecommender: iter 72 Evaluator value:PRECISION top 10 is -1.0	0.10045731707317108	0.11232876712328778
17/04/21 17:52:17 INFO BPRRecommender: iter 73 Evaluator value:PRECISION top 10 is -1.0	0.1007621951219516	0.11187214611872155
17/04/21 17:52:17 INFO BPRRecommender: iter 74 Evaluator value:PRECISION top 10 is -1.0	0.10091463414634182	0.11369863013698638
17/04/21 17:52:17 INFO BPRRecommender: iter 75 Evaluator value:PRECISION top 10 is -1.0	0.10076219512195157	0.11643835616438356
17/04/21 17:52:18 INFO BPRRecommender: iter 76 Evaluator value:PRECISION top 10 is -1.0	0.10167682926829297	0.11598173515981736
17/04/21 17:52:18 INFO BPRRecommender: iter 77 Evaluator value:PRECISION top 10 is -1.0	0.10289634146341489	0.11445966514459668
17/04/21 17:52:19 INFO BPRRecommender: iter 78 Evaluator value:PRECISION top 10 is -1.0	0.10503048780487823	0.11522070015220712
17/04/21 17:52:19 INFO BPRRecommender: iter 79 Evaluator value:PRECISION top 10 is -1.0	0.10670731707317084	0.11430745814307472
17/04/21 17:52:19 INFO BPRRecommender: iter 80 Evaluator value:PRECISION top 10 is -1.0	0.10594512195121966	0.11674277016742779
17/04/21 17:52:20 INFO BPRRecommender: iter 81 Evaluator value:PRECISION top 10 is -1.0	0.10518292682926848	0.11735159817351597
17/04/21 17:52:20 INFO BPRRecommender: iter 82 Evaluator value:PRECISION top 10 is -1.0	0.10442073170731729	0.11704718417047187
17/04/21 17:52:21 INFO BPRRecommender: iter 83 Evaluator value:PRECISION top 10 is -1.0	0.10442073170731722	0.11613394216133942
17/04/21 17:52:21 INFO BPRRecommender: iter 84 Evaluator value:PRECISION top 10 is -1.0	0.10548780487804903	0.1153729071537291
17/04/21 17:52:22 INFO BPRRecommender: iter 85 Evaluator value:PRECISION top 10 is -1.0	0.10396341463414663	0.1170471841704718
17/04/21 17:52:22 INFO BPRRecommender: iter 86 Evaluator value:PRECISION top 10 is -1.0	0.10381097560975634	0.11704718417047184
17/04/21 17:52:22 INFO BPRRecommender: iter 87 Evaluator value:PRECISION top 10 is -1.0	0.10426829268292706	0.1162861491628615
17/04/21 17:52:23 INFO BPRRecommender: iter 88 Evaluator value:PRECISION top 10 is -1.0	0.10503048780487823	0.11674277016742773
17/04/21 17:52:23 INFO BPRRecommender: iter 89 Evaluator value:PRECISION top 10 is -1.0	0.104268292682927	0.1155251141552512
17/04/21 17:52:24 INFO BPRRecommender: iter 90 Evaluator value:PRECISION top 10 is -1.0	0.10442073170731725	0.11506849315068499
17/04/21 17:52:24 INFO BPRRecommender: iter 91 Evaluator value:PRECISION top 10 is -1.0	0.10457317073170752	0.11415525114155266
17/04/21 17:52:24 INFO BPRRecommender: iter 92 Evaluator value:PRECISION top 10 is -1.0	0.1033536585365856	0.1158295281582953
17/04/21 17:52:25 INFO BPRRecommender: iter 93 Evaluator value:PRECISION top 10 is -1.0	0.10381097560975637	0.11354642313546436
17/04/21 17:52:25 INFO BPRRecommender: iter 94 Evaluator value:PRECISION top 10 is -1.0	0.10350609756097577	0.11461187214611884
17/04/21 17:52:26 INFO BPRRecommender: iter 95 Evaluator value:PRECISION top 10 is -1.0	0.10121951219512224	0.11369863013698653
17/04/21 17:52:26 INFO BPRRecommender: iter 96 Evaluator value:PRECISION top 10 is -1.0	0.10198170731707344	0.11369863013698653
17/04/21 17:52:26 INFO BPRRecommender: iter 97 Evaluator value:PRECISION top 10 is -1.0	0.10213414634146366	0.11293759512937608
17/04/21 17:52:27 INFO BPRRecommender: iter 98 Evaluator value:PRECISION top 10 is -1.0	0.1018292682926832	0.11232876712328789
17/04/21 17:52:27 INFO BPRRecommender: iter 99 Evaluator value:PRECISION top 10 is -1.0	0.10228658536585396	0.11263318112633196
17/04/21 17:52:28 INFO BPRRecommender: iter 100 Evaluator value:PRECISION top 10 is -1.0	0.10228658536585396	0.1111111111111113
17/04/21 17:52:28 INFO BPRRecommender: Job Train completed.
17/04/21 17:52:28 INFO BPRRecommender: Job End.
17/04/21 17:52:28 INFO RecommenderJob: Evaluator info:PrecisionEvaluator is 0.1111111111111113
17/04/21 17:52:28 INFO RecommenderJob: Result path is E:/Users/v-fuz/tools/recommender_system/librec_sourcecode/librec/core/src/main/java/net/librec/run/result/movielens/ml-100k-split-bpr-output/bpr
17/04/21 17:52:28 INFO test_all_ranking_pure: End


