17/03/26 22:42:09 INFO test_all_ranking_pure: ********************************************************************************
17/03/26 22:42:09 INFO test_all_ranking_pure: Begin

17/03/26 22:42:09 INFO test_all_ranking_pure: 
rec.iterator.learnrate=0.1
rec.eval.classes=auc
rec.learnrate.decay=1.0
rec.iterator.maximum=200
rec.iterator.learnrate.maximum=0.01
rec.gpbr.rho=1.5
rec.gpbr.gsize=2
rec.item.regularization=0.1
rec.recommender.ranking.topn=10
rec.recommender.class=gbpr
rec.recommender.isranking=true
rec.random.seed=1
rec.learnrate.bolddriver=false
rec.factor.number=10
rec.learnRate.bolddriver=false
rec.eval.enable=true
rec.user.regularization=0.1

17/03/26 22:42:09 INFO TextDataConvertor: Dataset: ...librec/data/movielens/ml-100k-split
17/03/26 22:42:09 INFO TextDataConvertor: All dataset files [E:\Users\v-fuz\tools\recommender_system\librec_sourcecode\librec\data\movielens\ml-100k-split\uniform_negsample.txt]
17/03/26 22:42:09 INFO TextDataConvertor: All dataset files size 6153533
17/03/26 22:42:09 INFO TextDataConvertor: Now loading dataset file uniform_negsample
17/03/26 22:42:12 INFO TextDataModel: Transform data to Convertor successfully!
17/03/26 22:42:12 INFO TextDataModel: Split data to train Set and test Set successfully!
17/03/26 22:42:12 INFO TextDataModel: Data size of training is 80003
17/03/26 22:42:12 INFO TextDataModel: Data size of testing is 10001
17/03/26 22:42:12 INFO GBPRRecommender: Job Setup completed.
17/03/26 22:42:14 INFO GBPRRecommender: iter 1 Evaluator value:AUC top 10 is -1.0	0.7034853282940248	0.7153838446984868
17/03/26 22:42:15 INFO GBPRRecommender: iter 2 Evaluator value:AUC top 10 is -1.0	0.7087451557986785	0.7131362814596474
17/03/26 22:42:16 INFO GBPRRecommender: iter 3 Evaluator value:AUC top 10 is -1.0	0.7102435328803639	0.7123873868079997
17/03/26 22:42:17 INFO GBPRRecommender: iter 4 Evaluator value:AUC top 10 is -1.0	0.7132420130644191	0.7161571035077869
17/03/26 22:42:17 INFO GBPRRecommender: iter 5 Evaluator value:AUC top 10 is -1.0	0.7132365611692153	0.7138969685353067
17/03/26 22:42:20 INFO GBPRRecommender: iter 6 Evaluator value:AUC top 10 is -1.0	0.7147429708755619	0.7131498682937861
17/03/26 22:42:20 INFO GBPRRecommender: iter 7 Evaluator value:AUC top 10 is -1.0	0.7162413265956435	0.7108944749017418
17/03/26 22:42:21 INFO GBPRRecommender: iter 8 Evaluator value:AUC top 10 is -1.0	0.7147366653225099	0.7086333670508309
17/03/26 22:42:22 INFO GBPRRecommender: iter 9 Evaluator value:AUC top 10 is -1.0	0.7214999783026692	0.7116460703675134
17/03/26 22:42:22 INFO GBPRRecommender: iter 10 Evaluator value:AUC top 10 is -1.0	0.720752212380596	0.7123966975615306
17/03/26 22:42:23 INFO GBPRRecommender: iter 11 Evaluator value:AUC top 10 is -1.0	0.7184949227750194	0.7108958683970618
17/03/26 22:42:24 INFO GBPRRecommender: iter 12 Evaluator value:AUC top 10 is -1.0	0.7184881085496694	0.7131575463020119
17/03/26 22:42:25 INFO GBPRRecommender: iter 13 Evaluator value:AUC top 10 is -1.0	0.716244311348175	0.7101374223250078
17/03/26 22:42:27 INFO GBPRRecommender: iter 14 Evaluator value:AUC top 10 is -1.0	0.7162701450739688	0.7146516335906751
17/03/26 22:42:28 INFO GBPRRecommender: iter 15 Evaluator value:AUC top 10 is -1.0	0.7207551135748284	0.7116386141621981
17/03/26 22:42:29 INFO GBPRRecommender: iter 16 Evaluator value:AUC top 10 is -1.0	0.7215034136411677	0.7123908168172765
17/03/26 22:42:30 INFO GBPRRecommender: iter 17 Evaluator value:AUC top 10 is -1.0	0.7185226089076184	0.7154032971521712
17/03/26 22:42:30 INFO GBPRRecommender: iter 18 Evaluator value:AUC top 10 is -1.0	0.718520706772506	0.715413188719011
17/03/26 22:42:31 INFO GBPRRecommender: iter 19 Evaluator value:AUC top 10 is -1.0	0.7177750132151602	0.7161596505740475
17/03/26 22:42:33 INFO GBPRRecommender: iter 20 Evaluator value:AUC top 10 is -1.0	0.7200095404346952	0.7146502557938096
17/03/26 22:42:33 INFO GBPRRecommender: iter 21 Evaluator value:AUC top 10 is -1.0	0.7222665292457433	0.717673166114269
17/03/26 22:42:34 INFO GBPRRecommender: iter 22 Evaluator value:AUC top 10 is -1.0	0.7200043582017316	0.7154118074355047
17/03/26 22:42:35 INFO GBPRRecommender: iter 23 Evaluator value:AUC top 10 is -1.0	0.723007650384126	0.7169273237047623
17/03/26 22:42:36 INFO GBPRRecommender: iter 24 Evaluator value:AUC top 10 is -1.0	0.7215103746759431	0.7123997074230889
17/03/26 22:42:36 INFO GBPRRecommender: iter 25 Evaluator value:AUC top 10 is -1.0	0.7215095714571861	0.7139052419233373
17/03/26 22:42:38 INFO GBPRRecommender: iter 26 Evaluator value:AUC top 10 is -1.0	0.7215080015887878	0.7146610359668388
17/03/26 22:42:40 INFO GBPRRecommender: iter 27 Evaluator value:AUC top 10 is -1.0	0.7237651873743753	0.7108989007062061
17/03/26 22:42:41 INFO GBPRRecommender: iter 28 Evaluator value:AUC top 10 is -1.0	0.7245171188314852	0.7101422089646888
17/03/26 22:42:43 INFO GBPRRecommender: iter 29 Evaluator value:AUC top 10 is -1.0	0.7237603687444122	0.7078801090523217
17/03/26 22:42:45 INFO GBPRRecommender: iter 30 Evaluator value:AUC top 10 is -1.0	0.7222642963197953	0.7101439291786321
17/03/26 22:42:46 INFO GBPRRecommender: iter 31 Evaluator value:AUC top 10 is -1.0	0.7230101866803516	0.7131597099307015
17/03/26 22:42:47 INFO GBPRRecommender: iter 32 Evaluator value:AUC top 10 is -1.0	0.7230105465984052	0.7146589876754268
17/03/26 22:42:48 INFO GBPRRecommender: iter 33 Evaluator value:AUC top 10 is -1.0	0.7230098212802216	0.7116412975578473
17/03/26 22:42:49 INFO GBPRRecommender: iter 34 Evaluator value:AUC top 10 is -1.0	0.7237588245803391	0.7108822554607079
17/03/26 22:42:50 INFO GBPRRecommender: iter 35 Evaluator value:AUC top 10 is -1.0	0.7215148251144606	0.7101454216185449
17/03/26 22:42:51 INFO GBPRRecommender: iter 36 Evaluator value:AUC top 10 is -1.0	0.7245033727551192	0.7101391701173667
17/03/26 22:42:51 INFO GBPRRecommender: iter 37 Evaluator value:AUC top 10 is -1.0	0.7245137304817781	0.7131496873978804
17/03/26 22:42:52 INFO GBPRRecommender: iter 38 Evaluator value:AUC top 10 is -1.0	0.7207455681798633	0.7108896419624803
17/03/26 22:42:52 INFO GBPRRecommender: iter 39 Evaluator value:AUC top 10 is -1.0	0.7222444796943576	0.7123917581622237
17/03/26 22:42:53 INFO GBPRRecommender: iter 40 Evaluator value:AUC top 10 is -1.0	0.7222561176792622	0.709383984604476
17/03/26 22:42:54 INFO GBPRRecommender: iter 41 Evaluator value:AUC top 10 is -1.0	0.7230096665992665	0.7131513072175303
17/03/26 22:42:55 INFO GBPRRecommender: iter 42 Evaluator value:AUC top 10 is -1.0	0.7214993554468171	0.7116458533613363
17/03/26 22:42:56 INFO GBPRRecommender: iter 43 Evaluator value:AUC top 10 is -1.0	0.72075820804706	0.7101317296394232
17/03/26 22:42:56 INFO GBPRRecommender: iter 44 Evaluator value:AUC top 10 is -1.0	0.7207491467567224	0.7108820675609815
17/03/26 22:42:57 INFO GBPRRecommender: iter 45 Evaluator value:AUC top 10 is -1.0	0.7162543540836901	0.7146455021467828
17/03/26 22:42:58 INFO GBPRRecommender: iter 46 Evaluator value:AUC top 10 is -1.0	0.7199981595947592	0.7116364733702875
17/03/26 22:42:59 INFO GBPRRecommender: iter 47 Evaluator value:AUC top 10 is -1.0	0.7184952564863799	0.7093826543025914
17/03/26 22:42:59 INFO GBPRRecommender: iter 48 Evaluator value:AUC top 10 is -1.0	0.717755660454907	0.7123864606656876
17/03/26 22:43:00 INFO GBPRRecommender: iter 49 Evaluator value:AUC top 10 is -1.0	0.717758558801443	0.7131373878486862
17/03/26 22:43:01 INFO GBPRRecommender: iter 50 Evaluator value:AUC top 10 is -1.0	0.7207562393557571	0.7108837994259498
17/03/26 22:43:02 INFO GBPRRecommender: iter 51 Evaluator value:AUC top 10 is -1.0	0.7207568628689363	0.7101296976656527
17/03/26 22:43:03 INFO GBPRRecommender: iter 52 Evaluator value:AUC top 10 is -1.0	0.720745948162832	0.713889132264062
17/03/26 22:43:04 INFO GBPRRecommender: iter 53 Evaluator value:AUC top 10 is -1.0	0.7215226015923824	0.711635227492765
17/03/26 22:43:05 INFO GBPRRecommender: iter 54 Evaluator value:AUC top 10 is -1.0	0.7207609169998473	0.7146473263156169
17/03/26 22:43:07 INFO GBPRRecommender: iter 55 Evaluator value:AUC top 10 is -1.0	0.723001258180377	0.7123880029570485
17/03/26 22:43:08 INFO GBPRRecommender: iter 56 Evaluator value:AUC top 10 is -1.0	0.7199974093193563	0.715406177396078
17/03/26 22:43:09 INFO GBPRRecommender: iter 57 Evaluator value:AUC top 10 is -1.0	0.7230095251800577	0.7146517806620187
17/03/26 22:43:09 INFO GBPRRecommender: iter 58 Evaluator value:AUC top 10 is -1.0	0.7230214238952325	0.7161537900503755
17/03/26 22:43:10 INFO GBPRRecommender: iter 59 Evaluator value:AUC top 10 is -1.0	0.7222736002534355	0.7146449105925978
17/03/26 22:43:11 INFO GBPRRecommender: iter 60 Evaluator value:AUC top 10 is -1.0	0.7222665958632554	0.7153982636892008
17/03/26 22:43:11 INFO GBPRRecommender: iter 61 Evaluator value:AUC top 10 is -1.0	0.7215114840168692	0.7124003977383015
17/03/26 22:43:12 INFO GBPRRecommender: iter 62 Evaluator value:AUC top 10 is -1.0	0.7177574312948015	0.7138916202807785
17/03/26 22:43:13 INFO GBPRRecommender: iter 63 Evaluator value:AUC top 10 is -1.0	0.7199994243631036	0.713888480224266
17/03/26 22:43:14 INFO GBPRRecommender: iter 64 Evaluator value:AUC top 10 is -1.0	0.7207657303053288	0.7153916264900728
17/03/26 22:43:15 INFO GBPRRecommender: iter 65 Evaluator value:AUC top 10 is -1.0	0.7237467223388613	0.7146569412914144
17/03/26 22:43:16 INFO GBPRRecommender: iter 66 Evaluator value:AUC top 10 is -1.0	0.722997744936612	0.7176575859704506
17/03/26 22:43:17 INFO GBPRRecommender: iter 67 Evaluator value:AUC top 10 is -1.0	0.7222522288556442	0.7206750612332585
17/03/26 22:43:17 INFO GBPRRecommender: iter 68 Evaluator value:AUC top 10 is -1.0	0.721503782492742	0.7146481633488266
17/03/26 22:43:18 INFO GBPRRecommender: iter 69 Evaluator value:AUC top 10 is -1.0	0.7184952081473014	0.715403844172064
17/03/26 22:43:19 INFO GBPRRecommender: iter 70 Evaluator value:AUC top 10 is -1.0	0.7192411604933941	0.7131427557938584
17/03/26 22:43:20 INFO GBPRRecommender: iter 71 Evaluator value:AUC top 10 is -1.0	0.7177457553240206	0.7146509707410262
17/03/26 22:43:21 INFO GBPRRecommender: iter 72 Evaluator value:AUC top 10 is -1.0	0.7184846755198986	0.7169083713633152
17/03/26 22:43:21 INFO GBPRRecommender: iter 73 Evaluator value:AUC top 10 is -1.0	0.7162455261710541	0.7153921370867617
17/03/26 22:43:22 INFO GBPRRecommender: iter 74 Evaluator value:AUC top 10 is -1.0	0.7177419323304882	0.7116248040631803
17/03/26 22:43:22 INFO GBPRRecommender: iter 75 Evaluator value:AUC top 10 is -1.0	0.7222369865225512	0.7138799043248001
17/03/26 22:43:23 INFO GBPRRecommender: iter 76 Evaluator value:AUC top 10 is -1.0	0.7199825141448459	0.7123755540177991
17/03/26 22:43:23 INFO GBPRRecommender: iter 77 Evaluator value:AUC top 10 is -1.0	0.7169897759467165	0.7131296048383282
17/03/26 22:43:24 INFO GBPRRecommender: iter 78 Evaluator value:AUC top 10 is -1.0	0.7177298814662642	0.7161401380454204
17/03/26 22:43:25 INFO GBPRRecommender: iter 79 Evaluator value:AUC top 10 is -1.0	0.7207276891209681	0.7184034410414175
17/03/26 22:43:26 INFO GBPRRecommender: iter 80 Evaluator value:AUC top 10 is -1.0	0.7139645563824766	0.7138765701572658
