17/03/22 19:39:23 INFO test_all_ranking_pure: ********************************************************************************
17/03/22 19:39:23 INFO test_all_ranking_pure: Begin

17/03/22 19:39:23 INFO test_all_ranking_pure: rec.iterator.learnrate=0.01
rec.eval.classes=auc
rec.learnrate.decay=1.0
rec.iterator.maximum=200
rec.item.distribution.parameter=500
rec.iterator.learnrate.maximum=0.01
rec.item.regularization=0.05
rec.recommender.ranking.topn=10
rec.recommender.class=aobpr
rec.random.seed=1
rec.recommender.isranking=true
rec.learnrate.bolddriver=false
rec.factor.number=100
rec.learnRate.bolddriver=false
rec.eval.enable=true
rec.user.regularization=0.05

17/03/22 19:39:23 INFO TextDataConvertor: Dataset: ...librec/data/movielens/ml-100k-split
17/03/22 19:39:23 INFO TextDataConvertor: All dataset files [E:\Users\v-fuz\tools\recommender_system\librec_sourcecode\librec\data\movielens\ml-100k-split\movielens100k_librec.txt]
17/03/22 19:39:23 INFO TextDataConvertor: All dataset files size 3029027
17/03/22 19:39:23 INFO TextDataConvertor: Now loading dataset file movielens100k_librec
17/03/22 19:39:26 INFO TextDataModel: Transform data to Convertor successfully!
17/03/22 19:39:26 INFO TextDataModel: Split data to train Set and test Set successfully!
17/03/22 19:39:26 INFO TextDataModel: Data size of training is 49651
17/03/22 19:39:26 INFO TextDataModel: Data size of testing is 6225
17/03/22 19:39:26 INFO AoBPRRecommender: Job Setup completed.
17/03/22 19:39:30 INFO AoBPRRecommender: iter 1 Evaluator value:AUC top 10 is -1.0	0.5065069287251628	0.5040034577593424
17/03/22 19:39:33 INFO AoBPRRecommender: iter 2 Evaluator value:AUC top 10 is -1.0	0.5024444138927018	0.5056006072892849
17/03/22 19:39:36 INFO AoBPRRecommender: iter 3 Evaluator value:AUC top 10 is -1.0	0.5032533414073105	0.504806110698161
17/03/22 19:39:39 INFO AoBPRRecommender: iter 4 Evaluator value:AUC top 10 is -1.0	0.5121438713663761	0.508806064096796
17/03/22 19:39:42 INFO AoBPRRecommender: iter 5 Evaluator value:AUC top 10 is -1.0	0.5412746789386836	0.5295618717856874
17/03/22 19:39:46 INFO AoBPRRecommender: iter 6 Evaluator value:AUC top 10 is -1.0	0.5933245415722892	0.578520422333909
17/03/22 19:39:48 INFO AoBPRRecommender: iter 7 Evaluator value:AUC top 10 is -1.0	0.6405822634472224	0.6372139208828711
17/03/22 19:39:51 INFO AoBPRRecommender: iter 8 Evaluator value:AUC top 10 is -1.0	0.674013609422697	0.6734395107153284
17/03/22 19:39:54 INFO AoBPRRecommender: iter 9 Evaluator value:AUC top 10 is -1.0	0.6870741748312773	0.6814993122266685
17/03/22 19:39:57 INFO AoBPRRecommender: iter 10 Evaluator value:AUC top 10 is -1.0	0.6984846389577862	0.6919577530827006
17/03/22 19:40:00 INFO AoBPRRecommender: iter 11 Evaluator value:AUC top 10 is -1.0	0.7074542295553143	0.6967777813241971
17/03/22 19:40:04 INFO AoBPRRecommender: iter 12 Evaluator value:AUC top 10 is -1.0	0.7123501732798789	0.7016074513214027
17/03/22 19:40:08 INFO AoBPRRecommender: iter 13 Evaluator value:AUC top 10 is -1.0	0.7172334665179675	0.6983921956842818
17/03/22 19:40:10 INFO AoBPRRecommender: iter 14 Evaluator value:AUC top 10 is -1.0	0.7180522781699887	0.696792094192469
17/03/22 19:40:14 INFO AoBPRRecommender: iter 15 Evaluator value:AUC top 10 is -1.0	0.7213214047115798	0.7032106403278875
