17/03/26 23:06:22 INFO test_all_ranking_pure: ********************************************************************************
17/03/26 23:06:22 INFO test_all_ranking_pure: Begin

17/03/26 23:06:22 INFO test_all_ranking_pure: 
rec.iterator.learnrate=0.01
rec.eval.classes=auc
rec.learnrate.decay=1.0
rec.iterator.maximum=200
rec.iterator.learnrate.maximum=0.01
rec.item.regularization=0.1
rec.recommender.ranking.topn=10
rec.random.seed=1
rec.recommender.isranking=true
rec.recommender.class=climf
rec.learnrate.bolddriver=false
rec.factor.number=10
rec.learnRate.bolddriver=false
rec.eval.enable=true
rec.user.regularization=0.1

17/03/26 23:06:22 INFO TextDataConvertor: Dataset: ...librec/data/movielens/ml-100k-split
17/03/26 23:06:22 INFO TextDataConvertor: All dataset files [E:\Users\v-fuz\tools\recommender_system\librec_sourcecode\librec\data\movielens\ml-100k-split\uniform_negsample.txt]
17/03/26 23:06:22 INFO TextDataConvertor: All dataset files size 6153533
17/03/26 23:06:22 INFO TextDataConvertor: Now loading dataset file uniform_negsample
17/03/26 23:06:24 INFO TextDataModel: Transform data to Convertor successfully!
17/03/26 23:06:24 INFO TextDataModel: Split data to train Set and test Set successfully!
17/03/26 23:06:24 INFO TextDataModel: Data size of training is 80003
17/03/26 23:06:24 INFO TextDataModel: Data size of testing is 10001
17/03/26 23:06:24 INFO CLIMFRecommender: Job Setup completed.
17/03/26 23:09:00 INFO CLIMFRecommender: iter 1 Evaluator value:AUC top 10 is -1.0	0.501475059060236	0.5044013466123671
