17/03/25 14:10:45 INFO test_all_ranking_pure: ********************************************************************************
17/03/25 14:10:45 INFO test_all_ranking_pure: Begin

17/03/25 14:10:45 INFO test_all_ranking_pure: 
rec.iterator.learnrate=0.01
rec.eval.classes=auc
rec.learnrate.decay=0.7
rec.iterator.maximum=15
rec.iterator.learnrate.maximum=0.01
rec.item.regularization=0.1
rec.rankals.support.weight=true
rec.recommender.ranking.topn=10
rec.recommender.class=rankals
rec.random.seed=1
rec.recommender.isranking=true
rec.learnrate.bolddriver=false
rec.factor.number=10
rec.eval.enable=true
rec.user.regularization=0.1

17/03/25 14:10:45 INFO TextDataConvertor: Dataset: ...librec/data/movielens/ml-100k-split
17/03/25 14:10:45 INFO TextDataConvertor: All dataset files [E:\Users\v-fuz\tools\recommender_system\librec_sourcecode\librec\data\movielens\ml-100k-split\uniform_negsample.txt]
17/03/25 14:10:45 INFO TextDataConvertor: All dataset files size 6153533
17/03/25 14:10:45 INFO TextDataConvertor: Now loading dataset file uniform_negsample
17/03/25 14:10:47 INFO TextDataModel: Transform data to Convertor successfully!
17/03/25 14:10:47 INFO TextDataModel: Split data to train Set and test Set successfully!
17/03/25 14:10:47 INFO TextDataModel: Data size of training is 80003
17/03/25 14:10:47 INFO TextDataModel: Data size of testing is 10001
17/03/25 14:10:47 INFO RankALSRecommender: Job Setup completed.
17/03/25 14:11:14 INFO RankALSRecommender: iter 1 Evaluator value:AUC top 10 is -1.0	0.6864058654872754	0.6869086376259863
17/03/25 14:11:36 INFO RankALSRecommender: iter 2 Evaluator value:AUC top 10 is -1.0	0.7725901763273103	0.7681856471954586
17/03/25 14:11:57 INFO RankALSRecommender: iter 3 Evaluator value:AUC top 10 is -1.0	0.786091947779349	0.7967737236321063
17/03/25 14:12:16 INFO RankALSRecommender: iter 4 Evaluator value:AUC top 10 is -1.0	0.8011356823221939	0.8058031807889399
17/03/25 14:12:37 INFO RankALSRecommender: iter 5 Evaluator value:AUC top 10 is -1.0	0.8026272369729086	0.8088327637838967
17/03/25 14:13:05 INFO RankALSRecommender: iter 6 Evaluator value:AUC top 10 is -1.0	0.8071331545852354	0.8065807448105116
17/03/25 14:13:40 INFO RankALSRecommender: iter 7 Evaluator value:AUC top 10 is -1.0	0.8048828792245154	0.8126065281198492
