17/04/05 20:12:26 INFO test_all_ranking_pure: ********************************************************************************
17/04/05 20:12:26 INFO test_all_ranking_pure: Begin

17/04/05 20:12:26 INFO test_all_ranking_pure: 
rec.iterator.learnrate=0.01
rec.eval.classes=auc
rec.iterator.maximum=200
rec.learningrate.decay=1.0
rec.iterator.learnrate.maximum=0.01
rec.learnRate.decay=1.0
rec.item.regularization=0.01
rec.recommender.ranking.topn=10
rec.recommender.class=bpr
rec.random.seed=1
rec.recommender.isranking=true
rec.learningrate.bolddriver=false
rec.factor.number=10
rec.learnRate.bolddriver=false
rec.eval.enable=true
rec.user.regularization=0.01

17/04/05 20:12:26 INFO TextDataConvertor: Dataset: ...librec/data/movielens/ml-100k-split
17/04/05 20:12:26 INFO TextDataConvertor: All dataset files [E:\Users\v-fuz\tools\recommender_system\librec_sourcecode\librec\data\movielens\ml-100k-split\uniform_negsample.txt]
17/04/05 20:12:26 INFO TextDataConvertor: All dataset files size 3405768
17/04/05 20:12:26 INFO TextDataConvertor: Now loading dataset file uniform_negsample
17/04/05 20:12:28 INFO TextDataModel: Transform data to Convertor successfully!
17/04/05 20:12:28 INFO TextDataModel: Split data to train Set and test Set successfully!
17/04/05 20:12:28 INFO TextDataModel: Data size of training is 80003
17/04/05 20:12:28 INFO TextDataModel: Data size of testing is 10001
17/04/05 20:12:28 INFO BPRRecommender: Job Setup completed.
17/04/05 20:12:29 INFO BPRRecommender: iter 1 Evaluator value:AUC top 10 is -1.0	0.5081421521991478	0.5096287788598798
17/04/05 20:12:30 INFO BPRRecommender: iter 2 Evaluator value:AUC top 10 is -1.0	0.5073677382577151	0.5088965356792831
17/04/05 20:12:31 INFO BPRRecommender: iter 3 Evaluator value:AUC top 10 is -1.0	0.5148914972003805	0.5171562006830843
17/04/05 20:12:32 INFO BPRRecommender: iter 4 Evaluator value:AUC top 10 is -1.0	0.5322097768071756	0.5360311921154456
17/04/05 20:12:33 INFO BPRRecommender: iter 5 Evaluator value:AUC top 10 is -1.0	0.5856189610119391	0.588092457349851
17/04/05 20:12:34 INFO BPRRecommender: iter 6 Evaluator value:AUC top 10 is -1.0	0.643481518014387	0.6491858121213495
17/04/05 20:12:36 INFO BPRRecommender: iter 7 Evaluator value:AUC top 10 is -1.0	0.6847712892140562	0.6889919303560367
17/04/05 20:12:36 INFO BPRRecommender: iter 8 Evaluator value:AUC top 10 is -1.0	0.6923054667069408	0.7010140854452008
17/04/05 20:12:37 INFO BPRRecommender: iter 9 Evaluator value:AUC top 10 is -1.0	0.6982964537535358	0.701019278806368
17/04/05 20:12:38 INFO BPRRecommender: iter 10 Evaluator value:AUC top 10 is -1.0	0.708843107643233	0.7070419254809821
17/04/05 20:12:39 INFO BPRRecommender: iter 11 Evaluator value:AUC top 10 is -1.0	0.7155880657783689	0.713839018622062
17/04/05 20:12:40 INFO BPRRecommender: iter 12 Evaluator value:AUC top 10 is -1.0	0.7193460763827462	0.7214016773646238
17/04/05 20:12:40 INFO BPRRecommender: iter 13 Evaluator value:AUC top 10 is -1.0	0.726877563195807	0.7274493800286087
17/04/05 20:12:42 INFO BPRRecommender: iter 14 Evaluator value:AUC top 10 is -1.0	0.7291355034100132	0.7312115729238635
17/04/05 20:12:44 INFO BPRRecommender: iter 15 Evaluator value:AUC top 10 is -1.0	0.7351659225338651	0.7334652131018939
17/04/05 20:12:46 INFO BPRRecommender: iter 16 Evaluator value:AUC top 10 is -1.0	0.7336553778932614	0.7334699156984498
17/04/05 20:12:47 INFO BPRRecommender: iter 17 Evaluator value:AUC top 10 is -1.0	0.7359218080748899	0.7312059322721722
17/04/05 20:12:48 INFO BPRRecommender: iter 18 Evaluator value:AUC top 10 is -1.0	0.7426957900319938	0.7312087840029116
17/04/05 20:12:48 INFO BPRRecommender: iter 19 Evaluator value:AUC top 10 is -1.0	0.7411732655581168	0.7349685348977112
17/04/05 20:12:49 INFO BPRRecommender: iter 20 Evaluator value:AUC top 10 is -1.0	0.7411817362415051	0.7334711050970962
17/04/05 20:12:49 INFO BPRRecommender: iter 21 Evaluator value:AUC top 10 is -1.0	0.7381823059194054	0.7357174773879217
17/04/05 20:12:50 INFO BPRRecommender: iter 22 Evaluator value:AUC top 10 is -1.0	0.7487126052898062	0.7357139107055722
17/04/05 20:12:51 INFO BPRRecommender: iter 23 Evaluator value:AUC top 10 is -1.0	0.7441975783688265	0.7417496740941082
17/04/05 20:12:52 INFO BPRRecommender: iter 24 Evaluator value:AUC top 10 is -1.0	0.7539893691191757	0.7500693593426493
17/04/05 20:12:53 INFO BPRRecommender: iter 25 Evaluator value:AUC top 10 is -1.0	0.7562429594343129	0.7493223505342197
17/04/05 20:12:53 INFO BPRRecommender: iter 26 Evaluator value:AUC top 10 is -1.0	0.7592569084160866	0.7500866520966132
17/04/05 20:12:54 INFO BPRRecommender: iter 27 Evaluator value:AUC top 10 is -1.0	0.7576962864475191	0.7538507658080181
17/04/05 20:12:55 INFO BPRRecommender: iter 28 Evaluator value:AUC top 10 is -1.0	0.7561991895167232	0.7531104991541387
17/04/05 20:12:57 INFO BPRRecommender: iter 29 Evaluator value:AUC top 10 is -1.0	0.763730167816257	0.7470716087738757
17/04/05 20:12:58 INFO BPRRecommender: iter 30 Evaluator value:AUC top 10 is -1.0	0.76370686116357	0.7508368478390982
17/04/05 20:12:59 INFO BPRRecommender: iter 31 Evaluator value:AUC top 10 is -1.0	0.763707032254546	0.7523609918136318
17/04/05 20:13:01 INFO BPRRecommender: iter 32 Evaluator value:AUC top 10 is -1.0	0.7591995464979449	0.7531115996364335
17/04/05 20:13:03 INFO BPRRecommender: iter 33 Evaluator value:AUC top 10 is -1.0	0.755414317911372	0.7485864207022237
17/04/05 20:13:04 INFO BPRRecommender: iter 34 Evaluator value:AUC top 10 is -1.0	0.7629466813391366	0.7538719053040663
17/04/05 20:13:05 INFO BPRRecommender: iter 35 Evaluator value:AUC top 10 is -1.0	0.7569743868528016	0.7523610804724693
17/04/05 20:13:05 INFO BPRRecommender: iter 36 Evaluator value:AUC top 10 is -1.0	0.7577201537176156	0.7538811208805338
17/04/05 20:13:06 INFO BPRRecommender: iter 37 Evaluator value:AUC top 10 is -1.0	0.7599588562756523	0.7531098607806823
17/04/05 20:13:06 INFO BPRRecommender: iter 38 Evaluator value:AUC top 10 is -1.0	0.7652218566571193	0.7644528452450079
17/04/05 20:13:07 INFO BPRRecommender: iter 39 Evaluator value:AUC top 10 is -1.0	0.7689821947494627	0.761414759554001
17/04/05 20:13:08 INFO BPRRecommender: iter 40 Evaluator value:AUC top 10 is -1.0	0.7637413982260082	0.7621798553523842
17/04/05 20:13:09 INFO BPRRecommender: iter 41 Evaluator value:AUC top 10 is -1.0	0.7682405141789626	0.759906641036772
17/04/05 20:13:10 INFO BPRRecommender: iter 42 Evaluator value:AUC top 10 is -1.0	0.7652299910420827	0.7606628974501592
17/04/05 20:13:11 INFO BPRRecommender: iter 43 Evaluator value:AUC top 10 is -1.0	0.767479110967562	0.7621801343372243
17/04/05 20:13:12 INFO BPRRecommender: iter 44 Evaluator value:AUC top 10 is -1.0	0.7659666630557027	0.7546407456936979
17/04/05 20:13:13 INFO BPRRecommender: iter 45 Evaluator value:AUC top 10 is -1.0	0.772001071128367	0.7606758391564576
17/04/05 20:13:14 INFO BPRRecommender: iter 46 Evaluator value:AUC top 10 is -1.0	0.7674772242374192	0.7584072346424247
17/04/05 20:13:15 INFO BPRRecommender: iter 47 Evaluator value:AUC top 10 is -1.0	0.7689865798453733	0.7621994718753937
17/04/05 20:13:15 INFO BPRRecommender: iter 48 Evaluator value:AUC top 10 is -1.0	0.7727554754503603	0.7674862453351352
17/04/05 20:13:16 INFO BPRRecommender: iter 49 Evaluator value:AUC top 10 is -1.0	0.7659698557657619	0.7659648001280022
17/04/05 20:13:17 INFO BPRRecommender: iter 50 Evaluator value:AUC top 10 is -1.0	0.7607214895330136	0.7659619911468166
17/04/05 20:13:17 INFO BPRRecommender: iter 51 Evaluator value:AUC top 10 is -1.0	0.7637179409028674	0.7674621992847798
17/04/05 20:13:18 INFO BPRRecommender: iter 52 Evaluator value:AUC top 10 is -1.0	0.7674937447354108	0.7697377956146132
17/04/05 20:13:19 INFO BPRRecommender: iter 53 Evaluator value:AUC top 10 is -1.0	0.7667835518048467	0.7697377922550328
17/04/05 20:13:20 INFO BPRRecommender: iter 54 Evaluator value:AUC top 10 is -1.0	0.7652682151883632	0.7704975251340742
17/04/05 20:13:21 INFO BPRRecommender: iter 55 Evaluator value:AUC top 10 is -1.0	0.7667428229781657	0.7659392901653413
17/04/05 20:13:21 INFO BPRRecommender: iter 56 Evaluator value:AUC top 10 is -1.0	0.7705017567930609	0.7742850226465283
17/04/05 20:13:22 INFO BPRRecommender: iter 57 Evaluator value:AUC top 10 is -1.0	0.7614510222253433	0.7735113599935689
17/04/05 20:13:23 INFO BPRRecommender: iter 58 Evaluator value:AUC top 10 is -1.0	0.7644558202089126	0.7742691325639108
17/04/05 20:13:25 INFO BPRRecommender: iter 59 Evaluator value:AUC top 10 is -1.0	0.7667368105849802	0.7682402746355751
17/04/05 20:13:27 INFO BPRRecommender: iter 60 Evaluator value:AUC top 10 is -1.0	0.7772832033232688	0.767492580748318
17/04/05 20:13:28 INFO BPRRecommender: iter 61 Evaluator value:AUC top 10 is -1.0	0.7749860774608416	0.7742842628926797
17/04/05 20:13:29 INFO BPRRecommender: iter 62 Evaluator value:AUC top 10 is -1.0	0.7742517886834569	0.7697519414298394
17/04/05 20:13:30 INFO BPRRecommender: iter 63 Evaluator value:AUC top 10 is -1.0	0.7689799408779583	0.7667291723574907
17/04/05 20:13:31 INFO BPRRecommender: iter 64 Evaluator value:AUC top 10 is -1.0	0.7682509714696438	0.772767925513159
17/04/05 20:13:31 INFO BPRRecommender: iter 65 Evaluator value:AUC top 10 is -1.0	0.7674986981359805	0.7735229604965188
17/04/05 20:13:31 INFO BPRRecommender: iter 66 Evaluator value:AUC top 10 is -1.0	0.769752175261936	0.7689862223556447
17/04/05 20:13:32 INFO BPRRecommender: iter 67 Evaluator value:AUC top 10 is -1.0	0.7719981612175656	0.7697449967904694
17/04/05 20:13:32 INFO BPRRecommender: iter 68 Evaluator value:AUC top 10 is -1.0	0.7667411884291379	0.7667153360468556
17/04/05 20:13:33 INFO BPRRecommender: iter 69 Evaluator value:AUC top 10 is -1.0	0.7689957966432988	0.7682284909365962
17/04/05 20:13:33 INFO BPRRecommender: iter 70 Evaluator value:AUC top 10 is -1.0	0.7674800226712017	0.7651962390683584
17/04/05 20:13:34 INFO BPRRecommender: iter 71 Evaluator value:AUC top 10 is -1.0	0.7682165617830174	0.76446075026047
17/04/05 20:13:34 INFO BPRRecommender: iter 72 Evaluator value:AUC top 10 is -1.0	0.7734807336838783	0.7712754586886614
17/04/05 20:13:35 INFO BPRRecommender: iter 73 Evaluator value:AUC top 10 is -1.0	0.7674787765279933	0.7659755920233651
17/04/05 20:13:35 INFO BPRRecommender: iter 74 Evaluator value:AUC top 10 is -1.0	0.7667221848790988	0.7667294031388527
17/04/05 20:13:36 INFO BPRRecommender: iter 75 Evaluator value:AUC top 10 is -1.0	0.7704737200990578	0.7652142289746535
17/04/05 20:13:36 INFO BPRRecommender: iter 76 Evaluator value:AUC top 10 is -1.0	0.7734919412836303	0.7689946679689079
17/04/05 20:13:37 INFO BPRRecommender: iter 77 Evaluator value:AUC top 10 is -1.0	0.7674831532454172	0.7637179555780376
17/04/05 20:13:38 INFO BPRRecommender: iter 78 Evaluator value:AUC top 10 is -1.0	0.7697250976031472	0.7682489574536194
17/04/05 20:13:39 INFO BPRRecommender: iter 79 Evaluator value:AUC top 10 is -1.0	0.7652272619228986	0.773527436028932
17/04/05 20:13:39 INFO BPRRecommender: iter 80 Evaluator value:AUC top 10 is -1.0	0.773501873217581	0.7712621808957288
17/04/05 20:13:40 INFO BPRRecommender: iter 81 Evaluator value:AUC top 10 is -1.0	0.7697298565254669	0.7720287108400915
17/04/05 20:13:40 INFO BPRRecommender: iter 82 Evaluator value:AUC top 10 is -1.0	0.7719850553431071	0.7780686688698729
17/04/05 20:13:41 INFO BPRRecommender: iter 83 Evaluator value:AUC top 10 is -1.0	0.7682179078882561	0.7735422487006416
17/04/05 20:13:41 INFO BPRRecommender: iter 84 Evaluator value:AUC top 10 is -1.0	0.774230316049439	0.7773147883527721
17/04/05 20:13:42 INFO BPRRecommender: iter 85 Evaluator value:AUC top 10 is -1.0	0.7704753794812222	0.7795750341886567
17/04/05 20:13:42 INFO BPRRecommender: iter 86 Evaluator value:AUC top 10 is -1.0	0.7667005520706262	0.7758023974887249
17/04/05 20:13:43 INFO BPRRecommender: iter 87 Evaluator value:AUC top 10 is -1.0	0.7697123584250785	0.7720118069237808
17/04/05 20:13:43 INFO BPRRecommender: iter 88 Evaluator value:AUC top 10 is -1.0	0.771206252691764	0.7720217179953381
17/04/05 20:13:44 INFO BPRRecommender: iter 89 Evaluator value:AUC top 10 is -1.0	0.7712174799961188	0.7697528032422843
17/04/05 20:13:45 INFO BPRRecommender: iter 90 Evaluator value:AUC top 10 is -1.0	0.7734756938874183	0.7697543901396948
17/04/05 20:13:46 INFO BPRRecommender: iter 91 Evaluator value:AUC top 10 is -1.0	0.769698256829786	0.7705058454973879
17/04/05 20:13:46 INFO BPRRecommender: iter 92 Evaluator value:AUC top 10 is -1.0	0.7712157821452871	0.7705035857279953
17/04/05 20:13:47 INFO BPRRecommender: iter 93 Evaluator value:AUC top 10 is -1.0	0.7674624772772943	0.769752727452582
17/04/05 20:13:48 INFO BPRRecommender: iter 94 Evaluator value:AUC top 10 is -1.0	0.7742420159662577	0.7765565785875095
17/04/05 20:13:48 INFO BPRRecommender: iter 95 Evaluator value:AUC top 10 is -1.0	0.7749849937155283	0.7704783716277652
17/04/05 20:13:49 INFO BPRRecommender: iter 96 Evaluator value:AUC top 10 is -1.0	0.7682042177286061	0.7704772825214403
17/04/05 20:13:49 INFO BPRRecommender: iter 97 Evaluator value:AUC top 10 is -1.0	0.778745682111202	0.7734989092559006
17/04/05 20:13:49 INFO BPRRecommender: iter 98 Evaluator value:AUC top 10 is -1.0	0.7704804702230522	0.7704811943620168
17/04/05 20:13:50 INFO BPRRecommender: iter 99 Evaluator value:AUC top 10 is -1.0	0.7719972972924736	0.7644379387400287
17/04/05 20:13:51 INFO BPRRecommender: iter 100 Evaluator value:AUC top 10 is -1.0	0.7674534883297678	0.7689791274226634
17/04/05 20:13:52 INFO BPRRecommender: iter 101 Evaluator value:AUC top 10 is -1.0	0.7727223657977187	0.7682187180102967
17/04/05 20:13:52 INFO BPRRecommender: iter 102 Evaluator value:AUC top 10 is -1.0	0.7719644701829994	0.7712422300234966
17/04/05 20:13:53 INFO BPRRecommender: iter 103 Evaluator value:AUC top 10 is -1.0	0.7689677103378462	0.7697464255284127
17/04/05 20:13:54 INFO BPRRecommender: iter 104 Evaluator value:AUC top 10 is -1.0	0.769694791722032	0.7712609169527198
17/04/05 20:13:54 INFO BPRRecommender: iter 105 Evaluator value:AUC top 10 is -1.0	0.7749672897052137	0.7727564973219757
17/04/05 20:13:55 INFO BPRRecommender: iter 106 Evaluator value:AUC top 10 is -1.0	0.766695587733155	0.7734935313201863
17/04/05 20:13:56 INFO BPRRecommender: iter 107 Evaluator value:AUC top 10 is -1.0	0.7742212305416193	0.7780390793485082
17/04/05 20:13:57 INFO BPRRecommender: iter 108 Evaluator value:AUC top 10 is -1.0	0.7719537411683274	0.7803119416648971
17/04/05 20:13:57 INFO BPRRecommender: iter 109 Evaluator value:AUC top 10 is -1.0	0.7711967554665345	0.7757571237741029
17/04/05 20:13:58 INFO BPRRecommender: iter 110 Evaluator value:AUC top 10 is -1.0	0.7666877482184435	0.7734964652067621
17/04/05 20:13:59 INFO BPRRecommender: iter 111 Evaluator value:AUC top 10 is -1.0	0.7696838825789288	0.7689546382009372
17/04/05 20:13:59 INFO BPRRecommender: iter 112 Evaluator value:AUC top 10 is -1.0	0.7674424840014825	0.7659360956132257
17/04/05 20:14:00 INFO BPRRecommender: iter 113 Evaluator value:AUC top 10 is -1.0	0.7712232182004595	0.7629273727666611
17/04/05 20:14:01 INFO BPRRecommender: iter 114 Evaluator value:AUC top 10 is -1.0	0.7651989361681135	0.7636818611677242
17/04/05 20:14:02 INFO BPRRecommender: iter 115 Evaluator value:AUC top 10 is -1.0	0.7622014907234061	0.766706085357107
17/04/05 20:14:03 INFO BPRRecommender: iter 116 Evaluator value:AUC top 10 is -1.0	0.7704617217689405	0.7644364386308792
17/04/05 20:14:04 INFO BPRRecommender: iter 117 Evaluator value:AUC top 10 is -1.0	0.7742023674091908	0.7652024298118574
17/04/05 20:14:04 INFO BPRRecommender: iter 118 Evaluator value:AUC top 10 is -1.0	0.7742165879899795	0.7720019774534077
17/04/05 20:14:05 INFO BPRRecommender: iter 119 Evaluator value:AUC top 10 is -1.0	0.7727075443090763	0.7689811659702828
17/04/05 20:14:06 INFO BPRRecommender: iter 120 Evaluator value:AUC top 10 is -1.0	0.7719647279020434	0.7719839429607559
17/04/05 20:14:07 INFO BPRRecommender: iter 121 Evaluator value:AUC top 10 is -1.0	0.7727098743804149	0.7682249315925779
17/04/05 20:14:07 INFO BPRRecommender: iter 122 Evaluator value:AUC top 10 is -1.0	0.7727113412709732	0.7712366579809501
17/04/05 20:14:08 INFO BPRRecommender: iter 123 Evaluator value:AUC top 10 is -1.0	0.7734642814885967	0.7704976367063081
17/04/05 20:14:08 INFO BPRRecommender: iter 124 Evaluator value:AUC top 10 is -1.0	0.7742119537122356	0.7674815043969243
17/04/05 20:14:09 INFO BPRRecommender: iter 125 Evaluator value:AUC top 10 is -1.0	0.7712194605701556	0.7659530618591305
17/04/05 20:14:10 INFO BPRRecommender: iter 126 Evaluator value:AUC top 10 is -1.0	0.7681876159548087	0.7689709357174848
17/04/05 20:14:10 INFO BPRRecommender: iter 127 Evaluator value:AUC top 10 is -1.0	0.7749626756551939	0.7727607955037942
17/04/05 20:14:11 INFO BPRRecommender: iter 128 Evaluator value:AUC top 10 is -1.0	0.7734564116613734	0.7810693460662437
17/04/05 20:14:11 INFO BPRRecommender: iter 129 Evaluator value:AUC top 10 is -1.0	0.7681828857041461	0.7780314913696618
17/04/05 20:14:12 INFO BPRRecommender: iter 130 Evaluator value:AUC top 10 is -1.0	0.7749193325087039	0.7765372935751653
17/04/05 20:14:13 INFO BPRRecommender: iter 131 Evaluator value:AUC top 10 is -1.0	0.7749217640189834	0.7757600618018505
17/04/05 20:14:13 INFO BPRRecommender: iter 132 Evaluator value:AUC top 10 is -1.0	0.7741775724753858	0.7712449176369218
17/04/05 20:14:14 INFO BPRRecommender: iter 133 Evaluator value:AUC top 10 is -1.0	0.7756894505486894	0.7735110679315728
17/04/05 20:14:14 INFO BPRRecommender: iter 134 Evaluator value:AUC top 10 is -1.0	0.7756792254723209	0.7727608756595487
17/04/05 20:14:15 INFO BPRRecommender: iter 135 Evaluator value:AUC top 10 is -1.0	0.7704289925490383	0.772747724923159
17/04/05 20:14:15 INFO BPRRecommender: iter 136 Evaluator value:AUC top 10 is -1.0	0.7711677131287712	0.773515187669578
17/04/05 20:14:15 INFO BPRRecommender: iter 137 Evaluator value:AUC top 10 is -1.0	0.7711840653351739	0.7735112555741341
17/04/05 20:14:16 INFO BPRRecommender: iter 138 Evaluator value:AUC top 10 is -1.0	0.7764456618062837	0.7765468653530276
17/04/05 20:14:17 INFO BPRRecommender: iter 139 Evaluator value:AUC top 10 is -1.0	0.7719246994637259	0.7705037068368819
17/04/05 20:14:18 INFO BPRRecommender: iter 140 Evaluator value:AUC top 10 is -1.0	0.7719221605402997	0.7674792706477302
17/04/05 20:14:19 INFO BPRRecommender: iter 141 Evaluator value:AUC top 10 is -1.0	0.7696846330975485	0.7682401714803727
17/04/05 20:14:19 INFO BPRRecommender: iter 142 Evaluator value:AUC top 10 is -1.0	0.7696782596794198	0.7659688046822128
17/04/05 20:14:20 INFO BPRRecommender: iter 143 Evaluator value:AUC top 10 is -1.0	0.7726777408986132	0.7636989709886389
17/04/05 20:14:20 INFO BPRRecommender: iter 144 Evaluator value:AUC top 10 is -1.0	0.7711711680930695	0.7667353866605645
17/04/05 20:14:21 INFO BPRRecommender: iter 145 Evaluator value:AUC top 10 is -1.0	0.7689120072696022	0.7629578855569192
17/04/05 20:14:21 INFO BPRRecommender: iter 146 Evaluator value:AUC top 10 is -1.0	0.7704348894793533	0.7659614762858772
17/04/05 20:14:21 INFO BPRRecommender: iter 147 Evaluator value:AUC top 10 is -1.0	0.7696739887302915	0.7674741657663638
17/04/05 20:14:22 INFO BPRRecommender: iter 148 Evaluator value:AUC top 10 is -1.0	0.7681929957352608	0.7674817834196365
17/04/05 20:14:22 INFO BPRRecommender: iter 149 Evaluator value:AUC top 10 is -1.0	0.7681989567999444	0.7705109292759257
17/04/05 20:14:23 INFO BPRRecommender: iter 150 Evaluator value:AUC top 10 is -1.0	0.7682021043773412	0.7659754259357031
17/04/05 20:14:24 INFO BPRRecommender: iter 151 Evaluator value:AUC top 10 is -1.0	0.7651836009812322	0.7705042826979144
17/04/05 20:14:24 INFO BPRRecommender: iter 152 Evaluator value:AUC top 10 is -1.0	0.7704618342197682	0.7667223728059525
17/04/05 20:14:25 INFO BPRRecommender: iter 153 Evaluator value:AUC top 10 is -1.0	0.7764468422532206	0.7682374847463038
17/04/05 20:14:25 INFO BPRRecommender: iter 154 Evaluator value:AUC top 10 is -1.0	0.7764475409389555	0.7697520809169799
17/04/05 20:14:26 INFO BPRRecommender: iter 155 Evaluator value:AUC top 10 is -1.0	0.771179224687136	0.7697439633964586
17/04/05 20:14:27 INFO BPRRecommender: iter 156 Evaluator value:AUC top 10 is -1.0	0.7726884886610857	0.7690020793898027
17/04/05 20:14:28 INFO BPRRecommender: iter 157 Evaluator value:AUC top 10 is -1.0	0.7666647231862806	0.770512470291996
17/04/05 20:14:28 INFO BPRRecommender: iter 158 Evaluator value:AUC top 10 is -1.0	0.7644001551955759	0.7735091966414311
17/04/05 20:14:29 INFO BPRRecommender: iter 159 Evaluator value:AUC top 10 is -1.0	0.7711741878782309	0.7719961007339159
17/04/05 20:14:30 INFO BPRRecommender: iter 160 Evaluator value:AUC top 10 is -1.0	0.7704100880053415	0.772755270291334
17/04/05 20:14:30 INFO BPRRecommender: iter 161 Evaluator value:AUC top 10 is -1.0	0.7704099625145971	0.7697404325999232
17/04/05 20:14:31 INFO BPRRecommender: iter 162 Evaluator value:AUC top 10 is -1.0	0.7741718228544026	0.7682202031453402
17/04/05 20:14:32 INFO BPRRecommender: iter 163 Evaluator value:AUC top 10 is -1.0	0.7756743854154056	0.7659754834826202
17/04/05 20:14:33 INFO BPRRecommender: iter 164 Evaluator value:AUC top 10 is -1.0	0.7749096984675672	0.7621844850231084
17/04/05 20:14:34 INFO BPRRecommender: iter 165 Evaluator value:AUC top 10 is -1.0	0.7741634641036306	0.7644555544565377
17/04/05 20:14:34 INFO BPRRecommender: iter 166 Evaluator value:AUC top 10 is -1.0	0.7718990971686391	0.769743996033129
17/04/05 20:14:35 INFO BPRRecommender: iter 167 Evaluator value:AUC top 10 is -1.0	0.7726529646210153	0.7659657013759201
17/04/05 20:14:36 INFO BPRRecommender: iter 168 Evaluator value:AUC top 10 is -1.0	0.7688831979135108	0.7652152516279859
17/04/05 20:14:37 INFO BPRRecommender: iter 169 Evaluator value:AUC top 10 is -1.0	0.774161891206095	0.7674828818651531
17/04/05 20:14:37 INFO BPRRecommender: iter 170 Evaluator value:AUC top 10 is -1.0	0.768926479106158	0.7652037680662188
17/04/05 20:14:38 INFO BPRRecommender: iter 171 Evaluator value:AUC top 10 is -1.0	0.773400459376479	0.7727679593978157
17/04/05 20:14:38 INFO BPRRecommender: iter 172 Evaluator value:AUC top 10 is -1.0	0.7696551247884237	0.7697352926454237
17/04/05 20:14:39 INFO BPRRecommender: iter 173 Evaluator value:AUC top 10 is -1.0	0.7659176339812297	0.7659578577347088
17/04/05 20:14:39 INFO BPRRecommender: iter 174 Evaluator value:AUC top 10 is -1.0	0.7673777448317436	0.7704839793073596
17/04/05 20:14:40 INFO BPRRecommender: iter 175 Evaluator value:AUC top 10 is -1.0	0.7704020898066753	0.7689884827073957
17/04/05 20:14:40 INFO BPRRecommender: iter 176 Evaluator value:AUC top 10 is -1.0	0.7689133269324571	0.7720065743860679
17/04/05 20:14:41 INFO BPRRecommender: iter 177 Evaluator value:AUC top 10 is -1.0	0.7651492888684979	0.7704977272483455
17/04/05 20:14:42 INFO BPRRecommender: iter 178 Evaluator value:AUC top 10 is -1.0	0.7704150034343173	0.7720151370841595
17/04/05 20:14:42 INFO BPRRecommender: iter 179 Evaluator value:AUC top 10 is -1.0	0.7711806834802858	0.7682346608940276
17/04/05 20:14:43 INFO BPRRecommender: iter 180 Evaluator value:AUC top 10 is -1.0	0.772691014075368	0.763699425934045
17/04/05 20:14:44 INFO BPRRecommender: iter 181 Evaluator value:AUC top 10 is -1.0	0.767424294790866	0.7644679337171401
17/04/05 20:14:45 INFO BPRRecommender: iter 182 Evaluator value:AUC top 10 is -1.0	0.7659228546104534	0.7644574699039752
17/04/05 20:14:45 INFO BPRRecommender: iter 183 Evaluator value:AUC top 10 is -1.0	0.7651460850916914	0.7621986741024637
17/04/05 20:14:46 INFO BPRRecommender: iter 184 Evaluator value:AUC top 10 is -1.0	0.7628816660003405	0.7674692363371372
17/04/05 20:14:46 INFO BPRRecommender: iter 185 Evaluator value:AUC top 10 is -1.0	0.7628765242488291	0.7644533258452597
