17/03/23 12:23:13 INFO test_all_ranking_pure: ********************************************************************************
17/03/23 12:23:13 INFO test_all_ranking_pure: Begin

17/03/23 12:23:13 INFO test_all_ranking_pure: rec.eval.classes=auc
rec.learnrate.decay=1.0
rec.sim.filter=4.0
rec.recommender.similarities=item
rec.similarity.class=cos
rec.recommender.ranking.topn=10
rec.random.seed=1
rec.recommender.isranking=true
rec.recommender.class=prankd
rec.similarity.shrinkage=10
rec.learnrate.bolddriver=false
rec.eval.enable=true

17/03/23 12:23:14 INFO TextDataConvertor: Dataset: ...librec/data/movielens/ml-100k-split
17/03/23 12:23:14 INFO TextDataConvertor: All dataset files [E:\Users\v-fuz\tools\recommender_system\librec_sourcecode\librec\data\movielens\ml-100k-split\movielens100k_librec.txt]
17/03/23 12:23:14 INFO TextDataConvertor: All dataset files size 3029027
17/03/23 12:23:14 INFO TextDataConvertor: Now loading dataset file movielens100k_librec
17/03/23 12:23:17 INFO TextDataModel: Transform data to Convertor successfully!
17/03/23 12:23:17 INFO TextDataModel: Split data to train Set and test Set successfully!
17/03/23 12:23:17 INFO TextDataModel: Data size of training is 49651
17/03/23 12:23:17 INFO TextDataModel: Data size of testing is 6225
17/03/23 12:23:28 INFO PRankDRecommender: Job Setup completed.
17/03/23 12:23:32 INFO PRankDRecommender: iter 1 Evaluator value:AUC top 10 is -1.0	0.5089049742048629	0.5040127749634763
17/03/23 12:23:36 INFO PRankDRecommender: iter 2 Evaluator value:AUC top 10 is -1.0	0.5097074515847698	0.5040127749634763
17/03/23 12:23:38 INFO PRankDRecommender: iter 3 Evaluator value:AUC top 10 is -1.0	0.5089222743999893	0.5040125953128609
17/03/23 12:23:40 INFO PRankDRecommender: iter 4 Evaluator value:AUC top 10 is -1.0	0.5081100835201705	0.5040124082228218
17/03/23 12:23:42 INFO PRankDRecommender: iter 5 Evaluator value:AUC top 10 is -1.0	0.5081188501430678	0.5040125953128609
17/03/23 12:23:44 INFO PRankDRecommender: iter 6 Evaluator value:AUC top 10 is -1.0	0.5081072784746723	0.5040124082228218
17/03/23 12:23:46 INFO PRankDRecommender: iter 7 Evaluator value:AUC top 10 is -1.0	0.5081074593054523	0.5040124082228218
17/03/23 12:23:49 INFO PRankDRecommender: iter 8 Evaluator value:AUC top 10 is -1.0	0.5081076415012932	0.5048088360384879
17/03/23 12:23:52 INFO PRankDRecommender: iter 9 Evaluator value:AUC top 10 is -1.0	0.5081070920103418	0.5040125953128609
17/03/23 12:23:55 INFO PRankDRecommender: iter 10 Evaluator value:AUC top 10 is -1.0	0.5081072728411218	0.5032177358429492
17/03/23 12:23:57 INFO PRankDRecommender: iter 11 Evaluator value:AUC top 10 is -1.0	0.5073033138628524	0.504820085799532
17/03/23 12:23:59 INFO PRankDRecommender: iter 12 Evaluator value:AUC top 10 is -1.0	0.5064908805597693	0.5048202645739974
17/03/23 12:24:01 INFO PRankDRecommender: iter 13 Evaluator value:AUC top 10 is -1.0	0.5064908805597693	0.5048202645739974
17/03/23 12:24:03 INFO PRankDRecommender: iter 14 Evaluator value:AUC top 10 is -1.0	0.5056790266244513	0.5064281240472237
17/03/23 12:24:05 INFO PRankDRecommender: iter 15 Evaluator value:AUC top 10 is -1.0	0.5073073574698469	0.5072327756189077
17/03/23 12:24:07 INFO PRankDRecommender: iter 16 Evaluator value:AUC top 10 is -1.0	0.5089132473179885	0.5096427164415464
17/03/23 12:24:09 INFO PRankDRecommender: iter 17 Evaluator value:AUC top 10 is -1.0	0.5097306394126648	0.5112443909339988
17/03/23 12:24:11 INFO PRankDRecommender: iter 18 Evaluator value:AUC top 10 is -1.0	0.5097304459507703	0.5128528107853448
17/03/23 12:24:13 INFO PRankDRecommender: iter 19 Evaluator value:AUC top 10 is -1.0	0.5097304459507703	0.5128627385758324
17/03/23 12:24:16 INFO PRankDRecommender: iter 20 Evaluator value:AUC top 10 is -1.0	0.5113692190971811	0.5128627385758324
17/03/23 12:24:17 INFO PRankDRecommender: iter 21 Evaluator value:AUC top 10 is -1.0	0.5113688542935783	0.5144737624897758
17/03/23 12:24:20 INFO PRankDRecommender: iter 22 Evaluator value:AUC top 10 is -1.0	0.5113688568399855	0.5168710270516844
17/03/23 12:24:22 INFO PRankDRecommender: iter 23 Evaluator value:AUC top 10 is -1.0	0.5121845941780347	0.5168723056035849
17/03/23 12:24:24 INFO PRankDRecommender: iter 24 Evaluator value:AUC top 10 is -1.0	0.5130006007925083	0.5160741431322603
17/03/23 12:24:26 INFO PRankDRecommender: iter 25 Evaluator value:AUC top 10 is -1.0	0.5129999610073798	0.5160743265393412
17/03/23 12:24:29 INFO PRankDRecommender: iter 26 Evaluator value:AUC top 10 is -1.0	0.5130016513072964	0.5136638055970034
17/03/23 12:24:32 INFO PRankDRecommender: iter 27 Evaluator value:AUC top 10 is -1.0	0.5130018330455777	0.5128584398619052
17/03/23 12:24:34 INFO PRankDRecommender: iter 28 Evaluator value:AUC top 10 is -1.0	0.5130018324817441	0.5096502468727218
17/03/23 12:24:37 INFO PRankDRecommender: iter 29 Evaluator value:AUC top 10 is -1.0	0.5113758951078269	0.5096502468727218
17/03/23 12:24:39 INFO PRankDRecommender: iter 30 Evaluator value:AUC top 10 is -1.0	0.5105593529402968	0.509649712863642
17/03/23 12:24:42 INFO PRankDRecommender: iter 31 Evaluator value:AUC top 10 is -1.0	0.5105593529402968	0.5088443297073619
17/03/23 12:24:45 INFO PRankDRecommender: iter 32 Evaluator value:AUC top 10 is -1.0	0.5097461696137696	0.5096482871464149
