17/04/05 20:07:22 INFO test_all_ranking_pure: ********************************************************************************
17/04/05 20:07:22 INFO test_all_ranking_pure: Begin

17/04/05 20:07:22 INFO test_all_ranking_pure: 
rec.iterator.learnrate=0.01
rec.eval.classes=auc
rec.iterator.maximum=200
rec.learningrate.decay=1.0
rec.iterator.learnrate.maximum=0.01
rec.learnRate.decay=1.0
rec.item.regularization=0.01
rec.recommender.ranking.topn=10
rec.recommender.class=bpr
rec.random.seed=1
rec.recommender.isranking=true
rec.learningrate.bolddriver=false
rec.factor.number=10
rec.learnRate.bolddriver=false
rec.eval.enable=true
rec.user.regularization=0.01

17/04/05 20:07:22 INFO TextDataConvertor: Dataset: ...librec/data/movielens/ml-100k-split
17/04/05 20:07:22 INFO TextDataConvertor: All dataset files [E:\Users\v-fuz\tools\recommender_system\librec_sourcecode\librec\data\movielens\ml-100k-split\uniform_negsample.txt]
17/04/05 20:07:22 INFO TextDataConvertor: All dataset files size 30212
17/04/05 20:07:22 INFO TextDataConvertor: Now loading dataset file uniform_negsample
17/04/05 20:07:22 INFO TextDataModel: Transform data to Convertor successfully!
17/04/05 20:07:22 INFO TextDataModel: Split data to train Set and test Set successfully!
17/04/05 20:07:22 INFO TextDataModel: Data size of training is 764
17/04/05 20:07:22 INFO TextDataModel: Data size of testing is 96
17/04/05 20:07:23 INFO BPRRecommender: Job Setup completed.
17/04/05 20:07:23 INFO BPRRecommender: iter 1 Evaluator value:AUC top 10 is -1.0	0.5372066758689923	0.6373205063799402
17/04/05 20:07:23 INFO BPRRecommender: iter 2 Evaluator value:AUC top 10 is -1.0	0.5372066758689923	0.6373205063799402
17/04/05 20:07:23 INFO BPRRecommender: iter 3 Evaluator value:AUC top 10 is -1.0	0.537332162128247	0.6374299992690245
17/04/05 20:07:23 INFO BPRRecommender: iter 4 Evaluator value:AUC top 10 is -1.0	0.5372066758689923	0.5688014479207661
17/04/05 20:07:23 INFO BPRRecommender: iter 5 Evaluator value:AUC top 10 is -1.0	0.5743210501112125	0.5688014479207661
17/04/05 20:07:23 INFO BPRRecommender: iter 6 Evaluator value:AUC top 10 is -1.0	0.5743210501112125	0.6033505040848305
17/04/05 20:07:23 INFO BPRRecommender: iter 7 Evaluator value:AUC top 10 is -1.0	0.5743210501112125	0.6033505040848305
17/04/05 20:07:23 INFO BPRRecommender: iter 8 Evaluator value:AUC top 10 is -1.0	0.5744557665331443	0.6033505040848305
17/04/05 20:07:23 INFO BPRRecommender: iter 9 Evaluator value:AUC top 10 is -1.0	0.5744557665331443	0.5688014479207661
17/04/05 20:07:23 INFO BPRRecommender: iter 10 Evaluator value:AUC top 10 is -1.0	0.5744557665331443	0.5337072018890201
17/04/05 20:07:23 INFO BPRRecommender: iter 11 Evaluator value:AUC top 10 is -1.0	0.5744557665331443	0.5337072018890201
17/04/05 20:07:23 INFO BPRRecommender: iter 12 Evaluator value:AUC top 10 is -1.0	0.5744557665331443	0.5335891381345926
17/04/05 20:07:23 INFO BPRRecommender: iter 13 Evaluator value:AUC top 10 is -1.0	0.5744557665331443	0.5335891381345926
17/04/05 20:07:23 INFO BPRRecommender: iter 14 Evaluator value:AUC top 10 is -1.0	0.5744557665331443	0.5675521103637646
17/04/05 20:07:23 INFO BPRRecommender: iter 15 Evaluator value:AUC top 10 is -1.0	0.5744557665331443	0.5674270165433993
17/04/05 20:07:23 INFO BPRRecommender: iter 16 Evaluator value:AUC top 10 is -1.0	0.5744557665331443	0.6018317784481612
17/04/05 20:07:23 INFO BPRRecommender: iter 17 Evaluator value:AUC top 10 is -1.0	0.5745812527923989	0.6018317784481612
17/04/05 20:07:23 INFO BPRRecommender: iter 18 Evaluator value:AUC top 10 is -1.0	0.5745812527923989	0.6357278823442651
17/04/05 20:07:23 INFO BPRRecommender: iter 19 Evaluator value:AUC top 10 is -1.0	0.5372490906641519	0.6358459460986925
17/04/05 20:07:23 INFO BPRRecommender: iter 20 Evaluator value:AUC top 10 is -1.0	0.5372490906641519	0.6358519923000101
17/04/05 20:07:23 INFO BPRRecommender: iter 21 Evaluator value:AUC top 10 is -1.0	0.5372490906641519	0.6357329446809625
17/04/05 20:07:23 INFO BPRRecommender: iter 22 Evaluator value:AUC top 10 is -1.0	0.5372490906641519	0.6361069562502456
17/04/05 20:07:23 INFO BPRRecommender: iter 23 Evaluator value:AUC top 10 is -1.0	0.5372490906641519	0.636225020004673
17/04/05 20:07:23 INFO BPRRecommender: iter 24 Evaluator value:AUC top 10 is -1.0	0.5372490906641519	0.6359748323639424
17/04/05 20:07:23 INFO BPRRecommender: iter 25 Evaluator value:AUC top 10 is -1.0	0.5372490906641519	0.6359879086311979
17/04/05 20:07:23 INFO BPRRecommender: iter 26 Evaluator value:AUC top 10 is -1.0	0.5372490906641519	0.6357447510564053
17/04/05 20:07:23 INFO BPRRecommender: iter 27 Evaluator value:AUC top 10 is -1.0	0.5372490906641519	0.6357447510564053
17/04/05 20:07:23 INFO BPRRecommender: iter 28 Evaluator value:AUC top 10 is -1.0	0.5372490906641519	0.666431329346718
17/04/05 20:07:23 INFO BPRRecommender: iter 29 Evaluator value:AUC top 10 is -1.0	0.5372490906641519	0.6665503769657656
17/04/05 20:07:23 INFO BPRRecommender: iter 30 Evaluator value:AUC top 10 is -1.0	0.5372490906641519	0.6357447510564053
17/04/05 20:07:23 INFO BPRRecommender: iter 31 Evaluator value:AUC top 10 is -1.0	0.5372490906641519	0.6669427104620843
17/04/05 20:07:23 INFO BPRRecommender: iter 32 Evaluator value:AUC top 10 is -1.0	0.5372490906641519	0.6359997150066407
17/04/05 20:07:23 INFO BPRRecommender: iter 33 Evaluator value:AUC top 10 is -1.0	0.5372490906641519	0.6666754707861309
17/04/05 20:07:23 INFO BPRRecommender: iter 34 Evaluator value:AUC top 10 is -1.0	0.5372490906641519	0.6665456006562608
17/04/05 20:07:23 INFO BPRRecommender: iter 35 Evaluator value:AUC top 10 is -1.0	0.5372490906641519	0.6664265530372131
17/04/05 20:07:23 INFO BPRRecommender: iter 36 Evaluator value:AUC top 10 is -1.0	0.5372490906641519	0.6664157305263906
17/04/05 20:07:23 INFO BPRRecommender: iter 37 Evaluator value:AUC top 10 is -1.0	0.5372490906641519	0.6357399747469004
17/04/05 20:07:23 INFO BPRRecommender: iter 38 Evaluator value:AUC top 10 is -1.0	0.5372490906641519	0.6664157305263906
17/04/05 20:07:23 INFO BPRRecommender: iter 39 Evaluator value:AUC top 10 is -1.0	0.5372490906641519	0.666296682907343
17/04/05 20:07:23 INFO BPRRecommender: iter 40 Evaluator value:AUC top 10 is -1.0	0.5372490906641519	0.6666646482753084
17/04/05 20:07:23 INFO BPRRecommender: iter 41 Evaluator value:AUC top 10 is -1.0	0.5372490906641519	0.6665456006562608
17/04/05 20:07:23 INFO BPRRecommender: iter 42 Evaluator value:AUC top 10 is -1.0	0.5372490906641519	0.666296682907343
17/04/05 20:07:23 INFO BPRRecommender: iter 43 Evaluator value:AUC top 10 is -1.0	0.5372490906641519	0.601480681792336
17/04/05 20:07:23 INFO BPRRecommender: iter 44 Evaluator value:AUC top 10 is -1.0	0.5372490906641519	0.6321564375718262
17/04/05 20:07:23 INFO BPRRecommender: iter 45 Evaluator value:AUC top 10 is -1.0	0.5372490906641519	0.6321564375718262
17/04/05 20:07:23 INFO BPRRecommender: iter 46 Evaluator value:AUC top 10 is -1.0	0.5372490906641519	0.6324528216856377
17/04/05 20:07:23 INFO BPRRecommender: iter 47 Evaluator value:AUC top 10 is -1.0	0.5372490906641519	0.6322815313921915
17/04/05 20:07:23 INFO BPRRecommender: iter 48 Evaluator value:AUC top 10 is -1.0	0.5372490906641519	0.6016057756127012
17/04/05 20:07:23 INFO BPRRecommender: iter 49 Evaluator value:AUC top 10 is -1.0	0.5372490906641519	0.6016057756127012
17/04/05 20:07:23 INFO BPRRecommender: iter 50 Evaluator value:AUC top 10 is -1.0	0.5372490906641519	0.6016057756127012
17/04/05 20:07:23 INFO BPRRecommender: iter 51 Evaluator value:AUC top 10 is -1.0	0.5372490906641519	0.6324598517515756
17/04/05 20:07:23 INFO BPRRecommender: iter 52 Evaluator value:AUC top 10 is -1.0	0.5372490906641519	0.6323347579312103
17/04/05 20:07:23 INFO BPRRecommender: iter 53 Evaluator value:AUC top 10 is -1.0	0.5372490906641519	0.6323347579312103
17/04/05 20:07:23 INFO BPRRecommender: iter 54 Evaluator value:AUC top 10 is -1.0	0.5372490906641519	0.6323347579312103
17/04/05 20:07:23 INFO BPRRecommender: iter 55 Evaluator value:AUC top 10 is -1.0	0.5372490906641519	0.632482949988116
17/04/05 20:07:23 INFO BPRRecommender: iter 56 Evaluator value:AUC top 10 is -1.0	0.5372490906641519	0.6327562358653871
17/04/05 20:07:23 INFO BPRRecommender: iter 57 Evaluator value:AUC top 10 is -1.0	0.5372490906641519	0.632482949988116
17/04/05 20:07:23 INFO BPRRecommender: iter 58 Evaluator value:AUC top 10 is -1.0	0.5372490906641519	0.6326311420450218
17/04/05 20:07:23 INFO BPRRecommender: iter 59 Evaluator value:AUC top 10 is -1.0	0.5372490906641519	0.632482949988116
17/04/05 20:07:23 INFO BPRRecommender: iter 60 Evaluator value:AUC top 10 is -1.0	0.5372490906641519	0.632482949988116
17/04/05 20:07:23 INFO BPRRecommender: iter 61 Evaluator value:AUC top 10 is -1.0	0.5372490906641519	0.6665089240140901
17/04/05 20:07:23 INFO BPRRecommender: iter 62 Evaluator value:AUC top 10 is -1.0	0.5749426782745449	0.6666571160709959
17/04/05 20:07:23 INFO BPRRecommender: iter 63 Evaluator value:AUC top 10 is -1.0	0.5745087060487674	0.6666387941439602
17/04/05 20:07:23 INFO BPRRecommender: iter 64 Evaluator value:AUC top 10 is -1.0	0.5745087060487674	0.6666387941439602
17/04/05 20:07:23 INFO BPRRecommender: iter 65 Evaluator value:AUC top 10 is -1.0	0.5745087060487674	0.6666387941439602
17/04/05 20:07:23 INFO BPRRecommender: iter 66 Evaluator value:AUC top 10 is -1.0	0.5745087060487674	0.666786986200866
17/04/05 20:07:23 INFO BPRRecommender: iter 67 Evaluator value:AUC top 10 is -1.0	0.5745087060487674	0.6669120800212313
17/04/05 20:07:23 INFO BPRRecommender: iter 68 Evaluator value:AUC top 10 is -1.0	0.5745087060487674	0.6667638879643255
17/04/05 20:07:23 INFO BPRRecommender: iter 69 Evaluator value:AUC top 10 is -1.0	0.5745087060487674	0.6668889817846908
17/04/05 20:07:23 INFO BPRRecommender: iter 70 Evaluator value:AUC top 10 is -1.0	0.5372490906641519	0.6668819517187529
17/04/05 20:07:23 INFO BPRRecommender: iter 71 Evaluator value:AUC top 10 is -1.0	0.5372490906641519	0.6670070455391182
17/04/05 20:07:23 INFO BPRRecommender: iter 72 Evaluator value:AUC top 10 is -1.0	0.5372490906641519	0.6670009993378005
17/04/05 20:07:23 INFO BPRRecommender: iter 73 Evaluator value:AUC top 10 is -1.0	0.5745087060487674	0.6670009993378005
17/04/05 20:07:23 INFO BPRRecommender: iter 74 Evaluator value:AUC top 10 is -1.0	0.5745087060487674	0.6670009993378005
17/04/05 20:07:23 INFO BPRRecommender: iter 75 Evaluator value:AUC top 10 is -1.0	0.5745087060487674	0.6668819517187529
17/04/05 20:07:23 INFO BPRRecommender: iter 76 Evaluator value:AUC top 10 is -1.0	0.5745087060487674	0.6670009993378005
17/04/05 20:07:23 INFO BPRRecommender: iter 77 Evaluator value:AUC top 10 is -1.0	0.5372490906641519	0.6668819517187529
17/04/05 20:07:23 INFO BPRRecommender: iter 78 Evaluator value:AUC top 10 is -1.0	0.5743751590402203	0.6668819517187529
17/04/05 20:07:23 INFO BPRRecommender: iter 79 Evaluator value:AUC top 10 is -1.0	0.5743751590402203	0.6328451551819564
17/04/05 20:07:23 INFO BPRRecommender: iter 80 Evaluator value:AUC top 10 is -1.0	0.5743751590402203	0.6329933472388621
17/04/05 20:07:23 INFO BPRRecommender: iter 81 Evaluator value:AUC top 10 is -1.0	0.5743751590402203	0.6331184410592273
17/04/05 20:07:23 INFO BPRRecommender: iter 82 Evaluator value:AUC top 10 is -1.0	0.5743751590402203	0.6331184410592273
17/04/05 20:07:23 INFO BPRRecommender: iter 83 Evaluator value:AUC top 10 is -1.0	0.5743751590402203	0.6332555440104668
17/04/05 20:07:23 INFO BPRRecommender: iter 84 Evaluator value:AUC top 10 is -1.0	0.5743751590402203	0.6334397674429418
17/04/05 20:07:23 INFO BPRRecommender: iter 85 Evaluator value:AUC top 10 is -1.0	0.5743751590402203	0.6334397674429418
17/04/05 20:07:23 INFO BPRRecommender: iter 86 Evaluator value:AUC top 10 is -1.0	0.5743751590402203	0.6334397674429418
17/04/05 20:07:23 INFO BPRRecommender: iter 87 Evaluator value:AUC top 10 is -1.0	0.5743751590402203	0.6329702490023216
17/04/05 20:07:23 INFO BPRRecommender: iter 88 Evaluator value:AUC top 10 is -1.0	0.5743751590402203	0.6331184410592273
17/04/05 20:07:23 INFO BPRRecommender: iter 89 Evaluator value:AUC top 10 is -1.0	0.5743751590402203	0.6329702490023216
17/04/05 20:07:23 INFO BPRRecommender: iter 90 Evaluator value:AUC top 10 is -1.0	0.5743751590402203	0.6674773523745665
17/04/05 20:07:23 INFO BPRRecommender: iter 91 Evaluator value:AUC top 10 is -1.0	0.5743751590402203	0.6333215082187224
17/04/05 20:07:23 INFO BPRRecommender: iter 92 Evaluator value:AUC top 10 is -1.0	0.5743751590402203	0.6330003773048
17/04/05 20:07:23 INFO BPRRecommender: iter 93 Evaluator value:AUC top 10 is -1.0	0.5743751590402203	0.6328521852478942
17/04/05 20:07:23 INFO BPRRecommender: iter 94 Evaluator value:AUC top 10 is -1.0	0.5745079847053531	0.633196414398357
17/04/05 20:07:23 INFO BPRRecommender: iter 95 Evaluator value:AUC top 10 is -1.0	0.5745079847053531	0.6332555440104668
17/04/05 20:07:23 INFO BPRRecommender: iter 96 Evaluator value:AUC top 10 is -1.0	0.5745079847053531	0.633196414398357
17/04/05 20:07:23 INFO BPRRecommender: iter 97 Evaluator value:AUC top 10 is -1.0	0.5745079847053531	0.633196414398357
17/04/05 20:07:23 INFO BPRRecommender: iter 98 Evaluator value:AUC top 10 is -1.0	0.5745079847053531	0.6332555440104668
17/04/05 20:07:23 INFO BPRRecommender: iter 99 Evaluator value:AUC top 10 is -1.0	0.5746415317139001	0.633196414398357
17/04/05 20:07:23 INFO BPRRecommender: iter 100 Evaluator value:AUC top 10 is -1.0	0.5746415317139001	0.6333446064552628
17/04/05 20:07:23 INFO BPRRecommender: iter 101 Evaluator value:AUC top 10 is -1.0	0.5746415317139001	0.633196414398357
17/04/05 20:07:23 INFO BPRRecommender: iter 102 Evaluator value:AUC top 10 is -1.0	0.5746415317139001	0.6333446064552628
17/04/05 20:07:23 INFO BPRRecommender: iter 103 Evaluator value:AUC top 10 is -1.0	0.5746415317139001	0.6333215082187224
17/04/05 20:07:23 INFO BPRRecommender: iter 104 Evaluator value:AUC top 10 is -1.0	0.5746415317139001	0.6333215082187224
17/04/05 20:07:23 INFO BPRRecommender: iter 105 Evaluator value:AUC top 10 is -1.0	0.5745079847053531	0.6332555440104668
17/04/05 20:07:23 INFO BPRRecommender: iter 106 Evaluator value:AUC top 10 is -1.0	0.5745079847053531	0.6333806378308321
17/04/05 20:07:23 INFO BPRRecommender: iter 107 Evaluator value:AUC top 10 is -1.0	0.5745079847053531	0.6333806378308321
17/04/05 20:07:23 INFO BPRRecommender: iter 108 Evaluator value:AUC top 10 is -1.0	0.5745079847053531	0.6332555440104668
17/04/05 20:07:23 INFO BPRRecommender: iter 109 Evaluator value:AUC top 10 is -1.0	0.5745079847053531	0.6332555440104668
17/04/05 20:07:23 INFO BPRRecommender: iter 110 Evaluator value:AUC top 10 is -1.0	0.5745079847053531	0.6332555440104668
17/04/05 20:07:23 INFO BPRRecommender: iter 111 Evaluator value:AUC top 10 is -1.0	0.5745079847053531	0.633107351953561
17/04/05 20:07:23 INFO BPRRecommender: iter 112 Evaluator value:AUC top 10 is -1.0	0.5745079847053531	0.6330482223414513
17/04/05 20:07:23 INFO BPRRecommender: iter 113 Evaluator value:AUC top 10 is -1.0	0.5745079847053531	0.632923128521086
17/04/05 20:07:23 INFO BPRRecommender: iter 114 Evaluator value:AUC top 10 is -1.0	0.5745079847053531	0.632923128521086
17/04/05 20:07:23 INFO BPRRecommender: iter 115 Evaluator value:AUC top 10 is -1.0	0.5745079847053531	0.6330713205779918
17/04/05 20:07:23 INFO BPRRecommender: iter 116 Evaluator value:AUC top 10 is -1.0	0.5745079847053531	0.633196414398357
17/04/05 20:07:23 INFO BPRRecommender: iter 117 Evaluator value:AUC top 10 is -1.0	0.5745079847053531	0.6330482223414513
17/04/05 20:07:23 INFO BPRRecommender: iter 118 Evaluator value:AUC top 10 is -1.0	0.5745079847053531	0.6330482223414513
17/04/05 20:07:23 INFO BPRRecommender: iter 119 Evaluator value:AUC top 10 is -1.0	0.5745079847053531	0.6330482223414513
17/04/05 20:07:23 INFO BPRRecommender: iter 120 Evaluator value:AUC top 10 is -1.0	0.5745079847053531	0.6330482223414513
17/04/05 20:07:23 INFO BPRRecommender: iter 121 Evaluator value:AUC top 10 is -1.0	0.5745079847053531	0.6330482223414513
17/04/05 20:07:23 INFO BPRRecommender: iter 122 Evaluator value:AUC top 10 is -1.0	0.5745079847053531	0.633196414398357
17/04/05 20:07:23 INFO BPRRecommender: iter 123 Evaluator value:AUC top 10 is -1.0	0.5743744376968061	0.633196414398357
17/04/05 20:07:23 INFO BPRRecommender: iter 124 Evaluator value:AUC top 10 is -1.0	0.5743744376968061	0.6333446064552628
17/04/05 20:07:23 INFO BPRRecommender: iter 125 Evaluator value:AUC top 10 is -1.0	0.5743744376968061	0.633196414398357
17/04/05 20:07:23 INFO BPRRecommender: iter 126 Evaluator value:AUC top 10 is -1.0	0.5743744376968061	0.633196414398357
17/04/05 20:07:23 INFO BPRRecommender: iter 127 Evaluator value:AUC top 10 is -1.0	0.5743744376968061	0.633196414398357
17/04/05 20:07:23 INFO BPRRecommender: iter 128 Evaluator value:AUC top 10 is -1.0	0.5743744376968061	0.6330482223414513
17/04/05 20:07:23 INFO BPRRecommender: iter 129 Evaluator value:AUC top 10 is -1.0	0.5743744376968061	0.6020760824481497
17/04/05 20:07:23 INFO BPRRecommender: iter 130 Evaluator value:AUC top 10 is -1.0	0.5745079847053531	0.6330482223414513
17/04/05 20:07:23 INFO BPRRecommender: iter 131 Evaluator value:AUC top 10 is -1.0	0.5745079847053531	0.6330482223414513
17/04/05 20:07:23 INFO BPRRecommender: iter 132 Evaluator value:AUC top 10 is -1.0	0.5745079847053531	0.6330482223414513
17/04/05 20:07:23 INFO BPRRecommender: iter 133 Evaluator value:AUC top 10 is -1.0	0.5745079847053531	0.633196414398357
17/04/05 20:07:23 INFO BPRRecommender: iter 134 Evaluator value:AUC top 10 is -1.0	0.5745079847053531	0.633196414398357
17/04/05 20:07:23 INFO BPRRecommender: iter 135 Evaluator value:AUC top 10 is -1.0	0.5745079847053531	0.633196414398357
17/04/05 20:07:23 INFO BPRRecommender: iter 136 Evaluator value:AUC top 10 is -1.0	0.5745079847053531	0.6330713205779918
17/04/05 20:07:23 INFO BPRRecommender: iter 137 Evaluator value:AUC top 10 is -1.0	0.5745079847053531	0.633196414398357
17/04/05 20:07:23 INFO BPRRecommender: iter 138 Evaluator value:AUC top 10 is -1.0	0.5745079847053531	0.6330713205779918
17/04/05 20:07:23 INFO BPRRecommender: iter 139 Evaluator value:AUC top 10 is -1.0	0.5745079847053531	0.6330713205779918
17/04/05 20:07:23 INFO BPRRecommender: iter 140 Evaluator value:AUC top 10 is -1.0	0.5745079847053531	0.6330713205779918
17/04/05 20:07:23 INFO BPRRecommender: iter 141 Evaluator value:AUC top 10 is -1.0	0.5745079847053531	0.6330713205779918
17/04/05 20:07:23 INFO BPRRecommender: iter 142 Evaluator value:AUC top 10 is -1.0	0.5745079847053531	0.6330713205779918
17/04/05 20:07:23 INFO BPRRecommender: iter 143 Evaluator value:AUC top 10 is -1.0	0.5745079847053531	0.6330713205779918
17/04/05 20:07:23 INFO BPRRecommender: iter 144 Evaluator value:AUC top 10 is -1.0	0.5745079847053531	0.6329522729589441
17/04/05 20:07:23 INFO BPRRecommender: iter 145 Evaluator value:AUC top 10 is -1.0	0.5745079847053531	0.6330713205779918
17/04/05 20:07:23 INFO BPRRecommender: iter 146 Evaluator value:AUC top 10 is -1.0	0.5745079847053531	0.6019509886277843
17/04/05 20:07:23 INFO BPRRecommender: iter 147 Evaluator value:AUC top 10 is -1.0	0.5745079847053531	0.6019509886277843
17/04/05 20:07:23 INFO BPRRecommender: iter 148 Evaluator value:AUC top 10 is -1.0	0.5745079847053531	0.6019509886277843
17/04/05 20:07:23 INFO BPRRecommender: iter 149 Evaluator value:AUC top 10 is -1.0	0.5745079847053531	0.6019509886277843
17/04/05 20:07:23 INFO BPRRecommender: iter 150 Evaluator value:AUC top 10 is -1.0	0.5745079847053531	0.6019509886277843
17/04/05 20:07:23 INFO BPRRecommender: iter 151 Evaluator value:AUC top 10 is -1.0	0.5745079847053531	0.6019509886277843
17/04/05 20:07:23 INFO BPRRecommender: iter 152 Evaluator value:AUC top 10 is -1.0	0.5745079847053531	0.6019509886277843
17/04/05 20:07:23 INFO BPRRecommender: iter 153 Evaluator value:AUC top 10 is -1.0	0.5745079847053531	0.6019502002329562
17/04/05 20:07:23 INFO BPRRecommender: iter 154 Evaluator value:AUC top 10 is -1.0	0.5745079847053531	0.6019509886277843
17/04/05 20:07:24 INFO BPRRecommender: iter 155 Evaluator value:AUC top 10 is -1.0	0.5745079847053531	0.6020692478520038
17/04/05 20:07:24 INFO BPRRecommender: iter 156 Evaluator value:AUC top 10 is -1.0	0.5745079847053531	0.6020692478520038
17/04/05 20:07:24 INFO BPRRecommender: iter 157 Evaluator value:AUC top 10 is -1.0	0.5745079847053531	0.6020692478520038
17/04/05 20:07:24 INFO BPRRecommender: iter 158 Evaluator value:AUC top 10 is -1.0	0.5745079847053531	0.6020692478520038
17/04/05 20:07:24 INFO BPRRecommender: iter 159 Evaluator value:AUC top 10 is -1.0	0.5745079847053531	0.6019502002329562
17/04/05 20:07:24 INFO BPRRecommender: iter 160 Evaluator value:AUC top 10 is -1.0	0.5745079847053531	0.6019502002329562
17/04/05 20:07:24 INFO BPRRecommender: iter 161 Evaluator value:AUC top 10 is -1.0	0.5745079847053531	0.6018251064125908
17/04/05 20:07:24 INFO BPRRecommender: iter 162 Evaluator value:AUC top 10 is -1.0	0.5745079847053531	0.6018251064125908
17/04/05 20:07:24 INFO BPRRecommender: iter 163 Evaluator value:AUC top 10 is -1.0	0.5745079847053531	0.6018251064125908
17/04/05 20:07:24 INFO BPRRecommender: iter 164 Evaluator value:AUC top 10 is -1.0	0.5745079847053531	0.6018251064125908
17/04/05 20:07:24 INFO BPRRecommender: iter 165 Evaluator value:AUC top 10 is -1.0	0.5746415317139001	0.6020692478520038
17/04/05 20:07:24 INFO BPRRecommender: iter 166 Evaluator value:AUC top 10 is -1.0	0.5746415317139001	0.6021283774641135
17/04/05 20:07:24 INFO BPRRecommender: iter 167 Evaluator value:AUC top 10 is -1.0	0.5745079847053531	0.6021283774641135
17/04/05 20:07:24 INFO BPRRecommender: iter 168 Evaluator value:AUC top 10 is -1.0	0.5745079847053531	0.6021283774641135
17/04/05 20:07:24 INFO BPRRecommender: iter 169 Evaluator value:AUC top 10 is -1.0	0.5745079847053531	0.6020692478520038
17/04/05 20:07:24 INFO BPRRecommender: iter 170 Evaluator value:AUC top 10 is -1.0	0.5745079847053531	0.6021283774641135
17/04/05 20:07:24 INFO BPRRecommender: iter 171 Evaluator value:AUC top 10 is -1.0	0.5745079847053531	0.6021283774641135
17/04/05 20:07:24 INFO BPRRecommender: iter 172 Evaluator value:AUC top 10 is -1.0	0.5745079847053531	0.6021283774641135
17/04/05 20:07:24 INFO BPRRecommender: iter 173 Evaluator value:AUC top 10 is -1.0	0.5745079847053531	0.6021283774641135
17/04/05 20:07:24 INFO BPRRecommender: iter 174 Evaluator value:AUC top 10 is -1.0	0.5745079847053531	0.6021283774641135
17/04/05 20:07:24 INFO BPRRecommender: iter 175 Evaluator value:AUC top 10 is -1.0	0.5745079847053531	0.6021283774641135
17/04/05 20:07:24 INFO BPRRecommender: iter 176 Evaluator value:AUC top 10 is -1.0	0.5745079847053531	0.602010118239894
17/04/05 20:07:24 INFO BPRRecommender: iter 177 Evaluator value:AUC top 10 is -1.0	0.5745079847053531	0.602010118239894
17/04/05 20:07:24 INFO BPRRecommender: iter 178 Evaluator value:AUC top 10 is -1.0	0.5745079847053531	0.602010118239894
17/04/05 20:07:24 INFO BPRRecommender: iter 179 Evaluator value:AUC top 10 is -1.0	0.5745079847053531	0.602010118239894
17/04/05 20:07:24 INFO BPRRecommender: iter 180 Evaluator value:AUC top 10 is -1.0	0.5745079847053531	0.636036092265868
17/04/05 20:07:24 INFO BPRRecommender: iter 181 Evaluator value:AUC top 10 is -1.0	0.5745079847053531	0.636036092265868
17/04/05 20:07:24 INFO BPRRecommender: iter 182 Evaluator value:AUC top 10 is -1.0	0.5745079847053531	0.602010118239894
17/04/05 20:07:24 INFO BPRRecommender: iter 183 Evaluator value:AUC top 10 is -1.0	0.5745079847053531	0.636036092265868
17/04/05 20:07:24 INFO BPRRecommender: iter 184 Evaluator value:AUC top 10 is -1.0	0.5746415317139001	0.6021352120602594
17/04/05 20:07:24 INFO BPRRecommender: iter 185 Evaluator value:AUC top 10 is -1.0	0.5746415317139001	0.602010118239894
17/04/05 20:07:24 INFO BPRRecommender: iter 186 Evaluator value:AUC top 10 is -1.0	0.5746415317139001	0.602010118239894
17/04/05 20:07:24 INFO BPRRecommender: iter 187 Evaluator value:AUC top 10 is -1.0	0.5746415317139001	0.602010118239894
17/04/05 20:07:24 INFO BPRRecommender: iter 188 Evaluator value:AUC top 10 is -1.0	0.5746415317139001	0.602010118239894
17/04/05 20:07:24 INFO BPRRecommender: iter 189 Evaluator value:AUC top 10 is -1.0	0.5746415317139001	0.6021352120602594
17/04/05 20:07:24 INFO BPRRecommender: iter 190 Evaluator value:AUC top 10 is -1.0	0.5746415317139001	0.6021352120602594
17/04/05 20:07:24 INFO BPRRecommender: iter 191 Evaluator value:AUC top 10 is -1.0	0.5745087060487674	0.6021352120602594
17/04/05 20:07:24 INFO BPRRecommender: iter 192 Evaluator value:AUC top 10 is -1.0	0.5743751590402203	0.6021352120602594
17/04/05 20:07:24 INFO BPRRecommender: iter 193 Evaluator value:AUC top 10 is -1.0	0.5743751590402203	0.6021352120602594
17/04/05 20:07:24 INFO BPRRecommender: iter 194 Evaluator value:AUC top 10 is -1.0	0.5743751590402203	0.6021352120602594
17/04/05 20:07:24 INFO BPRRecommender: iter 195 Evaluator value:AUC top 10 is -1.0	0.5743751590402203	0.6021352120602594
17/04/05 20:07:24 INFO BPRRecommender: iter 196 Evaluator value:AUC top 10 is -1.0	0.5743751590402203	0.6021352120602594
17/04/05 20:07:24 INFO BPRRecommender: iter 197 Evaluator value:AUC top 10 is -1.0	0.5743751590402203	0.6021352120602594
17/04/05 20:07:24 INFO BPRRecommender: iter 198 Evaluator value:AUC top 10 is -1.0	0.5743751590402203	0.6021352120602594
17/04/05 20:07:24 INFO BPRRecommender: iter 199 Evaluator value:AUC top 10 is -1.0	0.5743751590402203	0.6021352120602594
17/04/05 20:07:24 INFO BPRRecommender: iter 200 Evaluator value:AUC top 10 is -1.0	0.5743751590402203	0.6021352120602594
17/04/05 20:07:24 INFO BPRRecommender: Job Train completed.
17/04/05 20:07:24 INFO BPRRecommender: Job End.
17/04/05 20:07:24 INFO RecommenderJob: Evaluator info:AUCEvaluator is 0.6021352120602594
17/04/05 20:07:24 INFO RecommenderJob: Result path is E:/Users/v-fuz/tools/recommender_system/librec_sourcecode/librec/core/src/main/java/net/librec/run/result/movielens/ml-100k-split-bpr-output/bpr
17/04/05 20:07:24 INFO test_all_ranking_pure: End


