17/03/26 23:17:24 INFO test_all_ranking_pure: ********************************************************************************
17/03/26 23:17:24 INFO test_all_ranking_pure: Begin

17/03/26 23:17:24 INFO test_all_ranking_pure: 
rec.iterator.learnrate=0.01
rec.eval.classes=auc
rec.iterator.maximum=200
rec.iterator.learnrate.maximum=0.01
rec.learnRate.decay=1.0
rec.item.regularization=0.5
rec.recommender.ranking.topn=10
rec.random.seed=1
rec.recommender.isranking=true
rec.recommender.class=bpr
rec.factor.number=10
rec.learnRate.bolddriver=false
rec.eval.enable=true
rec.user.regularization=0.5

17/03/26 23:17:24 INFO TextDataConvertor: Dataset: ...librec/data/movielens/ml-100k-split
17/03/26 23:17:24 INFO TextDataConvertor: All dataset files [E:\Users\v-fuz\tools\recommender_system\librec_sourcecode\librec\data\movielens\ml-100k-split\uniform_negsample.txt]
17/03/26 23:17:24 INFO TextDataConvertor: All dataset files size 6153533
17/03/26 23:17:24 INFO TextDataConvertor: Now loading dataset file uniform_negsample
17/03/26 23:17:27 INFO TextDataModel: Transform data to Convertor successfully!
17/03/26 23:17:27 INFO TextDataModel: Split data to train Set and test Set successfully!
17/03/26 23:17:27 INFO TextDataModel: Data size of training is 80003
17/03/26 23:17:27 INFO TextDataModel: Data size of testing is 10001
17/03/26 23:17:27 INFO BPRRecommender: Job Setup completed.
17/03/26 23:17:29 INFO BPRRecommender: iter 1 Evaluator value:AUC top 10 is -1.0	0.5044492801234555	0.5014928269039135
17/03/26 23:17:30 INFO BPRRecommender: iter 2 Evaluator value:AUC top 10 is -1.0	0.5022035056485546	0.5007419631173359
17/03/26 23:17:30 INFO BPRRecommender: iter 3 Evaluator value:AUC top 10 is -1.0	0.5007510017824356	0.5007419631173359
17/03/26 23:17:32 INFO BPRRecommender: iter 4 Evaluator value:AUC top 10 is -1.0	0.5	0.5014926570810896
17/03/26 23:17:33 INFO BPRRecommender: iter 5 Evaluator value:AUC top 10 is -1.0	0.5014608842295335	0.5007419631173359
17/03/26 23:17:34 INFO BPRRecommender: iter 6 Evaluator value:AUC top 10 is -1.0	0.5	0.500753106280331
17/03/26 23:17:35 INFO BPRRecommender: iter 7 Evaluator value:AUC top 10 is -1.0	0.5014896796415119	0.500720620034596
17/03/26 23:17:36 INFO BPRRecommender: iter 8 Evaluator value:AUC top 10 is -1.0	0.5036499082403473	0.5022051662109779
17/03/26 23:17:37 INFO BPRRecommender: iter 9 Evaluator value:AUC top 10 is -1.0	0.5007400825222564	0.5021792282137622
17/03/26 23:17:37 INFO BPRRecommender: iter 10 Evaluator value:AUC top 10 is -1.0	0.5007513323425309	0.5029610291638172
17/03/26 23:17:38 INFO BPRRecommender: iter 11 Evaluator value:AUC top 10 is -1.0	0.5007493212238505	0.501504149747334
17/03/26 23:17:39 INFO BPRRecommender: iter 12 Evaluator value:AUC top 10 is -1.0	0.5021881801087422	0.5022385469797107
17/03/26 23:17:40 INFO BPRRecommender: iter 13 Evaluator value:AUC top 10 is -1.0	0.5036794806133703	0.5029923785204756
17/03/26 23:17:40 INFO BPRRecommender: iter 14 Evaluator value:AUC top 10 is -1.0	0.5029862865636778	0.5037103577839863
17/03/26 23:17:41 INFO BPRRecommender: iter 15 Evaluator value:AUC top 10 is -1.0	0.5036998193189153	0.5029852480742615
17/03/26 23:17:41 INFO BPRRecommender: iter 16 Evaluator value:AUC top 10 is -1.0	0.5022028348005826	0.5022367409119806
17/03/26 23:17:42 INFO BPRRecommender: iter 17 Evaluator value:AUC top 10 is -1.0	0.5014715149498562	0.5014919827598004
17/03/26 23:17:43 INFO BPRRecommender: iter 18 Evaluator value:AUC top 10 is -1.0	0.5014608947896665	0.5007417520379036
17/03/26 23:17:44 INFO BPRRecommender: iter 19 Evaluator value:AUC top 10 is -1.0	0.5007511780766374	0.5014769757972288
17/03/26 23:17:45 INFO BPRRecommender: iter 20 Evaluator value:AUC top 10 is -1.0	0.5014709904188407	0.5014466582370999
17/03/26 23:17:45 INFO BPRRecommender: iter 21 Evaluator value:AUC top 10 is -1.0	0.5037034251432416	0.5022506683984664
17/03/26 23:17:46 INFO BPRRecommender: iter 22 Evaluator value:AUC top 10 is -1.0	0.5022417618685542	0.5007415739461778
17/03/26 23:17:47 INFO BPRRecommender: iter 23 Evaluator value:AUC top 10 is -1.0	0.5021989608882037	0.50223782476691
17/03/26 23:17:48 INFO BPRRecommender: iter 24 Evaluator value:AUC top 10 is -1.0	0.5014686883678932	0.5029699977558082
17/03/26 23:17:48 INFO BPRRecommender: iter 25 Evaluator value:AUC top 10 is -1.0	0.5	0.502170197070224
17/03/26 23:17:49 INFO BPRRecommender: iter 26 Evaluator value:AUC top 10 is -1.0	0.5007513403597741	0.5007494086164096
17/03/26 23:17:50 INFO BPRRecommender: iter 27 Evaluator value:AUC top 10 is -1.0	0.5036908064061042	0.5007204230631502
17/03/26 23:17:51 INFO BPRRecommender: iter 28 Evaluator value:AUC top 10 is -1.0	0.5014765257455118	0.5021715844570585
17/03/26 23:17:51 INFO BPRRecommender: iter 29 Evaluator value:AUC top 10 is -1.0	0.5021657388777425	0.5007188779941913
17/03/26 23:17:53 INFO BPRRecommender: iter 30 Evaluator value:AUC top 10 is -1.0	0.5021701875106084	0.5014499067687717
17/03/26 23:17:54 INFO BPRRecommender: iter 31 Evaluator value:AUC top 10 is -1.0	0.5014666647904196	0.5007370828912552
17/03/26 23:17:54 INFO BPRRecommender: iter 32 Evaluator value:AUC top 10 is -1.0	0.5014485379505148	0.500749663890891
17/03/26 23:17:55 INFO BPRRecommender: iter 33 Evaluator value:AUC top 10 is -1.0	0.500702108644515	0.5
17/03/26 23:17:56 INFO BPRRecommender: iter 34 Evaluator value:AUC top 10 is -1.0	0.5014673369799277	0.5
17/03/26 23:17:57 INFO BPRRecommender: iter 35 Evaluator value:AUC top 10 is -1.0	0.5007212774093251	0.5
17/03/26 23:17:58 INFO BPRRecommender: iter 36 Evaluator value:AUC top 10 is -1.0	0.5014585209764223	0.5029147075661662
17/03/26 23:17:58 INFO BPRRecommender: iter 37 Evaluator value:AUC top 10 is -1.0	0.5007179251178999	0.502208710199386
17/03/26 23:17:59 INFO BPRRecommender: iter 38 Evaluator value:AUC top 10 is -1.0	0.5029136416751205	0.5007218846179238
17/03/26 23:17:59 INFO BPRRecommender: iter 39 Evaluator value:AUC top 10 is -1.0	0.5028869471930996	0.5007218846179238
17/03/26 23:18:00 INFO BPRRecommender: iter 40 Evaluator value:AUC top 10 is -1.0	0.5021617506825928	0.5014717189063352
17/03/26 23:18:01 INFO BPRRecommender: iter 41 Evaluator value:AUC top 10 is -1.0	0.5021866923764636	0.5014654399788963
17/03/26 23:18:02 INFO BPRRecommender: iter 42 Evaluator value:AUC top 10 is -1.0	0.5007202168957484	0.5007216881332701
17/03/26 23:18:02 INFO BPRRecommender: iter 43 Evaluator value:AUC top 10 is -1.0	0.5029347866507813	0.5021919454848317
17/03/26 23:18:03 INFO BPRRecommender: iter 44 Evaluator value:AUC top 10 is -1.0	0.5029030630107287	0.5014715745959482
17/03/26 23:18:04 INFO BPRRecommender: iter 45 Evaluator value:AUC top 10 is -1.0	0.5021835681355299	0.5014489882465276
17/03/26 23:18:05 INFO BPRRecommender: iter 46 Evaluator value:AUC top 10 is -1.0	0.5029028122776797	0.5036976484752587
17/03/26 23:18:05 INFO BPRRecommender: iter 47 Evaluator value:AUC top 10 is -1.0	0.5022075864916915	0.5036560751738434
17/03/26 23:18:06 INFO BPRRecommender: iter 48 Evaluator value:AUC top 10 is -1.0	0.5007494889885934	0.5
17/03/26 23:18:07 INFO BPRRecommender: iter 49 Evaluator value:AUC top 10 is -1.0	0.5021930016139108	0.5014687419346147
17/03/26 23:18:08 INFO BPRRecommender: iter 50 Evaluator value:AUC top 10 is -1.0	0.5	0.5014846095538412
17/03/26 23:18:09 INFO BPRRecommender: iter 51 Evaluator value:AUC top 10 is -1.0	0.5014662187365069	0.501476519609128
17/03/26 23:18:09 INFO BPRRecommender: iter 52 Evaluator value:AUC top 10 is -1.0	0.5007488010424429	0.5007415047218469
17/03/26 23:18:10 INFO BPRRecommender: iter 53 Evaluator value:AUC top 10 is -1.0	0.5014743624641597	0.5
17/03/26 23:18:11 INFO BPRRecommender: iter 54 Evaluator value:AUC top 10 is -1.0	0.5007488010424429	0.5
17/03/26 23:18:12 INFO BPRRecommender: iter 55 Evaluator value:AUC top 10 is -1.0	0.5014499684324057	0.5
17/03/26 23:18:12 INFO BPRRecommender: iter 56 Evaluator value:AUC top 10 is -1.0	0.5007488010424429	0.5007053995939671
17/03/26 23:18:13 INFO BPRRecommender: iter 57 Evaluator value:AUC top 10 is -1.0	0.5014690179381912	0.5
17/03/26 23:18:14 INFO BPRRecommender: iter 58 Evaluator value:AUC top 10 is -1.0	0.5021945793599081	0.5
17/03/26 23:18:15 INFO BPRRecommender: iter 59 Evaluator value:AUC top 10 is -1.0	0.5007488010424429	0.5007306468401711
17/03/26 23:18:15 INFO BPRRecommender: iter 60 Evaluator value:AUC top 10 is -1.0	0.5007488010424429	0.5007349456629502
17/03/26 23:18:16 INFO BPRRecommender: iter 61 Evaluator value:AUC top 10 is -1.0	0.5007488010424429	0.5007349456629502
17/03/26 23:18:16 INFO BPRRecommender: iter 62 Evaluator value:AUC top 10 is -1.0	0.5007488010424429	0.5007349456629502
17/03/26 23:18:17 INFO BPRRecommender: iter 63 Evaluator value:AUC top 10 is -1.0	0.5014691863784213	0.5007349456629502
17/03/26 23:18:17 INFO BPRRecommender: iter 64 Evaluator value:AUC top 10 is -1.0	0.5014690179381912	0.5014654044102289
17/03/26 23:18:18 INFO BPRRecommender: iter 65 Evaluator value:AUC top 10 is -1.0	0.5037024022338238	0.5059205336848039
17/03/26 23:18:18 INFO BPRRecommender: iter 66 Evaluator value:AUC top 10 is -1.0	0.5388632202097214	0.5418888419453912
17/03/26 23:18:19 INFO BPRRecommender: iter 67 Evaluator value:AUC top 10 is -1.0	0.5755287479535963	0.5794104406418067
17/03/26 23:18:20 INFO BPRRecommender: iter 68 Evaluator value:AUC top 10 is -1.0	0.6024128317016331	0.6087364491056092
17/03/26 23:18:20 INFO BPRRecommender: iter 69 Evaluator value:AUC top 10 is -1.0	0.6113849361931321	0.6184532647236595
17/03/26 23:18:21 INFO BPRRecommender: iter 70 Evaluator value:AUC top 10 is -1.0	0.6211092437312501	0.6297611509724949
17/03/26 23:18:22 INFO BPRRecommender: iter 71 Evaluator value:AUC top 10 is -1.0	0.6143779974176454	0.6245128519992258
17/03/26 23:18:22 INFO BPRRecommender: iter 72 Evaluator value:AUC top 10 is -1.0	0.6248431112581978	0.6304895188397471
17/03/26 23:18:23 INFO BPRRecommender: iter 73 Evaluator value:AUC top 10 is -1.0	0.6121657480467404	0.6267719579855371
17/03/26 23:18:23 INFO BPRRecommender: iter 74 Evaluator value:AUC top 10 is -1.0	0.6196299922972659	0.6229792191464485
17/03/26 23:18:24 INFO BPRRecommender: iter 75 Evaluator value:AUC top 10 is -1.0	0.6181328757143477	0.6177196926776828
17/03/26 23:18:25 INFO BPRRecommender: iter 76 Evaluator value:AUC top 10 is -1.0	0.6166308905819611	0.6282463219041406
17/03/26 23:18:25 INFO BPRRecommender: iter 77 Evaluator value:AUC top 10 is -1.0	0.6143729890505824	0.6312365252283468
17/03/26 23:18:25 INFO BPRRecommender: iter 78 Evaluator value:AUC top 10 is -1.0	0.6188492395951294	0.6312534376710734
17/03/26 23:18:26 INFO BPRRecommender: iter 79 Evaluator value:AUC top 10 is -1.0	0.6226092715902789	0.6304502511718585
17/03/26 23:18:26 INFO BPRRecommender: iter 80 Evaluator value:AUC top 10 is -1.0	0.6203458865899314	0.6289566812144244
17/03/26 23:18:27 INFO BPRRecommender: iter 81 Evaluator value:AUC top 10 is -1.0	0.6196125594976941	0.6297075527453156
17/03/26 23:18:28 INFO BPRRecommender: iter 82 Evaluator value:AUC top 10 is -1.0	0.6188512436051253	0.6289377796353826
17/03/26 23:18:29 INFO BPRRecommender: iter 83 Evaluator value:AUC top 10 is -1.0	0.6248585087027012	0.6290219453268422
17/03/26 23:18:29 INFO BPRRecommender: iter 84 Evaluator value:AUC top 10 is -1.0	0.6211094687717937	0.6289851828331917
17/03/26 23:18:30 INFO BPRRecommender: iter 85 Evaluator value:AUC top 10 is -1.0	0.6233632331534732	0.6289839660263773
17/03/26 23:18:31 INFO BPRRecommender: iter 86 Evaluator value:AUC top 10 is -1.0	0.6285792739103324	0.6222721885719952
17/03/26 23:18:32 INFO BPRRecommender: iter 87 Evaluator value:AUC top 10 is -1.0	0.6240948923577743	0.6297389233749997
17/03/26 23:18:32 INFO BPRRecommender: iter 88 Evaluator value:AUC top 10 is -1.0	0.62186394158354	0.6282399280806591
17/03/26 23:18:33 INFO BPRRecommender: iter 89 Evaluator value:AUC top 10 is -1.0	0.6225730685514869	0.6319892933204768
17/03/26 23:18:34 INFO BPRRecommender: iter 90 Evaluator value:AUC top 10 is -1.0	0.6226014127361709	0.6327452869890118
17/03/26 23:18:35 INFO BPRRecommender: iter 91 Evaluator value:AUC top 10 is -1.0	0.618860209696422	0.6379905533322674
17/03/26 23:18:35 INFO BPRRecommender: iter 92 Evaluator value:AUC top 10 is -1.0	0.6151225475620888	0.6319988743271238
17/03/26 23:18:36 INFO BPRRecommender: iter 93 Evaluator value:AUC top 10 is -1.0	0.6226124679369571	0.6274961028675604
17/03/26 23:18:37 INFO BPRRecommender: iter 94 Evaluator value:AUC top 10 is -1.0	0.6203729856661007	0.6327617126748375
17/03/26 23:18:38 INFO BPRRecommender: iter 95 Evaluator value:AUC top 10 is -1.0	0.6143854263112005	0.6207339323418953
17/03/26 23:18:39 INFO BPRRecommender: iter 96 Evaluator value:AUC top 10 is -1.0	0.6128861026936753	0.6267494170301378
17/03/26 23:18:39 INFO BPRRecommender: iter 97 Evaluator value:AUC top 10 is -1.0	0.6158860322834182	0.6222628930723936
17/03/26 23:18:40 INFO BPRRecommender: iter 98 Evaluator value:AUC top 10 is -1.0	0.6151251586879848	0.6267600675341758
17/03/26 23:18:41 INFO BPRRecommender: iter 99 Evaluator value:AUC top 10 is -1.0	0.614420956034941	0.6237480445173288
17/03/26 23:18:42 INFO BPRRecommender: iter 100 Evaluator value:AUC top 10 is -1.0	0.6233495747502946	0.6230254816207091
17/03/26 23:18:42 INFO BPRRecommender: iter 101 Evaluator value:AUC top 10 is -1.0	0.6241070282540712	0.6230136029733712
17/03/26 23:18:42 INFO BPRRecommender: iter 102 Evaluator value:AUC top 10 is -1.0	0.6225863235194266	0.6274936582851081
17/03/26 23:18:43 INFO BPRRecommender: iter 103 Evaluator value:AUC top 10 is -1.0	0.6210926245208367	0.6297414024834959
17/03/26 23:18:44 INFO BPRRecommender: iter 104 Evaluator value:AUC top 10 is -1.0	0.6211069167475677	0.6297531563892659
17/03/26 23:18:44 INFO BPRRecommender: iter 105 Evaluator value:AUC top 10 is -1.0	0.6143628862072495	0.6237158450105047
17/03/26 23:18:45 INFO BPRRecommender: iter 106 Evaluator value:AUC top 10 is -1.0	0.6211083143472883	0.6327629532352923
17/03/26 23:18:46 INFO BPRRecommender: iter 107 Evaluator value:AUC top 10 is -1.0	0.6211206429609938	0.6312778821197873
17/03/26 23:18:47 INFO BPRRecommender: iter 108 Evaluator value:AUC top 10 is -1.0	0.6278484912245869	0.629758477134483
17/03/26 23:18:48 INFO BPRRecommender: iter 109 Evaluator value:AUC top 10 is -1.0	0.6263386952002375	0.632757409331962
17/03/26 23:18:48 INFO BPRRecommender: iter 110 Evaluator value:AUC top 10 is -1.0	0.6233692905092989	0.6297398202093595
17/03/26 23:18:49 INFO BPRRecommender: iter 111 Evaluator value:AUC top 10 is -1.0	0.6166339047093248	0.6251723385556752
17/03/26 23:18:49 INFO BPRRecommender: iter 112 Evaluator value:AUC top 10 is -1.0	0.6143750862877858	0.621497400807695
17/03/26 23:18:50 INFO BPRRecommender: iter 113 Evaluator value:AUC top 10 is -1.0	0.6203596003765504	0.6282723104336011
17/03/26 23:18:51 INFO BPRRecommender: iter 114 Evaluator value:AUC top 10 is -1.0	0.6233590444497187	0.6297698271996204
17/03/26 23:18:52 INFO BPRRecommender: iter 115 Evaluator value:AUC top 10 is -1.0	0.6211025347387596	0.6290163260897904
17/03/26 23:18:53 INFO BPRRecommender: iter 116 Evaluator value:AUC top 10 is -1.0	0.6256170318970364	0.6342728068459292
17/03/26 23:18:54 INFO BPRRecommender: iter 117 Evaluator value:AUC top 10 is -1.0	0.6181075315141457	0.6214796009611405
17/03/26 23:18:54 INFO BPRRecommender: iter 118 Evaluator value:AUC top 10 is -1.0	0.6121352854021459	0.625203048766918
17/03/26 23:18:55 INFO BPRRecommender: iter 119 Evaluator value:AUC top 10 is -1.0	0.6173719203818981	0.6245330833481627
17/03/26 23:18:56 INFO BPRRecommender: iter 120 Evaluator value:AUC top 10 is -1.0	0.6181111418853543	0.6312471906295124
17/03/26 23:18:57 INFO BPRRecommender: iter 121 Evaluator value:AUC top 10 is -1.0	0.6181433092179521	0.628204461938652
17/03/26 23:18:57 INFO BPRRecommender: iter 122 Evaluator value:AUC top 10 is -1.0	0.6218644171543468	0.6342812294589648
17/03/26 23:18:58 INFO BPRRecommender: iter 123 Evaluator value:AUC top 10 is -1.0	0.6278358911727314	0.6297617269690698
17/03/26 23:18:59 INFO BPRRecommender: iter 124 Evaluator value:AUC top 10 is -1.0	0.621855076160061	0.632758306498326
17/03/26 23:18:59 INFO BPRRecommender: iter 125 Evaluator value:AUC top 10 is -1.0	0.6218411649245236	0.6312411457534455
17/03/26 23:19:00 INFO BPRRecommender: iter 126 Evaluator value:AUC top 10 is -1.0	0.6226063324368154	0.6282539058826335
17/03/26 23:19:00 INFO BPRRecommender: iter 127 Evaluator value:AUC top 10 is -1.0	0.6241151985943769	0.6297573972716283
17/03/26 23:19:01 INFO BPRRecommender: iter 128 Evaluator value:AUC top 10 is -1.0	0.6233696269567909	0.6311806148853437
17/03/26 23:19:02 INFO BPRRecommender: iter 129 Evaluator value:AUC top 10 is -1.0	0.6256110148564239	0.628250764574133
17/03/26 23:19:02 INFO BPRRecommender: iter 130 Evaluator value:AUC top 10 is -1.0	0.6121529154141812	0.6259391597542486
17/03/26 23:19:03 INFO BPRRecommender: iter 131 Evaluator value:AUC top 10 is -1.0	0.6211240356814053	0.6297739044739624
17/03/26 23:19:03 INFO BPRRecommender: iter 132 Evaluator value:AUC top 10 is -1.0	0.6166158088150225	0.6282322885888952
17/03/26 23:19:04 INFO BPRRecommender: iter 133 Evaluator value:AUC top 10 is -1.0	0.6166398511076637	0.6252340065362071
17/03/26 23:19:05 INFO BPRRecommender: iter 134 Evaluator value:AUC top 10 is -1.0	0.6256032907818454	0.635023886144817
17/03/26 23:19:05 INFO BPRRecommender: iter 135 Evaluator value:AUC top 10 is -1.0	0.6226123283285555	0.6290048626568957
17/03/26 23:19:06 INFO BPRRecommender: iter 136 Evaluator value:AUC top 10 is -1.0	0.618132656060716	0.6275145746975525
17/03/26 23:19:06 INFO BPRRecommender: iter 137 Evaluator value:AUC top 10 is -1.0	0.6211270586939284	0.6260221194164568
17/03/26 23:19:07 INFO BPRRecommender: iter 138 Evaluator value:AUC top 10 is -1.0	0.6256032431529337	0.6312885025178525
17/03/26 23:19:08 INFO BPRRecommender: iter 139 Evaluator value:AUC top 10 is -1.0	0.6270861388791055	0.6305080973539274
17/03/26 23:19:09 INFO BPRRecommender: iter 140 Evaluator value:AUC top 10 is -1.0	0.6300905604047763	0.6342738969957115
17/03/26 23:19:09 INFO BPRRecommender: iter 141 Evaluator value:AUC top 10 is -1.0	0.6233689153460585	0.6304964933299638
17/03/26 23:19:10 INFO BPRRecommender: iter 142 Evaluator value:AUC top 10 is -1.0	0.6286036793725639	0.6335406610289629
17/03/26 23:19:11 INFO BPRRecommender: iter 143 Evaluator value:AUC top 10 is -1.0	0.627856384498996	0.6327699941162754
17/03/26 23:19:12 INFO BPRRecommender: iter 144 Evaluator value:AUC top 10 is -1.0	0.6263462481989202	0.6290157284344207
17/03/26 23:19:13 INFO BPRRecommender: iter 145 Evaluator value:AUC top 10 is -1.0	0.6256038440762203	0.631938495084074
17/03/26 23:19:14 INFO BPRRecommender: iter 146 Evaluator value:AUC top 10 is -1.0	0.6278339221245548	0.63121018595478
17/03/26 23:19:14 INFO BPRRecommender: iter 147 Evaluator value:AUC top 10 is -1.0	0.6211048904913791	0.6342490556308197
17/03/26 23:19:15 INFO BPRRecommender: iter 148 Evaluator value:AUC top 10 is -1.0	0.6226052381611219	0.6319402472993728
17/03/26 23:19:16 INFO BPRRecommender: iter 149 Evaluator value:AUC top 10 is -1.0	0.6203641633871022	0.6267397333839011
17/03/26 23:19:17 INFO BPRRecommender: iter 150 Evaluator value:AUC top 10 is -1.0	0.6196143379011128	0.6289930290405059
17/03/26 23:19:17 INFO BPRRecommender: iter 151 Evaluator value:AUC top 10 is -1.0	0.6196277894356733	0.6267346894948641
17/03/26 23:19:18 INFO BPRRecommender: iter 152 Evaluator value:AUC top 10 is -1.0	0.6203818082278902	0.6259775790526542
17/03/26 23:19:19 INFO BPRRecommender: iter 153 Evaluator value:AUC top 10 is -1.0	0.6233569767144315	0.6230099626795038
17/03/26 23:19:20 INFO BPRRecommender: iter 154 Evaluator value:AUC top 10 is -1.0	0.626347501217094	0.6289750731855204
17/03/26 23:19:21 INFO BPRRecommender: iter 155 Evaluator value:AUC top 10 is -1.0	0.6188839784271299	0.6259529262775724
17/03/26 23:19:22 INFO BPRRecommender: iter 156 Evaluator value:AUC top 10 is -1.0	0.6218681932024435	0.6320066417829211
17/03/26 23:19:23 INFO BPRRecommender: iter 157 Evaluator value:AUC top 10 is -1.0	0.6255821580648311	0.6297607086326379
17/03/26 23:19:23 INFO BPRRecommender: iter 158 Evaluator value:AUC top 10 is -1.0	0.6113876555798101	0.6192068190373113
17/03/26 23:19:24 INFO BPRRecommender: iter 159 Evaluator value:AUC top 10 is -1.0	0.6173785847351437	0.6244861633892228
17/03/26 23:19:25 INFO BPRRecommender: iter 160 Evaluator value:AUC top 10 is -1.0	0.6248497318114757	0.6357548263362617
17/03/26 23:19:25 INFO BPRRecommender: iter 161 Evaluator value:AUC top 10 is -1.0	0.6158869579151135	0.627478627476912
17/03/26 23:19:26 INFO BPRRecommender: iter 162 Evaluator value:AUC top 10 is -1.0	0.6158645336181106	0.6274877908852752
17/03/26 23:19:27 INFO BPRRecommender: iter 163 Evaluator value:AUC top 10 is -1.0	0.6136201351986336	0.6259985024680169
17/03/26 23:19:28 INFO BPRRecommender: iter 164 Evaluator value:AUC top 10 is -1.0	0.61815779396924	0.6237343042571435
17/03/26 23:19:29 INFO BPRRecommender: iter 165 Evaluator value:AUC top 10 is -1.0	0.6226115593772145	0.6267410745311857
17/03/26 23:19:29 INFO BPRRecommender: iter 166 Evaluator value:AUC top 10 is -1.0	0.621137466838342	0.6252231859705412
17/03/26 23:19:30 INFO BPRRecommender: iter 167 Evaluator value:AUC top 10 is -1.0	0.6203810200010036	0.6304850996791699
17/03/26 23:19:31 INFO BPRRecommender: iter 168 Evaluator value:AUC top 10 is -1.0	0.6196301744034431	0.6275095745865951
17/03/26 23:19:32 INFO BPRRecommender: iter 169 Evaluator value:AUC top 10 is -1.0	0.6188766916526818	0.6267351442801072
17/03/26 23:19:32 INFO BPRRecommender: iter 170 Evaluator value:AUC top 10 is -1.0	0.6158787172253039	0.6215010387790356
17/03/26 23:19:33 INFO BPRRecommender: iter 171 Evaluator value:AUC top 10 is -1.0	0.6256148386336529	0.6335036016429942
17/03/26 23:19:34 INFO BPRRecommender: iter 172 Evaluator value:AUC top 10 is -1.0	0.6181263228555622	0.6244765111255034
17/03/26 23:19:35 INFO BPRRecommender: iter 173 Evaluator value:AUC top 10 is -1.0	0.6128687840136322	0.6214329450252283
17/03/26 23:19:35 INFO BPRRecommender: iter 174 Evaluator value:AUC top 10 is -1.0	0.6113954199674201	0.6169220656985199
17/03/26 23:19:36 INFO BPRRecommender: iter 175 Evaluator value:AUC top 10 is -1.0	0.6241043553166036	0.6297024877213315
17/03/26 23:19:37 INFO BPRRecommender: iter 176 Evaluator value:AUC top 10 is -1.0	0.6196135789131799	0.6297157465963655
17/03/26 23:19:37 INFO BPRRecommender: iter 177 Evaluator value:AUC top 10 is -1.0	0.6218683237020975	0.6327180874640433
17/03/26 23:19:38 INFO BPRRecommender: iter 178 Evaluator value:AUC top 10 is -1.0	0.6166518051208802	0.6259493067962949
17/03/26 23:19:38 INFO BPRRecommender: iter 179 Evaluator value:AUC top 10 is -1.0	0.6196101007230168	0.6274889850239589
17/03/26 23:19:39 INFO BPRRecommender: iter 180 Evaluator value:AUC top 10 is -1.0	0.6196252545451164	0.6319330437075771
17/03/26 23:19:40 INFO BPRRecommender: iter 181 Evaluator value:AUC top 10 is -1.0	0.6174025328019324	0.6237403751080011
17/03/26 23:19:41 INFO BPRRecommender: iter 182 Evaluator value:AUC top 10 is -1.0	0.6203669698477525	0.630453902153913
17/03/26 23:19:42 INFO BPRRecommender: iter 183 Evaluator value:AUC top 10 is -1.0	0.624103233616883	0.6319909719001712
17/03/26 23:19:42 INFO BPRRecommender: iter 184 Evaluator value:AUC top 10 is -1.0	0.6188459424395157	0.625191653426358
17/03/26 23:19:43 INFO BPRRecommender: iter 185 Evaluator value:AUC top 10 is -1.0	0.6173812404399843	0.6252102864556632
17/03/26 23:19:44 INFO BPRRecommender: iter 186 Evaluator value:AUC top 10 is -1.0	0.6308555306631889	0.6350473625720313
17/03/26 23:19:44 INFO BPRRecommender: iter 187 Evaluator value:AUC top 10 is -1.0	0.6188729149311798	0.6260132071648606
17/03/26 23:19:45 INFO BPRRecommender: iter 188 Evaluator value:AUC top 10 is -1.0	0.6226126454938818	0.6274999567047039
17/03/26 23:19:46 INFO BPRRecommender: iter 189 Evaluator value:AUC top 10 is -1.0	0.6203634959013201	0.6207344908390059
17/03/26 23:19:46 INFO BPRRecommender: iter 190 Evaluator value:AUC top 10 is -1.0	0.6143728030304829	0.6184592028069049
17/03/26 23:19:47 INFO BPRRecommender: iter 191 Evaluator value:AUC top 10 is -1.0	0.6158766749243314	0.6252165270117318
17/03/26 23:19:48 INFO BPRRecommender: iter 192 Evaluator value:AUC top 10 is -1.0	0.6188897237993283	0.6214786747456562
17/03/26 23:19:49 INFO BPRRecommender: iter 193 Evaluator value:AUC top 10 is -1.0	0.6196205294940302	0.6282119717180603
17/03/26 23:19:50 INFO BPRRecommender: iter 194 Evaluator value:AUC top 10 is -1.0	0.6151236177671013	0.6244477214293641
17/03/26 23:19:51 INFO BPRRecommender: iter 195 Evaluator value:AUC top 10 is -1.0	0.618883799405544	0.6214922284743867
17/03/26 23:19:52 INFO BPRRecommender: iter 196 Evaluator value:AUC top 10 is -1.0	0.621101260559521	0.6327695791446164
17/03/26 23:19:52 INFO BPRRecommender: iter 197 Evaluator value:AUC top 10 is -1.0	0.6158718792788981	0.6229585258133663
17/03/26 23:19:53 INFO BPRRecommender: iter 198 Evaluator value:AUC top 10 is -1.0	0.6151239159272528	0.6267479290807983
17/03/26 23:19:54 INFO BPRRecommender: iter 199 Evaluator value:AUC top 10 is -1.0	0.6181242579953503	0.6304922816039826
17/03/26 23:19:55 INFO BPRRecommender: iter 200 Evaluator value:AUC top 10 is -1.0	0.6173626171521691	0.6335130468432276
17/03/26 23:19:55 INFO BPRRecommender: Job Train completed.
17/03/26 23:19:55 INFO BPRRecommender: Job End.
17/03/26 23:19:55 INFO RecommenderJob: Evaluator info:AUCEvaluator is 0.6335130468432276
17/03/26 23:19:55 INFO RecommenderJob: Result path is E:/Users/v-fuz/tools/recommender_system/librec_sourcecode/librec/core/src/main/java/net/librec/run/result/movielens/ml-100k-split-bpr-output/bpr
17/03/26 23:19:55 INFO test_all_ranking_pure: End


