17/03/24 21:28:22 INFO test_all_ranking_pure: ********************************************************************************
17/03/24 21:28:22 INFO test_all_ranking_pure: Begin

17/03/24 21:28:22 INFO test_all_ranking_pure: rec.iterator.learnrate=0.01
rec.eval.classes=auc
rec.iterator.maximum=200
rec.item.regularization=0.05
rec.recommender.ranking.topn=10
rec.random.seed=1
rec.recommender.isranking=true
rec.recommender.class=wrmf
rec.wrmf.weight.coefficient=4
rec.factor.number=10
rec.eval.enable=true
rec.user.regularization=0.05

17/03/24 21:28:23 INFO TextDataConvertor: Dataset: ...librec/data/movielens/ml-100k-split
17/03/24 21:28:23 INFO TextDataConvertor: All dataset files [E:\Users\v-fuz\tools\recommender_system\librec_sourcecode\librec\data\movielens\ml-100k-split\backup\movielens100k_librec.txt, E:\Users\v-fuz\tools\recommender_system\librec_sourcecode\librec\data\movielens\ml-100k-split\uniform_negsample.txt]
17/03/24 21:28:23 INFO TextDataConvertor: All dataset files size 9182055
17/03/24 21:28:23 INFO TextDataConvertor: Now loading dataset file movielens100k_librec
17/03/24 21:28:25 INFO TextDataConvertor: Now loading dataset file uniform_negsample
17/03/24 21:28:28 INFO TextDataModel: Transform data to Convertor successfully!
17/03/24 21:28:28 INFO TextDataModel: Split data to train Set and test Set successfully!
17/03/24 21:28:28 INFO TextDataModel: Data size of training is 79130
17/03/24 21:28:28 INFO TextDataModel: Data size of testing is 9888
17/03/24 21:28:29 INFO WRMFRecommender: Job Setup completed.
17/03/24 21:28:31 INFO WRMFRecommender: class net.librec.recommender.cf.ranking.WRMFRecommender runs at iteration = 1 Fri Mar 24 21:28:31 CST 2017
17/03/24 21:28:34 INFO WRMFRecommender: class net.librec.recommender.cf.ranking.WRMFRecommender runs at iteration = 2 Fri Mar 24 21:28:34 CST 2017
17/03/24 21:28:36 INFO WRMFRecommender: class net.librec.recommender.cf.ranking.WRMFRecommender runs at iteration = 3 Fri Mar 24 21:28:36 CST 2017
17/03/24 21:28:36 INFO WRMFRecommender: class net.librec.recommender.cf.ranking.WRMFRecommender runs at iteration = 4 Fri Mar 24 21:28:36 CST 2017
17/03/24 21:28:38 INFO WRMFRecommender: class net.librec.recommender.cf.ranking.WRMFRecommender runs at iteration = 5 Fri Mar 24 21:28:38 CST 2017
17/03/24 21:28:38 INFO WRMFRecommender: class net.librec.recommender.cf.ranking.WRMFRecommender runs at iteration = 6 Fri Mar 24 21:28:38 CST 2017
17/03/24 21:28:39 INFO WRMFRecommender: class net.librec.recommender.cf.ranking.WRMFRecommender runs at iteration = 7 Fri Mar 24 21:28:39 CST 2017
17/03/24 21:28:40 INFO WRMFRecommender: class net.librec.recommender.cf.ranking.WRMFRecommender runs at iteration = 8 Fri Mar 24 21:28:40 CST 2017
17/03/24 21:28:41 INFO WRMFRecommender: class net.librec.recommender.cf.ranking.WRMFRecommender runs at iteration = 9 Fri Mar 24 21:28:41 CST 2017
17/03/24 21:28:43 INFO WRMFRecommender: class net.librec.recommender.cf.ranking.WRMFRecommender runs at iteration = 10 Fri Mar 24 21:28:43 CST 2017
17/03/24 21:28:44 INFO WRMFRecommender: class net.librec.recommender.cf.ranking.WRMFRecommender runs at iteration = 11 Fri Mar 24 21:28:44 CST 2017
17/03/24 21:28:45 INFO WRMFRecommender: class net.librec.recommender.cf.ranking.WRMFRecommender runs at iteration = 12 Fri Mar 24 21:28:45 CST 2017
17/03/24 21:28:46 INFO WRMFRecommender: class net.librec.recommender.cf.ranking.WRMFRecommender runs at iteration = 13 Fri Mar 24 21:28:46 CST 2017
17/03/24 21:28:46 INFO WRMFRecommender: class net.librec.recommender.cf.ranking.WRMFRecommender runs at iteration = 14 Fri Mar 24 21:28:46 CST 2017
17/03/24 21:28:47 INFO WRMFRecommender: class net.librec.recommender.cf.ranking.WRMFRecommender runs at iteration = 15 Fri Mar 24 21:28:47 CST 2017
17/03/24 21:28:47 INFO WRMFRecommender: class net.librec.recommender.cf.ranking.WRMFRecommender runs at iteration = 16 Fri Mar 24 21:28:47 CST 2017
17/03/24 21:28:48 INFO WRMFRecommender: class net.librec.recommender.cf.ranking.WRMFRecommender runs at iteration = 17 Fri Mar 24 21:28:48 CST 2017
17/03/24 21:28:48 INFO WRMFRecommender: class net.librec.recommender.cf.ranking.WRMFRecommender runs at iteration = 18 Fri Mar 24 21:28:48 CST 2017
17/03/24 21:28:49 INFO WRMFRecommender: class net.librec.recommender.cf.ranking.WRMFRecommender runs at iteration = 19 Fri Mar 24 21:28:49 CST 2017
17/03/24 21:28:51 INFO WRMFRecommender: class net.librec.recommender.cf.ranking.WRMFRecommender runs at iteration = 20 Fri Mar 24 21:28:51 CST 2017
