17/04/05 20:06:32 INFO test_all_ranking_pure: ********************************************************************************
17/04/05 20:06:32 INFO test_all_ranking_pure: Begin

17/04/05 20:06:32 INFO test_all_ranking_pure: 
rec.iterator.learnrate=0.01
rec.eval.classes=ndcg
rec.iterator.maximum=200
rec.learningrate.decay=1.0
rec.iterator.learnrate.maximum=0.01
rec.learnRate.decay=1.0
rec.item.regularization=0.01
rec.recommender.ranking.topn=10
rec.recommender.class=bpr
rec.random.seed=1
rec.recommender.isranking=true
rec.learningrate.bolddriver=false
rec.factor.number=10
rec.learnRate.bolddriver=false
rec.eval.enable=true
rec.user.regularization=0.01

17/04/05 20:06:32 INFO TextDataConvertor: Dataset: ...librec/data/movielens/ml-100k-split
17/04/05 20:06:32 INFO TextDataConvertor: All dataset files [E:\Users\v-fuz\tools\recommender_system\librec_sourcecode\librec\data\movielens\ml-100k-split\uniform_negsample.txt]
17/04/05 20:06:32 INFO TextDataConvertor: All dataset files size 30212
17/04/05 20:06:32 INFO TextDataConvertor: Now loading dataset file uniform_negsample
17/04/05 20:06:32 INFO TextDataModel: Transform data to Convertor successfully!
17/04/05 20:06:32 INFO TextDataModel: Split data to train Set and test Set successfully!
17/04/05 20:06:32 INFO TextDataModel: Data size of training is 764
17/04/05 20:06:32 INFO TextDataModel: Data size of testing is 96
17/04/05 20:06:32 INFO BPRRecommender: Job Setup completed.
17/04/05 20:06:32 INFO BPRRecommender: iter 1 Evaluator value:NDCG top 10 is -1.0	0.01009269827018014	0.04276155702635588
17/04/05 20:06:32 INFO BPRRecommender: iter 2 Evaluator value:NDCG top 10 is -1.0	0.009293177130730324	0.03361591378918693
17/04/05 20:06:32 INFO BPRRecommender: iter 3 Evaluator value:NDCG top 10 is -1.0	0.009293177130730324	0.03468946266214645
17/04/05 20:06:32 INFO BPRRecommender: iter 4 Evaluator value:NDCG top 10 is -1.0	0.013044623279754468	0.025203479186291577
17/04/05 20:06:32 INFO BPRRecommender: iter 5 Evaluator value:NDCG top 10 is -1.0	0.016332505638238116	0.025203479186291577
17/04/05 20:06:32 INFO BPRRecommender: iter 6 Evaluator value:NDCG top 10 is -1.0	0.01778549749879442	0.026600179129833514
17/04/05 20:06:32 INFO BPRRecommender: iter 7 Evaluator value:NDCG top 10 is -1.0	0.017384110913991738	0.024241968552345342
17/04/05 20:06:32 INFO BPRRecommender: iter 8 Evaluator value:NDCG top 10 is -1.0	0.027022834139263232	0.023809092167301895
17/04/05 20:06:32 INFO BPRRecommender: iter 9 Evaluator value:NDCG top 10 is -1.0	0.028166162780060514	0.023013511530070845
17/04/05 20:06:32 INFO BPRRecommender: iter 10 Evaluator value:NDCG top 10 is -1.0	0.027022834139263232	0.015720840449862872
17/04/05 20:06:32 INFO BPRRecommender: iter 11 Evaluator value:NDCG top 10 is -1.0	0.027022834139263232	0.015720840449862872
17/04/05 20:06:32 INFO BPRRecommender: iter 12 Evaluator value:NDCG top 10 is -1.0	0.027022834139263232	0.015720840449862872
17/04/05 20:06:32 INFO BPRRecommender: iter 13 Evaluator value:NDCG top 10 is -1.0	0.026223312999813415	0.015720840449862872
17/04/05 20:06:32 INFO BPRRecommender: iter 14 Evaluator value:NDCG top 10 is -1.0	0.026223312999813415	0.02077482335851149
17/04/05 20:06:32 INFO BPRRecommender: iter 15 Evaluator value:NDCG top 10 is -1.0	0.026223312999813415	0.024115324357523064
17/04/05 20:06:32 INFO BPRRecommender: iter 16 Evaluator value:NDCG top 10 is -1.0	0.025160376820411074	0.02896842442311526
17/04/05 20:06:32 INFO BPRRecommender: iter 17 Evaluator value:NDCG top 10 is -1.0	0.024783781647768604	0.028547777927276825
17/04/05 20:06:32 INFO BPRRecommender: iter 18 Evaluator value:NDCG top 10 is -1.0	0.024783781647768604	0.033507150922760916
17/04/05 20:06:32 INFO BPRRecommender: iter 19 Evaluator value:NDCG top 10 is -1.0	0.016930135869083093	0.03399065666630792
17/04/05 20:06:32 INFO BPRRecommender: iter 20 Evaluator value:NDCG top 10 is -1.0	0.016930135869083093	0.036869195376892976
17/04/05 20:06:32 INFO BPRRecommender: iter 21 Evaluator value:NDCG top 10 is -1.0	0.016930135869083093	0.03656920243500579
17/04/05 20:06:32 INFO BPRRecommender: iter 22 Evaluator value:NDCG top 10 is -1.0	0.016930135869083093	0.037534130926198776
17/04/05 20:06:32 INFO BPRRecommender: iter 23 Evaluator value:NDCG top 10 is -1.0	0.016930135869083093	0.037893727131864154
17/04/05 20:06:32 INFO BPRRecommender: iter 24 Evaluator value:NDCG top 10 is -1.0	0.016930135869083093	0.03810968462080293
17/04/05 20:06:32 INFO BPRRecommender: iter 25 Evaluator value:NDCG top 10 is -1.0	0.008465067934541546	0.04870234394724215
17/04/05 20:06:32 INFO BPRRecommender: iter 26 Evaluator value:NDCG top 10 is -1.0	0.008465067934541546	0.04250603545836098
17/04/05 20:06:32 INFO BPRRecommender: iter 27 Evaluator value:NDCG top 10 is -1.0	0.010681726451811887	0.04030786003958196
17/04/05 20:06:32 INFO BPRRecommender: iter 28 Evaluator value:NDCG top 10 is -1.0	0.010681726451811887	0.05104851054267396
17/04/05 20:06:32 INFO BPRRecommender: iter 29 Evaluator value:NDCG top 10 is -1.0	0.008465067934541546	0.05944299445033415
17/04/05 20:06:32 INFO BPRRecommender: iter 30 Evaluator value:NDCG top 10 is -1.0	0.008465067934541546	0.04870234394724215
17/04/05 20:06:32 INFO BPRRecommender: iter 31 Evaluator value:NDCG top 10 is -1.0	0.007291412643811599	0.05366171694272624
17/04/05 20:06:32 INFO BPRRecommender: iter 32 Evaluator value:NDCG top 10 is -1.0	0.007291412643811599	0.04870234394724215
17/04/05 20:06:32 INFO BPRRecommender: iter 33 Evaluator value:NDCG top 10 is -1.0	0.007291412643811599	0.05324668596145299
17/04/05 20:06:32 INFO BPRRecommender: iter 34 Evaluator value:NDCG top 10 is -1.0	0.008465067934541546	0.05324668596145299
17/04/05 20:06:32 INFO BPRRecommender: iter 35 Evaluator value:NDCG top 10 is -1.0	0.010681726451811887	0.05324668596145299
17/04/05 20:06:32 INFO BPRRecommender: iter 36 Evaluator value:NDCG top 10 is -1.0	0.010681726451811887	0.05324668596145299
17/04/05 20:06:32 INFO BPRRecommender: iter 37 Evaluator value:NDCG top 10 is -1.0	0.010681726451811887	0.04870234394724215
17/04/05 20:06:32 INFO BPRRecommender: iter 38 Evaluator value:NDCG top 10 is -1.0	0.010681726451811887	0.05260618260131741
17/04/05 20:06:32 INFO BPRRecommender: iter 39 Evaluator value:NDCG top 10 is -1.0	0.010681726451811887	0.05307519227403312
17/04/05 20:06:32 INFO BPRRecommender: iter 40 Evaluator value:NDCG top 10 is -1.0	0.010681726451811887	0.05343478847969851
17/04/05 20:06:32 INFO BPRRecommender: iter 41 Evaluator value:NDCG top 10 is -1.0	0.010681726451811887	0.0537284608659491
17/04/05 20:06:32 INFO BPRRecommender: iter 42 Evaluator value:NDCG top 10 is -1.0	0.010681726451811887	0.04999297620126513
17/04/05 20:06:32 INFO BPRRecommender: iter 43 Evaluator value:NDCG top 10 is -1.0	0.010681726451811887	0.04090429217284345
17/04/05 20:06:32 INFO BPRRecommender: iter 44 Evaluator value:NDCG top 10 is -1.0	0.010681726451811887	0.04764680960583332
17/04/05 20:06:32 INFO BPRRecommender: iter 45 Evaluator value:NDCG top 10 is -1.0	0.008465067934541546	0.04764680960583332
17/04/05 20:06:32 INFO BPRRecommender: iter 46 Evaluator value:NDCG top 10 is -1.0	0.010681726451811887	0.04764680960583332
17/04/05 20:06:32 INFO BPRRecommender: iter 47 Evaluator value:NDCG top 10 is -1.0	0.007291412643811599	0.04764680960583332
17/04/05 20:06:32 INFO BPRRecommender: iter 48 Evaluator value:NDCG top 10 is -1.0	0.007291412643811599	0.04310246759162247
17/04/05 20:06:32 INFO BPRRecommender: iter 49 Evaluator value:NDCG top 10 is -1.0	0.007291412643811599	0.04310246759162247
17/04/05 20:06:32 INFO BPRRecommender: iter 50 Evaluator value:NDCG top 10 is -1.0	0.006549470587817001	0.04090429217284345
17/04/05 20:06:32 INFO BPRRecommender: iter 51 Evaluator value:NDCG top 10 is -1.0	0.007291412643811599	0.04764680960583332
17/04/05 20:06:32 INFO BPRRecommender: iter 52 Evaluator value:NDCG top 10 is -1.0	0.008465067934541546	0.04764680960583332
17/04/05 20:06:32 INFO BPRRecommender: iter 53 Evaluator value:NDCG top 10 is -1.0	0.008465067934541546	0.04764680960583332
17/04/05 20:06:32 INFO BPRRecommender: iter 54 Evaluator value:NDCG top 10 is -1.0	0.008465067934541546	0.04544863418705429
17/04/05 20:06:32 INFO BPRRecommender: iter 55 Evaluator value:NDCG top 10 is -1.0	0.007291412643811599	0.04586366516832754
17/04/05 20:06:33 INFO BPRRecommender: iter 56 Evaluator value:NDCG top 10 is -1.0	0.007291412643811599	0.04650416852846312
17/04/05 20:06:33 INFO BPRRecommender: iter 57 Evaluator value:NDCG top 10 is -1.0	0.007291412643811599	0.04698594343295924
17/04/05 20:06:33 INFO BPRRecommender: iter 58 Evaluator value:NDCG top 10 is -1.0	0.008465067934541546	0.0458220743976062
17/04/05 20:06:33 INFO BPRRecommender: iter 59 Evaluator value:NDCG top 10 is -1.0	0.007291412643811599	0.046511020592458326
17/04/05 20:06:33 INFO BPRRecommender: iter 60 Evaluator value:NDCG top 10 is -1.0	0.008465067934541546	0.046511020592458326
17/04/05 20:06:33 INFO BPRRecommender: iter 61 Evaluator value:NDCG top 10 is -1.0	0.008465067934541546	0.05055451893006256
17/04/05 20:06:33 INFO BPRRecommender: iter 62 Evaluator value:NDCG top 10 is -1.0	0.017145463422921184	0.051243465124914685
17/04/05 20:06:33 INFO BPRRecommender: iter 63 Evaluator value:NDCG top 10 is -1.0	0.014577150967831345	0.05147039358794241
17/04/05 20:06:33 INFO BPRRecommender: iter 64 Evaluator value:NDCG top 10 is -1.0	0.014577150967831345	0.05263426262329545
17/04/05 20:06:33 INFO BPRRecommender: iter 65 Evaluator value:NDCG top 10 is -1.0	0.014577150967831345	0.05147039358794241
17/04/05 20:06:33 INFO BPRRecommender: iter 66 Evaluator value:NDCG top 10 is -1.0	0.014577150967831345	0.051243465124914685
17/04/05 20:06:33 INFO BPRRecommender: iter 67 Evaluator value:NDCG top 10 is -1.0	0.014577150967831345	0.05147039358794241
17/04/05 20:06:33 INFO BPRRecommender: iter 68 Evaluator value:NDCG top 10 is -1.0	0.01483014649648924	0.05147039358794241
17/04/05 20:06:33 INFO BPRRecommender: iter 69 Evaluator value:NDCG top 10 is -1.0	0.014577150967831345	0.051243465124914685
17/04/05 20:06:33 INFO BPRRecommender: iter 70 Evaluator value:NDCG top 10 is -1.0	0.008465067934541546	0.05055451893006256
17/04/05 20:06:33 INFO BPRRecommender: iter 71 Evaluator value:NDCG top 10 is -1.0	0.008465067934541546	0.051243465124914685
17/04/05 20:06:33 INFO BPRRecommender: iter 72 Evaluator value:NDCG top 10 is -1.0	0.008465067934541546	0.05460550957904675
17/04/05 20:06:33 INFO BPRRecommender: iter 73 Evaluator value:NDCG top 10 is -1.0	0.014577150967831345	0.05263426262329545
17/04/05 20:06:33 INFO BPRRecommender: iter 74 Evaluator value:NDCG top 10 is -1.0	0.01483014649648924	0.05147039358794241
17/04/05 20:06:33 INFO BPRRecommender: iter 75 Evaluator value:NDCG top 10 is -1.0	0.014577150967831345	0.05078144739309028
17/04/05 20:06:33 INFO BPRRecommender: iter 76 Evaluator value:NDCG top 10 is -1.0	0.01483014649648924	0.05147039358794241
17/04/05 20:06:33 INFO BPRRecommender: iter 77 Evaluator value:NDCG top 10 is -1.0	0.008465067934541546	0.051243465124914685
17/04/05 20:06:33 INFO BPRRecommender: iter 78 Evaluator value:NDCG top 10 is -1.0	0.014577150967831345	0.0523332878948782
17/04/05 20:06:33 INFO BPRRecommender: iter 79 Evaluator value:NDCG top 10 is -1.0	0.014577150967831345	0.049659169128458594
17/04/05 20:06:33 INFO BPRRecommender: iter 80 Evaluator value:NDCG top 10 is -1.0	0.01483014649648924	0.049659169128458594
17/04/05 20:06:33 INFO BPRRecommender: iter 81 Evaluator value:NDCG top 10 is -1.0	0.015135362434089215	0.049659169128458594
17/04/05 20:06:33 INFO BPRRecommender: iter 82 Evaluator value:NDCG top 10 is -1.0	0.01551317903490798	0.05082303816381163
17/04/05 20:06:33 INFO BPRRecommender: iter 83 Evaluator value:NDCG top 10 is -1.0	0.01551317903490798	0.05420351114266943
17/04/05 20:06:33 INFO BPRRecommender: iter 84 Evaluator value:NDCG top 10 is -1.0	0.01599683142300061	0.05055451893006256
17/04/05 20:06:33 INFO BPRRecommender: iter 85 Evaluator value:NDCG top 10 is -1.0	0.016644812629174614	0.05055451893006256
17/04/05 20:06:33 INFO BPRRecommender: iter 86 Evaluator value:NDCG top 10 is -1.0	0.016644812629174614	0.050366416411817036
17/04/05 20:06:33 INFO BPRRecommender: iter 87 Evaluator value:NDCG top 10 is -1.0	0.01599683142300061	0.03962576590872503
17/04/05 20:06:33 INFO BPRRecommender: iter 88 Evaluator value:NDCG top 10 is -1.0	0.016644812629174614	0.03962576590872503
17/04/05 20:06:33 INFO BPRRecommender: iter 89 Evaluator value:NDCG top 10 is -1.0	0.01551317903490798	0.03962576590872503
17/04/05 20:06:33 INFO BPRRecommender: iter 90 Evaluator value:NDCG top 10 is -1.0	0.01599683142300061	0.05559970462088
17/04/05 20:06:33 INFO BPRRecommender: iter 91 Evaluator value:NDCG top 10 is -1.0	0.016644812629174614	0.04594887688775152
17/04/05 20:06:33 INFO BPRRecommender: iter 92 Evaluator value:NDCG top 10 is -1.0	0.016644812629174614	0.04031471210357716
17/04/05 20:06:33 INFO BPRRecommender: iter 93 Evaluator value:NDCG top 10 is -1.0	0.016644812629174614	0.046511020592458326
17/04/05 20:06:33 INFO BPRRecommender: iter 94 Evaluator value:NDCG top 10 is -1.0	0.021538719413709363	0.05439161366091495
17/04/05 20:06:33 INFO BPRRecommender: iter 95 Evaluator value:NDCG top 10 is -1.0	0.020890738207535356	0.05439161366091495
17/04/05 20:06:33 INFO BPRRecommender: iter 96 Evaluator value:NDCG top 10 is -1.0	0.021543815110190694	0.05439161366091495
17/04/05 20:06:33 INFO BPRRecommender: iter 97 Evaluator value:NDCG top 10 is -1.0	0.022546302010817608	0.05439161366091495
17/04/05 20:06:33 INFO BPRRecommender: iter 98 Evaluator value:NDCG top 10 is -1.0	0.022546302010817608	0.05439161366091495
17/04/05 20:06:33 INFO BPRRecommender: iter 99 Evaluator value:NDCG top 10 is -1.0	0.02328824406681221	0.05461854212394268
17/04/05 20:06:33 INFO BPRRecommender: iter 100 Evaluator value:NDCG top 10 is -1.0	0.02280459167871958	0.052560216357905934
17/04/05 20:06:33 INFO BPRRecommender: iter 101 Evaluator value:NDCG top 10 is -1.0	0.02280459167871958	0.052560216357905934
17/04/05 20:06:33 INFO BPRRecommender: iter 102 Evaluator value:NDCG top 10 is -1.0	0.02280459167871958	0.052560216357905934
17/04/05 20:06:33 INFO BPRRecommender: iter 103 Evaluator value:NDCG top 10 is -1.0	0.02328824406681221	0.05078144739309028
17/04/05 20:06:33 INFO BPRRecommender: iter 104 Evaluator value:NDCG top 10 is -1.0	0.023936225272986215	0.05078144739309028
17/04/05 20:06:33 INFO BPRRecommender: iter 105 Evaluator value:NDCG top 10 is -1.0	0.02328824406681221	0.05078144739309028
17/04/05 20:06:33 INFO BPRRecommender: iter 106 Evaluator value:NDCG top 10 is -1.0	0.02328824406681221	0.05147039358794241
17/04/05 20:06:33 INFO BPRRecommender: iter 107 Evaluator value:NDCG top 10 is -1.0	0.02328824406681221	0.05175130074241262
17/04/05 20:06:33 INFO BPRRecommender: iter 108 Evaluator value:NDCG top 10 is -1.0	0.02328824406681221	0.04555499225353145
17/04/05 20:06:33 INFO BPRRecommender: iter 109 Evaluator value:NDCG top 10 is -1.0	0.02328824406681221	0.045914588459196826
17/04/05 20:06:33 INFO BPRRecommender: iter 110 Evaluator value:NDCG top 10 is -1.0	0.023936225272986215	0.04458513890420912
17/04/05 20:06:33 INFO BPRRecommender: iter 111 Evaluator value:NDCG top 10 is -1.0	0.023936225272986215	0.04346286063957743
17/04/05 20:06:33 INFO BPRRecommender: iter 112 Evaluator value:NDCG top 10 is -1.0	0.022546302010817608	0.04374376779404763
17/04/05 20:06:33 INFO BPRRecommender: iter 113 Evaluator value:NDCG top 10 is -1.0	0.02328824406681221	0.04994007628292879
17/04/05 20:06:33 INFO BPRRecommender: iter 114 Evaluator value:NDCG top 10 is -1.0	0.022546302010817608	0.04994007628292879
17/04/05 20:06:33 INFO BPRRecommender: iter 115 Evaluator value:NDCG top 10 is -1.0	0.022546302010817608	0.05094017584872975
17/04/05 20:06:33 INFO BPRRecommender: iter 116 Evaluator value:NDCG top 10 is -1.0	0.022062649622724976	0.051421950753225865
17/04/05 20:06:33 INFO BPRRecommender: iter 117 Evaluator value:NDCG top 10 is -1.0	0.02280459167871958	0.05058057964306437
17/04/05 20:06:33 INFO BPRRecommender: iter 118 Evaluator value:NDCG top 10 is -1.0	0.02328824406681221	0.05058057964306437
17/04/05 20:06:33 INFO BPRRecommender: iter 119 Evaluator value:NDCG top 10 is -1.0	0.022062649622724976	0.05094017584872975
17/04/05 20:06:33 INFO BPRRecommender: iter 120 Evaluator value:NDCG top 10 is -1.0	0.022062649622724976	0.05094017584872975
17/04/05 20:06:33 INFO BPRRecommender: iter 121 Evaluator value:NDCG top 10 is -1.0	0.022062649622724976	0.05094017584872975
17/04/05 20:06:33 INFO BPRRecommender: iter 122 Evaluator value:NDCG top 10 is -1.0	0.02280459167871958	0.04474386735984859
17/04/05 20:06:33 INFO BPRRecommender: iter 123 Evaluator value:NDCG top 10 is -1.0	0.022062649622724976	0.0452256422643447
17/04/05 20:06:33 INFO BPRRecommender: iter 124 Evaluator value:NDCG top 10 is -1.0	0.022062649622724976	0.04474386735984859
17/04/05 20:06:33 INFO BPRRecommender: iter 125 Evaluator value:NDCG top 10 is -1.0	0.022062649622724976	0.051421950753225865
17/04/05 20:06:33 INFO BPRRecommender: iter 126 Evaluator value:NDCG top 10 is -1.0	0.021156557657935674	0.051421950753225865
17/04/05 20:06:33 INFO BPRRecommender: iter 127 Evaluator value:NDCG top 10 is -1.0	0.022027467498283326	0.051421950753225865
17/04/05 20:06:33 INFO BPRRecommender: iter 128 Evaluator value:NDCG top 10 is -1.0	0.022546302010817608	0.050299672488594176
17/04/05 20:06:33 INFO BPRRecommender: iter 129 Evaluator value:NDCG top 10 is -1.0	0.021640210046028306	0.04534029949311008
17/04/05 20:06:33 INFO BPRRecommender: iter 130 Evaluator value:NDCG top 10 is -1.0	0.021640210046028306	0.04988464150732092
17/04/05 20:06:33 INFO BPRRecommender: iter 131 Evaluator value:NDCG top 10 is -1.0	0.021640210046028306	0.04988464150732092
17/04/05 20:06:33 INFO BPRRecommender: iter 132 Evaluator value:NDCG top 10 is -1.0	0.021640210046028306	0.04988464150732092
17/04/05 20:06:33 INFO BPRRecommender: iter 133 Evaluator value:NDCG top 10 is -1.0	0.021985675855080558	0.04988464150732092
17/04/05 20:06:33 INFO BPRRecommender: iter 134 Evaluator value:NDCG top 10 is -1.0	0.02267544870445733	0.050299672488594176
17/04/05 20:06:33 INFO BPRRecommender: iter 135 Evaluator value:NDCG top 10 is -1.0	0.022288191252202307	0.050299672488594176
17/04/05 20:06:33 INFO BPRRecommender: iter 136 Evaluator value:NDCG top 10 is -1.0	0.02267544870445733	0.050299672488594176
17/04/05 20:06:33 INFO BPRRecommender: iter 137 Evaluator value:NDCG top 10 is -1.0	0.02133769464890655	0.050299672488594176
17/04/05 20:06:33 INFO BPRRecommender: iter 138 Evaluator value:NDCG top 10 is -1.0	0.021156557657935674	0.05058057964306437
17/04/05 20:06:33 INFO BPRRecommender: iter 139 Evaluator value:NDCG top 10 is -1.0	0.021156557657935674	0.050299672488594176
17/04/05 20:06:33 INFO BPRRecommender: iter 140 Evaluator value:NDCG top 10 is -1.0	0.022062649622724976	0.050299672488594176
17/04/05 20:06:33 INFO BPRRecommender: iter 141 Evaluator value:NDCG top 10 is -1.0	0.021543815110190694	0.050299672488594176
17/04/05 20:06:33 INFO BPRRecommender: iter 142 Evaluator value:NDCG top 10 is -1.0	0.021640210046028306	0.050299672488594176
17/04/05 20:06:33 INFO BPRRecommender: iter 143 Evaluator value:NDCG top 10 is -1.0	0.021640210046028306	0.050299672488594176
17/04/05 20:06:33 INFO BPRRecommender: iter 144 Evaluator value:NDCG top 10 is -1.0	0.023214815246443313	0.04988464150732092
17/04/05 20:06:33 INFO BPRRecommender: iter 145 Evaluator value:NDCG top 10 is -1.0	0.026337565728502956	0.04988464150732092
17/04/05 20:06:33 INFO BPRRecommender: iter 146 Evaluator value:NDCG top 10 is -1.0	0.03258597514577417	0.03914399100422892
17/04/05 20:06:33 INFO BPRRecommender: iter 147 Evaluator value:NDCG top 10 is -1.0	0.024279308139995317	0.0458220743976062
17/04/05 20:06:33 INFO BPRRecommender: iter 148 Evaluator value:NDCG top 10 is -1.0	0.024279308139995317	0.0458220743976062
17/04/05 20:06:33 INFO BPRRecommender: iter 149 Evaluator value:NDCG top 10 is -1.0	0.030008883044732242	0.03962576590872503
17/04/05 20:06:33 INFO BPRRecommender: iter 150 Evaluator value:NDCG top 10 is -1.0	0.030527717557266524	0.03962576590872503
17/04/05 20:06:33 INFO BPRRecommender: iter 151 Evaluator value:NDCG top 10 is -1.0	0.030527717557266524	0.037427590489946004
17/04/05 20:06:33 INFO BPRRecommender: iter 152 Evaluator value:NDCG top 10 is -1.0	0.030527717557266524	0.03962576590872503
17/04/05 20:06:33 INFO BPRRecommender: iter 153 Evaluator value:NDCG top 10 is -1.0	0.022062649622724976	0.0458220743976062
17/04/05 20:06:33 INFO BPRRecommender: iter 154 Evaluator value:NDCG top 10 is -1.0	0.024279308139995317	0.0458220743976062
17/04/05 20:06:33 INFO BPRRecommender: iter 155 Evaluator value:NDCG top 10 is -1.0	0.030527717557266524	0.03962576590872503
17/04/05 20:06:33 INFO BPRRecommender: iter 156 Evaluator value:NDCG top 10 is -1.0	0.031011369945359156	0.03962576590872503
17/04/05 20:06:33 INFO BPRRecommender: iter 157 Evaluator value:NDCG top 10 is -1.0	0.031011369945359156	0.03962576590872503
17/04/05 20:06:33 INFO BPRRecommender: iter 158 Evaluator value:NDCG top 10 is -1.0	0.031011369945359156	0.037427590489946004
17/04/05 20:06:33 INFO BPRRecommender: iter 159 Evaluator value:NDCG top 10 is -1.0	0.031753312001353756	0.037427590489946004
17/04/05 20:06:33 INFO BPRRecommender: iter 160 Evaluator value:NDCG top 10 is -1.0	0.030527717557266524	0.037427590489946004
17/04/05 20:06:33 INFO BPRRecommender: iter 161 Evaluator value:NDCG top 10 is -1.0	0.030527717557266524	0.037427590489946004
17/04/05 20:06:33 INFO BPRRecommender: iter 162 Evaluator value:NDCG top 10 is -1.0	0.030527717557266524	0.037427590489946004
17/04/05 20:06:33 INFO BPRRecommender: iter 163 Evaluator value:NDCG top 10 is -1.0	0.030527717557266524	0.038890010366344936
17/04/05 20:06:33 INFO BPRRecommender: iter 164 Evaluator value:NDCG top 10 is -1.0	0.031011369945359156	0.038890010366344936
17/04/05 20:06:33 INFO BPRRecommender: iter 165 Evaluator value:NDCG top 10 is -1.0	0.031011369945359156	0.03621006004306979
17/04/05 20:06:33 INFO BPRRecommender: iter 166 Evaluator value:NDCG top 10 is -1.0	0.031011369945359156	0.03621006004306979
17/04/05 20:06:33 INFO BPRRecommender: iter 167 Evaluator value:NDCG top 10 is -1.0	0.031011369945359156	0.038408235461848815
17/04/05 20:06:33 INFO BPRRecommender: iter 168 Evaluator value:NDCG top 10 is -1.0	0.031011369945359156	0.03621006004306979
17/04/05 20:06:33 INFO BPRRecommender: iter 169 Evaluator value:NDCG top 10 is -1.0	0.03165935115153316	0.03621006004306979
17/04/05 20:06:33 INFO BPRRecommender: iter 170 Evaluator value:NDCG top 10 is -1.0	0.03165935115153316	0.03621006004306979
17/04/05 20:06:33 INFO BPRRecommender: iter 171 Evaluator value:NDCG top 10 is -1.0	0.03353293859491546	0.03621006004306979
17/04/05 20:06:33 INFO BPRRecommender: iter 172 Evaluator value:NDCG top 10 is -1.0	0.03353293859491546	0.03621006004306979
17/04/05 20:06:33 INFO BPRRecommender: iter 173 Evaluator value:NDCG top 10 is -1.0	0.033145681142660435	0.035695551713085125
17/04/05 20:06:33 INFO BPRRecommender: iter 174 Evaluator value:NDCG top 10 is -1.0	0.033145681142660435	0.035695551713085125
17/04/05 20:06:33 INFO BPRRecommender: iter 175 Evaluator value:NDCG top 10 is -1.0	0.033145681142660435	0.035695551713085125
17/04/05 20:06:33 INFO BPRRecommender: iter 176 Evaluator value:NDCG top 10 is -1.0	0.033145681142660435	0.03531152331824953
17/04/05 20:06:33 INFO BPRRecommender: iter 177 Evaluator value:NDCG top 10 is -1.0	0.033145681142660435	0.03531152331824953
17/04/05 20:06:33 INFO BPRRecommender: iter 178 Evaluator value:NDCG top 10 is -1.0	0.033145681142660435	0.03531152331824953
17/04/05 20:06:33 INFO BPRRecommender: iter 179 Evaluator value:NDCG top 10 is -1.0	0.033145681142660435	0.03531152331824953
17/04/05 20:06:33 INFO BPRRecommender: iter 180 Evaluator value:NDCG top 10 is -1.0	0.033145681142660435	0.03985586533246037
17/04/05 20:06:33 INFO BPRRecommender: iter 181 Evaluator value:NDCG top 10 is -1.0	0.033145681142660435	0.03985586533246037
17/04/05 20:06:33 INFO BPRRecommender: iter 182 Evaluator value:NDCG top 10 is -1.0	0.033145681142660435	0.03531152331824953
17/04/05 20:06:33 INFO BPRRecommender: iter 183 Evaluator value:NDCG top 10 is -1.0	0.033145681142660435	0.03985586533246037
17/04/05 20:06:33 INFO BPRRecommender: iter 184 Evaluator value:NDCG top 10 is -1.0	0.02689727172538923	0.03531152331824953
17/04/05 20:06:33 INFO BPRRecommender: iter 185 Evaluator value:NDCG top 10 is -1.0	0.02689727172538923	0.03531152331824953
17/04/05 20:06:33 INFO BPRRecommender: iter 186 Evaluator value:NDCG top 10 is -1.0	0.02689727172538923	0.03531152331824953
17/04/05 20:06:33 INFO BPRRecommender: iter 187 Evaluator value:NDCG top 10 is -1.0	0.02468061320811889	0.03750969873702855
17/04/05 20:06:33 INFO BPRRecommender: iter 188 Evaluator value:NDCG top 10 is -1.0	0.02413371331235189	0.03750969873702855
17/04/05 20:06:33 INFO BPRRecommender: iter 189 Evaluator value:NDCG top 10 is -1.0	0.02413371331235189	0.03750969873702855
17/04/05 20:06:33 INFO BPRRecommender: iter 190 Evaluator value:NDCG top 10 is -1.0	0.02413371331235189	0.03750969873702855
17/04/05 20:06:33 INFO BPRRecommender: iter 191 Evaluator value:NDCG top 10 is -1.0	0.02180565693363689	0.03750969873702855
17/04/05 20:06:33 INFO BPRRecommender: iter 192 Evaluator value:NDCG top 10 is -1.0	0.02180565693363689	0.04370600722590972
17/04/05 20:06:33 INFO BPRRecommender: iter 193 Evaluator value:NDCG top 10 is -1.0	0.02180565693363689	0.04370600722590972
17/04/05 20:06:33 INFO BPRRecommender: iter 194 Evaluator value:NDCG top 10 is -1.0	0.02180565693363689	0.04370600722590972
17/04/05 20:06:33 INFO BPRRecommender: iter 195 Evaluator value:NDCG top 10 is -1.0	0.02180565693363689	0.04316366752945154
17/04/05 20:06:33 INFO BPRRecommender: iter 196 Evaluator value:NDCG top 10 is -1.0	0.02180565693363689	0.042962784686395125
17/04/05 20:06:33 INFO BPRRecommender: iter 197 Evaluator value:NDCG top 10 is -1.0	0.02180565693363689	0.04316366752945154
17/04/05 20:06:33 INFO BPRRecommender: iter 198 Evaluator value:NDCG top 10 is -1.0	0.02180565693363689	0.042962784686395125
17/04/05 20:06:33 INFO BPRRecommender: iter 199 Evaluator value:NDCG top 10 is -1.0	0.02180565693363689	0.042962784686395125
17/04/05 20:06:33 INFO BPRRecommender: iter 200 Evaluator value:NDCG top 10 is -1.0	0.02180565693363689	0.042962784686395125
17/04/05 20:06:33 INFO BPRRecommender: Job Train completed.
17/04/05 20:06:33 INFO BPRRecommender: Job End.
17/04/05 20:06:33 INFO RecommenderJob: Evaluator info:NormalizedDCGEvaluator is 0.042962784686395125
17/04/05 20:06:33 INFO RecommenderJob: Result path is E:/Users/v-fuz/tools/recommender_system/librec_sourcecode/librec/core/src/main/java/net/librec/run/result/movielens/ml-100k-split-bpr-output/bpr
17/04/05 20:06:33 INFO test_all_ranking_pure: End


