17/03/26 23:38:02 INFO test_all_ranking_pure: ********************************************************************************
17/03/26 23:38:02 INFO test_all_ranking_pure: Begin

17/03/26 23:38:02 INFO test_all_ranking_pure: 
rec.eval.classes=auc
rec.neighbors.knn.number=50
rec.recommender.similarities=item
rec.similarity.class=jaccard
rec.recommender.ranking.topn=10
rec.random.seed=1
rec.recommender.isranking=true
rec.recommender.class=itemknn
rec.similarity.shrinkage=10
rec.eval.enable=true

17/03/26 23:38:03 INFO TextDataConvertor: Dataset: ...librec/data/movielens/ml-100k-split
17/03/26 23:38:03 INFO TextDataConvertor: All dataset files [E:\Users\v-fuz\tools\recommender_system\librec_sourcecode\librec\data\movielens\ml-100k-split\uniform_negsample.txt]
17/03/26 23:38:03 INFO TextDataConvertor: All dataset files size 6153533
17/03/26 23:38:03 INFO TextDataConvertor: Now loading dataset file uniform_negsample
17/03/26 23:38:05 INFO TextDataModel: Transform data to Convertor successfully!
17/03/26 23:38:05 INFO TextDataModel: Split data to train Set and test Set successfully!
17/03/26 23:38:05 INFO TextDataModel: Data size of training is 80003
17/03/26 23:38:05 INFO TextDataModel: Data size of testing is 10001
17/03/26 23:39:14 INFO ItemKNNRecommender: Job Setup completed.
17/03/26 23:39:14 INFO ItemKNNRecommender: Job Train completed.
17/03/26 23:43:40 INFO ItemKNNRecommender: Job End.
17/03/26 23:43:40 INFO RecommenderJob: Evaluator info:AUCEvaluator is 0.7773667032527946
17/03/26 23:43:40 INFO RecommenderJob: Result path is E:/Users/v-fuz/tools/recommender_system/librec_sourcecode/librec/core/src/main/java/net/librec/run/result/movielens/ml-100k-split-itemknn-output/itemknn
17/03/26 23:43:40 INFO test_all_ranking_pure: End


17/03/26 23:43:40 INFO test_all_ranking_pure: ********************************************************************************
17/03/26 23:43:40 INFO test_all_ranking_pure: Begin

17/03/26 23:43:40 INFO test_all_ranking_pure: 
rec.eval.classes=auc
rec.neighbors.knn.number=50
rec.recommender.similarities=item
rec.similarity.class=msd
rec.recommender.ranking.topn=10
rec.random.seed=1
rec.recommender.isranking=true
rec.recommender.class=itemknn
rec.similarity.shrinkage=10
rec.eval.enable=true

17/03/26 23:43:40 INFO TextDataConvertor: Dataset: ...librec/data/movielens/ml-100k-split
17/03/26 23:43:40 INFO TextDataConvertor: All dataset files [E:\Users\v-fuz\tools\recommender_system\librec_sourcecode\librec\data\movielens\ml-100k-split\uniform_negsample.txt]
17/03/26 23:43:40 INFO TextDataConvertor: All dataset files size 6153533
17/03/26 23:43:40 INFO TextDataConvertor: Now loading dataset file uniform_negsample
17/03/26 23:43:41 INFO TextDataModel: Transform data to Convertor successfully!
17/03/26 23:43:41 INFO TextDataModel: Split data to train Set and test Set successfully!
17/03/26 23:43:41 INFO TextDataModel: Data size of training is 80003
17/03/26 23:43:41 INFO TextDataModel: Data size of testing is 10001
17/03/26 23:43:54 INFO ItemKNNRecommender: Job Setup completed.
17/03/26 23:43:54 INFO ItemKNNRecommender: Job Train completed.
17/03/26 23:47:19 INFO ItemKNNRecommender: Job End.
17/03/26 23:47:19 INFO RecommenderJob: Evaluator info:AUCEvaluator is 0.7749267923034622
17/03/26 23:47:19 INFO RecommenderJob: Result path is E:/Users/v-fuz/tools/recommender_system/librec_sourcecode/librec/core/src/main/java/net/librec/run/result/movielens/ml-100k-split-itemknn-output/itemknn
17/03/26 23:47:19 INFO test_all_ranking_pure: End


17/03/26 23:47:19 INFO test_all_ranking_pure: ********************************************************************************
17/03/26 23:47:19 INFO test_all_ranking_pure: Begin

17/03/26 23:47:19 INFO test_all_ranking_pure: 
rec.eval.classes=auc
rec.neighbors.knn.number=50
rec.recommender.similarities=item
rec.similarity.class=exjaccard
rec.recommender.ranking.topn=10
rec.random.seed=1
rec.recommender.isranking=true
rec.recommender.class=itemknn
rec.similarity.shrinkage=10
rec.eval.enable=true

17/03/26 23:47:19 INFO TextDataConvertor: Dataset: ...librec/data/movielens/ml-100k-split
17/03/26 23:47:19 INFO TextDataConvertor: All dataset files [E:\Users\v-fuz\tools\recommender_system\librec_sourcecode\librec\data\movielens\ml-100k-split\uniform_negsample.txt]
17/03/26 23:47:19 INFO TextDataConvertor: All dataset files size 6153533
17/03/26 23:47:19 INFO TextDataConvertor: Now loading dataset file uniform_negsample
17/03/26 23:47:20 INFO TextDataModel: Transform data to Convertor successfully!
17/03/26 23:47:20 INFO TextDataModel: Split data to train Set and test Set successfully!
17/03/26 23:47:20 INFO TextDataModel: Data size of training is 80003
17/03/26 23:47:20 INFO TextDataModel: Data size of testing is 10001
17/03/26 23:47:33 INFO ItemKNNRecommender: Job Setup completed.
17/03/26 23:47:33 INFO ItemKNNRecommender: Job Train completed.
17/03/26 23:50:56 INFO ItemKNNRecommender: Job End.
17/03/26 23:50:56 INFO RecommenderJob: Evaluator info:AUCEvaluator is 0.7749267923034622
17/03/26 23:50:56 INFO RecommenderJob: Result path is E:/Users/v-fuz/tools/recommender_system/librec_sourcecode/librec/core/src/main/java/net/librec/run/result/movielens/ml-100k-split-itemknn-output/itemknn
17/03/26 23:50:56 INFO test_all_ranking_pure: End


17/03/26 23:50:56 INFO test_all_ranking_pure: ********************************************************************************
17/03/26 23:50:56 INFO test_all_ranking_pure: Begin

17/03/26 23:50:56 INFO test_all_ranking_pure: 
rec.eval.classes=auc
rec.neighbors.knn.number=50
rec.recommender.similarities=item
rec.similarity.class=pcc
rec.recommender.ranking.topn=10
rec.random.seed=1
rec.recommender.isranking=true
rec.recommender.class=itemknn
rec.similarity.shrinkage=10
rec.eval.enable=true

17/03/26 23:50:56 INFO TextDataConvertor: Dataset: ...librec/data/movielens/ml-100k-split
17/03/26 23:50:56 INFO TextDataConvertor: All dataset files [E:\Users\v-fuz\tools\recommender_system\librec_sourcecode\librec\data\movielens\ml-100k-split\uniform_negsample.txt]
17/03/26 23:50:56 INFO TextDataConvertor: All dataset files size 6153533
17/03/26 23:50:56 INFO TextDataConvertor: Now loading dataset file uniform_negsample
17/03/26 23:50:57 INFO TextDataModel: Transform data to Convertor successfully!
17/03/26 23:50:57 INFO TextDataModel: Split data to train Set and test Set successfully!
17/03/26 23:50:57 INFO TextDataModel: Data size of training is 80003
17/03/26 23:50:57 INFO TextDataModel: Data size of testing is 10001
17/03/26 23:51:05 INFO ItemKNNRecommender: Job Setup completed.
17/03/26 23:51:05 INFO ItemKNNRecommender: Job Train completed.
17/03/26 23:51:09 INFO ItemKNNRecommender: Job End.
17/03/26 23:51:09 INFO RecommenderJob: Evaluator info:AUCEvaluator is 0.5447803776087959
17/03/26 23:51:09 INFO RecommenderJob: Result path is E:/Users/v-fuz/tools/recommender_system/librec_sourcecode/librec/core/src/main/java/net/librec/run/result/movielens/ml-100k-split-itemknn-output/itemknn
17/03/26 23:51:09 INFO test_all_ranking_pure: End


17/03/26 23:51:09 INFO test_all_ranking_pure: ********************************************************************************
17/03/26 23:51:09 INFO test_all_ranking_pure: Begin

17/03/26 23:51:09 INFO test_all_ranking_pure: 
rec.eval.classes=auc
rec.neighbors.knn.number=50
rec.recommender.similarities=item
rec.similarity.class=krcc
rec.recommender.ranking.topn=10
rec.random.seed=1
rec.recommender.isranking=true
rec.recommender.class=itemknn
rec.similarity.shrinkage=10
rec.eval.enable=true

17/03/26 23:51:09 INFO TextDataConvertor: Dataset: ...librec/data/movielens/ml-100k-split
17/03/26 23:51:09 INFO TextDataConvertor: All dataset files [E:\Users\v-fuz\tools\recommender_system\librec_sourcecode\librec\data\movielens\ml-100k-split\uniform_negsample.txt]
17/03/26 23:51:09 INFO TextDataConvertor: All dataset files size 6153533
17/03/26 23:51:09 INFO TextDataConvertor: Now loading dataset file uniform_negsample
17/03/26 23:51:10 INFO TextDataModel: Transform data to Convertor successfully!
17/03/26 23:51:10 INFO TextDataModel: Split data to train Set and test Set successfully!
17/03/26 23:51:10 INFO TextDataModel: Data size of training is 80003
17/03/26 23:51:10 INFO TextDataModel: Data size of testing is 10001
17/03/26 23:51:14 INFO ItemKNNRecommender: Job Setup completed.
17/03/26 23:51:14 INFO ItemKNNRecommender: Job Train completed.
17/03/26 23:51:25 INFO ItemKNNRecommender: Job End.
17/03/26 23:51:25 INFO RecommenderJob: Evaluator info:AUCEvaluator is 0.5470317529584441
17/03/26 23:51:25 INFO RecommenderJob: Result path is E:/Users/v-fuz/tools/recommender_system/librec_sourcecode/librec/core/src/main/java/net/librec/run/result/movielens/ml-100k-split-itemknn-output/itemknn
17/03/26 23:51:25 INFO test_all_ranking_pure: End


17/03/26 23:51:25 INFO test_all_ranking_pure: ********************************************************************************
17/03/26 23:51:25 INFO test_all_ranking_pure: Begin

17/03/26 23:51:25 INFO test_all_ranking_pure: 
rec.eval.classes=auc
rec.neighbors.knn.number=50
rec.recommender.similarities=item
rec.similarity.class=cos
rec.recommender.ranking.topn=10
rec.random.seed=1
rec.recommender.isranking=true
rec.recommender.class=itemknn
rec.similarity.shrinkage=10
rec.eval.enable=true

17/03/26 23:51:25 INFO TextDataConvertor: Dataset: ...librec/data/movielens/ml-100k-split
17/03/26 23:51:25 INFO TextDataConvertor: All dataset files [E:\Users\v-fuz\tools\recommender_system\librec_sourcecode\librec\data\movielens\ml-100k-split\uniform_negsample.txt]
17/03/26 23:51:25 INFO TextDataConvertor: All dataset files size 6153533
17/03/26 23:51:25 INFO TextDataConvertor: Now loading dataset file uniform_negsample
17/03/26 23:51:26 INFO TextDataModel: Transform data to Convertor successfully!
17/03/26 23:51:26 INFO TextDataModel: Split data to train Set and test Set successfully!
17/03/26 23:51:26 INFO TextDataModel: Data size of training is 80003
17/03/26 23:51:26 INFO TextDataModel: Data size of testing is 10001
17/03/26 23:51:38 INFO ItemKNNRecommender: Job Setup completed.
17/03/26 23:51:38 INFO ItemKNNRecommender: Job Train completed.
17/03/26 23:54:57 INFO ItemKNNRecommender: Job End.
17/03/26 23:54:57 INFO RecommenderJob: Evaluator info:AUCEvaluator is 0.7749267923034622
17/03/26 23:54:57 INFO RecommenderJob: Result path is E:/Users/v-fuz/tools/recommender_system/librec_sourcecode/librec/core/src/main/java/net/librec/run/result/movielens/ml-100k-split-itemknn-output/itemknn
17/03/26 23:54:57 INFO test_all_ranking_pure: End


17/03/26 23:54:57 INFO test_all_ranking_pure: ********************************************************************************
17/03/26 23:54:57 INFO test_all_ranking_pure: Begin

17/03/26 23:54:57 INFO test_all_ranking_pure: 
rec.eval.classes=auc
rec.neighbors.knn.number=50
rec.recommender.similarities=item
rec.similarity.class=cpc
rec.recommender.ranking.topn=10
rec.random.seed=1
rec.recommender.isranking=true
rec.recommender.class=itemknn
rec.similarity.shrinkage=10
rec.eval.enable=true

17/03/26 23:54:57 INFO TextDataConvertor: Dataset: ...librec/data/movielens/ml-100k-split
17/03/26 23:54:57 INFO TextDataConvertor: All dataset files [E:\Users\v-fuz\tools\recommender_system\librec_sourcecode\librec\data\movielens\ml-100k-split\uniform_negsample.txt]
17/03/26 23:54:57 INFO TextDataConvertor: All dataset files size 6153533
17/03/26 23:54:57 INFO TextDataConvertor: Now loading dataset file uniform_negsample
17/03/26 23:54:58 INFO TextDataModel: Transform data to Convertor successfully!
17/03/26 23:54:58 INFO TextDataModel: Split data to train Set and test Set successfully!
17/03/26 23:54:58 INFO TextDataModel: Data size of training is 80003
17/03/26 23:54:58 INFO TextDataModel: Data size of testing is 10001
17/03/26 23:55:06 INFO ItemKNNRecommender: Job Setup completed.
17/03/26 23:55:06 INFO ItemKNNRecommender: Job Train completed.
17/03/26 23:55:11 INFO ItemKNNRecommender: Job End.
17/03/26 23:55:11 INFO RecommenderJob: Evaluator info:AUCEvaluator is 0.5447803776087959
17/03/26 23:55:11 INFO RecommenderJob: Result path is E:/Users/v-fuz/tools/recommender_system/librec_sourcecode/librec/core/src/main/java/net/librec/run/result/movielens/ml-100k-split-itemknn-output/itemknn
17/03/26 23:55:11 INFO test_all_ranking_pure: End


17/03/26 23:55:11 INFO test_all_ranking_pure: ********************************************************************************
17/03/26 23:55:11 INFO test_all_ranking_pure: Begin

17/03/26 23:55:11 INFO test_all_ranking_pure: 
rec.eval.classes=auc
rec.neighbors.knn.number=50
rec.recommender.similarities=item
rec.similarity.class=dice
rec.recommender.ranking.topn=10
rec.random.seed=1
rec.recommender.isranking=true
rec.recommender.class=itemknn
rec.similarity.shrinkage=10
rec.eval.enable=true

17/03/26 23:55:11 INFO TextDataConvertor: Dataset: ...librec/data/movielens/ml-100k-split
17/03/26 23:55:11 INFO TextDataConvertor: All dataset files [E:\Users\v-fuz\tools\recommender_system\librec_sourcecode\librec\data\movielens\ml-100k-split\uniform_negsample.txt]
17/03/26 23:55:11 INFO TextDataConvertor: All dataset files size 6153533
17/03/26 23:55:11 INFO TextDataConvertor: Now loading dataset file uniform_negsample
17/03/26 23:55:12 INFO TextDataModel: Transform data to Convertor successfully!
17/03/26 23:55:12 INFO TextDataModel: Split data to train Set and test Set successfully!
17/03/26 23:55:12 INFO TextDataModel: Data size of training is 80003
17/03/26 23:55:12 INFO TextDataModel: Data size of testing is 10001
17/03/26 23:55:25 INFO ItemKNNRecommender: Job Setup completed.
17/03/26 23:55:25 INFO ItemKNNRecommender: Job Train completed.
17/03/26 23:58:47 INFO ItemKNNRecommender: Job End.
17/03/26 23:58:47 INFO RecommenderJob: Evaluator info:AUCEvaluator is 0.7749267923034622
17/03/26 23:58:47 INFO RecommenderJob: Result path is E:/Users/v-fuz/tools/recommender_system/librec_sourcecode/librec/core/src/main/java/net/librec/run/result/movielens/ml-100k-split-itemknn-output/itemknn
17/03/26 23:58:47 INFO test_all_ranking_pure: End


17/03/26 23:58:47 INFO test_all_ranking_pure: ********************************************************************************
17/03/26 23:58:47 INFO test_all_ranking_pure: Begin

17/03/26 23:58:47 INFO test_all_ranking_pure: 
rec.eval.classes=auc
rec.neighbors.knn.number=50
rec.recommender.similarities=item
rec.similarity.class=bcos
rec.recommender.ranking.topn=10
rec.random.seed=1
rec.recommender.isranking=true
rec.recommender.class=itemknn
rec.similarity.shrinkage=10
rec.eval.enable=true

17/03/26 23:58:47 INFO TextDataConvertor: Dataset: ...librec/data/movielens/ml-100k-split
17/03/26 23:58:47 INFO TextDataConvertor: All dataset files [E:\Users\v-fuz\tools\recommender_system\librec_sourcecode\librec\data\movielens\ml-100k-split\uniform_negsample.txt]
17/03/26 23:58:47 INFO TextDataConvertor: All dataset files size 6153533
17/03/26 23:58:47 INFO TextDataConvertor: Now loading dataset file uniform_negsample
17/03/26 23:58:48 INFO TextDataModel: Transform data to Convertor successfully!
17/03/26 23:58:48 INFO TextDataModel: Split data to train Set and test Set successfully!
17/03/26 23:58:48 INFO TextDataModel: Data size of training is 80003
17/03/26 23:58:48 INFO TextDataModel: Data size of testing is 10001
17/03/26 23:59:17 INFO ItemKNNRecommender: Job Setup completed.
17/03/26 23:59:17 INFO ItemKNNRecommender: Job Train completed.
17/03/27 00:03:39 INFO ItemKNNRecommender: Job End.
17/03/27 00:03:39 INFO RecommenderJob: Evaluator info:AUCEvaluator is 0.7797431520433499
17/03/27 00:03:39 INFO RecommenderJob: Result path is E:/Users/v-fuz/tools/recommender_system/librec_sourcecode/librec/core/src/main/java/net/librec/run/result/movielens/ml-100k-split-itemknn-output/itemknn
17/03/27 00:03:39 INFO test_all_ranking_pure: End


17/03/27 00:03:39 INFO test_all_ranking_pure: ********************************************************************************
17/03/27 00:03:39 INFO test_all_ranking_pure: Begin

17/03/27 00:03:39 INFO test_all_ranking_pure: 
rec.eval.classes=auc
rec.neighbors.knn.number=50
rec.recommender.similarities=item
rec.similarity.class=msesim
rec.recommender.ranking.topn=10
rec.random.seed=1
rec.recommender.isranking=true
rec.recommender.class=itemknn
rec.similarity.shrinkage=10
rec.eval.enable=true

17/03/27 00:03:39 INFO TextDataConvertor: Dataset: ...librec/data/movielens/ml-100k-split
17/03/27 00:03:39 INFO TextDataConvertor: All dataset files [E:\Users\v-fuz\tools\recommender_system\librec_sourcecode\librec\data\movielens\ml-100k-split\uniform_negsample.txt]
17/03/27 00:03:39 INFO TextDataConvertor: All dataset files size 6153533
17/03/27 00:03:39 INFO TextDataConvertor: Now loading dataset file uniform_negsample
17/03/27 00:03:39 INFO TextDataModel: Transform data to Convertor successfully!
17/03/27 00:03:39 INFO TextDataModel: Split data to train Set and test Set successfully!
17/03/27 00:03:39 INFO TextDataModel: Data size of training is 80003
17/03/27 00:03:39 INFO TextDataModel: Data size of testing is 10001
17/03/27 00:03:53 INFO ItemKNNRecommender: Job Setup completed.
17/03/27 00:03:53 INFO ItemKNNRecommender: Job Train completed.
17/03/27 00:04:12 INFO ItemKNNRecommender: Job End.
17/03/27 00:04:12 INFO RecommenderJob: Evaluator info:AUCEvaluator is 0.5447803776087959
17/03/27 00:04:12 INFO RecommenderJob: Result path is E:/Users/v-fuz/tools/recommender_system/librec_sourcecode/librec/core/src/main/java/net/librec/run/result/movielens/ml-100k-split-itemknn-output/itemknn
17/03/27 00:04:13 INFO test_all_ranking_pure: End


17/03/27 00:04:13 INFO test_all_ranking_pure: ********************************************************************************
17/03/27 00:04:13 INFO test_all_ranking_pure: Begin

17/03/27 00:04:13 INFO test_all_ranking_pure: 
rec.eval.classes=auc
rec.neighbors.knn.number=50
rec.recommender.similarities=user
rec.similarity.class=jaccard
rec.recommender.ranking.topn=10
rec.random.seed=1
rec.recommender.isranking=true
rec.recommender.class=userknn
rec.similarity.shrinkage=10
rec.eval.enable=true

17/03/27 00:04:13 INFO TextDataConvertor: Dataset: ...librec/data/movielens/ml-100k-split
17/03/27 00:04:13 INFO TextDataConvertor: All dataset files [E:\Users\v-fuz\tools\recommender_system\librec_sourcecode\librec\data\movielens\ml-100k-split\uniform_negsample.txt]
17/03/27 00:04:13 INFO TextDataConvertor: All dataset files size 6153533
17/03/27 00:04:13 INFO TextDataConvertor: Now loading dataset file uniform_negsample
17/03/27 00:04:14 INFO TextDataModel: Transform data to Convertor successfully!
17/03/27 00:04:14 INFO TextDataModel: Split data to train Set and test Set successfully!
17/03/27 00:04:14 INFO TextDataModel: Data size of training is 80003
17/03/27 00:04:14 INFO TextDataModel: Data size of testing is 10001
17/03/27 00:04:17 INFO UserKNNRecommender: Job Setup completed.
17/03/27 00:04:17 INFO UserKNNRecommender: Job Train completed.
17/03/27 00:05:17 INFO UserKNNRecommender: Job End.
17/03/27 00:05:17 INFO RecommenderJob: Evaluator info:AUCEvaluator is 0.8088271575125903
17/03/27 00:05:17 INFO RecommenderJob: Result path is E:/Users/v-fuz/tools/recommender_system/librec_sourcecode/librec/core/src/main/java/net/librec/run/result/movielens/ml-100k-split-userknn-output/userknn
17/03/27 00:05:17 INFO test_all_ranking_pure: End


17/03/27 00:05:17 INFO test_all_ranking_pure: ********************************************************************************
17/03/27 00:05:17 INFO test_all_ranking_pure: Begin

17/03/27 00:05:17 INFO test_all_ranking_pure: 
rec.eval.classes=auc
rec.neighbors.knn.number=50
rec.recommender.similarities=user
rec.similarity.class=msd
rec.recommender.ranking.topn=10
rec.random.seed=1
rec.recommender.isranking=true
rec.recommender.class=userknn
rec.similarity.shrinkage=10
rec.eval.enable=true

17/03/27 00:05:17 INFO TextDataConvertor: Dataset: ...librec/data/movielens/ml-100k-split
17/03/27 00:05:17 INFO TextDataConvertor: All dataset files [E:\Users\v-fuz\tools\recommender_system\librec_sourcecode\librec\data\movielens\ml-100k-split\uniform_negsample.txt]
17/03/27 00:05:17 INFO TextDataConvertor: All dataset files size 6153533
17/03/27 00:05:17 INFO TextDataConvertor: Now loading dataset file uniform_negsample
17/03/27 00:05:19 INFO TextDataModel: Transform data to Convertor successfully!
17/03/27 00:05:19 INFO TextDataModel: Split data to train Set and test Set successfully!
17/03/27 00:05:19 INFO TextDataModel: Data size of training is 80003
17/03/27 00:05:19 INFO TextDataModel: Data size of testing is 10001
17/03/27 00:05:20 INFO UserKNNRecommender: Job Setup completed.
17/03/27 00:05:20 INFO UserKNNRecommender: Job Train completed.
17/03/27 00:06:15 INFO UserKNNRecommender: Job End.
17/03/27 00:06:15 INFO RecommenderJob: Evaluator info:AUCEvaluator is 0.784711165996147
17/03/27 00:06:15 INFO RecommenderJob: Result path is E:/Users/v-fuz/tools/recommender_system/librec_sourcecode/librec/core/src/main/java/net/librec/run/result/movielens/ml-100k-split-userknn-output/userknn
17/03/27 00:06:15 INFO test_all_ranking_pure: End


17/03/27 00:06:15 INFO test_all_ranking_pure: ********************************************************************************
17/03/27 00:06:15 INFO test_all_ranking_pure: Begin

17/03/27 00:06:15 INFO test_all_ranking_pure: 
rec.eval.classes=auc
rec.neighbors.knn.number=50
rec.recommender.similarities=user
rec.similarity.class=exjaccard
rec.recommender.ranking.topn=10
rec.random.seed=1
rec.recommender.isranking=true
rec.recommender.class=userknn
rec.similarity.shrinkage=10
rec.eval.enable=true

17/03/27 00:06:15 INFO TextDataConvertor: Dataset: ...librec/data/movielens/ml-100k-split
17/03/27 00:06:15 INFO TextDataConvertor: All dataset files [E:\Users\v-fuz\tools\recommender_system\librec_sourcecode\librec\data\movielens\ml-100k-split\uniform_negsample.txt]
17/03/27 00:06:15 INFO TextDataConvertor: All dataset files size 6153533
17/03/27 00:06:15 INFO TextDataConvertor: Now loading dataset file uniform_negsample
17/03/27 00:06:16 INFO TextDataModel: Transform data to Convertor successfully!
17/03/27 00:06:16 INFO TextDataModel: Split data to train Set and test Set successfully!
17/03/27 00:06:16 INFO TextDataModel: Data size of training is 80003
17/03/27 00:06:16 INFO TextDataModel: Data size of testing is 10001
17/03/27 00:06:17 INFO UserKNNRecommender: Job Setup completed.
17/03/27 00:06:17 INFO UserKNNRecommender: Job Train completed.
17/03/27 00:07:12 INFO UserKNNRecommender: Job End.
17/03/27 00:07:12 INFO RecommenderJob: Evaluator info:AUCEvaluator is 0.784711165996147
17/03/27 00:07:12 INFO RecommenderJob: Result path is E:/Users/v-fuz/tools/recommender_system/librec_sourcecode/librec/core/src/main/java/net/librec/run/result/movielens/ml-100k-split-userknn-output/userknn
17/03/27 00:07:12 INFO test_all_ranking_pure: End


17/03/27 00:07:12 INFO test_all_ranking_pure: ********************************************************************************
17/03/27 00:07:12 INFO test_all_ranking_pure: Begin

17/03/27 00:07:12 INFO test_all_ranking_pure: 
rec.eval.classes=auc
rec.neighbors.knn.number=50
rec.recommender.similarities=user
rec.similarity.class=pcc
rec.recommender.ranking.topn=10
rec.random.seed=1
rec.recommender.isranking=true
rec.recommender.class=userknn
rec.similarity.shrinkage=10
rec.eval.enable=true

17/03/27 00:07:12 INFO TextDataConvertor: Dataset: ...librec/data/movielens/ml-100k-split
17/03/27 00:07:12 INFO TextDataConvertor: All dataset files [E:\Users\v-fuz\tools\recommender_system\librec_sourcecode\librec\data\movielens\ml-100k-split\uniform_negsample.txt]
17/03/27 00:07:12 INFO TextDataConvertor: All dataset files size 6153533
17/03/27 00:07:12 INFO TextDataConvertor: Now loading dataset file uniform_negsample
17/03/27 00:07:13 INFO TextDataModel: Transform data to Convertor successfully!
17/03/27 00:07:13 INFO TextDataModel: Split data to train Set and test Set successfully!
17/03/27 00:07:13 INFO TextDataModel: Data size of training is 80003
17/03/27 00:07:13 INFO TextDataModel: Data size of testing is 10001
17/03/27 00:07:14 INFO UserKNNRecommender: Job Setup completed.
17/03/27 00:07:14 INFO UserKNNRecommender: Job Train completed.
17/03/27 00:07:18 INFO UserKNNRecommender: Job End.
17/03/27 00:07:18 INFO RecommenderJob: Evaluator info:AUCEvaluator is 0.5447803776087959
17/03/27 00:07:18 INFO RecommenderJob: Result path is E:/Users/v-fuz/tools/recommender_system/librec_sourcecode/librec/core/src/main/java/net/librec/run/result/movielens/ml-100k-split-userknn-output/userknn
17/03/27 00:07:18 INFO test_all_ranking_pure: End


17/03/27 00:07:18 INFO test_all_ranking_pure: ********************************************************************************
17/03/27 00:07:18 INFO test_all_ranking_pure: Begin

17/03/27 00:07:18 INFO test_all_ranking_pure: 
rec.eval.classes=auc
rec.neighbors.knn.number=50
rec.recommender.similarities=user
rec.similarity.class=krcc
rec.recommender.ranking.topn=10
rec.random.seed=1
rec.recommender.isranking=true
rec.recommender.class=userknn
rec.similarity.shrinkage=10
rec.eval.enable=true

17/03/27 00:07:18 INFO TextDataConvertor: Dataset: ...librec/data/movielens/ml-100k-split
17/03/27 00:07:18 INFO TextDataConvertor: All dataset files [E:\Users\v-fuz\tools\recommender_system\librec_sourcecode\librec\data\movielens\ml-100k-split\uniform_negsample.txt]
17/03/27 00:07:18 INFO TextDataConvertor: All dataset files size 6153533
17/03/27 00:07:18 INFO TextDataConvertor: Now loading dataset file uniform_negsample
17/03/27 00:07:19 INFO TextDataModel: Transform data to Convertor successfully!
17/03/27 00:07:19 INFO TextDataModel: Split data to train Set and test Set successfully!
17/03/27 00:07:19 INFO TextDataModel: Data size of training is 80003
17/03/27 00:07:19 INFO TextDataModel: Data size of testing is 10001
17/03/27 00:07:19 INFO UserKNNRecommender: Job Setup completed.
17/03/27 00:07:19 INFO UserKNNRecommender: Job Train completed.
17/03/27 00:07:22 INFO UserKNNRecommender: Job End.
17/03/27 00:07:22 INFO RecommenderJob: Evaluator info:AUCEvaluator is 0.619303879991308
17/03/27 00:07:22 INFO RecommenderJob: Result path is E:/Users/v-fuz/tools/recommender_system/librec_sourcecode/librec/core/src/main/java/net/librec/run/result/movielens/ml-100k-split-userknn-output/userknn
17/03/27 00:07:22 INFO test_all_ranking_pure: End


17/03/27 00:07:22 INFO test_all_ranking_pure: ********************************************************************************
17/03/27 00:07:22 INFO test_all_ranking_pure: Begin

17/03/27 00:07:22 INFO test_all_ranking_pure: 
rec.eval.classes=auc
rec.neighbors.knn.number=50
rec.recommender.similarities=user
rec.similarity.class=cos
rec.recommender.ranking.topn=10
rec.random.seed=1
rec.recommender.isranking=true
rec.recommender.class=userknn
rec.similarity.shrinkage=10
rec.eval.enable=true

17/03/27 00:07:22 INFO TextDataConvertor: Dataset: ...librec/data/movielens/ml-100k-split
17/03/27 00:07:22 INFO TextDataConvertor: All dataset files [E:\Users\v-fuz\tools\recommender_system\librec_sourcecode\librec\data\movielens\ml-100k-split\uniform_negsample.txt]
17/03/27 00:07:22 INFO TextDataConvertor: All dataset files size 6153533
17/03/27 00:07:22 INFO TextDataConvertor: Now loading dataset file uniform_negsample
17/03/27 00:07:23 INFO TextDataModel: Transform data to Convertor successfully!
17/03/27 00:07:23 INFO TextDataModel: Split data to train Set and test Set successfully!
17/03/27 00:07:23 INFO TextDataModel: Data size of training is 80003
17/03/27 00:07:23 INFO TextDataModel: Data size of testing is 10001
17/03/27 00:07:24 INFO UserKNNRecommender: Job Setup completed.
17/03/27 00:07:24 INFO UserKNNRecommender: Job Train completed.
17/03/27 00:08:19 INFO UserKNNRecommender: Job End.
17/03/27 00:08:19 INFO RecommenderJob: Evaluator info:AUCEvaluator is 0.784711165996147
17/03/27 00:08:19 INFO RecommenderJob: Result path is E:/Users/v-fuz/tools/recommender_system/librec_sourcecode/librec/core/src/main/java/net/librec/run/result/movielens/ml-100k-split-userknn-output/userknn
17/03/27 00:08:19 INFO test_all_ranking_pure: End


17/03/27 00:08:19 INFO test_all_ranking_pure: ********************************************************************************
17/03/27 00:08:19 INFO test_all_ranking_pure: Begin

17/03/27 00:08:19 INFO test_all_ranking_pure: 
rec.eval.classes=auc
rec.neighbors.knn.number=50
rec.recommender.similarities=user
rec.similarity.class=cpc
rec.recommender.ranking.topn=10
rec.random.seed=1
rec.recommender.isranking=true
rec.recommender.class=userknn
rec.similarity.shrinkage=10
rec.eval.enable=true

17/03/27 00:08:19 INFO TextDataConvertor: Dataset: ...librec/data/movielens/ml-100k-split
17/03/27 00:08:19 INFO TextDataConvertor: All dataset files [E:\Users\v-fuz\tools\recommender_system\librec_sourcecode\librec\data\movielens\ml-100k-split\uniform_negsample.txt]
17/03/27 00:08:19 INFO TextDataConvertor: All dataset files size 6153533
17/03/27 00:08:19 INFO TextDataConvertor: Now loading dataset file uniform_negsample
17/03/27 00:08:20 INFO TextDataModel: Transform data to Convertor successfully!
17/03/27 00:08:21 INFO TextDataModel: Split data to train Set and test Set successfully!
17/03/27 00:08:21 INFO TextDataModel: Data size of training is 80003
17/03/27 00:08:21 INFO TextDataModel: Data size of testing is 10001
17/03/27 00:08:22 INFO UserKNNRecommender: Job Setup completed.
17/03/27 00:08:22 INFO UserKNNRecommender: Job Train completed.
17/03/27 00:08:25 INFO UserKNNRecommender: Job End.
17/03/27 00:08:25 INFO RecommenderJob: Evaluator info:AUCEvaluator is 0.5447803776087959
17/03/27 00:08:25 INFO RecommenderJob: Result path is E:/Users/v-fuz/tools/recommender_system/librec_sourcecode/librec/core/src/main/java/net/librec/run/result/movielens/ml-100k-split-userknn-output/userknn
17/03/27 00:08:25 INFO test_all_ranking_pure: End


17/03/27 00:08:25 INFO test_all_ranking_pure: ********************************************************************************
17/03/27 00:08:25 INFO test_all_ranking_pure: Begin

17/03/27 00:08:25 INFO test_all_ranking_pure: 
rec.eval.classes=auc
rec.neighbors.knn.number=50
rec.recommender.similarities=user
rec.similarity.class=dice
rec.recommender.ranking.topn=10
rec.random.seed=1
rec.recommender.isranking=true
rec.recommender.class=userknn
rec.similarity.shrinkage=10
rec.eval.enable=true

17/03/27 00:08:25 INFO TextDataConvertor: Dataset: ...librec/data/movielens/ml-100k-split
17/03/27 00:08:25 INFO TextDataConvertor: All dataset files [E:\Users\v-fuz\tools\recommender_system\librec_sourcecode\librec\data\movielens\ml-100k-split\uniform_negsample.txt]
17/03/27 00:08:25 INFO TextDataConvertor: All dataset files size 6153533
17/03/27 00:08:25 INFO TextDataConvertor: Now loading dataset file uniform_negsample
17/03/27 00:08:26 INFO TextDataModel: Transform data to Convertor successfully!
17/03/27 00:08:26 INFO TextDataModel: Split data to train Set and test Set successfully!
17/03/27 00:08:26 INFO TextDataModel: Data size of training is 80003
17/03/27 00:08:26 INFO TextDataModel: Data size of testing is 10001
17/03/27 00:08:27 INFO UserKNNRecommender: Job Setup completed.
17/03/27 00:08:27 INFO UserKNNRecommender: Job Train completed.
17/03/27 00:09:22 INFO UserKNNRecommender: Job End.
17/03/27 00:09:22 INFO RecommenderJob: Evaluator info:AUCEvaluator is 0.784711165996147
17/03/27 00:09:22 INFO RecommenderJob: Result path is E:/Users/v-fuz/tools/recommender_system/librec_sourcecode/librec/core/src/main/java/net/librec/run/result/movielens/ml-100k-split-userknn-output/userknn
17/03/27 00:09:22 INFO test_all_ranking_pure: End


17/03/27 00:09:22 INFO test_all_ranking_pure: ********************************************************************************
17/03/27 00:09:22 INFO test_all_ranking_pure: Begin

17/03/27 00:09:22 INFO test_all_ranking_pure: 
rec.eval.classes=auc
rec.neighbors.knn.number=50
rec.recommender.similarities=user
rec.similarity.class=bcos
rec.recommender.ranking.topn=10
rec.random.seed=1
rec.recommender.isranking=true
rec.recommender.class=userknn
rec.similarity.shrinkage=10
rec.eval.enable=true

17/03/27 00:09:22 INFO TextDataConvertor: Dataset: ...librec/data/movielens/ml-100k-split
17/03/27 00:09:22 INFO TextDataConvertor: All dataset files [E:\Users\v-fuz\tools\recommender_system\librec_sourcecode\librec\data\movielens\ml-100k-split\uniform_negsample.txt]
17/03/27 00:09:22 INFO TextDataConvertor: All dataset files size 6153533
17/03/27 00:09:22 INFO TextDataConvertor: Now loading dataset file uniform_negsample
17/03/27 00:09:23 INFO TextDataModel: Transform data to Convertor successfully!
17/03/27 00:09:24 INFO TextDataModel: Split data to train Set and test Set successfully!
17/03/27 00:09:24 INFO TextDataModel: Data size of training is 80003
17/03/27 00:09:24 INFO TextDataModel: Data size of testing is 10001
17/03/27 00:09:27 INFO UserKNNRecommender: Job Setup completed.
17/03/27 00:09:27 INFO UserKNNRecommender: Job Train completed.
17/03/27 00:10:27 INFO UserKNNRecommender: Job End.
17/03/27 00:10:27 INFO RecommenderJob: Evaluator info:AUCEvaluator is 0.8065753167634783
17/03/27 00:10:27 INFO RecommenderJob: Result path is E:/Users/v-fuz/tools/recommender_system/librec_sourcecode/librec/core/src/main/java/net/librec/run/result/movielens/ml-100k-split-userknn-output/userknn
17/03/27 00:10:27 INFO test_all_ranking_pure: End


17/03/27 00:10:27 INFO test_all_ranking_pure: ********************************************************************************
17/03/27 00:10:27 INFO test_all_ranking_pure: Begin

17/03/27 00:10:27 INFO test_all_ranking_pure: 
rec.eval.classes=auc
rec.neighbors.knn.number=50
rec.recommender.similarities=user
rec.similarity.class=msesim
rec.recommender.ranking.topn=10
rec.random.seed=1
rec.recommender.isranking=true
rec.recommender.class=userknn
rec.similarity.shrinkage=10
rec.eval.enable=true

17/03/27 00:10:27 INFO TextDataConvertor: Dataset: ...librec/data/movielens/ml-100k-split
17/03/27 00:10:27 INFO TextDataConvertor: All dataset files [E:\Users\v-fuz\tools\recommender_system\librec_sourcecode\librec\data\movielens\ml-100k-split\uniform_negsample.txt]
17/03/27 00:10:27 INFO TextDataConvertor: All dataset files size 6153533
17/03/27 00:10:27 INFO TextDataConvertor: Now loading dataset file uniform_negsample
17/03/27 00:10:28 INFO TextDataModel: Transform data to Convertor successfully!
17/03/27 00:10:28 INFO TextDataModel: Split data to train Set and test Set successfully!
17/03/27 00:10:28 INFO TextDataModel: Data size of training is 80003
17/03/27 00:10:28 INFO TextDataModel: Data size of testing is 10001
17/03/27 00:10:30 INFO UserKNNRecommender: Job Setup completed.
17/03/27 00:10:30 INFO UserKNNRecommender: Job Train completed.
17/03/27 00:10:33 INFO UserKNNRecommender: Job End.
17/03/27 00:10:33 INFO RecommenderJob: Evaluator info:AUCEvaluator is 0.5447803776087959
17/03/27 00:10:33 INFO RecommenderJob: Result path is E:/Users/v-fuz/tools/recommender_system/librec_sourcecode/librec/core/src/main/java/net/librec/run/result/movielens/ml-100k-split-userknn-output/userknn
17/03/27 00:10:33 INFO test_all_ranking_pure: End


